OMPL version 
Experiment rrbt
1 experiment properties
first_solution bool = 1
Q = 0.1
R = 0.1
R_bad = 0.3
Running on Vivaldi
Starting at 2024-03-12 23:27:55
<<<|
Properties of the state space 'RealVectorSpace0'
  - signature: 2 1 2 
  - dimension: 2
  - extent: 141.421
  - sanity checks for state space passed
  - probability of valid states: 0.709
  - average length of a valid motion: 29.4313
  - average number of samples drawn per second: sampleUniform()=2.25601e+07 sampleUniformNear()=2.34516e+07 sampleGaussian()=1.1262e+07
Settings for the state space 'RealVectorSpace0'
  - state validity check resolution: 1%
  - valid segment count factor: 1
  - state space:
Real vector state space 'RealVectorSpace0' of dimension 2 with bounds: 
  - min: 0 0 
  - max: 100 100 

Declared parameters:
longest_valid_segment_fraction = 0.01
max_control_duration = 20
min_control_duration = 1
projection.cellsize.0 = 5
projection.cellsize.1 = 5
projection.cellsize_factor = 0
propagation_step_size = 0.1
valid_segment_count_factor = 1
Valid state sampler named uniform with parameters:
nr_attempts = 100
  - control space:
Real vector control space 'RealVectorControl[RealVectorSpace0]' with bounds: 
  - min: -10 -10 
  - max: 10 10 
  - can propagate backward: no
  - propagation step size: 0.1
  - propagation duration: [1, 20]
Planner KPIECE1 specs:
Multithreaded:                 No
Reports approximate solutions: Yes
Can optimize solutions:        No
Aware of the following parameters: bad_score_factor border_fraction goal_bias good_score_factor max_close_samples
Declared parameters for planner KPIECE1:
bad_score_factor = 0.45
border_fraction = 0.8
goal_bias = 0.05
good_score_factor = 0.9
max_close_samples = 30
Start states:
RealVectorState [1 1]
Goal region, threshold = 10, memory address = 0x2450bf0
Optimization Objective: Path Length @0x2451050
Optimization Threshold: 10000
Average state cost: 0
There are 0 solutions

Properties of benchmarked planners:
Planner RRBT specs:
Multithreaded:                 No
Reports approximate solutions: Yes
Can optimize solutions:        Yes
Aware of the following parameters: delay_collision_checking focus_search goal_bias informed_sampling new_state_rejection number_sampling_attempts ordered_sampling ordering_batch_size prune_threshold pruned_measure range rewire_factor sample_rejection tree_pruning use_admissible_heuristic use_k_nearest
|>>>
<<<|
Architecture:                       x86_64
CPU op-mode(s):                     32-bit, 64-bit
Byte Order:                         Little Endian
Address sizes:                      39 bits physical, 48 bits virtual
CPU(s):                             16
On-line CPU(s) list:                0-15
Thread(s) per core:                 2
Core(s) per socket:                 8
Socket(s):                          1
NUMA node(s):                       1
Vendor ID:                          GenuineIntel
CPU family:                         6
Model:                              167
Model name:                         11th Gen Intel(R) Core(TM) i7-11700K @ 3.60GHz
Stepping:                           1
CPU MHz:                            2589.492
CPU max MHz:                        5000.0000
CPU min MHz:                        800.0000
BogoMIPS:                           7200.00
Virtualization:                     VT-x
L1d cache:                          384 KiB
L1i cache:                          256 KiB
L2 cache:                           4 MiB
L3 cache:                           16 MiB
NUMA node0 CPU(s):                  0-15
Vulnerability Gather data sampling: Mitigation; Microcode
Vulnerability Itlb multihit:        Not affected
Vulnerability L1tf:                 Not affected
Vulnerability Mds:                  Not affected
Vulnerability Meltdown:             Not affected
Vulnerability Mmio stale data:      Mitigation; Clear CPU buffers; SMT vulnerable
Vulnerability Retbleed:             Mitigation; Enhanced IBRS
Vulnerability Spec rstack overflow: Not affected
Vulnerability Spec store bypass:    Mitigation; Speculative Store Bypass disabled via prctl and seccomp
Vulnerability Spectre v1:           Mitigation; usercopy/swapgs barriers and __user pointer sanitization
Vulnerability Spectre v2:           Mitigation; Enhanced IBRS, IBPB conditional, RSB filling, PBRSB-eIBRS SW sequence
Vulnerability Srbds:                Not affected
Vulnerability Tsx async abort:      Not affected
Flags:                              fpu vme de pse tsc msr pae mce cx8 apic sep mtrr pge mca cmov pat pse36 clflush dts acpi mmx fxsr sse sse2 ss ht tm pbe syscall nx pdpe1gb rdtscp lm constant_tsc art arch_perfmon pebs bts rep_good nopl xtopology nonstop_tsc cpuid aperfmperf tsc_known_freq pni pclmulqdq dtes64 monitor ds_cpl vmx smx est tm2 ssse3 sdbg fma cx16 xtpr pdcm pcid sse4_1 sse4_2 x2apic movbe popcnt tsc_deadline_timer aes xsave avx f16c rdrand lahf_lm abm 3dnowprefetch cpuid_fault epb invpcid_single ssbd ibrs ibpb stibp ibrs_enhanced tpr_shadow vnmi flexpriority ept vpid ept_ad fsgsbase tsc_adjust bmi1 avx2 smep bmi2 erms invpcid mpx avx512f avx512dq rdseed adx smap avx512ifma clflushopt intel_pt avx512cd sha_ni avx512bw avx512vl xsaveopt xsavec xgetbv1 xsaves dtherm ida arat pln pts hwp hwp_notify hwp_act_window hwp_epp hwp_pkg_req avx512vbmi umip pku ospke avx512_vbmi2 gfni vaes vpclmulqdq avx512_vnni avx512_bitalg avx512_vpopcntdq rdpid fsrm md_clear flush_l1d arch_capabilities
|>>>
10933679712396807 is the random seed
60 seconds per run
10000 MB per run
100 runs per planner
165.401 seconds spent to collect the data
1 enum type
status|Unknown status|Invalid start|Invalid goal|Unrecognized goal type|Timeout|Approximate solution|Exact solution|Crash|Unknown status
1 planners
control_RRBT
24 common properties
delay_collision_checking = 1
focus_search = 0
goal_bias = 0.05
informed_sampling = 0
longest_valid_segment_fraction = 0.01
max_control_duration = 20
min_control_duration = 1
new_state_rejection = 0
number_sampling_attempts = 100
ordered_sampling = 0
ordering_batch_size = 1
projection.cellsize.0 = 5
projection.cellsize.1 = 5
projection.cellsize_factor = 0
propagation_step_size = 0.1
prune_threshold = 0.05
pruned_measure = 0
range = 30
rewire_factor = 1.1
sample_rejection = 0
tree_pruning = 0
use_admissible_heuristic = 1
use_k_nearest = 1
valid_segment_count_factor = 1
11 properties for each run
approximate solution BOOLEAN
best cost REAL
graph motions INTEGER
graph states INTEGER
iterations INTEGER
memory REAL
solution length REAL
solved BOOLEAN
status ENUM
time REAL
valid segment fraction REAL
100 runs
0; 158.733230; 235; 236; 610; 18.7539; 147.333; 1; 6; 1.06372; 0; 
0; 146.891145; 210; 211; 564; 29.082; 136.38; 1; 6; 0.9659; 0; 
0; 163.494312; 122; 123; 316; 40.9453; 150.948; 1; 6; 0.549453; 0; 
0; 146.807821; 460; 461; 989; 53.0703; 135.42; 1; 6; 2.09164; 0; 
0; 150.640335; 205; 206; 423; 66.7383; 139.596; 1; 6; 1.72804; 0; 
0; 151.156477; 205; 206; 495; 80.1445; 139.832; 1; 6; 0.920007; 0; 
0; 153.510471; 188; 189; 386; 90.7148; 141.99; 1; 6; 1.00993; 0; 
0; 165.573548; 288; 289; 652; 101.027; 153.424; 1; 6; 1.26492; 0; 
0; 161.816364; 233; 234; 475; 113.918; 149.809; 1; 6; 1.15184; 0; 
0; 164.245686; 1146; 1147; 2395; 126.57; 151.549; 1; 6; 4.50126; 0; 
0; 154.457007; 197; 198; 386; 139.469; 142.967; 1; 6; 0.915413; 0; 
0; 160.563274; 207; 208; 507; 150.297; 149.067; 1; 6; 0.967985; 0; 
0; 159.405228; 760; 761; 1685; 159.07; 147.452; 1; 6; 2.91374; 0; 
0; 152.368864; 300; 301; 650; 169.383; 140.433; 1; 6; 1.41837; 0; 
0; 147.081088; 534; 535; 1175; 180.211; 135.866; 1; 6; 2.36532; 0; 
0; 148.877205; 386; 387; 779; 193.875; 137.865; 1; 6; 2.14753; 0; 
0; 169.997988; 247; 248; 555; 205.992; 157.978; 1; 6; 1.27605; 0; 
0; 155.733712; 200; 201; 397; 215.531; 145.032; 1; 6; 0.925154; 0; 
0; 164.823040; 243; 244; 659; 229.641; 152.398; 1; 6; 1.73725; 0; 
0; 176.191879; 165; 166; 366; 240.469; 164.436; 1; 6; 1.01574; 0; 
0; 158.962686; 521; 522; 1015; 253.875; 146.822; 1; 6; 2.86119; 0; 
0; 156.320818; 271; 272; 578; 263.156; 144.403; 1; 6; 1.29117; 0; 
0; 150.503040; 404; 405; 861; 279.141; 139.496; 1; 6; 2.24706; 0; 
0; 157.605224; 224; 225; 513; 290.742; 146.466; 1; 6; 1.37023; 0; 
0; 167.133683; 591; 592; 1443; 303.891; 154.433; 1; 6; 2.53635; 0; 
0; 157.776171; 140; 141; 402; 314.203; 145.516; 1; 6; 0.682648; 0; 
0; 161.221290; 428; 429; 895; 326.062; 150.656; 1; 6; 1.75696; 0; 
0; 155.479970; 69; 70; 278; 331.992; 144.113; 1; 6; 0.155152; 0; 
0; 151.217342; 482; 483; 945; 343.852; 139.834; 1; 6; 2.20842; 0; 
0; 171.542040; 178; 179; 457; 360.867; 159.403; 1; 6; 1.05638; 0; 
0; 155.488197; 404; 405; 793; 371.953; 144.092; 1; 6; 2.0633; 0; 
0; 162.715187; 441; 442; 938; 382.008; 150.381; 1; 6; 2.02907; 0; 
0; 158.392694; 161; 162; 360; 393.094; 146.523; 1; 6; 0.872022; 0; 
0; 167.597851; 369; 370; 781; 405.211; 155.297; 1; 6; 1.84991; 0; 
0; 158.182244; 328; 329; 616; 415.266; 146.386; 1; 6; 1.50648; 0; 
0; 149.124686; 283; 284; 591; 423.773; 137.556; 1; 6; 1.23117; 0; 
0; 166.009496; 215; 216; 498; 431.25; 153.916; 1; 6; 0.922381; 0; 
0; 146.110913; 317; 318; 715; 443.109; 135.548; 1; 6; 1.82823; 0; 
0; 150.482615; 453; 454; 1064; 455.484; 139.302; 1; 6; 2.51288; 0; 
0; 163.233943; 157; 158; 302; 466.57; 150.566; 1; 6; 0.631835; 0; 
0; 144.523866; 269; 270; 538; 479.977; 133.554; 1; 6; 1.40174; 0; 
0; 159.902200; 176; 177; 425; 488.227; 148.323; 1; 6; 0.806421; 0; 
0; 160.224704; 278; 279; 602; 501.375; 148.462; 1; 6; 1.39253; 0; 
0; 166.242210; 463; 464; 1094; 511.172; 153.958; 1; 6; 2.04656; 0; 
0; 157.187311; 144; 145; 257; 521.742; 146.365; 1; 6; 0.640092; 0; 
0; 153.402699; 349; 350; 732; 534.633; 142.09; 1; 6; 1.83647; 0; 
0; 154.789439; 722; 723; 1375; 547.266; 143.521; 1; 6; 2.64159; 0; 
0; 152.675805; 406; 407; 836; 559.383; 140.951; 1; 6; 1.92593; 0; 
0; 149.363674; 265; 266; 555; 568.922; 138.403; 1; 6; 1.12208; 0; 
0; 156.103308; 116; 117; 256; 579.492; 145.303; 1; 6; 0.453446; 0; 
0; 148.439509; 109; 110; 268; 589.805; 137.531; 1; 6; 0.516049; 0; 
0; 168.228683; 252; 253; 510; 600.117; 156.295; 1; 6; 1.13913; 0; 
0; 170.554193; 431; 432; 869; 613.008; 158.211; 1; 6; 2.08886; 0; 
0; 160.213901; 81; 82; 203; 623.062; 148.041; 1; 6; 0.217942; 0; 
0; 163.333024; 311; 312; 672; 636.469; 150.821; 1; 6; 1.55125; 0; 
0; 162.786334; 247; 248; 516; 649.359; 149.612; 1; 6; 1.3028; 0; 
0; 167.528011; 113; 114; 307; 660.188; 155.259; 1; 6; 0.433834; 0; 
0; 158.588558; 1092; 1093; 2134; 671.277; 146.993; 1; 6; 4.24381; 0; 
0; 165.802091; 1334; 1335; 2683; 685.219; 152.971; 1; 6; 5.05002; 0; 
0; 163.153684; 161; 162; 367; 696.305; 151.296; 1; 6; 0.813272; 0; 
0; 145.641825; 446; 447; 884; 712.031; 134.902; 1; 6; 2.32312; 0; 
0; 174.298010; 497; 498; 1023; 724.406; 161.144; 1; 6; 2.45222; 0; 
0; 156.765266; 263; 264; 516; 734.719; 145.105; 1; 6; 1.21023; 0; 
0; 161.963873; 174; 175; 384; 743.227; 150.268; 1; 6; 0.734525; 0; 
0; 170.809542; 234; 235; 483; 755.344; 158.9; 1; 6; 1.34342; 0; 
0; 150.779356; 224; 225; 510; 764.109; 139.628; 1; 6; 1.52758; 0; 
0; 148.095501; 219; 220; 540; 773.391; 136.751; 1; 6; 1.73537; 0; 
0; 151.882413; 144; 145; 252; 784.219; 141.088; 1; 6; 0.60718; 0; 
0; 152.432745; 344; 345; 678; 798.141; 141.113; 1; 6; 1.98392; 0; 
0; 151.789875; 317; 318; 702; 808.453; 140.638; 1; 6; 1.54968; 0; 
0; 160.489850; 216; 217; 389; 825.211; 149.072; 1; 6; 1.33052; 0; 
0; 156.009754; 1085; 1086; 2100; 838.359; 144.36; 1; 6; 4.13457; 0; 
0; 153.806042; 160; 161; 399; 850.734; 142.951; 1; 6; 0.709548; 0; 
0; 158.071271; 845; 846; 1841; 862.852; 146.258; 1; 6; 4.10153; 0; 
0; 151.014899; 660; 661; 1373; 874.453; 140.104; 1; 6; 3.05575; 0; 
0; 149.004050; 255; 256; 588; 882.188; 137.832; 1; 6; 1.06212; 0; 
0; 152.881190; 417; 418; 863; 893.016; 141.63; 1; 6; 1.97699; 0; 
0; 162.204204; 288; 289; 666; 902.555; 150.118; 1; 6; 1.63947; 0; 
0; 162.272884; 195; 196; 444; 912.867; 150.556; 1; 6; 1.42136; 0; 
0; 155.706886; 335; 336; 797; 922.406; 144.327; 1; 6; 1.63072; 0; 
0; 154.393740; 552; 553; 1093; 937.359; 142.643; 1; 6; 2.96157; 0; 
0; 153.613544; 242; 243; 560; 947.414; 142.198; 1; 6; 1.29417; 0; 
0; 153.503757; 382; 383; 743; 956.953; 142.161; 1; 6; 1.72768; 0; 
0; 162.998693; 677; 678; 1391; 966.234; 151.742; 1; 6; 2.88044; 0; 
0; 145.846152; 409; 410; 803; 978.609; 134.9; 1; 6; 2.07942; 0; 
0; 154.124716; 399; 400; 734; 990.727; 142.336; 1; 6; 2.27905; 0; 
0; 158.024892; 78; 79; 197; 1000.78; 145.979; 1; 6; 0.316988; 0; 
0; 163.382209; 128; 129; 295; 1012.9; 151.443; 1; 6; 0.507894; 0; 
0; 149.266805; 319; 320; 582; 1023.73; 138.224; 1; 6; 1.51668; 0; 
0; 155.108005; 292; 293; 698; 1037.39; 143.496; 1; 6; 1.59408; 0; 
0; 170.623087; 365; 366; 803; 1047.96; 159.58; 1; 6; 1.89304; 0; 
0; 149.604871; 479; 480; 1020; 1056.21; 138.544; 1; 6; 1.83251; 0; 
0; 167.333061; 504; 505; 1059; 1069.46; 154.765; 1; 6; 3.15578; 0; 
0; 167.660258; 277; 278; 597; 1079.77; 155.164; 1; 6; 1.24309; 0; 
0; 152.846689; 384; 385; 825; 1090.34; 141.537; 1; 6; 1.65906; 0; 
0; 150.839712; 539; 540; 1153; 1102.2; 139.61; 1; 6; 2.44942; 0; 
0; 168.648536; 236; 237; 492; 1114.32; 156.551; 1; 6; 1.11948; 0; 
0; 164.769525; 451; 452; 940; 1128.24; 152.745; 1; 6; 2.57502; 0; 
0; 158.976981; 139; 140; 438; 1139.84; 147.824; 1; 6; 0.639477; 0; 
0; 156.611787; 197; 198; 439; 1148.09; 144.738; 1; 6; 0.925163; 0; 
3 progress properties for each run
best cost REAL
iterations INTEGER
time REAL
100 runs
inf,237,0.0500675,;inf,270,0.100187,;inf,286,0.150286,;inf,306,0.200366,;inf,324,0.250449,;inf,339,0.300542,;inf,352,0.350625,;inf,364,0.400723,;inf,377,0.450807,;inf,392,0.500894,;inf,411,0.550996,;inf,428,0.601075,;inf,441,0.651165,;inf,461,0.701254,;inf,479,0.751348,;inf,500,0.801445,;inf,521,0.851551,;inf,544,0.901655,;inf,561,0.951738,;inf,582,1.00184,;inf,608,1.05193,;
inf,259,0.050069,;inf,277,0.100151,;inf,301,0.150247,;inf,313,0.200335,;inf,329,0.250428,;inf,350,0.30051,;inf,364,0.350603,;inf,400,0.400718,;inf,414,0.450781,;inf,430,0.500869,;inf,441,0.550964,;inf,458,0.601051,;inf,477,0.65114,;inf,499,0.701221,;inf,512,0.751295,;inf,525,0.801386,;inf,537,0.851469,;inf,550,0.901565,;inf,563,0.951656,;
inf,188,0.0500614,;inf,212,0.100146,;inf,231,0.150244,;inf,248,0.200335,;inf,258,0.250428,;inf,268,0.300514,;inf,275,0.3506,;inf,282,0.400694,;inf,295,0.45078,;inf,306,0.500875,;
inf,136,0.0500674,;inf,160,0.100158,;inf,173,0.150239,;inf,197,0.200329,;inf,215,0.250413,;inf,223,0.300518,;inf,240,0.350616,;inf,255,0.4007,;inf,265,0.450793,;inf,273,0.500886,;inf,297,0.550971,;inf,315,0.601057,;inf,326,0.651145,;inf,342,0.701228,;inf,358,0.751312,;inf,375,0.801387,;inf,397,0.851472,;inf,416,0.901561,;inf,426,0.951656,;inf,445,1.00175,;inf,470,1.05184,;inf,492,1.10192,;inf,520,1.15201,;inf,543,1.20209,;inf,572,1.25217,;inf,608,1.30226,;inf,626,1.35235,;inf,649,1.40245,;inf,676,1.45256,;inf,703,1.50265,;inf,735,1.55275,;inf,756,1.60284,;inf,785,1.65294,;inf,822,1.70307,;inf,855,1.75316,;inf,884,1.80324,;inf,913,1.85333,;inf,931,1.90341,;inf,947,1.95351,;inf,961,2.00359,;inf,982,2.05368,;
inf,92,0.0500594,;inf,124,0.100154,;inf,145,0.150241,;inf,159,0.200332,;inf,168,0.250432,;inf,175,0.300517,;inf,184,0.350616,;inf,190,0.400708,;inf,194,0.450816,;inf,200,0.500914,;inf,203,0.551008,;inf,210,0.601101,;inf,219,0.651189,;inf,224,0.70128,;inf,242,0.751379,;inf,256,0.801498,;inf,264,0.851589,;inf,276,0.90168,;inf,285,0.95177,;inf,289,1.00186,;inf,298,1.05199,;inf,302,1.10209,;inf,312,1.1522,;inf,322,1.20229,;inf,338,1.25238,;inf,346,1.30248,;inf,353,1.35254,;inf,359,1.40264,;inf,372,1.45272,;inf,384,1.50281,;inf,392,1.5529,;inf,406,1.60299,;inf,414,1.65309,;inf,420,1.70318,;
inf,197,0.0500633,;inf,230,0.100146,;inf,252,0.150227,;inf,272,0.200266,;inf,294,0.250348,;inf,317,0.300426,;inf,331,0.350543,;inf,345,0.400621,;inf,361,0.45074,;inf,380,0.500824,;inf,394,0.550918,;inf,405,0.601005,;inf,425,0.65109,;inf,437,0.701183,;inf,448,0.75127,;inf,461,0.801356,;inf,474,0.851445,;inf,492,0.901523,;
inf,130,0.0500666,;inf,159,0.10016,;inf,173,0.150234,;inf,186,0.200318,;inf,200,0.250397,;inf,216,0.300488,;inf,233,0.350578,;inf,244,0.40066,;inf,259,0.450787,;inf,277,0.500869,;inf,287,0.550958,;inf,301,0.601053,;inf,318,0.651146,;inf,328,0.701241,;inf,337,0.751327,;inf,347,0.80142,;inf,359,0.851511,;inf,366,0.901602,;inf,376,0.951691,;inf,385,1.00179,;
inf,173,0.050067,;inf,202,0.100158,;inf,221,0.150241,;inf,245,0.20033,;inf,262,0.25038,;inf,280,0.30048,;inf,308,0.350563,;inf,334,0.400649,;inf,345,0.450745,;inf,365,0.500833,;inf,379,0.550926,;inf,401,0.601013,;inf,419,0.651104,;inf,437,0.701204,;inf,452,0.751302,;inf,467,0.801428,;inf,490,0.851511,;inf,510,0.901639,;inf,536,0.951762,;inf,554,1.00184,;inf,571,1.05193,;inf,592,1.10201,;inf,617,1.15211,;inf,633,1.2022,;inf,650,1.25233,;
inf,164,0.0500679,;inf,194,0.100166,;inf,212,0.150268,;inf,224,0.200353,;inf,242,0.250443,;inf,258,0.300529,;inf,273,0.350619,;inf,294,0.400714,;inf,310,0.450808,;inf,322,0.500893,;inf,337,0.550982,;inf,349,0.601065,;inf,358,0.651155,;inf,374,0.701241,;inf,388,0.751328,;inf,403,0.801417,;inf,412,0.851464,;inf,421,0.901566,;inf,431,0.951662,;inf,443,1.00175,;inf,455,1.05184,;inf,468,1.10194,;
inf,116,0.050068,;inf,139,0.100154,;inf,161,0.15021,;inf,176,0.200305,;inf,189,0.250395,;inf,213,0.300485,;inf,227,0.350572,;inf,242,0.400661,;inf,258,0.450746,;inf,269,0.500831,;inf,280,0.550921,;inf,301,0.600995,;inf,324,0.651084,;inf,358,0.701179,;inf,374,0.751271,;inf,397,0.801354,;inf,415,0.851444,;inf,439,0.901542,;inf,456,0.951626,;inf,468,1.00173,;inf,491,1.05182,;inf,514,1.10193,;inf,532,1.15202,;inf,577,1.20211,;inf,602,1.25219,;inf,624,1.30228,;inf,638,1.35235,;inf,665,1.40244,;inf,684,1.45251,;inf,712,1.50259,;inf,735,1.55269,;inf,766,1.60278,;inf,786,1.65286,;inf,809,1.70295,;inf,826,1.75304,;inf,853,1.80312,;inf,870,1.85321,;inf,898,1.9033,;inf,926,1.95339,;inf,946,2.00347,;inf,969,2.05356,;inf,996,2.10363,;inf,1014,2.15373,;inf,1042,2.20381,;inf,1067,2.25391,;inf,1097,2.304,;inf,1119,2.3541,;inf,1153,2.40419,;inf,1173,2.45428,;inf,1197,2.50436,;inf,1224,2.55445,;inf,1247,2.60454,;inf,1280,2.65463,;inf,1308,2.70472,;inf,1333,2.75481,;inf,1368,2.8049,;inf,1401,2.85499,;inf,1431,2.90508,;inf,1458,2.95517,;inf,1483,3.00525,;inf,1502,3.05534,;inf,1526,3.10544,;inf,1552,3.15553,;inf,1590,3.20561,;inf,1622,3.2557,;inf,1649,3.30581,;inf,1689,3.3559,;inf,1720,3.406,;inf,1750,3.45608,;inf,1775,3.50617,;inf,1805,3.55626,;inf,1843,3.60635,;inf,1873,3.65645,;inf,1895,3.70653,;inf,1927,3.75662,;inf,1950,3.80672,;inf,1974,3.8568,;inf,2003,3.90689,;inf,2033,3.95699,;inf,2064,4.00708,;inf,2091,4.05717,;inf,2126,4.10726,;inf,2176,4.15736,;inf,2205,4.20745,;inf,2241,4.25754,;inf,2292,4.30763,;inf,2322,4.35773,;inf,2343,4.40783,;inf,2375,4.45791,;
inf,144,0.0500676,;inf,169,0.100161,;inf,183,0.150255,;inf,194,0.200335,;inf,214,0.25043,;inf,229,0.300513,;inf,242,0.350592,;inf,252,0.400677,;inf,268,0.450759,;inf,284,0.50084,;inf,305,0.550918,;inf,314,0.601001,;inf,326,0.651091,;inf,336,0.701173,;inf,348,0.751265,;inf,360,0.801347,;inf,372,0.851443,;inf,385,0.901528,;
inf,177,0.0500674,;inf,216,0.10016,;inf,236,0.150242,;inf,259,0.200335,;inf,280,0.250416,;inf,299,0.300518,;inf,314,0.350615,;inf,328,0.400708,;inf,348,0.450789,;inf,375,0.500879,;inf,389,0.550971,;inf,403,0.601042,;inf,414,0.651133,;inf,437,0.701241,;inf,454,0.751335,;inf,464,0.801416,;inf,483,0.851495,;inf,496,0.901572,;inf,505,0.951657,;
inf,269,0.0500576,;inf,301,0.100148,;inf,322,0.150239,;inf,349,0.200323,;inf,366,0.250426,;inf,384,0.300521,;inf,404,0.350615,;inf,419,0.4007,;inf,437,0.450796,;inf,455,0.50089,;inf,477,0.550984,;inf,508,0.601084,;inf,534,0.651182,;inf,559,0.701273,;inf,577,0.751354,;inf,610,0.801435,;inf,634,0.851564,;inf,670,0.901663,;inf,693,0.951761,;inf,712,1.00186,;inf,731,1.05194,;inf,754,1.10203,;inf,776,1.15212,;inf,796,1.20221,;inf,814,1.25231,;inf,833,1.30241,;inf,851,1.35251,;inf,874,1.40259,;inf,902,1.45269,;inf,939,1.50278,;inf,964,1.55287,;inf,989,1.60296,;inf,1010,1.65305,;inf,1037,1.70315,;inf,1056,1.75323,;inf,1075,1.80332,;inf,1095,1.85341,;inf,1129,1.90351,;inf,1153,1.95359,;inf,1178,2.00369,;inf,1210,2.05378,;inf,1243,2.10386,;inf,1271,2.15395,;inf,1289,2.20405,;inf,1314,2.25415,;inf,1337,2.30424,;inf,1369,2.35434,;inf,1395,2.40443,;inf,1427,2.45452,;inf,1452,2.50464,;inf,1477,2.55472,;inf,1506,2.60482,;inf,1544,2.65492,;inf,1586,2.705,;inf,1611,2.75509,;inf,1634,2.8052,;inf,1659,2.85528,;inf,1683,2.90537,;
inf,140,0.0500659,;inf,178,0.100157,;inf,199,0.15025,;inf,218,0.200328,;inf,242,0.250409,;inf,264,0.300499,;inf,290,0.350579,;inf,309,0.400661,;inf,335,0.450744,;inf,350,0.500831,;inf,366,0.550928,;inf,380,0.601013,;inf,397,0.651101,;inf,408,0.701197,;inf,421,0.751296,;inf,438,0.801389,;inf,458,0.851489,;inf,479,0.90159,;inf,495,0.951676,;inf,518,1.00176,;inf,531,1.0528,;inf,547,1.1029,;inf,561,1.153,;inf,583,1.20309,;inf,604,1.25319,;inf,620,1.30329,;inf,632,1.3534,;inf,647,1.40348,;
inf,213,0.050067,;inf,251,0.100168,;inf,268,0.15026,;inf,284,0.200359,;inf,304,0.250449,;inf,318,0.300543,;inf,331,0.350639,;inf,348,0.400722,;inf,362,0.450808,;inf,377,0.500896,;inf,389,0.550988,;inf,406,0.601078,;inf,428,0.651171,;inf,446,0.701255,;inf,474,0.751341,;inf,490,0.801387,;inf,513,0.851476,;inf,526,0.90156,;inf,551,0.951657,;inf,571,1.00175,;inf,587,1.05184,;inf,603,1.10193,;inf,613,1.15202,;inf,643,1.20209,;inf,664,1.25219,;inf,682,1.30227,;inf,702,1.35236,;inf,718,1.40245,;inf,736,1.45254,;inf,755,1.50263,;inf,778,1.55272,;inf,809,1.6028,;inf,825,1.65289,;inf,858,1.70298,;inf,895,1.75307,;inf,919,1.80316,;inf,944,1.85325,;inf,974,1.90334,;inf,1010,1.95343,;inf,1034,2.00353,;inf,1073,2.05362,;inf,1093,2.10367,;inf,1105,2.15376,;inf,1120,2.20385,;inf,1136,2.25394,;inf,1153,2.30403,;inf,1172,2.35413,;
inf,183,0.0500571,;inf,217,0.100147,;inf,236,0.150238,;inf,252,0.200332,;inf,270,0.250432,;inf,283,0.300523,;inf,306,0.350617,;inf,325,0.400739,;inf,335,0.450832,;inf,354,0.500911,;inf,371,0.550997,;inf,387,0.601085,;inf,404,0.651177,;inf,425,0.701242,;inf,438,0.751322,;inf,450,0.801413,;inf,471,0.8515,;inf,488,0.901586,;inf,504,0.951656,;inf,514,1.00175,;inf,524,1.05184,;inf,538,1.1019,;inf,552,1.15199,;inf,568,1.20208,;inf,578,1.25217,;inf,598,1.30226,;inf,608,1.35234,;inf,620,1.40244,;inf,632,1.45251,;inf,644,1.5026,;inf,653,1.55271,;inf,669,1.60279,;inf,679,1.65288,;inf,693,1.70297,;inf,703,1.75307,;inf,707,1.80315,;inf,715,1.85324,;inf,728,1.90333,;inf,735,1.95342,;inf,744,2.00352,;inf,764,2.05361,;inf,775,2.10369,;
inf,154,0.0500663,;inf,182,0.100161,;inf,200,0.150247,;inf,223,0.200337,;inf,248,0.250431,;inf,259,0.300518,;inf,276,0.350602,;inf,289,0.400696,;inf,313,0.4508,;inf,324,0.500894,;inf,337,0.551023,;inf,353,0.601108,;inf,370,0.651193,;inf,382,0.701275,;inf,397,0.751371,;inf,411,0.801459,;inf,418,0.851553,;inf,427,0.901638,;inf,442,0.951719,;inf,459,1.00181,;inf,478,1.05191,;inf,492,1.10199,;inf,512,1.15209,;inf,530,1.20217,;inf,548,1.25226,;
inf,102,0.0500603,;inf,137,0.100149,;inf,170,0.150238,;inf,186,0.200329,;inf,212,0.250414,;inf,236,0.300508,;inf,256,0.350602,;inf,269,0.400689,;inf,281,0.450791,;inf,294,0.500881,;inf,309,0.550968,;inf,329,0.601052,;inf,341,0.651142,;inf,355,0.701227,;inf,369,0.751317,;inf,378,0.80141,;inf,389,0.851509,;inf,397,0.901613,;
inf,256,0.050064,;inf,273,0.10017,;inf,292,0.150279,;inf,315,0.200379,;inf,328,0.250476,;inf,345,0.300573,;inf,354,0.350681,;inf,362,0.400776,;inf,375,0.450873,;inf,387,0.500978,;inf,394,0.551065,;inf,406,0.601158,;inf,426,0.651275,;inf,439,0.701367,;inf,443,0.75145,;inf,454,0.801543,;inf,467,0.851641,;inf,482,0.901733,;inf,492,0.95183,;inf,503,1.00193,;inf,513,1.05199,;inf,526,1.10208,;inf,538,1.15217,;inf,544,1.2023,;inf,550,1.25239,;inf,561,1.30251,;inf,568,1.35259,;inf,584,1.40269,;inf,589,1.45278,;inf,603,1.50287,;inf,624,1.55295,;inf,635,1.60305,;inf,646,1.65314,;inf,658,1.70323,;
inf,133,0.050064,;inf,150,0.100155,;inf,162,0.150246,;inf,174,0.200346,;inf,187,0.25044,;inf,199,0.300535,;inf,218,0.35063,;inf,228,0.400725,;inf,237,0.450834,;inf,251,0.500925,;inf,266,0.551017,;inf,275,0.601109,;inf,288,0.651207,;inf,298,0.701315,;inf,308,0.751408,;inf,317,0.801492,;inf,330,0.851575,;inf,345,0.901657,;inf,356,0.951746,;inf,363,1.00184,;
inf,88,0.0500612,;inf,108,0.100168,;inf,133,0.150279,;inf,155,0.200391,;inf,183,0.250496,;inf,199,0.300584,;inf,221,0.350676,;inf,235,0.400774,;inf,248,0.450885,;inf,259,0.500985,;inf,286,0.551079,;inf,311,0.601171,;inf,337,0.651277,;inf,365,0.701361,;inf,380,0.751449,;inf,404,0.801538,;inf,418,0.851641,;inf,434,0.901743,;inf,450,0.951839,;inf,465,1.00194,;inf,485,1.05203,;inf,499,1.10212,;inf,514,1.15222,;inf,535,1.20232,;inf,552,1.25241,;inf,588,1.30251,;inf,607,1.35261,;inf,631,1.40269,;inf,653,1.45278,;inf,673,1.50288,;inf,687,1.55297,;inf,704,1.60306,;inf,726,1.65315,;inf,742,1.70324,;inf,771,1.7533,;inf,785,1.80339,;inf,804,1.85349,;inf,816,1.90357,;inf,834,1.95366,;inf,838,2.00376,;inf,851,2.05386,;inf,869,2.10395,;inf,882,2.15405,;inf,892,2.20414,;inf,897,2.25423,;inf,914,2.30523,;inf,919,2.35538,;inf,932,2.40548,;inf,940,2.45557,;inf,945,2.50567,;inf,951,2.55576,;inf,959,2.60585,;inf,971,2.65595,;inf,986,2.70605,;inf,990,2.75614,;inf,1002,2.80622,;inf,1015,2.85632,;
inf,211,0.0500578,;inf,231,0.100144,;inf,251,0.15023,;inf,264,0.200313,;inf,279,0.2504,;inf,290,0.300487,;inf,303,0.350574,;inf,318,0.400661,;inf,342,0.450767,;inf,360,0.500857,;inf,375,0.55094,;inf,388,0.601033,;inf,402,0.651128,;inf,418,0.701217,;inf,434,0.751305,;inf,451,0.801357,;inf,461,0.851454,;inf,473,0.901547,;inf,486,0.951637,;inf,503,1.00174,;inf,514,1.05183,;inf,533,1.10191,;inf,544,1.152,;inf,556,1.20208,;inf,567,1.25216,;
inf,227,0.0500741,;inf,249,0.100166,;inf,262,0.15026,;inf,279,0.200351,;inf,295,0.250406,;inf,314,0.300498,;inf,326,0.350586,;inf,346,0.40067,;inf,370,0.450797,;inf,387,0.500883,;inf,405,0.550981,;inf,419,0.601078,;inf,442,0.651237,;inf,463,0.701355,;inf,488,0.751448,;inf,500,0.801546,;inf,514,0.85164,;inf,538,0.901735,;inf,549,0.951826,;inf,563,1.00192,;inf,575,1.05201,;inf,600,1.1021,;inf,616,1.15229,;inf,634,1.20239,;inf,648,1.25248,;inf,659,1.30257,;inf,672,1.35267,;inf,681,1.40277,;inf,692,1.45285,;inf,698,1.50293,;inf,713,1.55302,;inf,729,1.60311,;inf,741,1.6532,;inf,748,1.70333,;inf,767,1.75348,;inf,782,1.80356,;inf,798,1.85365,;inf,808,1.90374,;inf,822,1.95383,;inf,828,2.0039,;inf,833,2.05401,;inf,843,2.10411,;inf,850,2.15421,;inf,858,2.20431,;
inf,115,0.0500679,;inf,159,0.100165,;inf,173,0.150267,;inf,197,0.200358,;inf,207,0.250453,;inf,223,0.300548,;inf,236,0.350649,;inf,256,0.400751,;inf,265,0.450849,;inf,279,0.500943,;inf,293,0.551036,;inf,305,0.601121,;inf,315,0.651214,;inf,322,0.701306,;inf,331,0.751396,;inf,353,0.801496,;inf,366,0.85159,;inf,375,0.901695,;inf,385,0.951785,;inf,400,1.00187,;inf,411,1.05198,;inf,437,1.10207,;inf,453,1.15216,;inf,467,1.20224,;inf,473,1.25232,;inf,487,1.30245,;inf,508,1.35254,;
inf,382,0.0500732,;inf,414,0.100155,;inf,450,0.150249,;inf,465,0.200342,;inf,479,0.252973,;inf,510,0.303063,;inf,535,0.353147,;inf,548,0.403234,;inf,563,0.453344,;inf,580,0.503447,;inf,592,0.553554,;inf,609,0.603648,;inf,622,0.653737,;inf,635,0.703822,;inf,649,0.753914,;inf,664,0.804018,;inf,693,0.854104,;inf,721,0.904198,;inf,758,0.954286,;inf,787,1.00438,;inf,815,1.05447,;inf,833,1.10456,;inf,858,1.15466,;inf,886,1.20479,;inf,910,1.25489,;inf,931,1.30495,;inf,957,1.35504,;inf,975,1.40512,;inf,1003,1.45522,;inf,1023,1.50531,;inf,1046,1.5554,;inf,1067,1.6055,;inf,1088,1.6556,;inf,1112,1.70567,;inf,1148,1.75576,;inf,1169,1.80585,;inf,1199,1.85595,;inf,1222,1.90603,;inf,1247,1.95614,;inf,1267,2.00625,;inf,1291,2.05638,;inf,1320,2.10647,;inf,1337,2.15657,;inf,1359,2.20667,;inf,1377,2.25676,;inf,1395,2.30686,;inf,1405,2.35696,;inf,1419,2.40705,;inf,1426,2.45714,;inf,1435,2.50723,;
inf,229,0.0500693,;inf,259,0.10018,;inf,281,0.150278,;inf,306,0.20041,;inf,316,0.250495,;inf,328,0.300585,;inf,339,0.350679,;inf,349,0.400769,;inf,353,0.450863,;inf,362,0.500959,;inf,373,0.551049,;inf,386,0.601133,;inf,395,0.65122,;
inf,147,0.0500574,;inf,168,0.100151,;inf,191,0.150246,;inf,211,0.200348,;inf,233,0.250438,;inf,254,0.300538,;inf,274,0.350626,;inf,296,0.400715,;inf,312,0.450815,;inf,330,0.500936,;inf,347,0.551022,;inf,359,0.60112,;inf,373,0.651207,;inf,401,0.701327,;inf,419,0.751414,;inf,433,0.801512,;inf,456,0.851633,;inf,473,0.901715,;inf,494,0.951798,;inf,520,1.00189,;inf,535,1.05201,;inf,566,1.10215,;inf,595,1.15224,;inf,628,1.20233,;inf,656,1.25243,;inf,681,1.30252,;inf,720,1.35261,;inf,751,1.4027,;inf,775,1.45279,;inf,800,1.50287,;inf,815,1.55298,;inf,839,1.60308,;inf,860,1.65317,;inf,877,1.70326,;inf,895,1.75335,;
inf,229,0.0500675,;inf,254,0.100154,;inf,277,0.150233,;
inf,140,0.0500962,;inf,161,0.100216,;inf,175,0.150308,;inf,188,0.200414,;inf,198,0.250511,;inf,212,0.300599,;inf,237,0.350698,;inf,253,0.400789,;inf,267,0.450895,;inf,278,0.500998,;inf,291,0.551101,;inf,308,0.601231,;inf,318,0.651315,;inf,339,0.701414,;inf,350,0.751544,;inf,363,0.801641,;inf,375,0.851734,;inf,399,0.901834,;inf,419,0.951933,;inf,436,1.00203,;inf,464,1.05212,;inf,486,1.10219,;inf,500,1.15228,;inf,524,1.20238,;inf,539,1.25247,;inf,557,1.30256,;inf,583,1.35265,;inf,605,1.40274,;inf,627,1.45283,;inf,649,1.50294,;inf,671,1.55303,;inf,695,1.60312,;inf,720,1.65321,;inf,751,1.7033,;inf,777,1.75338,;inf,798,1.80346,;inf,816,1.85354,;inf,837,1.90363,;inf,860,1.95371,;inf,883,2.00379,;inf,898,2.05387,;inf,912,2.10395,;inf,928,2.15403,;inf,945,2.20416,;
inf,196,0.0500771,;inf,213,0.10017,;inf,225,0.150272,;inf,233,0.20036,;inf,248,0.250486,;inf,267,0.300574,;inf,279,0.350664,;inf,291,0.40075,;inf,303,0.450847,;inf,315,0.500952,;inf,324,0.551048,;inf,338,0.601132,;inf,356,0.651211,;inf,369,0.701293,;inf,377,0.751382,;inf,388,0.801482,;inf,399,0.851587,;inf,413,0.901684,;inf,424,0.951765,;inf,437,1.00186,;inf,457,1.05195,;
inf,143,0.0500705,;inf,164,0.100168,;inf,186,0.150255,;inf,209,0.200344,;inf,232,0.250434,;inf,267,0.300521,;inf,281,0.350619,;inf,287,0.400695,;inf,297,0.450786,;inf,309,0.500888,;inf,316,0.550985,;inf,326,0.601078,;inf,333,0.651167,;inf,344,0.701265,;inf,353,0.751366,;inf,366,0.801444,;inf,381,0.851546,;inf,393,0.901626,;inf,406,0.951708,;inf,417,1.00179,;inf,427,1.05188,;inf,443,1.10198,;inf,464,1.15208,;inf,479,1.20229,;inf,493,1.25237,;inf,515,1.30248,;inf,532,1.35256,;inf,549,1.40267,;inf,567,1.45277,;inf,585,1.50287,;inf,602,1.55296,;inf,622,1.60305,;inf,644,1.65314,;inf,662,1.70328,;inf,680,1.7534,;inf,699,1.8035,;inf,717,1.85359,;inf,738,1.90367,;inf,753,1.95375,;inf,775,2.00384,;inf,790,2.05395,;
inf,159,0.0500695,;inf,188,0.100159,;inf,211,0.150255,;inf,229,0.20038,;inf,255,0.250491,;inf,272,0.300578,;inf,286,0.350667,;inf,305,0.400762,;inf,324,0.45085,;inf,342,0.500957,;inf,355,0.551057,;inf,375,0.601185,;inf,396,0.651276,;inf,413,0.701362,;inf,427,0.751456,;inf,449,0.80158,;inf,467,0.851675,;inf,484,0.901768,;inf,496,0.951853,;inf,520,1.00198,;inf,547,1.05207,;inf,570,1.10216,;inf,585,1.15226,;inf,598,1.20237,;inf,622,1.25246,;inf,644,1.30253,;inf,668,1.35263,;inf,685,1.40275,;inf,702,1.45288,;inf,724,1.50302,;inf,749,1.55311,;inf,766,1.60321,;inf,785,1.6533,;inf,806,1.7034,;inf,828,1.75349,;inf,858,1.80358,;inf,876,1.85368,;inf,890,1.90378,;inf,911,1.95387,;inf,929,2.00395,;
inf,126,0.0500683,;inf,144,0.100172,;inf,162,0.15026,;inf,178,0.200344,;inf,190,0.250436,;inf,204,0.300532,;inf,221,0.350625,;inf,243,0.400733,;inf,257,0.450814,;inf,274,0.500918,;inf,290,0.551042,;inf,304,0.601128,;inf,316,0.651215,;inf,330,0.701298,;inf,339,0.75139,;inf,348,0.801479,;inf,357,0.851567,;
inf,164,0.050058,;inf,196,0.100143,;inf,214,0.150203,;inf,234,0.200289,;inf,251,0.250377,;inf,264,0.3005,;inf,278,0.350598,;inf,294,0.400683,;inf,304,0.450769,;inf,318,0.500859,;inf,332,0.550944,;inf,343,0.601034,;inf,358,0.65112,;inf,373,0.701207,;inf,390,0.751296,;inf,403,0.801386,;inf,417,0.851471,;inf,427,0.901569,;inf,435,0.951674,;inf,451,1.00177,;inf,466,1.05187,;inf,479,1.10199,;inf,495,1.15212,;inf,515,1.20222,;inf,531,1.25231,;inf,553,1.30239,;inf,571,1.35251,;inf,589,1.4026,;inf,611,1.45268,;inf,632,1.50276,;inf,653,1.55284,;inf,678,1.60296,;inf,699,1.653,;inf,722,1.70308,;inf,746,1.75317,;inf,767,1.80329,;
inf,113,0.050096,;inf,134,0.100181,;inf,155,0.150264,;inf,179,0.200385,;inf,194,0.250481,;inf,212,0.300624,;inf,227,0.350703,;inf,236,0.400795,;inf,246,0.450892,;inf,272,0.500983,;inf,287,0.551073,;inf,300,0.601157,;inf,316,0.651246,;inf,332,0.701301,;inf,359,0.751425,;inf,377,0.801506,;inf,392,0.85159,;inf,408,0.901689,;inf,423,0.951802,;inf,434,1.0019,;inf,456,1.05198,;inf,473,1.10207,;inf,489,1.15217,;inf,508,1.20231,;inf,526,1.25239,;inf,542,1.30251,;inf,567,1.35264,;inf,586,1.40273,;inf,600,1.45281,;inf,616,1.5029,;
inf,153,0.0500576,;inf,170,0.100145,;inf,192,0.150278,;inf,219,0.20037,;inf,228,0.250465,;inf,247,0.30056,;inf,262,0.350652,;inf,281,0.400747,;inf,299,0.450858,;inf,316,0.500946,;inf,330,0.551044,;inf,347,0.601134,;inf,366,0.651218,;inf,381,0.701307,;inf,393,0.7514,;inf,413,0.80149,;inf,434,0.851586,;inf,460,0.901709,;inf,479,0.951802,;inf,505,1.00192,;inf,526,1.05202,;inf,542,1.10212,;inf,561,1.1522,;inf,581,1.20228,;
inf,168,0.0500727,;inf,203,0.100161,;inf,216,0.150278,;inf,239,0.200368,;inf,248,0.250481,;inf,259,0.300576,;inf,281,0.350669,;inf,302,0.400764,;inf,323,0.45085,;inf,338,0.500946,;inf,350,0.551032,;inf,381,0.601134,;inf,399,0.65125,;inf,426,0.701338,;inf,437,0.751449,;inf,455,0.801532,;inf,474,0.851618,;inf,493,0.901702,;
inf,152,0.0500591,;inf,178,0.100145,;inf,200,0.150229,;inf,215,0.200311,;inf,239,0.250402,;inf,260,0.300497,;inf,272,0.350585,;inf,291,0.400677,;inf,305,0.450773,;inf,317,0.500901,;inf,326,0.550994,;inf,335,0.601092,;inf,345,0.651182,;inf,358,0.701267,;inf,378,0.751363,;inf,397,0.801446,;inf,406,0.851539,;inf,413,0.901631,;inf,427,0.95172,;inf,445,1.00181,;inf,467,1.05189,;inf,483,1.10199,;inf,496,1.15208,;inf,512,1.20217,;inf,532,1.25225,;inf,546,1.30235,;inf,557,1.35244,;inf,567,1.40253,;inf,582,1.45263,;inf,607,1.50273,;inf,627,1.55281,;inf,639,1.60291,;inf,658,1.653,;inf,671,1.70309,;inf,690,1.75319,;inf,708,1.80328,;
inf,173,0.0500667,;inf,195,0.100158,;inf,208,0.150239,;inf,231,0.20032,;inf,247,0.250402,;inf,259,0.300497,;inf,271,0.35058,;inf,285,0.400664,;inf,299,0.450786,;inf,306,0.500869,;inf,315,0.550998,;inf,323,0.601078,;inf,334,0.651164,;inf,349,0.701249,;inf,363,0.751337,;inf,371,0.801428,;inf,382,0.85153,;inf,400,0.901635,;inf,417,0.951748,;inf,427,1.00184,;inf,450,1.05193,;inf,471,1.10203,;inf,486,1.15211,;inf,502,1.20219,;inf,514,1.25227,;inf,526,1.30234,;inf,544,1.35243,;inf,571,1.40253,;inf,590,1.45262,;inf,609,1.5027,;inf,631,1.55278,;inf,645,1.60287,;inf,664,1.65297,;inf,690,1.70307,;inf,712,1.7532,;inf,727,1.8033,;inf,741,1.8534,;inf,752,1.90353,;inf,772,1.95364,;inf,794,2.00372,;inf,822,2.05382,;inf,842,2.1039,;inf,876,2.15399,;inf,906,2.20408,;inf,930,2.25416,;inf,962,2.30429,;inf,987,2.35439,;inf,1015,2.40448,;inf,1039,2.45459,;inf,1061,2.50467,;
inf,128,0.050057,;inf,153,0.10015,;inf,179,0.150275,;inf,193,0.200373,;inf,207,0.250484,;inf,220,0.300573,;inf,233,0.350658,;inf,247,0.400751,;inf,263,0.450849,;inf,274,0.500941,;inf,285,0.551031,;inf,295,0.601154,;
inf,115,0.0500666,;inf,148,0.10421,;inf,174,0.154311,;inf,191,0.204441,;inf,203,0.254536,;inf,215,0.304645,;inf,238,0.354728,;inf,253,0.404822,;inf,266,0.454913,;inf,293,0.50501,;inf,312,0.555113,;inf,331,0.605204,;inf,349,0.655291,;inf,359,0.705375,;inf,373,0.755463,;inf,384,0.805563,;inf,398,0.855664,;inf,411,0.905755,;inf,423,0.955847,;inf,442,1.00594,;inf,464,1.05602,;inf,478,1.10611,;inf,490,1.15619,;inf,505,1.20628,;inf,513,1.25637,;inf,521,1.30646,;inf,533,1.35654,;
inf,141,0.0500587,;inf,178,0.100139,;inf,213,0.15022,;inf,233,0.200488,;inf,247,0.250579,;inf,270,0.300682,;inf,290,0.350774,;inf,309,0.400869,;inf,323,0.450988,;inf,336,0.501073,;inf,349,0.5512,;inf,363,0.601303,;inf,375,0.6514,;inf,389,0.701492,;inf,408,0.751619,;inf,425,0.801702,;
inf,170,0.0500588,;inf,212,0.100142,;inf,235,0.150221,;inf,249,0.200316,;inf,266,0.250414,;inf,278,0.300485,;inf,294,0.350577,;inf,310,0.400681,;inf,324,0.450776,;inf,341,0.500871,;inf,358,0.550966,;inf,376,0.601089,;inf,391,0.651168,;inf,411,0.701248,;inf,424,0.751317,;inf,441,0.801408,;inf,454,0.851504,;inf,467,0.901572,;inf,480,0.951665,;inf,502,1.00175,;inf,514,1.05184,;inf,530,1.10194,;inf,552,1.15203,;inf,562,1.20214,;inf,572,1.25228,;inf,587,1.30236,;inf,595,1.35248,;
inf,214,0.0500714,;inf,243,0.100198,;inf,268,0.150292,;inf,294,0.200388,;inf,317,0.250473,;inf,336,0.300555,;inf,354,0.350648,;inf,371,0.400738,;inf,391,0.450859,;inf,406,0.500945,;inf,426,0.551063,;inf,439,0.601173,;inf,455,0.651257,;inf,480,0.701361,;inf,493,0.751442,;inf,512,0.801525,;inf,540,0.851632,;inf,557,0.901752,;inf,573,0.951839,;inf,592,1.00192,;inf,615,1.052,;inf,636,1.10209,;inf,660,1.1522,;inf,683,1.20229,;inf,701,1.25238,;inf,723,1.30246,;inf,739,1.35256,;inf,766,1.40266,;inf,789,1.45274,;inf,828,1.50283,;inf,853,1.55292,;inf,873,1.603,;inf,903,1.65308,;inf,938,1.70318,;inf,966,1.75327,;inf,991,1.80337,;inf,1014,1.85346,;inf,1028,1.90359,;inf,1054,1.95369,;inf,1081,2.00381,;
inf,79,0.0500741,;inf,103,0.100156,;inf,123,0.150248,;inf,140,0.200349,;inf,157,0.250433,;inf,172,0.30066,;inf,185,0.350788,;inf,193,0.400879,;inf,207,0.450978,;inf,217,0.501078,;inf,235,0.551167,;inf,247,0.601255,;
inf,148,0.0500575,;inf,160,0.100144,;inf,178,0.150229,;inf,196,0.20031,;inf,205,0.250403,;inf,222,0.300491,;inf,232,0.350619,;inf,247,0.40072,;inf,266,0.450817,;inf,279,0.500948,;inf,292,0.55105,;inf,306,0.601142,;inf,316,0.651229,;inf,330,0.701307,;inf,346,0.751391,;inf,371,0.8015,;inf,395,0.851582,;inf,416,0.901675,;inf,434,0.951772,;inf,458,1.00187,;inf,475,1.052,;inf,488,1.10209,;inf,504,1.15219,;inf,521,1.20229,;inf,542,1.25242,;inf,555,1.30252,;inf,583,1.3526,;inf,606,1.40269,;inf,625,1.45277,;inf,637,1.50287,;inf,650,1.55296,;inf,663,1.60304,;inf,684,1.65308,;inf,698,1.7032,;inf,714,1.75329,;inf,724,1.80337,;
inf,140,0.0500704,;inf,175,0.100112,;inf,190,0.150202,;inf,211,0.200291,;inf,234,0.250381,;inf,261,0.300464,;inf,281,0.350552,;inf,297,0.400647,;inf,329,0.450742,;inf,348,0.500824,;inf,365,0.550908,;inf,382,0.601002,;inf,397,0.651091,;inf,417,0.701174,;inf,434,0.751262,;inf,448,0.801345,;inf,475,0.851468,;inf,500,0.901552,;inf,518,0.951658,;inf,549,1.00175,;inf,577,1.05186,;inf,607,1.10199,;inf,640,1.15207,;inf,658,1.20217,;inf,685,1.25225,;inf,708,1.30238,;inf,733,1.35247,;inf,756,1.40255,;inf,782,1.45264,;inf,811,1.50273,;inf,831,1.55281,;inf,855,1.6029,;inf,881,1.65298,;inf,917,1.70308,;inf,955,1.75318,;inf,984,1.80326,;inf,1011,1.85335,;inf,1039,1.90348,;inf,1069,1.95356,;inf,1096,2.00365,;inf,1122,2.05375,;inf,1153,2.10383,;inf,1183,2.15391,;inf,1212,2.20401,;inf,1237,2.25411,;inf,1258,2.30421,;inf,1282,2.3543,;inf,1302,2.40439,;inf,1320,2.45447,;inf,1337,2.50457,;inf,1351,2.55467,;inf,1367,2.60476,;
inf,140,0.0500683,;inf,166,0.100196,;inf,188,0.150282,;inf,210,0.200405,;inf,229,0.250489,;inf,243,0.300611,;inf,254,0.350735,;inf,270,0.400864,;inf,283,0.450988,;inf,297,0.50108,;inf,313,0.551204,;inf,326,0.601287,;inf,341,0.65138,;inf,358,0.701489,;inf,367,0.751607,;inf,380,0.801689,;inf,396,0.851772,;inf,412,0.901853,;inf,429,0.952014,;inf,445,1.00211,;inf,462,1.05224,;inf,481,1.10233,;inf,501,1.15242,;inf,519,1.2025,;inf,532,1.25259,;inf,553,1.30269,;inf,571,1.35279,;inf,581,1.40289,;inf,611,1.453,;inf,631,1.5031,;inf,655,1.55319,;inf,687,1.60327,;inf,711,1.65336,;inf,737,1.70345,;inf,765,1.75356,;inf,787,1.80364,;inf,804,1.85373,;inf,826,1.90381,;
inf,119,0.0500592,;inf,150,0.100163,;inf,168,0.150256,;inf,189,0.200364,;inf,216,0.250458,;inf,236,0.300586,;inf,255,0.350713,;inf,276,0.400835,;inf,297,0.450935,;inf,312,0.501058,;inf,326,0.551134,;inf,341,0.601215,;inf,359,0.651299,;inf,377,0.701387,;inf,399,0.751475,;inf,416,0.801571,;inf,438,0.851695,;inf,461,0.901775,;inf,488,0.951877,;inf,515,1.00197,;inf,529,1.05207,;inf,549,1.10216,;
inf,136,0.0500665,;inf,158,0.100166,;inf,181,0.150259,;inf,191,0.200394,;inf,204,0.250488,;inf,219,0.300572,;inf,231,0.350676,;inf,245,0.400766,;inf,256,0.450891,;
inf,148,0.0500571,;inf,169,0.100142,;inf,177,0.150229,;inf,191,0.200324,;inf,205,0.250419,;inf,220,0.300517,;inf,230,0.350604,;inf,241,0.400695,;inf,249,0.450778,;inf,262,0.50089,;
inf,86,0.0500572,;inf,120,0.100179,;inf,150,0.150234,;inf,165,0.200332,;inf,182,0.250426,;inf,197,0.300515,;inf,211,0.350612,;inf,224,0.400716,;inf,239,0.450803,;inf,258,0.500924,;inf,272,0.55101,;inf,291,0.601101,;inf,312,0.651195,;inf,331,0.701289,;inf,348,0.751384,;inf,374,0.801474,;inf,398,0.851568,;inf,416,0.901661,;inf,437,0.951757,;inf,458,1.00185,;inf,476,1.05194,;inf,498,1.10202,;
inf,174,0.0500648,;inf,189,0.100163,;inf,206,0.150269,;inf,215,0.200349,;inf,231,0.250458,;inf,249,0.300557,;inf,268,0.35068,;inf,279,0.40076,;inf,295,0.450815,;inf,307,0.500928,;inf,321,0.551029,;inf,332,0.60115,;inf,345,0.651228,;inf,360,0.701349,;inf,378,0.75143,;inf,396,0.801558,;inf,406,0.851651,;inf,418,0.90178,;inf,430,0.951866,;inf,442,1.00196,;inf,458,1.05207,;inf,482,1.10216,;inf,506,1.15226,;inf,529,1.20235,;inf,544,1.25244,;inf,569,1.30254,;inf,583,1.35262,;inf,608,1.4027,;inf,629,1.4528,;inf,657,1.50291,;inf,681,1.553,;inf,703,1.6031,;inf,721,1.65323,;inf,736,1.70332,;inf,760,1.75344,;inf,780,1.80352,;inf,795,1.85365,;inf,812,1.90373,;inf,829,1.95386,;inf,848,2.00395,;inf,863,2.05405,;
inf,133,0.050068,;inf,163,0.100162,;inf,181,0.153489,;inf,200,0.203605,;
inf,164,0.0500956,;inf,192,0.100189,;inf,210,0.150274,;inf,232,0.200361,;inf,249,0.250456,;inf,264,0.300549,;inf,280,0.350641,;inf,289,0.400733,;inf,301,0.450834,;inf,318,0.500925,;inf,341,0.551019,;inf,352,0.60111,;inf,364,0.65121,;inf,374,0.701312,;inf,390,0.751407,;inf,403,0.801488,;inf,425,0.851564,;inf,446,0.901636,;inf,465,0.951714,;inf,486,1.0018,;inf,504,1.05189,;inf,522,1.10197,;inf,540,1.15206,;inf,552,1.20215,;inf,577,1.25224,;inf,592,1.30233,;inf,610,1.35242,;inf,626,1.40251,;inf,645,1.4526,;inf,663,1.50269,;
inf,130,0.0500614,;inf,152,0.100174,;inf,169,0.150267,;inf,192,0.200354,;inf,210,0.250452,;inf,230,0.30056,;inf,240,0.350657,;inf,258,0.400745,;inf,267,0.450832,;inf,280,0.500927,;inf,295,0.551016,;inf,319,0.601105,;inf,331,0.651204,;inf,341,0.701309,;inf,362,0.751378,;inf,380,0.801476,;inf,394,0.851571,;inf,410,0.901669,;inf,418,0.951766,;inf,432,1.00186,;inf,447,1.05195,;inf,461,1.10205,;inf,473,1.15214,;inf,484,1.20223,;inf,503,1.25232,;inf,516,1.30241,;
inf,147,0.0500581,;inf,180,0.100146,;inf,202,0.150246,;inf,224,0.200333,;inf,244,0.250427,;inf,261,0.300511,;inf,277,0.350601,;inf,301,0.400653,;
inf,106,0.0500634,;inf,136,0.100156,;inf,161,0.150221,;inf,183,0.200313,;inf,200,0.2504,;inf,215,0.30049,;inf,237,0.350633,;inf,259,0.400718,;inf,285,0.450809,;inf,303,0.500905,;inf,324,0.551004,;inf,340,0.601094,;inf,355,0.651195,;inf,387,0.701293,;inf,405,0.75139,;inf,420,0.801489,;inf,438,0.851592,;inf,446,0.901676,;inf,470,0.951764,;inf,491,1.00185,;inf,516,1.05193,;inf,538,1.10201,;inf,549,1.1521,;inf,563,1.2022,;inf,577,1.25229,;inf,596,1.30237,;inf,619,1.35247,;inf,643,1.40256,;inf,673,1.45264,;inf,694,1.50272,;inf,717,1.5528,;inf,734,1.60288,;inf,756,1.65299,;inf,781,1.7031,;inf,808,1.75318,;inf,833,1.80329,;inf,867,1.85338,;inf,888,1.90348,;inf,912,1.95356,;inf,938,2.00365,;inf,967,2.05373,;inf,995,2.10383,;inf,1010,2.15392,;inf,1036,2.20401,;inf,1056,2.2541,;inf,1078,2.3042,;inf,1102,2.3543,;inf,1124,2.40443,;inf,1148,2.45452,;inf,1179,2.50461,;inf,1213,2.55471,;inf,1236,2.6048,;inf,1261,2.65487,;inf,1282,2.70497,;inf,1307,2.75508,;inf,1335,2.80539,;inf,1346,2.85549,;inf,1362,2.90559,;inf,1382,2.95569,;inf,1398,3.00581,;inf,1419,3.05591,;inf,1439,3.10601,;inf,1472,3.15611,;inf,1504,3.2062,;inf,1538,3.25631,;inf,1566,3.30641,;inf,1588,3.3565,;inf,1624,3.4066,;inf,1651,3.45668,;inf,1686,3.50677,;inf,1708,3.55686,;inf,1732,3.60696,;inf,1763,3.65705,;inf,1797,3.70713,;inf,1835,3.75722,;inf,1859,3.8073,;inf,1887,3.85739,;inf,1913,3.90747,;inf,1954,3.95756,;inf,1984,4.00766,;inf,2029,4.05775,;inf,2064,4.10783,;inf,2092,4.15793,;inf,2121,4.20802,;
inf,259,0.0500627,;inf,289,0.100148,;inf,313,0.150231,;inf,338,0.200328,;inf,355,0.250427,;inf,376,0.300511,;inf,385,0.350595,;inf,400,0.400685,;inf,413,0.451405,;inf,423,0.501498,;inf,436,0.551582,;inf,455,0.601675,;inf,475,0.65177,;inf,487,0.701866,;inf,503,0.75195,;inf,527,0.802026,;inf,542,0.852148,;inf,563,0.902242,;inf,580,0.952329,;inf,603,1.00242,;inf,617,1.05251,;inf,640,1.10265,;inf,657,1.15273,;inf,668,1.20282,;inf,691,1.25292,;inf,709,1.30302,;inf,732,1.35311,;inf,748,1.40321,;inf,767,1.4533,;inf,782,1.50339,;inf,801,1.55347,;inf,821,1.60356,;inf,836,1.65366,;inf,857,1.70375,;inf,872,1.75385,;inf,891,1.80394,;inf,909,1.85403,;inf,928,1.90412,;inf,954,1.95421,;inf,975,2.0043,;inf,998,2.0544,;inf,1014,2.10449,;inf,1043,2.15459,;inf,1073,2.20469,;inf,1104,2.25479,;inf,1131,2.3049,;inf,1158,2.35499,;inf,1180,2.40506,;inf,1217,2.45515,;inf,1242,2.50525,;inf,1262,2.55535,;inf,1288,2.60545,;inf,1321,2.65553,;inf,1351,2.70562,;inf,1376,2.75571,;inf,1402,2.80577,;inf,1420,2.85586,;inf,1442,2.90596,;inf,1459,2.95605,;inf,1492,3.00615,;inf,1515,3.05624,;inf,1537,3.10634,;inf,1555,3.15644,;inf,1591,3.20654,;inf,1618,3.25664,;inf,1642,3.30674,;inf,1673,3.35683,;inf,1701,3.40693,;inf,1729,3.45702,;inf,1764,3.50707,;inf,1794,3.55716,;inf,1826,3.60724,;inf,1848,3.65735,;inf,1875,3.70744,;inf,1908,3.75752,;inf,1938,3.80761,;inf,1970,3.85771,;inf,1996,3.90779,;inf,2031,3.95788,;inf,2060,4.00797,;inf,2099,4.05808,;inf,2126,4.10817,;inf,2165,4.15827,;inf,2185,4.20836,;inf,2216,4.25845,;inf,2251,4.30853,;inf,2276,4.35859,;inf,2319,4.40868,;inf,2362,4.45877,;inf,2397,4.50887,;inf,2430,4.55896,;inf,2456,4.60906,;inf,2487,4.65915,;inf,2522,4.70926,;inf,2552,4.75935,;inf,2589,4.80945,;inf,2613,4.85955,;inf,2638,4.90965,;inf,2656,4.95975,;inf,2672,5.00985,;
inf,126,0.0500691,;inf,155,0.100169,;inf,178,0.150264,;inf,192,0.204059,;inf,210,0.254152,;inf,225,0.304242,;inf,234,0.354333,;inf,251,0.404427,;inf,263,0.454522,;inf,280,0.504614,;inf,300,0.554707,;inf,313,0.604795,;inf,323,0.654888,;inf,340,0.704981,;inf,353,0.755076,;inf,366,0.805174,;
inf,155,0.0500602,;inf,181,0.100147,;inf,201,0.150264,;inf,217,0.200367,;inf,232,0.250467,;inf,244,0.300562,;inf,259,0.350671,;inf,275,0.400758,;inf,285,0.450846,;inf,297,0.500947,;inf,312,0.551066,;inf,321,0.601163,;inf,336,0.651255,;inf,344,0.701343,;inf,362,0.751423,;inf,372,0.801506,;inf,390,0.851588,;inf,408,0.901718,;inf,420,0.95181,;inf,434,1.00189,;inf,454,1.05198,;inf,468,1.10206,;inf,487,1.15215,;inf,511,1.20226,;inf,538,1.25235,;inf,559,1.30244,;inf,581,1.35249,;inf,599,1.40257,;inf,617,1.45266,;inf,645,1.50276,;inf,668,1.55285,;inf,685,1.60294,;inf,700,1.65303,;inf,716,1.70312,;inf,738,1.75321,;inf,757,1.8033,;inf,769,1.85339,;inf,782,1.90348,;inf,799,1.95357,;inf,814,2.00366,;inf,826,2.05376,;inf,837,2.10385,;inf,848,2.15394,;inf,860,2.20403,;inf,872,2.25412,;inf,880,2.30422,;
inf,169,0.0500577,;inf,199,0.10014,;inf,217,0.150223,;inf,240,0.200304,;inf,255,0.250397,;inf,265,0.300504,;inf,277,0.350584,;inf,292,0.400668,;inf,312,0.450756,;inf,322,0.500849,;inf,338,0.55096,;inf,355,0.601056,;inf,370,0.651158,;inf,381,0.701305,;inf,393,0.751388,;inf,409,0.801478,;inf,422,0.851577,;inf,436,0.901663,;inf,442,0.951757,;inf,461,1.00185,;inf,479,1.05195,;inf,494,1.10203,;inf,505,1.15212,;inf,523,1.20221,;inf,546,1.25229,;inf,570,1.30237,;inf,603,1.35245,;inf,617,1.40254,;inf,643,1.45263,;inf,660,1.50272,;inf,685,1.5528,;inf,708,1.60289,;inf,729,1.65298,;inf,740,1.70306,;inf,760,1.75314,;inf,775,1.80324,;inf,801,1.85332,;inf,819,1.9034,;inf,835,1.95349,;inf,857,2.00356,;inf,878,2.05365,;inf,900,2.10373,;inf,924,2.15382,;inf,942,2.20391,;inf,952,2.25399,;inf,976,2.30404,;inf,990,2.35414,;inf,1011,2.40422,;
inf,101,0.0500578,;inf,131,0.100137,;inf,168,0.15022,;inf,190,0.200302,;inf,205,0.250386,;inf,226,0.300467,;inf,245,0.350555,;inf,270,0.40061,;inf,279,0.450696,;inf,294,0.500782,;inf,318,0.550869,;inf,337,0.600953,;inf,351,0.651046,;inf,369,0.701126,;inf,390,0.751208,;inf,408,0.801298,;inf,424,0.851377,;inf,437,0.901456,;inf,450,0.951536,;inf,463,1.00158,;inf,473,1.05166,;inf,490,1.10175,;inf,502,1.15185,;inf,515,1.20195,;
inf,128,0.0500615,;inf,164,0.100159,;inf,180,0.15025,;inf,205,0.200337,;inf,239,0.25043,;inf,255,0.300524,;inf,273,0.35062,;inf,289,0.400712,;inf,309,0.450802,;inf,326,0.500895,;inf,342,0.550987,;inf,352,0.601077,;inf,367,0.651171,;inf,377,0.70126,;
inf,73,0.0500605,;inf,97,0.100155,;inf,116,0.150241,;inf,129,0.20034,;inf,152,0.250439,;inf,163,0.300526,;inf,174,0.350619,;inf,187,0.400708,;inf,206,0.4508,;inf,223,0.500894,;inf,238,0.550986,;inf,248,0.601053,;inf,271,0.651143,;inf,280,0.701231,;inf,291,0.751318,;inf,309,0.801405,;inf,320,0.851494,;inf,340,0.901584,;inf,363,0.951678,;inf,376,1.00176,;inf,390,1.05184,;inf,413,1.10193,;inf,427,1.15202,;inf,439,1.2021,;inf,458,1.25218,;inf,474,1.30227,;
inf,171,0.0500609,;inf,203,0.100155,;inf,219,0.150243,;inf,249,0.200338,;inf,275,0.250428,;inf,293,0.302566,;inf,310,0.352664,;inf,324,0.402755,;inf,340,0.452842,;inf,349,0.502932,;inf,359,0.553072,;inf,368,0.603163,;inf,374,0.653248,;inf,380,0.703344,;inf,389,0.753433,;inf,402,0.803528,;inf,406,0.853635,;inf,417,0.903728,;inf,426,0.953821,;inf,434,1.00393,;inf,442,1.05796,;inf,452,1.10806,;inf,458,1.15815,;inf,463,1.20823,;inf,467,1.25833,;inf,472,1.30842,;inf,478,1.35862,;inf,486,1.40872,;inf,499,1.45882,;inf,505,1.50891,;
inf,211,0.0500751,;inf,224,0.100208,;inf,231,0.154941,;inf,242,0.20502,;inf,255,0.255081,;inf,259,0.305181,;inf,264,0.355289,;inf,268,0.405397,;inf,272,0.455502,;inf,275,0.505599,;inf,281,0.555686,;inf,298,0.605782,;inf,304,0.655921,;inf,312,0.709219,;inf,327,0.759349,;inf,342,0.809432,;inf,361,0.859518,;inf,378,0.909613,;inf,389,0.959706,;inf,402,1.00981,;inf,411,1.0599,;inf,429,1.10999,;inf,441,1.16051,;inf,449,1.2106,;inf,457,1.26068,;inf,473,1.31078,;inf,478,1.36087,;inf,490,1.41096,;inf,498,1.46106,;inf,504,1.51115,;inf,511,1.56124,;inf,518,1.61133,;inf,525,1.66142,;inf,535,1.71152,;
inf,79,0.0500139,;inf,107,0.100096,;inf,119,0.150184,;inf,132,0.200272,;inf,146,0.250363,;inf,160,0.300463,;inf,177,0.350556,;inf,195,0.400629,;inf,214,0.450725,;inf,228,0.500821,;inf,238,0.550905,;inf,251,0.600999,;
inf,130,0.0500637,;inf,156,0.100158,;inf,176,0.150234,;inf,184,0.200299,;inf,193,0.2504,;inf,208,0.30048,;inf,215,0.350579,;inf,227,0.400661,;inf,243,0.450747,;inf,247,0.500813,;inf,253,0.550906,;inf,261,0.601001,;inf,275,0.651093,;inf,291,0.701183,;inf,302,0.75127,;inf,310,0.801356,;inf,321,0.851441,;inf,331,0.901526,;inf,355,0.951608,;inf,373,1.00171,;inf,393,1.05174,;inf,408,1.10183,;inf,430,1.15192,;inf,452,1.202,;inf,469,1.25208,;inf,491,1.30217,;inf,507,1.35226,;inf,521,1.40234,;inf,539,1.45243,;inf,553,1.50251,;inf,567,1.55261,;inf,583,1.60269,;inf,601,1.65279,;inf,614,1.70288,;inf,630,1.75297,;inf,647,1.80304,;inf,658,1.85313,;inf,662,1.90322,;inf,671,1.95331,;
inf,157,0.0500596,;inf,190,0.100151,;inf,202,0.150218,;inf,221,0.200307,;inf,241,0.250395,;inf,257,0.300496,;inf,275,0.350579,;inf,289,0.400663,;inf,309,0.45075,;inf,323,0.500842,;inf,342,0.550929,;inf,353,0.601068,;inf,372,0.651163,;inf,389,0.701259,;inf,411,0.751349,;inf,429,0.801452,;inf,452,0.851542,;inf,474,0.901625,;inf,492,0.951716,;inf,512,1.0018,;inf,531,1.05189,;inf,556,1.10196,;inf,569,1.15201,;inf,593,1.20211,;inf,609,1.2522,;inf,623,1.30229,;inf,636,1.35238,;inf,659,1.40247,;inf,674,1.45256,;inf,688,1.50264,;
inf,86,0.0500608,;inf,104,0.100158,;inf,119,0.150257,;inf,135,0.200339,;inf,151,0.250433,;inf,169,0.300526,;inf,178,0.350621,;inf,188,0.400717,;inf,194,0.450806,;inf,212,0.500899,;inf,220,0.55099,;inf,237,0.601054,;inf,249,0.651143,;inf,264,0.701239,;inf,278,0.751334,;inf,286,0.801426,;inf,298,0.851514,;inf,312,0.901605,;inf,324,0.951703,;inf,333,1.00179,;inf,345,1.05188,;inf,353,1.10197,;inf,361,1.15205,;inf,369,1.20214,;inf,379,1.25223,;inf,385,1.30232,;
inf,127,0.0500615,;inf,143,0.100163,;inf,163,0.150211,;inf,186,0.200308,;inf,201,0.250401,;inf,217,0.300486,;inf,238,0.350578,;inf,261,0.400676,;inf,276,0.450769,;inf,286,0.500863,;inf,303,0.550952,;inf,318,0.601038,;inf,339,0.651132,;inf,357,0.701228,;inf,374,0.751325,;inf,389,0.801415,;inf,415,0.85151,;inf,429,0.901603,;inf,447,0.951689,;inf,468,1.00178,;inf,493,1.05187,;inf,513,1.10197,;inf,525,1.15206,;inf,558,1.20215,;inf,580,1.25224,;inf,605,1.30233,;inf,628,1.35242,;inf,648,1.40252,;inf,672,1.45261,;inf,698,1.5027,;inf,722,1.55277,;inf,744,1.60287,;inf,774,1.65296,;inf,811,1.70305,;inf,836,1.75314,;inf,857,1.80328,;inf,882,1.85337,;inf,905,1.90347,;inf,938,1.95356,;inf,977,2.00365,;inf,1011,2.05375,;inf,1028,2.10387,;inf,1057,2.15395,;inf,1082,2.20404,;inf,1113,2.25417,;inf,1143,2.30426,;inf,1171,2.35434,;inf,1191,2.40442,;inf,1220,2.45455,;inf,1248,2.50468,;inf,1276,2.55477,;inf,1313,2.60486,;inf,1339,2.65495,;inf,1375,2.70504,;inf,1414,2.75512,;inf,1450,2.80522,;inf,1488,2.8553,;inf,1526,2.90539,;inf,1577,2.95548,;inf,1613,3.00556,;inf,1650,3.05565,;inf,1682,3.10574,;inf,1727,3.15583,;inf,1750,3.20593,;inf,1780,3.25606,;inf,1808,3.30615,;inf,1844,3.35624,;inf,1870,3.40632,;inf,1890,3.45641,;inf,1915,3.5065,;inf,1932,3.55659,;inf,1945,3.60668,;inf,1971,3.65677,;inf,1989,3.70686,;inf,2000,3.75695,;inf,2013,3.80704,;inf,2026,3.85713,;inf,2035,3.90722,;inf,2051,3.95732,;inf,2062,4.00742,;inf,2077,4.05751,;inf,2095,4.1076,;
inf,185,0.0500669,;inf,205,0.100161,;inf,222,0.150251,;inf,247,0.200339,;inf,264,0.25043,;inf,280,0.300521,;inf,294,0.35061,;inf,304,0.400701,;inf,321,0.450791,;inf,346,0.500844,;inf,361,0.550936,;inf,375,0.601017,;inf,387,0.65111,;inf,398,0.701207,;
inf,268,0.0500647,;inf,297,0.100147,;inf,318,0.150233,;inf,336,0.200323,;inf,365,0.250414,;inf,377,0.300507,;inf,389,0.350589,;inf,405,0.400673,;inf,419,0.450765,;inf,428,0.500846,;inf,439,0.550939,;inf,453,0.601029,;inf,464,0.65111,;inf,475,0.701186,;inf,485,0.751264,;inf,499,0.801343,;inf,511,0.85142,;inf,534,0.901499,;inf,550,0.95158,;inf,563,1.00166,;inf,573,1.05174,;inf,594,1.10182,;inf,614,1.1519,;inf,633,1.20198,;inf,652,1.25206,;inf,670,1.30214,;inf,687,1.35222,;inf,704,1.4023,;inf,722,1.45238,;inf,746,1.50246,;inf,762,1.55254,;inf,780,1.60262,;inf,813,1.6527,;inf,832,1.70278,;inf,859,1.75286,;inf,893,1.80294,;inf,917,1.85302,;inf,940,1.9031,;inf,963,1.95318,;inf,994,2.00326,;inf,1031,2.05333,;inf,1062,2.10341,;inf,1090,2.15349,;inf,1115,2.20357,;inf,1141,2.25364,;inf,1170,2.30372,;inf,1193,2.35378,;inf,1226,2.40387,;inf,1257,2.45395,;inf,1293,2.50403,;inf,1331,2.55411,;inf,1352,2.60419,;inf,1379,2.65427,;inf,1414,2.70435,;inf,1447,2.75443,;inf,1487,2.8045,;inf,1514,2.85459,;inf,1547,2.90466,;inf,1569,2.95475,;inf,1574,3.00483,;inf,1598,3.05493,;inf,1613,3.10501,;inf,1632,3.1551,;inf,1647,3.20518,;inf,1660,3.25527,;inf,1670,3.30535,;inf,1688,3.35544,;inf,1697,3.40548,;inf,1708,3.45557,;inf,1719,3.50565,;inf,1726,3.55574,;inf,1733,3.60583,;inf,1740,3.65592,;inf,1751,3.706,;inf,1772,3.75608,;inf,1780,3.80617,;inf,1796,3.85625,;inf,1807,3.90633,;inf,1815,3.95641,;inf,1823,4.0065,;inf,1831,4.05658,;
inf,228,0.0517254,;inf,250,0.101835,;inf,271,0.151929,;inf,284,0.202022,;inf,300,0.252125,;inf,315,0.302218,;inf,334,0.352318,;inf,349,0.402425,;inf,365,0.45252,;inf,377,0.502621,;inf,395,0.552711,;inf,409,0.602805,;inf,424,0.660049,;inf,432,0.710144,;inf,445,0.760236,;inf,456,0.810329,;inf,469,0.860428,;inf,488,0.910524,;inf,508,0.960618,;inf,533,1.01072,;inf,542,1.06081,;inf,554,1.11091,;inf,571,1.161,;inf,592,1.21109,;inf,607,1.2612,;inf,615,1.31126,;inf,626,1.36135,;inf,659,1.41144,;inf,675,1.46153,;inf,702,1.51164,;inf,720,1.56172,;inf,737,1.6118,;inf,763,1.66189,;inf,786,1.71198,;inf,813,1.76208,;inf,849,1.81216,;inf,872,1.86226,;inf,908,1.91235,;inf,929,1.96244,;inf,945,2.01253,;inf,969,2.06262,;inf,1000,2.1127,;inf,1019,2.1628,;inf,1042,2.2129,;inf,1080,2.263,;inf,1118,2.31308,;inf,1141,2.36316,;inf,1166,2.41326,;inf,1189,2.46334,;inf,1211,2.51343,;inf,1235,2.56351,;inf,1263,2.61359,;inf,1284,2.66367,;inf,1301,2.71376,;inf,1316,2.76385,;inf,1334,2.81394,;inf,1343,2.86403,;inf,1352,2.91413,;inf,1360,2.96423,;inf,1370,3.01433,;
inf,149,0.0500582,;inf,169,0.100152,;inf,193,0.150242,;inf,207,0.200329,;inf,231,0.250419,;inf,246,0.300516,;inf,262,0.350602,;inf,284,0.400703,;inf,304,0.450792,;inf,327,0.500886,;inf,348,0.550981,;inf,373,0.60107,;inf,390,0.651175,;inf,420,0.701268,;inf,440,0.751373,;inf,475,0.80146,;inf,494,0.851552,;inf,508,0.901643,;inf,528,0.951743,;inf,558,1.00183,;inf,585,1.05193,;
inf,120,0.0500719,;inf,147,0.100165,;inf,176,0.150248,;inf,195,0.200339,;inf,213,0.250426,;inf,227,0.300525,;inf,249,0.350619,;inf,265,0.400717,;inf,282,0.450814,;inf,307,0.500896,;inf,328,0.550995,;inf,351,0.601086,;inf,370,0.651176,;inf,400,0.701267,;inf,419,0.751363,;inf,442,0.801447,;inf,460,0.851535,;inf,479,0.901587,;inf,506,0.951673,;inf,519,1.00176,;inf,540,1.05186,;inf,569,1.10195,;inf,589,1.15204,;inf,604,1.20213,;inf,627,1.25222,;inf,654,1.30231,;inf,675,1.3524,;inf,697,1.40249,;inf,720,1.45258,;inf,738,1.50267,;inf,757,1.55275,;inf,777,1.60284,;inf,794,1.6529,;inf,800,1.703,;inf,811,1.75309,;inf,826,1.80317,;inf,841,1.85326,;inf,851,1.90334,;inf,859,1.95343,;
inf,208,0.0500617,;inf,236,0.100171,;inf,258,0.150265,;inf,271,0.200363,;inf,290,0.250427,;inf,307,0.300518,;inf,317,0.350607,;inf,332,0.400694,;inf,350,0.45078,;inf,369,0.500871,;inf,390,0.550961,;inf,404,0.601049,;inf,418,0.651136,;inf,434,0.701231,;inf,444,0.751326,;inf,451,0.801431,;inf,464,0.85153,;inf,471,0.90163,;inf,486,0.951734,;inf,498,1.00184,;inf,507,1.05194,;inf,516,1.1056,;inf,531,1.1557,;inf,543,1.20581,;inf,556,1.2559,;inf,569,1.30604,;inf,580,1.35614,;inf,600,1.40626,;inf,615,1.45652,;inf,631,1.50663,;inf,643,1.55671,;inf,658,1.6068,;
inf,104,0.0500696,;inf,129,0.100175,;inf,151,0.150284,;inf,164,0.200386,;inf,183,0.250485,;inf,194,0.300585,;inf,200,0.350676,;inf,215,0.400766,;inf,230,0.450858,;inf,237,0.500948,;inf,250,0.551036,;inf,263,0.601122,;inf,270,0.65121,;inf,276,0.701296,;inf,286,0.751384,;inf,292,0.801464,;inf,302,0.851555,;inf,312,0.901636,;inf,324,0.951721,;inf,332,1.00185,;inf,348,1.05193,;inf,359,1.10206,;inf,374,1.15214,;inf,387,1.20221,;inf,401,1.25229,;inf,415,1.30238,;inf,430,1.35246,;inf,439,1.40256,;
inf,256,0.0500629,;inf,285,0.100169,;inf,303,0.150263,;inf,314,0.20036,;inf,333,0.250448,;inf,347,0.300537,;inf,366,0.350638,;inf,379,0.400746,;inf,403,0.450832,;inf,416,0.500925,;inf,430,0.55102,;inf,453,0.601123,;inf,461,0.654767,;inf,474,0.704868,;inf,486,0.754959,;inf,500,0.805048,;inf,515,0.855136,;inf,534,0.905218,;inf,559,0.955309,;inf,574,1.00539,;inf,592,1.05548,;inf,616,1.10556,;inf,634,1.15564,;inf,649,1.20572,;inf,662,1.2558,;inf,676,1.30589,;inf,695,1.35597,;inf,712,1.40605,;inf,738,1.45614,;inf,758,1.50623,;inf,776,1.55632,;inf,790,1.60638,;
inf,172,0.0500642,;inf,207,0.100196,;inf,235,0.150281,;inf,248,0.200366,;inf,262,0.250443,;inf,280,0.300521,;inf,295,0.350605,;inf,303,0.400685,;inf,324,0.450765,;inf,338,0.500848,;inf,349,0.550927,;inf,367,0.601005,;inf,381,0.651094,;inf,393,0.701182,;inf,402,0.751269,;inf,413,0.801351,;inf,424,0.85143,;inf,434,0.901541,;inf,445,0.951624,;inf,457,1.00171,;inf,468,1.05179,;inf,485,1.10188,;inf,502,1.15196,;inf,514,1.20204,;inf,531,1.25213,;inf,548,1.30221,;inf,563,1.35231,;inf,580,1.40238,;inf,608,1.45246,;inf,619,1.50251,;inf,640,1.55259,;inf,662,1.60267,;inf,679,1.65276,;inf,698,1.70284,;inf,719,1.75292,;inf,733,1.803,;inf,755,1.85308,;inf,779,1.90316,;inf,795,1.95324,;inf,816,2.00332,;inf,829,2.0534,;inf,852,2.10349,;inf,874,2.15357,;inf,889,2.20366,;inf,903,2.25374,;inf,919,2.30382,;inf,939,2.3539,;inf,961,2.40397,;inf,973,2.45406,;inf,986,2.50415,;inf,1002,2.55423,;inf,1011,2.60431,;inf,1029,2.6544,;inf,1039,2.70448,;inf,1050,2.75457,;inf,1058,2.80465,;inf,1069,2.85474,;inf,1081,2.90482,;inf,1093,2.9549,;
inf,203,0.0500622,;inf,231,0.100159,;inf,246,0.150259,;inf,263,0.200353,;inf,274,0.250448,;inf,286,0.300536,;inf,298,0.350622,;inf,313,0.400709,;inf,325,0.4508,;inf,349,0.500889,;inf,353,0.550988,;inf,362,0.601098,;inf,368,0.651163,;inf,375,0.701255,;inf,394,0.751346,;inf,415,0.801438,;inf,424,0.85154,;inf,439,0.901636,;inf,451,0.951725,;inf,471,1.00182,;inf,487,1.05191,;inf,504,1.102,;inf,517,1.15205,;inf,530,1.20212,;inf,549,1.2522,;
inf,106,0.0500574,;inf,147,0.100145,;inf,169,0.150242,;inf,193,0.200369,;inf,208,0.25045,;inf,228,0.300544,;inf,241,0.350672,;inf,257,0.400767,;inf,265,0.450859,;inf,277,0.500948,;inf,290,0.551046,;inf,314,0.601147,;inf,338,0.651233,;inf,356,0.701319,;inf,372,0.751401,;inf,382,0.801482,;inf,397,0.851574,;inf,409,0.901663,;inf,430,0.951757,;inf,452,1.00185,;inf,471,1.05194,;inf,488,1.10203,;inf,502,1.15212,;inf,522,1.20222,;inf,538,1.25231,;inf,557,1.30239,;inf,581,1.35245,;inf,605,1.40253,;inf,622,1.45262,;inf,647,1.50271,;inf,678,1.55279,;inf,694,1.60288,;inf,712,1.65296,;inf,733,1.70309,;
inf,138,0.0525384,;inf,163,0.102645,;inf,195,0.152752,;inf,219,0.202855,;inf,255,0.252963,;inf,267,0.303051,;inf,290,0.353143,;inf,305,0.403239,;inf,322,0.453345,;inf,337,0.503426,;inf,357,0.553525,;inf,374,0.603622,;inf,392,0.653712,;inf,411,0.7038,;inf,425,0.753889,;inf,437,0.804027,;inf,451,0.854117,;inf,474,0.904211,;inf,484,0.954294,;inf,499,1.00435,;inf,518,1.05446,;inf,539,1.10456,;inf,559,1.15466,;inf,577,1.20475,;inf,595,1.25485,;inf,619,1.30493,;inf,638,1.35503,;inf,653,1.40512,;inf,677,1.45521,;inf,692,1.5053,;inf,710,1.5554,;inf,733,1.6055,;inf,751,1.65559,;inf,768,1.70568,;inf,791,1.75577,;inf,820,1.80586,;inf,839,1.85595,;inf,863,1.90604,;inf,886,1.95613,;inf,919,2.00637,;inf,939,2.05646,;inf,966,2.10653,;inf,1020,2.15662,;inf,1053,2.20671,;inf,1096,2.2568,;inf,1119,2.30689,;inf,1152,2.35698,;inf,1180,2.40707,;inf,1210,2.45716,;inf,1235,2.50725,;inf,1257,2.55734,;inf,1274,2.60743,;inf,1296,2.6575,;inf,1321,2.7076,;inf,1343,2.75769,;inf,1363,2.80778,;inf,1382,2.85788,;
inf,132,0.0500387,;inf,156,0.10012,;inf,180,0.150198,;inf,197,0.200285,;inf,215,0.250367,;inf,231,0.300448,;inf,245,0.350528,;inf,262,0.400607,;inf,274,0.450687,;inf,286,0.500769,;inf,300,0.550857,;inf,314,0.600933,;inf,328,0.651013,;inf,345,0.701089,;inf,372,0.751168,;inf,390,0.801248,;inf,404,0.851367,;inf,430,0.901455,;inf,449,0.951548,;inf,461,1.00163,;inf,483,1.0517,;inf,494,1.10178,;inf,513,1.15186,;inf,532,1.20194,;inf,547,1.25199,;inf,564,1.30208,;inf,582,1.35216,;inf,600,1.40224,;inf,611,1.45232,;inf,633,1.5024,;inf,647,1.55248,;inf,663,1.60256,;inf,676,1.65264,;inf,695,1.70272,;inf,711,1.75279,;inf,722,1.80285,;inf,733,1.85294,;inf,753,1.90303,;inf,773,1.95312,;inf,789,2.00316,;inf,800,2.05325,;
inf,107,0.0500574,;inf,137,0.100138,;inf,161,0.150222,;inf,182,0.200306,;inf,206,0.250402,;inf,226,0.300488,;inf,240,0.350579,;inf,259,0.400668,;inf,273,0.450755,;inf,281,0.500843,;inf,291,0.550936,;inf,315,0.60102,;inf,326,0.651113,;inf,338,0.701197,;inf,350,0.751286,;inf,364,0.801374,;inf,377,0.851458,;inf,382,0.901546,;inf,399,0.951814,;inf,414,1.0019,;inf,423,1.05198,;inf,438,1.10207,;inf,456,1.15217,;inf,460,1.20226,;inf,476,1.25234,;inf,488,1.30243,;inf,505,1.35253,;inf,516,1.40262,;inf,531,1.45271,;inf,545,1.50279,;inf,556,1.55288,;inf,569,1.60297,;inf,581,1.65306,;inf,595,1.7031,;inf,612,1.7532,;inf,623,1.80329,;inf,637,1.85338,;inf,649,1.90347,;inf,657,1.95356,;inf,672,2.00364,;inf,682,2.05373,;inf,696,2.10382,;inf,710,2.1539,;inf,722,2.20398,;inf,730,2.25407,;
inf,123,0.0515133,;inf,145,0.101618,;inf,166,0.151715,;inf,176,0.201799,;inf,186,0.251885,;inf,195,0.301972,;
inf,144,0.0507782,;inf,169,0.100877,;inf,189,0.150969,;inf,206,0.201068,;inf,223,0.251161,;inf,239,0.301248,;inf,254,0.351329,;inf,267,0.401421,;inf,283,0.451507,;inf,295,0.501597,;
inf,89,0.0500586,;inf,110,0.10015,;inf,139,0.150248,;inf,153,0.200355,;inf,172,0.250449,;inf,196,0.300538,;inf,212,0.350636,;inf,231,0.400729,;inf,249,0.450819,;inf,272,0.500918,;inf,287,0.551004,;inf,305,0.601088,;inf,316,0.65117,;inf,339,0.70126,;inf,364,0.751354,;inf,376,0.801446,;inf,389,0.851537,;inf,411,0.90163,;inf,434,0.951716,;inf,445,1.00181,;inf,462,1.0519,;inf,479,1.10202,;inf,493,1.15211,;inf,506,1.2022,;inf,514,1.25229,;inf,522,1.30239,;inf,548,1.35248,;inf,555,1.40258,;inf,569,1.45268,;inf,580,1.50279,;
inf,231,0.0500583,;inf,253,0.100147,;inf,278,0.150239,;inf,299,0.200321,;inf,326,0.250426,;inf,337,0.300514,;inf,352,0.350644,;inf,377,0.400731,;inf,388,0.45082,;inf,397,0.500915,;inf,413,0.551026,;inf,432,0.601114,;inf,445,0.651206,;inf,457,0.701299,;inf,467,0.751387,;inf,484,0.801479,;inf,502,0.851576,;inf,512,0.901665,;inf,524,0.951767,;inf,533,1.00186,;inf,549,1.05196,;inf,559,1.10205,;inf,572,1.15215,;inf,583,1.20225,;inf,598,1.25233,;inf,621,1.30243,;inf,632,1.35253,;inf,650,1.40264,;inf,663,1.45274,;inf,676,1.5028,;inf,687,1.55289,;
inf,138,0.0500587,;inf,171,0.100153,;inf,190,0.150241,;inf,213,0.20033,;inf,230,0.250417,;inf,247,0.300509,;inf,258,0.350616,;inf,269,0.400747,;inf,279,0.45085,;inf,295,0.500934,;inf,312,0.55103,;inf,327,0.601153,;inf,345,0.651238,;inf,355,0.701346,;inf,368,0.751431,;inf,395,0.801517,;inf,408,0.851611,;inf,430,0.90171,;inf,443,0.951806,;inf,457,1.00189,;inf,476,1.052,;inf,491,1.10209,;inf,521,1.15218,;inf,539,1.20228,;inf,558,1.25233,;inf,573,1.30242,;inf,597,1.3525,;inf,618,1.40259,;inf,645,1.45266,;inf,664,1.50275,;inf,674,1.55284,;inf,693,1.60293,;inf,713,1.65302,;inf,735,1.70311,;inf,751,1.75321,;inf,771,1.80327,;inf,792,1.85336,;
inf,143,0.0500585,;inf,177,0.100153,;inf,201,0.150246,;inf,228,0.200343,;inf,257,0.250435,;inf,279,0.300522,;inf,294,0.350612,;inf,306,0.400698,;inf,326,0.450782,;inf,356,0.500875,;inf,375,0.550966,;inf,403,0.601056,;inf,421,0.651136,;inf,438,0.701213,;inf,460,0.751313,;inf,481,0.801396,;inf,504,0.851486,;inf,537,0.901576,;inf,563,0.951666,;inf,587,1.00172,;inf,610,1.05182,;inf,631,1.10188,;inf,653,1.15197,;inf,685,1.20206,;inf,713,1.25215,;inf,732,1.30224,;inf,762,1.35233,;inf,804,1.40242,;inf,833,1.45251,;inf,863,1.5026,;inf,886,1.55269,;inf,909,1.60278,;inf,930,1.65287,;inf,960,1.70297,;inf,985,1.75305,;inf,1007,1.80314,;
inf,165,0.0500688,;inf,191,0.100167,;inf,220,0.150264,;inf,250,0.200357,;inf,259,0.250445,;inf,267,0.300546,;inf,278,0.350664,;inf,287,0.400748,;inf,296,0.450849,;inf,305,0.500938,;inf,317,0.551021,;inf,323,0.601103,;inf,331,0.651191,;inf,339,0.701282,;inf,344,0.751371,;inf,351,0.801468,;inf,360,0.851564,;inf,375,0.90165,;inf,390,0.951733,;inf,396,1.00183,;inf,414,1.05192,;inf,427,1.10201,;inf,442,1.1521,;inf,453,1.20219,;inf,470,1.25228,;inf,477,1.30236,;inf,494,1.35245,;inf,507,1.40255,;inf,518,1.45263,;inf,528,1.50273,;inf,537,1.55283,;inf,548,1.60293,;inf,558,1.65303,;inf,567,1.70313,;inf,587,1.75323,;inf,606,1.80332,;inf,617,1.85338,;inf,628,1.90348,;inf,643,1.95357,;inf,670,2.00366,;inf,682,2.05375,;inf,700,2.10384,;inf,708,2.15393,;inf,718,2.20402,;inf,742,2.25493,;inf,761,2.30503,;inf,780,2.35512,;inf,795,2.40521,;inf,815,2.4553,;inf,833,2.50539,;inf,845,2.55548,;inf,875,2.60557,;inf,892,2.65566,;inf,913,2.70575,;inf,927,2.75584,;inf,942,2.80592,;inf,964,2.85601,;inf,978,2.90611,;inf,993,2.9562,;inf,1012,3.0063,;inf,1031,3.05638,;inf,1045,3.10647,;
inf,188,0.0500572,;inf,217,0.100188,;inf,238,0.150292,;inf,261,0.200352,;inf,287,0.250446,;inf,304,0.30054,;inf,316,0.350639,;inf,328,0.40073,;inf,343,0.450824,;inf,353,0.500926,;inf,365,0.55102,;inf,379,0.601109,;inf,390,0.6512,;inf,413,0.701294,;inf,432,0.751385,;inf,454,0.801479,;inf,471,0.851565,;inf,493,0.901653,;inf,511,0.951746,;inf,524,1.00184,;inf,544,1.05193,;inf,557,1.10289,;inf,573,1.15298,;inf,588,1.20308,;
inf,117,0.0500624,;inf,167,0.100154,;inf,203,0.150243,;inf,232,0.200333,;inf,253,0.250419,;inf,278,0.300501,;inf,295,0.350598,;inf,309,0.400688,;inf,323,0.450774,;inf,339,0.500863,;inf,351,0.550948,;inf,371,0.601029,;inf,394,0.651126,;inf,422,0.70122,;inf,450,0.751323,;inf,468,0.801409,;inf,489,0.851494,;inf,503,0.901596,;inf,520,0.951699,;inf,544,1.00178,;inf,566,1.05187,;inf,589,1.10195,;inf,611,1.15204,;inf,636,1.20213,;inf,656,1.25223,;inf,679,1.30231,;inf,696,1.35239,;inf,713,1.40248,;inf,732,1.4526,;inf,764,1.50269,;inf,785,1.55278,;inf,808,1.60287,;inf,824,1.65297,;
inf,190,0.0500665,;inf,231,0.100208,;inf,261,0.150296,;inf,292,0.200393,;inf,309,0.25048,;inf,330,0.300581,;inf,347,0.350673,;inf,365,0.400782,;inf,382,0.450874,;inf,401,0.500961,;inf,420,0.551051,;inf,434,0.601138,;inf,450,0.651224,;inf,463,0.70131,;inf,473,0.751403,;inf,492,0.801493,;inf,504,0.851582,;inf,524,0.90167,;inf,544,0.951767,;inf,556,1.00186,;inf,572,1.05195,;inf,590,1.10204,;inf,608,1.15213,;inf,627,1.20222,;inf,646,1.25232,;inf,664,1.30241,;inf,684,1.3525,;inf,703,1.40259,;inf,716,1.45268,;inf,740,1.50276,;inf,759,1.55285,;inf,783,1.60295,;inf,806,1.65301,;inf,832,1.7031,;inf,861,1.75319,;inf,884,1.80328,;inf,912,1.85336,;inf,934,1.90345,;inf,951,1.95354,;inf,984,2.00364,;inf,1007,2.05373,;inf,1026,2.10382,;inf,1047,2.15391,;inf,1067,2.204,;inf,1087,2.25409,;inf,1108,2.30417,;inf,1125,2.35426,;inf,1137,2.40436,;
inf,138,0.0500666,;inf,164,0.100164,;inf,193,0.150262,;inf,215,0.200354,;inf,225,0.250447,;inf,235,0.300554,;inf,252,0.350647,;inf,259,0.400771,;inf,275,0.450859,;inf,292,0.500954,;inf,316,0.551045,;inf,337,0.60114,;inf,355,0.651201,;inf,365,0.701286,;inf,375,0.75138,;inf,396,0.801482,;inf,408,0.851583,;inf,424,0.901683,;inf,440,0.951769,;inf,455,1.00186,;inf,473,1.05194,;inf,487,1.10202,;
inf,193,0.0500734,;inf,213,0.100154,;inf,238,0.15024,;inf,257,0.200336,;inf,277,0.25042,;inf,291,0.300503,;inf,300,0.350597,;inf,317,0.400684,;inf,330,0.450816,;inf,343,0.500891,;inf,356,0.550971,;inf,369,0.601055,;inf,381,0.651134,;inf,393,0.701216,;inf,411,0.751298,;inf,431,0.801375,;inf,444,0.851464,;inf,461,0.901557,;inf,479,0.951648,;inf,495,1.00173,;inf,512,1.05181,;inf,529,1.10192,;inf,547,1.15201,;inf,563,1.2021,;inf,582,1.25219,;inf,610,1.30228,;inf,630,1.35235,;inf,645,1.40244,;inf,668,1.45253,;inf,684,1.50263,;inf,707,1.55273,;inf,722,1.60282,;inf,737,1.65291,;inf,757,1.703,;inf,777,1.75309,;inf,791,1.80315,;inf,810,1.85323,;inf,834,1.90332,;inf,845,1.95339,;inf,853,2.00347,;inf,863,2.05356,;inf,872,2.10367,;inf,884,2.15375,;inf,887,2.20383,;inf,899,2.25391,;inf,918,2.30399,;inf,928,2.35407,;inf,930,2.40415,;inf,933,2.45423,;inf,936,2.50432,;inf,938,2.5544,;
inf,246,0.0500681,;inf,269,0.100183,;inf,289,0.150271,;inf,310,0.200354,;inf,330,0.250435,;inf,352,0.300514,;inf,369,0.350599,;inf,380,0.400695,;inf,390,0.450787,;inf,403,0.500882,;inf,418,0.550973,;inf,430,0.601065,;
inf,98,0.0500487,;inf,125,0.100142,;inf,155,0.150225,;inf,175,0.200309,;inf,197,0.250387,;inf,219,0.300468,;inf,236,0.350552,;inf,255,0.400653,;inf,270,0.450773,;inf,286,0.500863,;inf,306,0.55096,;inf,319,0.601046,;inf,336,0.651137,;inf,351,0.701238,;inf,369,0.751329,;inf,392,0.80144,;inf,411,0.851528,;inf,431,0.901622,;
.
