OMPL version 
Experiment rrbt
4 experiment properties
Q_value double = 0.200000
R double = 0.100000
R_bad_value double = 5.000000
first_solution bool = 1
Running on Vivaldi
Starting at 2024-03-13 03:09:27
<<<|
Properties of the state space 'RealVectorSpace0'
  - signature: 2 1 2 
  - dimension: 2
  - extent: 141.421
  - sanity checks for state space passed
  - probability of valid states: 0.828
  - average length of a valid motion: 35.749
  - average number of samples drawn per second: sampleUniform()=1.52959e+07 sampleUniformNear()=1.59408e+07 sampleGaussian()=8.22003e+06
Settings for the state space 'RealVectorSpace0'
  - state validity check resolution: 1%
  - valid segment count factor: 1
  - state space:
Real vector state space 'RealVectorSpace0' of dimension 2 with bounds: 
  - min: 0 0 
  - max: 100 100 

Declared parameters:
longest_valid_segment_fraction = 0.01
max_control_duration = 20
min_control_duration = 1
projection.cellsize.0 = 5
projection.cellsize.1 = 5
projection.cellsize_factor = 0
propagation_step_size = 0.1
valid_segment_count_factor = 1
Valid state sampler named uniform with parameters:
nr_attempts = 100
  - control space:
Real vector control space 'RealVectorControl[RealVectorSpace0]' with bounds: 
  - min: -20 -20 
  - max: 20 20 
  - can propagate backward: no
  - propagation step size: 0.1
  - propagation duration: [1, 20]
Planner KPIECE1 specs:
Multithreaded:                 No
Reports approximate solutions: Yes
Can optimize solutions:        No
Aware of the following parameters: bad_score_factor border_fraction goal_bias good_score_factor max_close_samples
Declared parameters for planner KPIECE1:
bad_score_factor = 0.45
border_fraction = 0.8
goal_bias = 0.05
good_score_factor = 0.9
max_close_samples = 30
Start states:
RealVectorState [90 1]
Goal region, threshold = 10, memory address = 0x847b80
Optimization Objective: Path Length @0x847fe0
Optimization Threshold: 10000
Average state cost: 0
There are 0 solutions

Properties of benchmarked planners:
Planner RRBT specs:
Multithreaded:                 No
Reports approximate solutions: Yes
Can optimize solutions:        Yes
Aware of the following parameters: delay_collision_checking focus_search goal_bias informed_sampling new_state_rejection number_sampling_attempts ordered_sampling ordering_batch_size prune_threshold pruned_measure range rewire_factor sample_rejection tree_pruning use_admissible_heuristic use_k_nearest
|>>>
<<<|
Architecture:                       x86_64
CPU op-mode(s):                     32-bit, 64-bit
Byte Order:                         Little Endian
Address sizes:                      39 bits physical, 48 bits virtual
CPU(s):                             16
On-line CPU(s) list:                0-15
Thread(s) per core:                 2
Core(s) per socket:                 8
Socket(s):                          1
NUMA node(s):                       1
Vendor ID:                          GenuineIntel
CPU family:                         6
Model:                              167
Model name:                         11th Gen Intel(R) Core(TM) i7-11700K @ 3.60GHz
Stepping:                           1
CPU MHz:                            3010.681
CPU max MHz:                        5000.0000
CPU min MHz:                        800.0000
BogoMIPS:                           7200.00
Virtualization:                     VT-x
L1d cache:                          384 KiB
L1i cache:                          256 KiB
L2 cache:                           4 MiB
L3 cache:                           16 MiB
NUMA node0 CPU(s):                  0-15
Vulnerability Gather data sampling: Mitigation; Microcode
Vulnerability Itlb multihit:        Not affected
Vulnerability L1tf:                 Not affected
Vulnerability Mds:                  Not affected
Vulnerability Meltdown:             Not affected
Vulnerability Mmio stale data:      Mitigation; Clear CPU buffers; SMT vulnerable
Vulnerability Retbleed:             Mitigation; Enhanced IBRS
Vulnerability Spec rstack overflow: Not affected
Vulnerability Spec store bypass:    Mitigation; Speculative Store Bypass disabled via prctl and seccomp
Vulnerability Spectre v1:           Mitigation; usercopy/swapgs barriers and __user pointer sanitization
Vulnerability Spectre v2:           Mitigation; Enhanced IBRS, IBPB conditional, RSB filling, PBRSB-eIBRS SW sequence
Vulnerability Srbds:                Not affected
Vulnerability Tsx async abort:      Not affected
Flags:                              fpu vme de pse tsc msr pae mce cx8 apic sep mtrr pge mca cmov pat pse36 clflush dts acpi mmx fxsr sse sse2 ss ht tm pbe syscall nx pdpe1gb rdtscp lm constant_tsc art arch_perfmon pebs bts rep_good nopl xtopology nonstop_tsc cpuid aperfmperf tsc_known_freq pni pclmulqdq dtes64 monitor ds_cpl vmx smx est tm2 ssse3 sdbg fma cx16 xtpr pdcm pcid sse4_1 sse4_2 x2apic movbe popcnt tsc_deadline_timer aes xsave avx f16c rdrand lahf_lm abm 3dnowprefetch cpuid_fault epb invpcid_single ssbd ibrs ibpb stibp ibrs_enhanced tpr_shadow vnmi flexpriority ept vpid ept_ad fsgsbase tsc_adjust bmi1 avx2 smep bmi2 erms invpcid mpx avx512f avx512dq rdseed adx smap avx512ifma clflushopt intel_pt avx512cd sha_ni avx512bw avx512vl xsaveopt xsavec xgetbv1 xsaves dtherm ida arat pln pts hwp hwp_notify hwp_act_window hwp_epp hwp_pkg_req avx512vbmi umip pku ospke avx512_vbmi2 gfni vaes vpclmulqdq avx512_vnni avx512_bitalg avx512_vpopcntdq rdpid fsrm md_clear flush_l1d arch_capabilities
|>>>
10933693004745847 is the random seed
60 seconds per run
10000 MB per run
100 runs per planner
131.909 seconds spent to collect the data
1 enum type
status|Unknown status|Invalid start|Invalid goal|Unrecognized goal type|Timeout|Approximate solution|Exact solution|Crash|Unknown status
1 planners
control_RRBT
24 common properties
delay_collision_checking = 1
focus_search = 0
goal_bias = 0.05
informed_sampling = 0
longest_valid_segment_fraction = 0.01
max_control_duration = 20
min_control_duration = 1
new_state_rejection = 0
number_sampling_attempts = 100
ordered_sampling = 0
ordering_batch_size = 1
projection.cellsize.0 = 5
projection.cellsize.1 = 5
projection.cellsize_factor = 0
propagation_step_size = 0.1
prune_threshold = 0.05
pruned_measure = 0
range = 30
rewire_factor = 1.1
sample_rejection = 0
tree_pruning = 0
use_admissible_heuristic = 1
use_k_nearest = 1
valid_segment_count_factor = 1
11 properties for each run
approximate solution BOOLEAN
best cost REAL
graph motions INTEGER
graph states INTEGER
iterations INTEGER
memory REAL
solution length REAL
solved BOOLEAN
status ENUM
time REAL
valid segment fraction REAL
100 runs
0; 137.460090; 196; 197; 265; 16.8047; 90.572; 1; 6; 1.63571; 0; 
0; 270.080940; 152; 153; 257; 20.4766; 198.239; 1; 6; 0.874079; 0; 
0; 143.608799; 104; 105; 153; 25.3789; 95.0683; 1; 6; 0.579114; 0; 
0; 135.840702; 396; 397; 500; 32.6055; 88.2215; 1; 6; 2.67604; 0; 
0; 135.439782; 22; 23; 27; 34.0469; 90; 1; 6; 0.0244288; 0; 
0; 137.786779; 355; 356; 477; 44.6367; 90.9247; 1; 6; 3.52248; 0; 
0; 138.195055; 341; 342; 437; 51.3438; 91.7339; 1; 6; 2.99608; 0; 
0; 237.891732; 116; 117; 159; 56.2422; 178.305; 1; 6; 0.608906; 0; 
0; 138.419776; 421; 422; 553; 64.7617; 91.7718; 1; 6; 4.18963; 0; 
0; 139.939807; 189; 190; 246; 71.7227; 92.074; 1; 6; 1.83067; 0; 
0; 137.407192; 143; 144; 191; 79.9727; 90.5715; 1; 6; 0.951292; 0; 
0; 152.454196; 92; 93; 110; 86.418; 101.777; 1; 6; 0.512535; 0; 
0; 135.886328; 474; 475; 625; 93.8945; 90.3811; 1; 6; 4.17025; 0; 
0; 248.537950; 97; 98; 139; 103.434; 187.506; 1; 6; 1.00155; 0; 
0; 136.210750; 66; 67; 96; 109.363; 90.8946; 1; 6; 0.310623; 0; 
0; 138.383681; 418; 419; 542; 117.098; 91.6286; 1; 6; 3.42911; 0; 
0; 135.472065; 248; 249; 340; 124.059; 89.9555; 1; 6; 2.003; 0; 
0; 138.427903; 286; 287; 350; 131.793; 91.6548; 1; 6; 2.46557; 0; 
0; 257.286424; 90; 91; 114; 138.496; 190.342; 1; 6; 0.691355; 0; 
0; 135.507586; 348; 349; 454; 145.715; 89.2636; 1; 6; 3.38271; 0; 
0; 249.431210; 65; 66; 95; 149.84; 187.826; 1; 6; 0.402878; 0; 
0; 243.009555; 172; 173; 231; 156.543; 180.652; 1; 6; 1.14221; 0; 
0; 135.182234; 181; 182; 230; 162.988; 89.5132; 1; 6; 1.7719; 0; 
0; 244.205506; 57; 58; 87; 167.113; 181.166; 1; 6; 0.290785; 0; 
0; 250.445157; 91; 92; 120; 172.527; 190.338; 1; 6; 0.964631; 0; 
0; 134.279938; 143; 144; 181; 178.973; 88.2177; 1; 6; 1.47457; 0; 
0; 250.828025; 70; 71; 99; 183.355; 189.958; 1; 6; 0.449895; 0; 
0; 138.240778; 181; 182; 230; 192.121; 91.8714; 1; 6; 1.91566; 0; 
0; 134.897314; 111; 112; 152; 201.145; 88.8648; 1; 6; 1.01855; 0; 
0; 250.022192; 86; 87; 125; 206.043; 187.141; 1; 6; 0.523739; 0; 
0; 140.646020; 110; 111; 141; 214.035; 93.2014; 1; 6; 0.923233; 0; 
0; 260.369294; 35; 36; 48; 216.871; 199.241; 1; 6; 0.184964; 0; 
0; 139.011545; 91; 92; 116; 223.832; 92.9321; 1; 6; 0.848439; 0; 
0; 138.772714; 161; 162; 214; 229.762; 92.4566; 1; 6; 1.15883; 0; 
0; 267.629820; 58; 59; 75; 233.629; 201.781; 1; 6; 0.247734; 0; 
0; 132.247052; 66; 67; 77; 237.496; 86.7976; 1; 6; 0.312339; 0; 
0; 253.220281; 113; 114; 152; 242.91; 187.155; 1; 6; 0.754989; 0; 
0; 238.371834; 125; 126; 174; 248.066; 180.118; 1; 6; 0.976796; 0; 
0; 140.643451; 173; 174; 222; 254.258; 92.5983; 1; 6; 1.51538; 0; 
0; 140.725699; 262; 263; 345; 260.961; 93.2931; 1; 6; 2.37153; 0; 
0; 139.481156; 30; 31; 56; 262.508; 93.5065; 1; 6; 0.122996; 0; 
0; 242.724509; 43; 44; 62; 267.148; 183.747; 1; 6; 0.235253; 0; 
0; 135.255071; 65; 66; 82; 275.398; 89.7454; 1; 6; 0.397076; 0; 
0; 236.676134; 139; 140; 178; 284.164; 178.013; 1; 6; 1.32852; 0; 
0; 134.785117; 257; 258; 328; 291.641; 88.7948; 1; 6; 2.33008; 0; 
0; 141.745800; 75; 76; 120; 295.25; 92.371; 1; 6; 0.41307; 0; 
0; 138.069058; 187; 188; 271; 302.984; 90.9468; 1; 6; 2.18288; 0; 
0; 243.835708; 177; 178; 229; 307.883; 181.963; 1; 6; 1.28543; 0; 
0; 139.557289; 156; 157; 209; 316.391; 93.5032; 1; 6; 1.22927; 0; 
0; 135.787401; 256; 257; 336; 323.516; 88.2595; 1; 6; 1.91532; 0; 
0; 142.815159; 126; 127; 188; 327.641; 93.9677; 1; 6; 0.963709; 0; 
0; 134.338938; 212; 213; 264; 335.117; 88.2646; 1; 6; 1.96421; 0; 
0; 137.464947; 274; 275; 354; 343.109; 91.8011; 1; 6; 2.16202; 0; 
0; 136.997087; 288; 289; 383; 349.812; 92.2136; 1; 6; 2.06872; 0; 
0; 257.371602; 65; 66; 105; 355.227; 194.25; 1; 6; 0.347665; 0; 
0; 245.699353; 60; 61; 72; 361.93; 184.351; 1; 6; 0.303178; 0; 
0; 239.061074; 106; 107; 128; 367.602; 178.917; 1; 6; 0.581165; 0; 
0; 131.616327; 256; 257; 327; 374.82; 86.4917; 1; 6; 1.68696; 0; 
0; 137.316398; 298; 299; 393; 382.555; 90.3312; 1; 6; 2.10294; 0; 
0; 137.482246; 293; 294; 390; 389; 90.5943; 1; 6; 2.29187; 0; 
0; 137.439742; 235; 236; 285; 397.508; 90.3232; 1; 6; 2.34514; 0; 
0; 244.961369; 203; 204; 268; 404.727; 182.69; 1; 6; 1.4773; 0; 
0; 243.698328; 46; 47; 73; 409.109; 183.432; 1; 6; 0.415948; 0; 
0; 135.763855; 102; 103; 132; 415.039; 90.3918; 1; 6; 0.683455; 0; 
0; 140.641185; 84; 85; 117; 421.742; 94.9647; 1; 6; 0.767984; 0; 
0; 136.625925; 117; 118; 161; 425.609; 91.299; 1; 6; 0.983016; 0; 
0; 140.011776; 64; 65; 94; 430.766; 92.1181; 1; 6; 0.554819; 0; 
0; 137.270154; 67; 68; 104; 436.438; 89.9479; 1; 6; 0.609769; 0; 
0; 141.279628; 180; 181; 252; 442.109; 93.6696; 1; 6; 1.63233; 0; 
0; 268.447465; 15; 16; 19; 442.367; 203.775; 1; 6; 0.0230815; 0; 
0; 141.942166; 289; 290; 372; 450.102; 93.9978; 1; 6; 3.12491; 0; 
0; 135.918181; 194; 195; 250; 457.062; 90.4244; 1; 6; 1.6076; 0; 
0; 149.225871; 54; 55; 67; 460.93; 99.2717; 1; 6; 0.283141; 0; 
0; 133.778805; 149; 150; 186; 468.406; 88.8996; 1; 6; 1.72306; 0; 
0; 138.936490; 313; 314; 410; 474.855; 91.8932; 1; 6; 3.47776; 0; 
0; 250.597733; 41; 42; 55; 479.238; 192.098; 1; 6; 0.129183; 0; 
0; 139.175879; 423; 424; 548; 485.684; 92.8074; 1; 6; 3.92556; 0; 
0; 139.395677; 291; 292; 393; 492.387; 93.1664; 1; 6; 2.52786; 0; 
0; 137.398826; 321; 322; 410; 500.895; 92.6835; 1; 6; 2.99024; 0; 
0; 142.432746; 179; 180; 235; 507.855; 93.02; 1; 6; 1.58666; 0; 
0; 253.574603; 23; 24; 29; 509.145; 181.445; 1; 6; 0.0324024; 0; 
0; 239.541507; 67; 68; 101; 513.527; 181.457; 1; 6; 0.508925; 0; 
0; 143.516352; 159; 160; 196; 519.715; 94.8658; 1; 6; 1.31554; 0; 
0; 241.817974; 106; 107; 152; 525.902; 180.53; 1; 6; 0.849396; 0; 
0; 136.036022; 78; 79; 100; 531.059; 88.5876; 1; 6; 0.49665; 0; 
0; 246.090001; 56; 57; 85; 536.988; 184.159; 1; 6; 0.389083; 0; 
0; 139.070263; 58; 59; 80; 542.66; 90.7323; 1; 6; 0.321764; 0; 
0; 236.304800; 110; 111; 141; 548.848; 177.652; 1; 6; 0.632847; 0; 
0; 133.907688; 98; 99; 129; 554.52; 89.5484; 1; 6; 0.728454; 0; 
0; 137.762152; 173; 174; 223; 561.223; 91.1779; 1; 6; 1.51175; 0; 
0; 244.066884; 63; 64; 81; 566.895; 184.933; 1; 6; 0.445748; 0; 
0; 247.120846; 101; 102; 139; 572.309; 186.064; 1; 6; 0.557605; 0; 
0; 139.548455; 72; 73; 99; 577.207; 91.4754; 1; 6; 0.55473; 0; 
0; 153.453430; 35; 36; 49; 581.332; 100.612; 1; 6; 0.168707; 0; 
0; 140.302519; 58; 59; 78; 585.457; 92.4839; 1; 6; 0.229711; 0; 
0; 140.124037; 361; 362; 443; 594.738; 93.9887; 1; 6; 3.75155; 0; 
0; 140.883953; 74; 75; 95; 600.926; 93.3682; 1; 6; 0.491888; 0; 
0; 140.839267; 220; 221; 289; 607.371; 93.3451; 1; 6; 2.50358; 0; 
0; 136.210531; 125; 126; 161; 615.621; 91.0703; 1; 6; 1.1808; 0; 
0; 137.289153; 150; 151; 197; 622.777; 90.438; 1; 6; 1.2784; 0; 
3 progress properties for each run
best cost REAL
iterations INTEGER
time REAL
100 runs
inf,35,0.0500613,;inf,48,0.100165,;inf,62,0.150265,;inf,72,0.200352,;inf,78,0.250432,;inf,85,0.300509,;inf,98,0.357242,;inf,110,0.407337,;inf,120,0.457415,;inf,125,0.509838,;inf,132,0.559934,;inf,138,0.610023,;inf,147,0.660112,;inf,153,0.712348,;inf,158,0.762445,;inf,163,0.812542,;inf,171,0.862841,;inf,176,0.912935,;inf,183,0.963022,;inf,186,1.01326,;inf,194,1.06334,;inf,199,1.11343,;inf,204,1.16352,;inf,212,1.2136,;inf,220,1.26368,;inf,225,1.31377,;inf,231,1.36385,;inf,237,1.41725,;inf,239,1.46735,;inf,248,1.51745,;inf,254,1.56759,;inf,265,1.61768,;
inf,62,0.0500589,;inf,78,0.100137,;inf,94,0.150468,;inf,109,0.204237,;inf,123,0.257111,;inf,139,0.307205,;inf,149,0.357294,;inf,159,0.40737,;inf,169,0.457448,;inf,186,0.50753,;inf,205,0.557613,;inf,207,0.607702,;inf,215,0.657789,;inf,222,0.707854,;inf,230,0.757936,;inf,242,0.808026,;inf,253,0.858118,;
inf,44,0.0500582,;inf,57,0.100138,;inf,69,0.150224,;inf,81,0.200299,;inf,88,0.250383,;inf,99,0.300478,;inf,110,0.350621,;inf,117,0.400711,;inf,126,0.450764,;inf,136,0.500851,;inf,147,0.55312,;
inf,29,0.0500489,;inf,43,0.101716,;inf,56,0.151807,;inf,64,0.201891,;inf,74,0.251981,;inf,85,0.302069,;inf,94,0.352153,;inf,110,0.402241,;inf,119,0.452334,;inf,128,0.50244,;inf,141,0.552518,;inf,151,0.60261,;inf,161,0.652669,;inf,169,0.702761,;inf,174,0.752851,;inf,182,0.80294,;inf,188,0.85302,;inf,193,0.903114,;inf,202,0.955382,;inf,211,1.00548,;inf,218,1.05559,;inf,225,1.10567,;inf,231,1.15575,;inf,240,1.20583,;inf,249,1.25592,;inf,256,1.306,;inf,264,1.35609,;inf,269,1.40618,;inf,275,1.45631,;inf,283,1.5064,;inf,292,1.55648,;inf,300,1.60657,;inf,312,1.65667,;inf,320,1.70676,;inf,331,1.75684,;inf,339,1.80692,;inf,349,1.857,;inf,356,1.9071,;inf,365,1.95724,;inf,374,2.00734,;inf,379,2.05743,;inf,389,2.10752,;inf,401,2.15764,;inf,405,2.20772,;inf,418,2.25781,;inf,426,2.30789,;inf,434,2.35797,;inf,445,2.40809,;inf,452,2.45818,;inf,465,2.50828,;inf,475,2.55836,;inf,488,2.60844,;inf,499,2.65852,;

inf,33,0.0500621,;inf,42,0.100182,;inf,51,0.150273,;inf,59,0.200371,;inf,67,0.250449,;inf,70,0.300536,;inf,73,0.350626,;inf,78,0.400708,;inf,81,0.450786,;inf,85,0.500865,;inf,89,0.550961,;inf,95,0.601051,;inf,97,0.651151,;inf,100,0.701245,;inf,108,0.751333,;inf,114,0.801417,;inf,117,0.851503,;inf,119,0.901599,;inf,122,0.951693,;inf,130,1.00179,;inf,134,1.05188,;inf,139,1.10197,;inf,145,1.15205,;inf,151,1.20214,;inf,156,1.25222,;inf,158,1.30231,;inf,162,1.3524,;inf,167,1.40248,;inf,170,1.45258,;inf,176,1.50307,;inf,181,1.554,;inf,186,1.60409,;inf,191,1.6542,;inf,196,1.7043,;inf,203,1.75439,;inf,206,1.80447,;inf,214,1.85455,;inf,225,1.90464,;inf,229,1.95472,;inf,234,2.00482,;inf,242,2.0549,;inf,250,2.10499,;inf,254,2.15508,;inf,263,2.20516,;inf,269,2.25524,;inf,278,2.30532,;inf,287,2.3554,;inf,293,2.40549,;inf,302,2.458,;inf,307,2.50809,;inf,315,2.55818,;inf,329,2.60825,;inf,337,2.65833,;inf,345,2.70842,;inf,352,2.7593,;inf,360,2.8094,;inf,371,2.85947,;inf,381,2.91568,;inf,386,2.96578,;inf,400,3.01589,;inf,409,3.06598,;inf,416,3.11607,;inf,426,3.16616,;inf,431,3.21624,;inf,439,3.26633,;inf,446,3.31642,;inf,450,3.36651,;inf,459,3.4166,;inf,468,3.46669,;inf,477,3.51676,;
inf,40,0.0500717,;inf,55,0.100153,;inf,69,0.15024,;inf,75,0.200327,;inf,86,0.250411,;inf,94,0.300492,;inf,99,0.350573,;inf,103,0.400654,;inf,108,0.450739,;inf,117,0.500829,;inf,124,0.55092,;inf,132,0.60102,;inf,139,0.6511,;inf,147,0.701183,;inf,152,0.751263,;inf,156,0.801342,;inf,163,0.851492,;inf,169,0.901641,;inf,177,0.95172,;inf,183,1.0018,;inf,188,1.05187,;inf,192,1.10196,;inf,196,1.15201,;inf,199,1.20206,;inf,206,1.25214,;inf,214,1.30221,;inf,218,1.35231,;inf,229,1.40245,;inf,236,1.45253,;inf,243,1.50263,;inf,251,1.55272,;inf,259,1.6028,;inf,264,1.65288,;inf,270,1.70298,;inf,273,1.75306,;inf,280,1.80317,;inf,285,1.85327,;inf,293,1.90336,;inf,296,1.95343,;inf,300,2.00351,;inf,302,2.05359,;inf,307,2.10368,;inf,320,2.15376,;inf,330,2.20384,;inf,342,2.25391,;inf,348,2.30399,;inf,354,2.35405,;inf,356,2.40601,;inf,365,2.459,;inf,367,2.51097,;inf,372,2.56105,;inf,377,2.61113,;inf,387,2.66296,;inf,398,2.71303,;inf,404,2.76321,;inf,408,2.81333,;inf,417,2.86341,;inf,424,2.91349,;inf,433,2.96357,;
inf,34,0.0500654,;inf,49,0.10024,;inf,59,0.150335,;inf,72,0.200425,;inf,81,0.250503,;inf,90,0.30058,;inf,103,0.350662,;inf,113,0.400742,;inf,123,0.450822,;inf,132,0.500901,;inf,144,0.550981,;inf,158,0.601061,;
inf,41,0.0500676,;inf,52,0.100152,;inf,63,0.150233,;inf,74,0.200336,;inf,85,0.250414,;inf,90,0.300506,;inf,96,0.350592,;inf,101,0.400667,;inf,107,0.450699,;inf,114,0.500776,;inf,121,0.550855,;inf,127,0.600934,;inf,135,0.651019,;inf,141,0.701131,;inf,151,0.75121,;inf,157,0.801287,;inf,159,0.851364,;inf,166,0.901441,;inf,170,0.951518,;inf,177,1.00159,;inf,181,1.05167,;inf,190,1.10176,;inf,192,1.15184,;inf,199,1.20197,;inf,204,1.25687,;inf,210,1.30926,;inf,215,1.35934,;inf,221,1.40942,;inf,228,1.45949,;inf,240,1.50957,;inf,247,1.55965,;inf,254,1.61252,;inf,257,1.66261,;inf,259,1.7127,;inf,264,1.76279,;inf,273,1.81287,;inf,279,1.86295,;inf,282,1.91302,;inf,284,1.9631,;inf,289,2.01318,;inf,296,2.06435,;inf,301,2.12371,;inf,311,2.1738,;inf,315,2.22386,;inf,318,2.27394,;inf,327,2.32403,;inf,331,2.37411,;inf,335,2.42419,;inf,340,2.47427,;inf,347,2.52436,;inf,352,2.57444,;inf,358,2.62452,;inf,363,2.6746,;inf,365,2.72469,;inf,369,2.77478,;inf,375,2.82487,;inf,381,2.8766,;inf,391,2.9267,;inf,396,2.97681,;inf,401,3.02689,;inf,407,3.07697,;inf,413,3.12705,;inf,418,3.17713,;inf,423,3.22721,;inf,435,3.27729,;inf,445,3.32738,;inf,452,3.37745,;inf,461,3.42754,;inf,468,3.47765,;inf,475,3.52776,;inf,479,3.57784,;inf,485,3.62793,;inf,492,3.67801,;inf,495,3.72809,;inf,500,3.77817,;inf,507,3.82825,;inf,514,3.87835,;inf,520,3.92842,;inf,526,3.9785,;inf,531,4.02857,;inf,536,4.07865,;inf,543,4.12874,;inf,553,4.17886,;
inf,37,0.0500686,;inf,45,0.100163,;inf,52,0.15025,;inf,58,0.200349,;inf,64,0.250442,;inf,69,0.300531,;inf,73,0.350626,;inf,75,0.400718,;inf,80,0.450805,;inf,87,0.500896,;inf,92,0.553288,;inf,101,0.60335,;inf,108,0.653486,;inf,115,0.703574,;inf,120,0.753661,;inf,125,0.803763,;inf,133,0.853847,;inf,143,0.903935,;inf,150,0.954025,;inf,158,1.00411,;inf,167,1.0542,;inf,172,1.10429,;inf,177,1.15439,;inf,181,1.20447,;inf,188,1.25455,;inf,192,1.30463,;inf,195,1.35471,;inf,202,1.4048,;inf,208,1.45493,;inf,214,1.50503,;inf,218,1.55513,;inf,224,1.60523,;inf,228,1.65531,;inf,232,1.70539,;inf,238,1.75577,;inf,244,1.80623,;
inf,36,0.0530736,;inf,42,0.103157,;inf,50,0.153252,;inf,56,0.203337,;inf,65,0.253417,;inf,73,0.303497,;inf,79,0.353578,;inf,89,0.403656,;inf,97,0.453735,;inf,105,0.503814,;inf,116,0.553889,;inf,132,0.603977,;inf,144,0.654055,;inf,152,0.704132,;inf,161,0.75421,;inf,168,0.804286,;inf,176,0.854379,;inf,185,0.904524,;
inf,28,0.050059,;inf,37,0.100153,;inf,47,0.150234,;inf,54,0.200404,;inf,65,0.255806,;inf,76,0.307996,;inf,84,0.358085,;inf,93,0.408183,;inf,104,0.458329,;
inf,31,0.0500231,;inf,36,0.100102,;inf,42,0.150182,;inf,46,0.200265,;inf,57,0.25038,;inf,64,0.300488,;inf,69,0.350563,;inf,74,0.400641,;inf,78,0.450719,;inf,84,0.5008,;inf,89,0.550869,;inf,95,0.600951,;inf,101,0.651038,;inf,111,0.701113,;inf,117,0.751182,;inf,122,0.801261,;inf,127,0.851349,;inf,133,0.901468,;inf,142,0.951551,;inf,150,1.00164,;inf,156,1.05172,;inf,160,1.1018,;inf,166,1.15187,;inf,170,1.20195,;inf,174,1.25203,;inf,179,1.30212,;inf,185,1.3522,;inf,189,1.40228,;inf,192,1.45449,;inf,194,1.50459,;inf,198,1.55466,;inf,202,1.60474,;inf,208,1.65482,;inf,217,1.70494,;inf,222,1.75502,;inf,231,1.8051,;inf,235,1.85519,;inf,240,1.90532,;inf,245,1.95541,;inf,254,2.00643,;inf,258,2.0565,;inf,266,2.10829,;inf,270,2.15838,;inf,276,2.20846,;inf,280,2.25854,;inf,284,2.30863,;inf,286,2.35871,;inf,292,2.40878,;inf,301,2.45886,;inf,307,2.50894,;inf,316,2.55902,;inf,329,2.6091,;inf,341,2.65918,;inf,351,2.70925,;inf,359,2.75933,;inf,368,2.80941,;inf,376,2.85951,;inf,386,2.91045,;inf,394,2.96055,;inf,401,3.01066,;inf,418,3.06074,;inf,425,3.11095,;inf,436,3.16103,;inf,443,3.2111,;inf,452,3.26118,;inf,465,3.31127,;inf,477,3.36139,;inf,490,3.41147,;inf,501,3.46155,;inf,508,3.51847,;inf,512,3.56856,;inf,521,3.61865,;inf,532,3.66874,;inf,541,3.71882,;inf,547,3.76891,;inf,561,3.81899,;inf,570,3.86908,;inf,579,3.91917,;inf,590,3.97446,;inf,600,4.02455,;inf,611,4.07463,;inf,619,4.12471,;
inf,38,0.0500629,;inf,45,0.100154,;inf,48,0.150261,;inf,52,0.200361,;inf,56,0.250446,;inf,63,0.300543,;inf,68,0.350662,;inf,73,0.400771,;inf,78,0.450912,;inf,86,0.50099,;inf,89,0.551067,;inf,92,0.603203,;inf,97,0.65329,;inf,100,0.703372,;inf,103,0.753502,;inf,112,0.803592,;inf,118,0.853679,;inf,123,0.903762,;inf,133,0.953854,;
inf,42,0.0500587,;inf,64,0.100146,;inf,77,0.150233,;inf,83,0.200326,;inf,88,0.250412,;inf,95,0.300493,;
inf,31,0.0500592,;inf,37,0.100139,;inf,47,0.15022,;inf,57,0.200303,;inf,68,0.250347,;inf,75,0.300424,;inf,85,0.350502,;inf,94,0.400594,;inf,101,0.450653,;inf,108,0.500749,;inf,115,0.55091,;inf,123,0.600997,;inf,127,0.651088,;inf,132,0.701179,;inf,138,0.751264,;inf,144,0.801362,;inf,153,0.851461,;inf,162,0.901558,;inf,172,0.95165,;inf,177,1.00175,;inf,183,1.05184,;inf,188,1.10197,;inf,194,1.15206,;inf,203,1.20215,;inf,213,1.25346,;inf,220,1.30353,;inf,229,1.35358,;inf,234,1.40367,;inf,241,1.45609,;inf,244,1.50618,;inf,248,1.55886,;inf,251,1.60894,;inf,253,1.65902,;inf,256,1.7091,;inf,258,1.75918,;inf,262,1.80926,;inf,266,1.85933,;inf,269,1.90941,;inf,278,1.95951,;inf,284,2.00962,;inf,293,2.0597,;inf,303,2.10978,;inf,309,2.15986,;inf,319,2.20993,;inf,331,2.26001,;inf,340,2.31008,;inf,351,2.36016,;inf,362,2.41023,;inf,370,2.46031,;inf,377,2.51038,;inf,389,2.56046,;inf,397,2.61054,;inf,411,2.66061,;inf,421,2.71064,;inf,428,2.76112,;inf,440,2.81119,;inf,450,2.86127,;inf,462,2.91138,;inf,472,2.96146,;inf,480,3.01153,;inf,485,3.06161,;inf,492,3.11467,;inf,500,3.17067,;inf,505,3.22074,;inf,514,3.27081,;inf,526,3.32087,;inf,533,3.37094,;inf,541,3.42101,;
inf,41,0.0500599,;inf,52,0.100144,;inf,58,0.150236,;inf,70,0.200334,;inf,81,0.250414,;inf,95,0.300492,;inf,110,0.350569,;inf,119,0.400665,;inf,127,0.450755,;inf,135,0.500897,;inf,146,0.551006,;inf,154,0.601108,;inf,161,0.651187,;inf,168,0.701269,;inf,174,0.751358,;inf,184,0.807523,;inf,191,0.859927,;inf,199,0.91001,;inf,205,0.960101,;inf,216,1.01019,;inf,223,1.06026,;inf,233,1.11034,;inf,243,1.16042,;inf,250,1.21051,;inf,259,1.26059,;inf,267,1.31067,;inf,274,1.36077,;inf,282,1.41091,;inf,287,1.46103,;inf,292,1.51118,;inf,298,1.56131,;inf,306,1.61165,;inf,312,1.66173,;inf,318,1.71183,;inf,321,1.76192,;inf,326,1.812,;inf,329,1.86211,;inf,334,1.9122,;inf,337,1.96229,;
inf,23,0.0500583,;inf,36,0.100155,;inf,48,0.150252,;inf,54,0.200383,;inf,61,0.250475,;inf,66,0.300641,;inf,75,0.350739,;inf,81,0.400841,;inf,86,0.45093,;inf,93,0.501022,;inf,99,0.551116,;inf,106,0.601202,;inf,111,0.65129,;inf,118,0.701425,;inf,123,0.757507,;inf,130,0.807596,;inf,139,0.857688,;inf,146,0.907776,;inf,153,0.957915,;inf,159,1.00804,;inf,166,1.05813,;inf,173,1.10822,;inf,178,1.1583,;inf,185,1.20843,;inf,192,1.25853,;inf,199,1.30862,;inf,206,1.35871,;inf,212,1.40879,;inf,217,1.45889,;inf,224,1.50895,;inf,233,1.55904,;inf,240,1.60913,;inf,247,1.65954,;inf,255,1.70968,;inf,258,1.75976,;inf,267,1.80987,;inf,276,1.86,;inf,283,1.91014,;inf,289,1.96022,;inf,293,2.01031,;inf,302,2.0604,;inf,306,2.11048,;inf,314,2.16058,;inf,318,2.21067,;inf,324,2.26076,;inf,332,2.31351,;inf,338,2.36362,;inf,344,2.41372,;138.427903,350,2.46389,;
inf,36,0.0500608,;inf,43,0.100173,;inf,52,0.150257,;inf,57,0.200341,;inf,61,0.250426,;inf,67,0.302222,;inf,74,0.352308,;inf,82,0.402394,;inf,88,0.452479,;inf,94,0.502566,;inf,100,0.552658,;inf,107,0.605307,;inf,112,0.655396,;
inf,42,0.0500614,;inf,53,0.100153,;inf,61,0.150231,;inf,68,0.200314,;inf,75,0.250394,;inf,81,0.30048,;inf,87,0.35057,;inf,97,0.402739,;inf,106,0.452828,;inf,114,0.50292,;inf,122,0.553017,;inf,130,0.603105,;inf,136,0.653183,;inf,139,0.703258,;inf,146,0.753347,;inf,150,0.803491,;inf,157,0.853638,;inf,161,0.903682,;inf,164,0.953768,;inf,171,1.00385,;inf,176,1.05394,;inf,184,1.10402,;inf,189,1.15411,;inf,192,1.20768,;inf,197,1.25777,;inf,205,1.30787,;inf,210,1.35801,;inf,216,1.40809,;inf,220,1.46371,;inf,223,1.51379,;inf,229,1.56389,;inf,234,1.61398,;inf,238,1.66406,;inf,243,1.71416,;inf,246,1.76426,;inf,251,1.81435,;inf,256,1.86444,;inf,260,1.91452,;inf,266,1.96464,;inf,272,2.0148,;inf,281,2.06492,;inf,289,2.11503,;inf,298,2.16554,;inf,305,2.21563,;inf,315,2.26571,;inf,322,2.3158,;inf,328,2.36589,;inf,335,2.41597,;inf,342,2.46606,;inf,348,2.51615,;inf,353,2.56769,;inf,358,2.61779,;inf,365,2.66787,;inf,370,2.71796,;inf,374,2.76805,;inf,383,2.81815,;inf,392,2.86824,;inf,395,2.91833,;inf,402,2.96843,;inf,405,3.01852,;inf,411,3.06861,;inf,416,3.11872,;inf,426,3.16888,;inf,439,3.21898,;inf,443,3.26909,;inf,447,3.31978,;inf,454,3.36987,;
inf,33,0.0500606,;inf,44,0.100139,;inf,53,0.150215,;inf,61,0.200297,;inf,72,0.250375,;inf,77,0.300484,;inf,90,0.350628,;
inf,50,0.0500603,;inf,59,0.103719,;inf,64,0.153805,;inf,70,0.203917,;inf,77,0.257272,;inf,82,0.307362,;inf,93,0.361327,;inf,101,0.411463,;inf,109,0.4617,;inf,117,0.511806,;inf,126,0.561862,;inf,136,0.621004,;inf,150,0.67107,;inf,156,0.721135,;inf,162,0.771202,;inf,168,0.821276,;inf,182,0.871341,;inf,194,0.921408,;inf,199,0.971473,;inf,208,1.02154,;inf,216,1.0716,;inf,227,1.12167,;
inf,27,0.0500587,;inf,40,0.10016,;inf,51,0.150273,;inf,59,0.200351,;inf,66,0.250433,;inf,73,0.300576,;inf,80,0.350658,;inf,84,0.400747,;inf,90,0.450825,;inf,94,0.50091,;inf,104,0.551016,;inf,108,0.601093,;inf,114,0.651171,;inf,117,0.701252,;inf,122,0.752141,;inf,128,0.80227,;inf,133,0.85235,;inf,138,0.902495,;inf,143,0.952573,;inf,146,1.00265,;inf,153,1.05272,;inf,160,1.10279,;inf,164,1.15287,;inf,169,1.20294,;inf,177,1.25302,;inf,184,1.3031,;inf,190,1.35317,;inf,193,1.40325,;inf,196,1.45334,;inf,198,1.50345,;inf,201,1.55353,;inf,205,1.60361,;inf,209,1.65369,;inf,219,1.70377,;inf,227,1.75385,;
inf,42,0.0500607,;inf,52,0.100145,;inf,68,0.150224,;inf,76,0.200335,;inf,82,0.250402,;
inf,33,0.0500633,;inf,41,0.106458,;inf,54,0.156551,;inf,66,0.206639,;inf,69,0.256719,;inf,74,0.307404,;inf,79,0.357494,;inf,82,0.407591,;inf,87,0.457687,;inf,89,0.507784,;inf,92,0.557873,;inf,95,0.607961,;inf,98,0.658052,;inf,102,0.708145,;inf,105,0.758241,;inf,108,0.808337,;inf,112,0.858872,;inf,115,0.908963,;inf,120,0.959049,;
inf,30,0.0500611,;inf,39,0.100154,;inf,44,0.150245,;inf,54,0.200351,;inf,58,0.25044,;inf,62,0.300537,;inf,67,0.354515,;inf,71,0.404616,;inf,77,0.462508,;inf,80,0.512614,;inf,86,0.562702,;inf,92,0.612842,;inf,96,0.662951,;inf,100,0.713083,;inf,106,0.763301,;inf,112,0.81339,;inf,114,0.863476,;inf,120,0.913565,;inf,125,0.96362,;inf,130,1.0137,;inf,140,1.06379,;inf,145,1.11392,;inf,151,1.1665,;inf,155,1.21659,;inf,162,1.26667,;inf,167,1.31856,;inf,170,1.36864,;inf,175,1.41872,;inf,181,1.46879,;
inf,35,0.0500617,;inf,44,0.100144,;inf,55,0.150226,;inf,64,0.200305,;inf,70,0.2535,;inf,81,0.3036,;inf,89,0.353721,;inf,94,0.403795,;
inf,28,0.0500636,;inf,37,0.100159,;inf,44,0.150236,;inf,50,0.200329,;inf,56,0.250412,;inf,62,0.300509,;inf,67,0.350615,;inf,78,0.400729,;inf,81,0.450817,;inf,84,0.500909,;inf,87,0.550995,;inf,91,0.601081,;inf,93,0.651168,;inf,97,0.701257,;inf,106,0.751345,;inf,111,0.801446,;inf,117,0.851548,;inf,124,0.90164,;inf,129,0.951731,;inf,134,1.00188,;inf,137,1.05197,;inf,145,1.10547,;inf,154,1.15556,;inf,156,1.20699,;inf,160,1.25709,;inf,164,1.30717,;inf,170,1.35727,;inf,176,1.40907,;inf,180,1.45917,;inf,186,1.50933,;inf,192,1.55942,;inf,198,1.60952,;inf,207,1.65961,;inf,209,1.70969,;inf,214,1.75978,;inf,219,1.80987,;inf,223,1.85996,;inf,230,1.91005,;
inf,40,0.0500586,;inf,57,0.100146,;inf,65,0.152345,;inf,69,0.202433,;inf,72,0.252545,;inf,77,0.302648,;inf,82,0.352759,;inf,87,0.402849,;inf,93,0.452975,;inf,98,0.50312,;inf,100,0.553226,;inf,104,0.603345,;inf,109,0.653442,;inf,120,0.703774,;inf,124,0.753914,;inf,131,0.804001,;inf,135,0.854093,;inf,142,0.904184,;inf,146,0.954277,;inf,152,1.00434,;
inf,28,0.0502376,;inf,34,0.100327,;inf,48,0.150424,;inf,57,0.20057,;inf,68,0.250661,;inf,83,0.300759,;inf,99,0.351725,;inf,108,0.401845,;inf,114,0.451934,;inf,122,0.502025,;
inf,38,0.0500608,;inf,45,0.100158,;inf,53,0.150251,;inf,58,0.205559,;inf,61,0.257521,;inf,68,0.307614,;inf,72,0.364344,;inf,75,0.417589,;inf,79,0.467661,;inf,85,0.517711,;inf,91,0.567811,;inf,98,0.6179,;inf,107,0.667984,;inf,114,0.718087,;inf,120,0.768259,;inf,128,0.818339,;inf,135,0.868455,;
inf,28,0.0500601,;inf,39,0.100153,;inf,44,0.150239,;
inf,32,0.0508397,;inf,41,0.100922,;inf,47,0.152125,;inf,53,0.204127,;inf,59,0.260128,;inf,64,0.312124,;inf,68,0.362217,;inf,71,0.416126,;inf,76,0.468247,;inf,81,0.518343,;inf,88,0.568438,;inf,93,0.618533,;inf,100,0.668619,;inf,107,0.718711,;inf,110,0.768799,;inf,112,0.818901,;
inf,32,0.0502161,;inf,44,0.111269,;inf,51,0.161548,;inf,54,0.211636,;inf,59,0.261727,;inf,64,0.311813,;inf,71,0.361934,;inf,76,0.412037,;inf,86,0.462121,;inf,99,0.512205,;inf,113,0.562337,;inf,122,0.612421,;inf,131,0.662499,;inf,137,0.712577,;inf,145,0.762676,;inf,158,0.81545,;inf,165,0.868815,;inf,173,0.923382,;inf,182,0.973453,;inf,190,1.02354,;inf,199,1.07374,;inf,209,1.12383,;
inf,30,0.0500615,;inf,44,0.100149,;inf,59,0.150238,;inf,66,0.200369,;
inf,29,0.0500673,;inf,39,0.100196,;inf,49,0.150273,;inf,60,0.200354,;inf,66,0.250436,;inf,75,0.30054,;
inf,34,0.0500583,;inf,44,0.102413,;inf,51,0.152501,;inf,57,0.202591,;inf,68,0.252669,;inf,78,0.302751,;inf,89,0.352832,;inf,98,0.402925,;inf,106,0.453004,;inf,114,0.5031,;inf,119,0.553192,;inf,127,0.603508,;inf,138,0.653968,;inf,147,0.704066,;253.220281,152,0.754149,;
inf,40,0.0500636,;inf,51,0.100162,;inf,59,0.150257,;inf,64,0.200341,;inf,68,0.250424,;inf,74,0.300572,;inf,80,0.35066,;inf,88,0.400742,;inf,98,0.450824,;inf,104,0.500906,;inf,117,0.550986,;inf,125,0.60106,;inf,131,0.651146,;inf,141,0.70123,;inf,145,0.751317,;inf,151,0.8014,;inf,159,0.851488,;inf,165,0.90157,;inf,170,0.951656,;
inf,46,0.0500668,;inf,58,0.100191,;inf,66,0.150271,;inf,72,0.200357,;inf,76,0.251982,;inf,80,0.302079,;inf,84,0.352169,;inf,88,0.402267,;inf,93,0.452362,;inf,96,0.502461,;inf,101,0.552551,;inf,105,0.602635,;inf,110,0.652722,;inf,115,0.702812,;inf,124,0.752922,;inf,130,0.80301,;inf,136,0.853094,;inf,146,0.903181,;inf,153,0.953267,;inf,161,1.00335,;inf,164,1.05344,;inf,167,1.10353,;inf,173,1.15362,;inf,178,1.20371,;inf,184,1.25381,;inf,193,1.3039,;inf,200,1.35399,;inf,206,1.40411,;inf,213,1.45422,;inf,222,1.50432,;
inf,41,0.0500569,;inf,54,0.100144,;inf,65,0.150241,;inf,69,0.200332,;inf,74,0.250418,;inf,81,0.300501,;inf,85,0.350585,;inf,91,0.400674,;inf,99,0.450765,;inf,104,0.500878,;inf,108,0.550966,;inf,115,0.601046,;inf,123,0.651133,;inf,133,0.701215,;inf,136,0.7513,;inf,141,0.801379,;inf,144,0.851441,;inf,152,0.90153,;inf,157,0.951616,;inf,164,1.0017,;inf,170,1.05178,;inf,178,1.10186,;inf,186,1.15196,;inf,191,1.20207,;inf,195,1.25215,;inf,198,1.30226,;inf,207,1.35234,;inf,215,1.40242,;inf,225,1.45252,;inf,233,1.50265,;inf,238,1.55294,;inf,244,1.60302,;inf,250,1.6531,;inf,262,1.70318,;inf,270,1.75326,;inf,275,1.80334,;inf,280,1.85343,;inf,284,1.90353,;inf,293,1.95362,;inf,299,2.00373,;inf,306,2.05381,;inf,314,2.10389,;inf,320,2.15544,;inf,328,2.20552,;inf,337,2.27036,;inf,343,2.3206,;140.725699,345,2.37069,;
inf,39,0.050063,;inf,54,0.102915,;
inf,32,0.0500618,;inf,44,0.100127,;inf,50,0.150224,;inf,57,0.200314,;
inf,27,0.050063,;inf,34,0.100156,;inf,42,0.150257,;inf,52,0.200345,;inf,57,0.250441,;inf,63,0.300882,;inf,74,0.351195,;
inf,30,0.0500843,;inf,35,0.100185,;inf,39,0.15028,;inf,44,0.200379,;inf,48,0.250468,;inf,56,0.300554,;inf,61,0.353449,;inf,65,0.403539,;inf,71,0.453637,;inf,77,0.508057,;inf,84,0.559948,;inf,90,0.61593,;inf,95,0.666027,;inf,100,0.723927,;inf,102,0.774017,;inf,107,0.824112,;inf,113,0.874207,;inf,119,0.924294,;inf,128,0.974381,;inf,131,1.02447,;inf,143,1.07456,;inf,152,1.12464,;inf,161,1.17473,;inf,165,1.22481,;inf,171,1.27491,;inf,178,1.325,;
inf,32,0.0500714,;inf,48,0.100159,;inf,57,0.150222,;inf,67,0.200311,;inf,77,0.250397,;inf,84,0.300487,;inf,88,0.350576,;inf,99,0.400672,;inf,103,0.4508,;inf,110,0.500885,;inf,115,0.550972,;inf,122,0.601071,;inf,128,0.651163,;inf,133,0.701253,;inf,139,0.751339,;inf,147,0.801427,;inf,155,0.851526,;inf,161,0.903042,;inf,166,0.95509,;inf,173,1.00518,;inf,181,1.05527,;inf,189,1.10539,;inf,195,1.15548,;inf,203,1.20557,;inf,214,1.25568,;inf,222,1.30577,;inf,226,1.3559,;inf,227,1.40598,;inf,230,1.45606,;inf,239,1.50615,;inf,244,1.55624,;inf,248,1.60632,;inf,252,1.65641,;inf,257,1.70649,;inf,268,1.75659,;inf,274,1.80668,;inf,278,1.85682,;inf,281,1.90692,;inf,285,1.95705,;inf,293,2.00714,;inf,299,2.05723,;inf,309,2.10731,;inf,315,2.15767,;inf,317,2.20777,;inf,321,2.25786,;inf,326,2.30795,;
inf,49,0.0500625,;inf,65,0.105458,;inf,76,0.155551,;inf,83,0.20563,;inf,93,0.255719,;inf,101,0.305807,;inf,112,0.355901,;inf,120,0.405998,;
inf,36,0.0500596,;inf,43,0.100152,;inf,50,0.150262,;inf,58,0.200387,;inf,66,0.250507,;inf,75,0.300595,;inf,80,0.350687,;inf,87,0.400774,;inf,95,0.455007,;inf,104,0.50692,;inf,114,0.558491,;inf,122,0.608579,;inf,132,0.658673,;inf,135,0.708726,;inf,140,0.758812,;inf,148,0.808906,;inf,155,0.859007,;inf,159,0.9091,;inf,162,0.959321,;inf,167,1.00941,;inf,173,1.05951,;inf,176,1.1096,;inf,178,1.15969,;inf,180,1.20983,;inf,186,1.26,;inf,188,1.31009,;inf,190,1.36018,;inf,195,1.41027,;inf,198,1.46041,;inf,203,1.51053,;inf,210,1.56062,;inf,219,1.61071,;inf,224,1.66083,;inf,233,1.71092,;inf,240,1.76101,;inf,243,1.81109,;inf,248,1.86119,;inf,254,1.91127,;inf,259,1.96136,;inf,263,2.01145,;inf,267,2.06155,;inf,268,2.11173,;inf,271,2.16182,;
inf,38,0.0500642,;inf,54,0.10017,;inf,62,0.150332,;inf,72,0.200421,;inf,78,0.250511,;inf,83,0.300599,;inf,92,0.350687,;inf,100,0.400784,;inf,112,0.463758,;inf,120,0.513845,;inf,125,0.56395,;inf,133,0.614116,;inf,142,0.664197,;inf,154,0.714314,;inf,162,0.764452,;inf,167,0.814526,;inf,171,0.8646,;inf,178,0.914696,;inf,183,0.964789,;inf,189,1.01487,;inf,196,1.06495,;inf,202,1.11856,;inf,210,1.17056,;inf,221,1.22257,;inf,228,1.27406,;
inf,45,0.0500635,;inf,59,0.100243,;inf,67,0.150323,;inf,73,0.200396,;inf,80,0.250525,;inf,83,0.300629,;inf,86,0.350712,;inf,91,0.400796,;inf,98,0.450883,;inf,106,0.500964,;inf,114,0.551051,;inf,121,0.601141,;inf,129,0.651258,;inf,134,0.701585,;inf,140,0.751675,;inf,149,0.801767,;inf,159,0.851856,;inf,166,0.901955,;inf,175,0.952721,;inf,181,1.00281,;inf,190,1.0529,;inf,196,1.10299,;inf,203,1.15308,;inf,208,1.20318,;
inf,43,0.0500716,;inf,53,0.100225,;inf,62,0.151187,;inf,75,0.201407,;inf,84,0.251562,;inf,92,0.301602,;inf,101,0.351707,;inf,112,0.401916,;inf,121,0.45199,;inf,129,0.502081,;inf,140,0.552173,;inf,147,0.602275,;inf,156,0.652535,;inf,164,0.70262,;inf,169,0.75271,;inf,179,0.802795,;inf,188,0.852885,;inf,197,0.902976,;inf,205,0.953064,;inf,213,1.00315,;inf,224,1.05323,;inf,232,1.10332,;inf,242,1.15345,;inf,254,1.20357,;inf,261,1.25365,;inf,267,1.30374,;inf,277,1.35383,;inf,288,1.40393,;inf,297,1.45408,;inf,300,1.50423,;inf,307,1.55433,;inf,311,1.60442,;inf,314,1.65451,;inf,318,1.7046,;inf,320,1.75468,;inf,324,1.80477,;inf,332,1.85486,;
inf,36,0.0500601,;inf,43,0.100147,;inf,54,0.150232,;inf,62,0.200315,;inf,69,0.250398,;inf,78,0.300484,;inf,84,0.350564,;inf,98,0.400644,;inf,117,0.463133,;inf,122,0.513229,;inf,130,0.563324,;inf,145,0.613417,;inf,158,0.663509,;inf,163,0.713598,;inf,168,0.763688,;inf,172,0.813773,;inf,179,0.863862,;inf,185,0.913955,;
inf,35,0.0500796,;inf,48,0.100176,;inf,55,0.150347,;inf,60,0.200474,;inf,70,0.250558,;inf,76,0.30065,;inf,79,0.350744,;inf,85,0.40083,;inf,89,0.450919,;inf,96,0.501015,;inf,106,0.551108,;inf,114,0.601255,;inf,122,0.651356,;inf,131,0.701452,;inf,133,0.751521,;inf,141,0.801754,;inf,149,0.851912,;inf,155,0.902001,;inf,161,0.952098,;inf,166,1.0022,;inf,169,1.05243,;inf,174,1.1026,;inf,176,1.15269,;inf,180,1.20278,;inf,186,1.25287,;inf,190,1.30303,;inf,198,1.35367,;inf,201,1.40374,;inf,203,1.45379,;inf,207,1.50386,;inf,219,1.55393,;inf,223,1.60406,;inf,229,1.65768,;inf,236,1.70779,;inf,244,1.75786,;inf,249,1.80791,;inf,253,1.858,;inf,257,1.90809,;inf,264,1.95818,;
inf,25,0.0503753,;inf,39,0.10061,;inf,52,0.150702,;inf,68,0.200801,;inf,78,0.250889,;inf,84,0.30098,;inf,94,0.351079,;inf,104,0.401211,;inf,111,0.451298,;inf,119,0.501384,;inf,124,0.551437,;inf,131,0.601557,;inf,139,0.651842,;inf,145,0.701999,;inf,152,0.752108,;inf,157,0.802193,;inf,161,0.852277,;inf,168,0.902362,;inf,173,0.952453,;inf,176,1.00768,;inf,180,1.05778,;inf,186,1.10908,;inf,190,1.15914,;inf,196,1.2092,;inf,205,1.25926,;inf,212,1.30934,;inf,219,1.35944,;inf,227,1.41306,;inf,238,1.46313,;inf,244,1.51319,;inf,249,1.56324,;inf,256,1.61332,;inf,261,1.66344,;inf,267,1.71354,;inf,274,1.76366,;inf,284,1.81375,;inf,296,1.86383,;inf,306,1.91391,;inf,315,1.964,;inf,325,2.01408,;inf,334,2.06417,;inf,348,2.11425,;
inf,43,0.0500254,;inf,50,0.10019,;inf,59,0.150388,;inf,67,0.200522,;inf,74,0.250609,;inf,81,0.300733,;inf,87,0.35082,;inf,94,0.400908,;inf,100,0.450997,;inf,104,0.501089,;inf,114,0.551205,;inf,122,0.601292,;inf,131,0.651372,;inf,145,0.70146,;inf,152,0.751546,;inf,165,0.801634,;inf,177,0.851734,;inf,190,0.901822,;inf,197,0.951916,;inf,201,1.00515,;inf,209,1.05594,;inf,215,1.10599,;inf,227,1.15605,;inf,230,1.21401,;inf,238,1.26416,;inf,246,1.31425,;inf,256,1.36436,;inf,266,1.41445,;inf,276,1.46454,;inf,286,1.51464,;inf,296,1.56473,;inf,306,1.6148,;inf,317,1.66489,;inf,328,1.71498,;inf,336,1.76511,;inf,349,1.81522,;inf,357,1.86531,;inf,366,1.9154,;inf,373,1.9655,;inf,379,2.01586,;
inf,45,0.0500623,;inf,57,0.100157,;inf,67,0.150244,;inf,76,0.200336,;inf,90,0.250427,;inf,96,0.300519,;
inf,27,0.0500683,;inf,38,0.100179,;inf,48,0.150238,;inf,57,0.200417,;inf,65,0.250548,;inf,72,0.300642,;
inf,37,0.050058,;inf,53,0.100138,;inf,60,0.150225,;inf,71,0.200321,;inf,82,0.250413,;inf,87,0.300562,;inf,94,0.350655,;inf,102,0.400794,;inf,111,0.450923,;inf,118,0.501024,;inf,124,0.551182,;
inf,27,0.0500715,;inf,41,0.100149,;inf,54,0.150236,;inf,64,0.200346,;inf,73,0.250465,;inf,80,0.30053,;inf,88,0.35076,;inf,96,0.401124,;inf,105,0.451212,;inf,117,0.50134,;inf,124,0.551515,;inf,132,0.601613,;inf,143,0.651694,;inf,150,0.702,;inf,161,0.752106,;inf,168,0.802209,;inf,176,0.852315,;inf,184,0.902402,;inf,196,0.952487,;inf,211,1.00258,;inf,223,1.05269,;inf,233,1.10277,;inf,242,1.15286,;inf,247,1.20534,;inf,254,1.25543,;inf,265,1.30552,;inf,273,1.35561,;inf,278,1.4057,;inf,284,1.45578,;inf,294,1.50587,;inf,302,1.55595,;inf,311,1.60603,;inf,323,1.65611,;
inf,40,0.0500571,;inf,54,0.100157,;inf,67,0.152847,;inf,78,0.202942,;inf,87,0.253136,;inf,93,0.303202,;inf,100,0.353306,;inf,108,0.403414,;inf,112,0.453545,;inf,119,0.503671,;inf,124,0.553753,;inf,130,0.603833,;inf,134,0.653918,;inf,146,0.704004,;inf,154,0.754113,;inf,160,0.804303,;inf,167,0.854387,;inf,173,0.904473,;inf,179,0.954557,;inf,186,1.00464,;inf,198,1.06491,;inf,206,1.115,;inf,215,1.16509,;inf,226,1.21518,;inf,236,1.26526,;inf,244,1.31535,;inf,252,1.36544,;inf,258,1.41553,;inf,268,1.46561,;inf,277,1.5157,;inf,284,1.56579,;inf,289,1.61589,;inf,302,1.66602,;inf,309,1.7161,;inf,322,1.76619,;inf,331,1.81628,;inf,343,1.86665,;inf,353,1.91703,;inf,363,1.96725,;inf,378,2.01747,;inf,389,2.06809,;
inf,41,0.0500628,;inf,49,0.103012,;inf,60,0.1531,;inf,65,0.203185,;inf,68,0.253276,;inf,79,0.311919,;inf,81,0.364748,;inf,93,0.420715,;inf,99,0.470783,;inf,106,0.520863,;inf,119,0.571038,;inf,130,0.621996,;inf,138,0.672151,;inf,149,0.722746,;inf,159,0.773354,;inf,168,0.82388,;inf,176,0.874364,;inf,184,0.924694,;inf,191,0.974786,;inf,198,1.02489,;inf,204,1.07497,;inf,208,1.1251,;inf,213,1.1752,;inf,221,1.22535,;inf,227,1.27542,;inf,231,1.3255,;inf,238,1.37558,;inf,247,1.4257,;inf,257,1.47578,;inf,267,1.52589,;inf,277,1.576,;inf,286,1.62607,;inf,299,1.67615,;inf,307,1.72714,;inf,313,1.77722,;inf,320,1.8273,;inf,329,1.87738,;inf,333,1.92746,;inf,336,1.97752,;inf,346,2.0276,;inf,351,2.0777,;inf,360,2.1278,;inf,368,2.17789,;inf,380,2.22798,;inf,387,2.27807,;
inf,20,0.0500576,;inf,32,0.100109,;inf,45,0.150236,;inf,55,0.200328,;inf,63,0.25042,;inf,64,0.300513,;inf,66,0.350609,;inf,69,0.400706,;inf,73,0.450801,;inf,76,0.500897,;inf,80,0.556105,;inf,86,0.606201,;inf,92,0.656272,;inf,96,0.706373,;inf,103,0.756464,;inf,105,0.806557,;inf,107,0.856649,;inf,112,0.90674,;inf,118,0.958515,;inf,128,1.01613,;inf,135,1.06636,;inf,142,1.11652,;inf,146,1.16669,;inf,154,1.21698,;inf,158,1.26715,;inf,163,1.31723,;inf,168,1.36732,;inf,175,1.41741,;inf,181,1.46748,;inf,190,1.51758,;inf,195,1.56767,;inf,201,1.61775,;inf,206,1.66784,;inf,213,1.71793,;inf,219,1.76802,;inf,224,1.8181,;inf,229,1.86819,;inf,234,1.91828,;inf,239,1.96851,;inf,247,2.01931,;inf,253,2.06978,;inf,259,2.12014,;inf,269,2.17058,;inf,276,2.22203,;inf,281,2.27348,;inf,285,2.32366,;
inf,36,0.0500599,;inf,50,0.100152,;inf,56,0.150236,;inf,65,0.20121,;inf,72,0.251298,;inf,87,0.301385,;inf,98,0.351472,;inf,105,0.401556,;inf,112,0.451607,;inf,121,0.501691,;inf,124,0.551828,;inf,129,0.601925,;inf,138,0.65203,;inf,150,0.702128,;inf,157,0.752281,;inf,166,0.802368,;inf,172,0.852454,;inf,176,0.902546,;inf,183,0.952639,;inf,189,1.00273,;inf,197,1.05281,;inf,209,1.1029,;inf,219,1.15299,;inf,228,1.20309,;inf,233,1.25322,;inf,244,1.30331,;inf,257,1.3534,;inf,264,1.40349,;inf,266,1.45362,;
inf,40,0.0500567,;inf,46,0.100132,;inf,53,0.15025,;inf,56,0.200349,;inf,59,0.250486,;inf,63,0.300603,;inf,66,0.350724,;
inf,34,0.0500614,;inf,44,0.100137,;inf,51,0.151397,;inf,57,0.201489,;inf,68,0.251605,;inf,75,0.301704,;inf,81,0.351836,;inf,93,0.402012,;inf,102,0.452109,;inf,108,0.502206,;inf,113,0.552315,;inf,121,0.602409,;inf,129,0.652504,;
inf,34,0.0501738,;inf,40,0.10335,;inf,45,0.15341,;inf,53,0.203494,;inf,61,0.25363,;inf,66,0.303719,;inf,74,0.353805,;inf,79,0.403892,;inf,85,0.453975,;inf,91,0.504058,;inf,95,0.554147,;inf,99,0.604237,;inf,103,0.654321,;inf,109,0.704413,;inf,116,0.754502,;
inf,30,0.0500632,;inf,41,0.100152,;inf,51,0.150244,;inf,59,0.200327,;inf,64,0.250424,;inf,68,0.300524,;inf,82,0.350622,;inf,84,0.400747,;inf,90,0.450857,;inf,99,0.501339,;inf,108,0.551431,;inf,120,0.601517,;inf,122,0.65161,;inf,128,0.7017,;inf,130,0.751788,;inf,141,0.801861,;inf,146,0.85198,;inf,152,0.902059,;inf,158,0.952142,;
inf,35,0.050059,;inf,45,0.100155,;inf,50,0.150239,;inf,56,0.200311,;inf,62,0.250393,;inf,67,0.300473,;inf,72,0.350563,;inf,75,0.400654,;inf,78,0.451114,;inf,85,0.501197,;140.011776,94,0.551289,;
inf,36,0.0500575,;inf,47,0.100135,;inf,60,0.150238,;inf,66,0.200317,;inf,72,0.250394,;inf,77,0.300475,;inf,81,0.350555,;inf,86,0.400641,;inf,89,0.450797,;inf,95,0.500877,;inf,101,0.550955,;inf,104,0.601033,;
inf,39,0.05006,;inf,46,0.100155,;inf,62,0.150242,;inf,68,0.200367,;inf,79,0.250455,;inf,85,0.300544,;inf,92,0.350635,;inf,101,0.41599,;inf,110,0.466296,;inf,114,0.516378,;inf,120,0.566465,;inf,124,0.616548,;inf,130,0.66663,;inf,134,0.716713,;inf,138,0.766791,;inf,145,0.816868,;inf,152,0.866958,;inf,161,0.917048,;inf,167,0.967138,;inf,175,1.01736,;inf,182,1.06745,;inf,188,1.11754,;inf,194,1.16763,;inf,201,1.21772,;inf,207,1.26781,;inf,213,1.3179,;inf,223,1.3732,;inf,231,1.42538,;inf,235,1.47755,;inf,243,1.52764,;inf,246,1.57813,;inf,252,1.62822,;

inf,32,0.0500647,;inf,41,0.101123,;inf,54,0.151215,;inf,61,0.201302,;inf,64,0.251395,;inf,68,0.301487,;inf,71,0.351582,;inf,77,0.401673,;inf,83,0.451752,;inf,88,0.50183,;inf,92,0.551914,;inf,97,0.602028,;inf,103,0.652136,;inf,109,0.702292,;inf,113,0.752413,;inf,120,0.802498,;inf,127,0.85259,;inf,132,0.902694,;inf,136,0.952778,;inf,142,1.00285,;inf,149,1.05293,;inf,155,1.10302,;inf,158,1.15312,;inf,167,1.20321,;inf,170,1.25324,;inf,177,1.30332,;inf,183,1.35341,;inf,187,1.40347,;inf,193,1.45357,;inf,197,1.50367,;inf,201,1.55407,;inf,205,1.60416,;inf,207,1.65425,;inf,213,1.70434,;inf,219,1.75442,;inf,223,1.80453,;inf,226,1.85462,;inf,233,1.90471,;inf,240,1.9548,;inf,243,2.00494,;inf,247,2.05506,;inf,250,2.10512,;inf,252,2.15521,;inf,255,2.2053,;inf,259,2.25587,;inf,265,2.30596,;inf,275,2.35605,;inf,284,2.40612,;inf,292,2.45621,;inf,301,2.50629,;inf,309,2.55638,;inf,318,2.60647,;inf,326,2.65656,;inf,333,2.70666,;inf,337,2.75675,;inf,342,2.80685,;inf,349,2.85694,;inf,351,2.90703,;inf,354,2.95714,;inf,357,3.00723,;inf,365,3.05732,;inf,371,3.1074,;
inf,34,0.0500849,;inf,41,0.100177,;inf,50,0.15028,;inf,59,0.200403,;inf,65,0.250497,;inf,73,0.300587,;inf,81,0.350688,;inf,88,0.400846,;inf,95,0.451158,;inf,101,0.501246,;inf,107,0.551335,;inf,114,0.601431,;inf,119,0.651584,;inf,124,0.701674,;inf,126,0.751766,;inf,132,0.801916,;inf,141,0.852005,;inf,149,0.902102,;inf,153,0.95216,;inf,155,1.00225,;inf,162,1.05428,;inf,168,1.10734,;inf,178,1.15743,;inf,184,1.20753,;inf,194,1.25762,;inf,203,1.3077,;inf,210,1.35779,;inf,220,1.40785,;inf,230,1.45793,;inf,236,1.50801,;inf,245,1.55808,;
inf,30,0.050068,;inf,41,0.103998,;inf,51,0.159932,;inf,59,0.210014,;inf,66,0.260069,;
inf,34,0.0500614,;inf,42,0.100155,;inf,51,0.15025,;inf,63,0.200339,;inf,67,0.250429,;inf,73,0.300515,;inf,79,0.350602,;inf,83,0.400699,;inf,88,0.450787,;inf,98,0.500872,;inf,105,0.551016,;inf,109,0.601119,;inf,112,0.651203,;inf,114,0.701338,;inf,118,0.75143,;inf,122,0.801519,;inf,127,0.851614,;inf,131,0.901718,;inf,134,0.951809,;inf,135,1.0019,;inf,139,1.052,;inf,141,1.10213,;inf,144,1.15223,;inf,147,1.20232,;inf,152,1.25242,;inf,156,1.3025,;inf,159,1.35608,;inf,163,1.40625,;inf,166,1.45634,;inf,168,1.50643,;inf,171,1.55656,;inf,178,1.60675,;inf,181,1.65691,;inf,185,1.70706,;
inf,27,0.0500648,;inf,34,0.100154,;inf,41,0.150286,;inf,49,0.208689,;inf,52,0.25877,;inf,54,0.308852,;inf,57,0.358938,;inf,60,0.409025,;inf,66,0.459112,;inf,72,0.509265,;inf,76,0.559357,;inf,79,0.609439,;inf,83,0.659522,;inf,89,0.709604,;inf,93,0.759689,;inf,96,0.809772,;inf,99,0.859857,;inf,104,0.909941,;inf,109,0.960023,;inf,111,1.01011,;inf,115,1.06019,;inf,119,1.11028,;inf,125,1.16036,;inf,127,1.21044,;inf,129,1.26053,;inf,132,1.31061,;inf,138,1.3607,;inf,142,1.41169,;inf,149,1.46178,;inf,156,1.51187,;inf,159,1.56208,;inf,165,1.61216,;inf,172,1.66224,;inf,175,1.71235,;inf,178,1.76242,;inf,182,1.8125,;inf,187,1.86259,;inf,194,1.91267,;inf,200,1.96275,;inf,207,2.01283,;inf,213,2.06291,;inf,216,2.11299,;inf,222,2.16307,;inf,231,2.21315,;inf,238,2.26322,;inf,249,2.3133,;inf,261,2.36338,;inf,271,2.41345,;inf,274,2.46353,;inf,278,2.51361,;inf,284,2.56368,;inf,287,2.61376,;inf,295,2.66384,;inf,307,2.71392,;inf,313,2.764,;inf,319,2.81408,;inf,323,2.86416,;inf,332,2.91424,;inf,337,2.96432,;inf,343,3.01441,;inf,353,3.06448,;inf,361,3.11456,;inf,368,3.16461,;inf,376,3.21469,;inf,388,3.26476,;inf,393,3.31485,;inf,397,3.36493,;inf,404,3.41501,;inf,410,3.46509,;
inf,38,0.0500569,;inf,50,0.100146,;
inf,32,0.0655392,;inf,45,0.115631,;inf,53,0.165723,;inf,64,0.215834,;inf,70,0.266043,;inf,77,0.316158,;inf,81,0.366277,;inf,84,0.41641,;inf,91,0.466507,;inf,95,0.516604,;inf,101,0.566724,;inf,111,0.616811,;inf,122,0.66689,;inf,130,0.716977,;inf,134,0.767063,;inf,139,0.817153,;inf,146,0.867242,;inf,151,0.917435,;inf,159,0.967518,;inf,167,1.01761,;inf,173,1.0677,;inf,181,1.12021,;inf,186,1.17221,;inf,196,1.2223,;inf,203,1.27238,;inf,208,1.32248,;inf,218,1.37257,;inf,225,1.42267,;inf,234,1.47282,;inf,242,1.52291,;inf,252,1.573,;inf,260,1.62311,;inf,271,1.6732,;inf,274,1.72332,;inf,280,1.77343,;inf,286,1.82359,;inf,293,1.87368,;inf,300,1.92377,;inf,313,1.97386,;inf,319,2.02396,;inf,327,2.08026,;inf,336,2.13035,;inf,348,2.18423,;inf,356,2.23432,;inf,361,2.29221,;inf,371,2.34229,;inf,383,2.39238,;inf,387,2.44246,;inf,396,2.49254,;inf,402,2.54262,;inf,407,2.59269,;inf,415,2.64277,;inf,420,2.69621,;inf,423,2.7463,;inf,429,2.79639,;inf,434,2.84647,;inf,441,2.89655,;inf,449,2.94664,;inf,455,2.99674,;inf,460,3.04684,;inf,465,3.09696,;inf,468,3.14705,;inf,473,3.19715,;inf,476,3.24724,;inf,481,3.29733,;inf,486,3.34743,;inf,489,3.39753,;inf,493,3.44762,;inf,499,3.49772,;inf,504,3.54781,;inf,509,3.59788,;inf,518,3.64797,;inf,524,3.69807,;inf,529,3.7482,;inf,535,3.79825,;inf,542,3.84836,;inf,548,3.89843,;
inf,37,0.0506932,;inf,49,0.100782,;inf,59,0.150867,;inf,70,0.200961,;inf,80,0.251057,;inf,89,0.301244,;inf,97,0.355996,;inf,100,0.406087,;inf,105,0.456183,;inf,108,0.50628,;inf,114,0.556375,;inf,120,0.606468,;inf,125,0.663783,;inf,127,0.713876,;inf,131,0.763969,;inf,137,0.814059,;inf,141,0.864143,;inf,145,0.914228,;inf,153,0.964327,;inf,158,1.01582,;inf,165,1.06944,;inf,173,1.11954,;inf,182,1.16963,;inf,189,1.21973,;inf,197,1.2699,;inf,204,1.31999,;inf,213,1.37007,;inf,222,1.42015,;inf,230,1.47024,;inf,239,1.52033,;inf,245,1.57042,;inf,250,1.62052,;inf,256,1.67068,;inf,260,1.72077,;inf,267,1.77085,;inf,272,1.82093,;inf,283,1.87102,;inf,288,1.92112,;inf,295,1.97122,;inf,306,2.02128,;inf,313,2.07144,;inf,324,2.12152,;inf,334,2.17161,;inf,343,2.2217,;inf,361,2.27178,;inf,371,2.32186,;inf,377,2.37195,;inf,384,2.42205,;inf,388,2.47214,;inf,393,2.52223,;
inf,42,0.0500625,;inf,56,0.100155,;inf,67,0.150263,;inf,77,0.200379,;inf,86,0.250473,;inf,95,0.300558,;inf,103,0.350644,;inf,110,0.400731,;inf,120,0.450843,;inf,123,0.500939,;inf,130,0.551032,;inf,136,0.601118,;inf,140,0.651211,;inf,142,0.70314,;inf,148,0.753223,;inf,154,0.807141,;inf,158,0.863192,;inf,162,0.913313,;inf,169,0.96549,;inf,175,1.01558,;inf,181,1.06568,;inf,188,1.11581,;inf,192,1.16589,;inf,197,1.2171,;inf,202,1.26714,;inf,206,1.31723,;inf,208,1.36733,;inf,210,1.41742,;inf,212,1.46751,;inf,218,1.5176,;inf,224,1.56773,;inf,231,1.61783,;inf,237,1.66791,;inf,246,1.718,;inf,251,1.76809,;inf,254,1.81818,;inf,260,1.86828,;inf,267,1.91837,;inf,275,1.96847,;inf,283,2.01856,;inf,290,2.06868,;inf,295,2.11878,;inf,304,2.16886,;inf,314,2.21895,;inf,321,2.26903,;inf,326,2.31912,;inf,336,2.3692,;inf,340,2.41932,;inf,345,2.4694,;inf,360,2.51949,;inf,366,2.56958,;inf,370,2.61968,;inf,374,2.66977,;inf,382,2.72063,;inf,385,2.77072,;inf,389,2.82082,;inf,393,2.87092,;inf,402,2.92102,;inf,408,2.97111,;
inf,28,0.0500758,;inf,38,0.100164,;inf,48,0.150254,;inf,57,0.200345,;inf,64,0.250523,;inf,69,0.300609,;inf,75,0.350712,;inf,81,0.40086,;inf,86,0.450939,;inf,90,0.501025,;inf,94,0.551115,;inf,100,0.601209,;inf,107,0.655175,;inf,113,0.705267,;inf,118,0.755359,;inf,128,0.80546,;inf,135,0.85917,;inf,141,0.910665,;inf,145,0.960755,;inf,151,1.01117,;inf,155,1.06126,;inf,163,1.11135,;inf,168,1.16153,;inf,179,1.21517,;inf,186,1.26526,;inf,190,1.31535,;inf,196,1.36543,;inf,202,1.41917,;inf,209,1.46932,;inf,218,1.51941,;inf,231,1.56951,;

inf,36,0.0504216,;inf,53,0.100517,;inf,63,0.150577,;inf,69,0.200674,;inf,76,0.250767,;inf,81,0.300859,;inf,87,0.350947,;inf,92,0.401038,;inf,96,0.451132,;inf,100,0.501222,;
inf,24,0.0500612,;inf,34,0.100154,;inf,40,0.150246,;inf,48,0.207651,;inf,52,0.257765,;inf,59,0.307903,;inf,61,0.357992,;inf,67,0.408081,;inf,76,0.458176,;inf,83,0.508266,;inf,93,0.558354,;inf,98,0.608446,;inf,104,0.658533,;inf,109,0.709569,;inf,119,0.759659,;inf,123,0.809797,;inf,133,0.859889,;inf,140,0.90998,;inf,146,0.96007,;inf,154,1.01017,;inf,162,1.06029,;inf,169,1.11038,;inf,177,1.16046,;inf,183,1.21055,;inf,190,1.26066,;inf,196,1.31075,;
inf,33,0.0500581,;inf,47,0.100152,;inf,64,0.150268,;inf,73,0.200367,;inf,79,0.250462,;inf,90,0.300738,;inf,98,0.350893,;inf,106,0.400993,;inf,117,0.451085,;inf,122,0.501228,;inf,124,0.5513,;inf,131,0.604666,;inf,137,0.654758,;inf,143,0.704895,;inf,145,0.754987,;inf,149,0.80508,;
inf,31,0.0500363,;inf,41,0.100101,;inf,51,0.150191,;inf,61,0.200257,;inf,69,0.250351,;inf,76,0.300451,;inf,84,0.350539,;inf,90,0.400625,;inf,95,0.450718,;
inf,40,0.0500495,;inf,48,0.100179,;inf,58,0.150267,;inf,61,0.200363,;inf,66,0.250507,;inf,73,0.300641,;inf,78,0.350731,;
inf,35,0.0500724,;inf,45,0.100376,;inf,53,0.150475,;inf,60,0.200558,;inf,68,0.251256,;inf,78,0.301351,;
inf,35,0.0529654,;inf,48,0.103059,;inf,59,0.153128,;inf,72,0.203261,;inf,79,0.253386,;inf,84,0.303493,;inf,93,0.353584,;inf,103,0.403712,;inf,110,0.453853,;inf,120,0.503959,;inf,129,0.554144,;inf,138,0.604419,;
inf,39,0.0532122,;inf,45,0.103284,;inf,51,0.153379,;inf,61,0.20347,;inf,69,0.253549,;inf,77,0.303654,;inf,81,0.353733,;inf,84,0.403812,;inf,88,0.453887,;inf,92,0.505908,;inf,104,0.555994,;inf,109,0.606076,;inf,119,0.656159,;inf,127,0.706241,;
inf,27,0.0525559,;inf,34,0.109764,;inf,43,0.159884,;inf,52,0.20997,;inf,58,0.26007,;inf,67,0.311869,;inf,76,0.361959,;inf,85,0.412048,;inf,89,0.46215,;inf,93,0.512243,;inf,96,0.562338,;inf,98,0.612438,;inf,103,0.662552,;inf,108,0.712642,;inf,111,0.762737,;inf,116,0.812822,;inf,121,0.862904,;inf,126,0.912995,;inf,133,0.963083,;inf,142,1.01317,;inf,153,1.06326,;inf,159,1.11334,;inf,165,1.16343,;inf,173,1.2135,;inf,184,1.26359,;inf,192,1.31368,;inf,201,1.36379,;inf,211,1.41386,;inf,218,1.46395,;
inf,26,0.0546834,;inf,32,0.107743,;inf,40,0.157838,;inf,47,0.207927,;inf,53,0.259567,;inf,64,0.309711,;inf,72,0.359803,;inf,79,0.409893,;
inf,31,0.0500404,;inf,50,0.124299,;inf,60,0.174399,;inf,78,0.224499,;inf,85,0.274798,;inf,99,0.324903,;inf,107,0.376447,;inf,115,0.427145,;inf,126,0.47723,;inf,133,0.527324,;
inf,25,0.0500604,;inf,35,0.100149,;inf,43,0.150232,;inf,53,0.200327,;inf,60,0.250477,;inf,69,0.300567,;inf,80,0.354947,;inf,85,0.40504,;inf,89,0.455138,;inf,92,0.505245,;
inf,36,0.0500604,;inf,45,0.100149,;inf,48,0.150237,;
inf,36,0.0500619,;inf,52,0.100997,;inf,62,0.151076,;inf,73,0.201159,;
inf,27,0.0500646,;inf,35,0.100155,;inf,41,0.150246,;inf,45,0.200337,;inf,53,0.250428,;inf,63,0.300516,;inf,69,0.350603,;inf,76,0.400696,;inf,82,0.450844,;inf,87,0.500928,;inf,94,0.551047,;inf,99,0.601142,;inf,103,0.651246,;inf,109,0.701331,;inf,116,0.751412,;inf,121,0.801497,;inf,125,0.851581,;inf,132,0.901667,;inf,139,0.955213,;inf,146,1.00824,;inf,151,1.05833,;inf,159,1.11092,;inf,167,1.16111,;inf,172,1.21141,;inf,178,1.26162,;inf,183,1.3119,;inf,189,1.36229,;inf,194,1.41385,;inf,197,1.46394,;inf,202,1.51403,;inf,210,1.56644,;inf,218,1.61653,;inf,223,1.66662,;inf,229,1.71672,;inf,235,1.76687,;inf,242,1.81702,;inf,248,1.86721,;inf,256,1.91732,;inf,263,1.9674,;inf,265,2.01749,;inf,268,2.06763,;inf,270,2.11772,;inf,279,2.16784,;inf,285,2.21793,;inf,290,2.26801,;inf,294,2.31813,;inf,300,2.36821,;inf,306,2.41836,;inf,313,2.46919,;inf,318,2.51923,;inf,321,2.56935,;inf,327,2.61947,;inf,332,2.66959,;inf,338,2.72311,;inf,342,2.77321,;inf,346,2.8233,;inf,351,2.87339,;inf,354,2.92347,;inf,360,2.97356,;inf,363,3.02365,;inf,368,3.07375,;inf,371,3.12392,;inf,373,3.174,;inf,377,3.22409,;inf,381,3.27418,;inf,387,3.32428,;inf,396,3.37538,;inf,402,3.42547,;inf,406,3.48314,;inf,413,3.53548,;inf,417,3.58557,;inf,421,3.63566,;inf,429,3.68576,;inf,440,3.73585,;
inf,40,0.0500653,;inf,47,0.100147,;inf,54,0.150223,;inf,60,0.200318,;inf,65,0.250396,;inf,69,0.30048,;inf,75,0.350526,;inf,79,0.400605,;inf,86,0.450684,;
inf,35,0.0500585,;inf,48,0.102678,;inf,53,0.154676,;inf,62,0.204761,;inf,67,0.254842,;inf,70,0.304922,;inf,74,0.355009,;inf,77,0.405106,;inf,82,0.455215,;inf,84,0.505297,;inf,89,0.555431,;inf,93,0.605512,;inf,96,0.655585,;inf,100,0.705668,;inf,104,0.75575,;inf,108,0.805848,;inf,113,0.856741,;inf,115,0.906837,;inf,120,0.956933,;inf,123,1.00703,;inf,127,1.05712,;inf,129,1.1072,;inf,136,1.1573,;inf,141,1.2074,;inf,147,1.25755,;inf,150,1.30768,;inf,156,1.35777,;inf,160,1.40788,;inf,168,1.45812,;inf,172,1.5082,;inf,179,1.55828,;inf,184,1.60837,;inf,191,1.65845,;inf,196,1.70854,;inf,201,1.75863,;inf,204,1.80871,;inf,209,1.8588,;inf,214,1.90889,;inf,220,1.95898,;inf,225,2.00907,;inf,230,2.05915,;inf,236,2.10923,;inf,242,2.15931,;inf,247,2.2094,;inf,256,2.25948,;inf,264,2.30956,;inf,269,2.35965,;inf,276,2.40974,;inf,281,2.45983,;
inf,36,0.0500602,;inf,41,0.100143,;inf,44,0.150226,;inf,51,0.200574,;inf,58,0.250638,;inf,65,0.302636,;inf,71,0.352722,;inf,77,0.402808,;inf,78,0.452902,;inf,84,0.502943,;inf,86,0.553033,;inf,91,0.603325,;inf,96,0.653414,;inf,102,0.703496,;inf,107,0.753605,;inf,116,0.803696,;inf,122,0.853788,;inf,129,0.903876,;inf,132,0.953964,;inf,141,1.00405,;inf,149,1.05414,;inf,154,1.10423,;inf,161,1.15433,;
inf,32,0.0500596,;inf,44,0.100151,;inf,53,0.150246,;inf,59,0.200342,;inf,67,0.25043,;inf,73,0.300529,;inf,78,0.350627,;inf,82,0.40072,;inf,89,0.450826,;inf,100,0.500916,;inf,110,0.551005,;inf,118,0.601096,;inf,122,0.651197,;inf,128,0.701311,;inf,137,0.751402,;inf,140,0.80149,;inf,145,0.851578,;inf,151,0.903073,;inf,157,0.953162,;inf,163,1.00325,;inf,169,1.05337,;inf,177,1.10349,;inf,184,1.15358,;inf,190,1.20372,;inf,195,1.2538,;
.
