OMPL version 
Experiment rrbt
4 experiment properties
Q_value double = 0.200000
R double = 0.100000
R_bad_value double = 5.000000
first_solution bool = 1
Running on Vivaldi
Starting at 2024-03-31 20:31:59
<<<|
Properties of the state space 'RealVectorSpace0'
  - signature: 2 1 2 
  - dimension: 2
  - extent: 141.421
  - sanity checks for state space passed
  - probability of valid states: 0.827
  - average length of a valid motion: 31.1332
  - average number of samples drawn per second: sampleUniform()=2.29106e+07 sampleUniformNear()=2.34659e+07 sampleGaussian()=1.07259e+07
Settings for the state space 'RealVectorSpace0'
  - state validity check resolution: 1%
  - valid segment count factor: 1
  - state space:
Real vector state space 'RealVectorSpace0' of dimension 2 with bounds: 
  - min: 0 0 
  - max: 100 100 

Declared parameters:
longest_valid_segment_fraction = 0.01
max_control_duration = 20
min_control_duration = 1
projection.cellsize.0 = 5
projection.cellsize.1 = 5
projection.cellsize_factor = 0
propagation_step_size = 0.1
valid_segment_count_factor = 1
Valid state sampler named uniform with parameters:
nr_attempts = 100
  - control space:
Real vector control space 'RealVectorControl[RealVectorSpace0]' with bounds: 
  - min: -20 -20 
  - max: 20 20 
  - can propagate backward: no
  - propagation step size: 0.1
  - propagation duration: [1, 20]
Planner KPIECE1 specs:
Multithreaded:                 No
Reports approximate solutions: Yes
Can optimize solutions:        No
Aware of the following parameters: bad_score_factor border_fraction goal_bias good_score_factor max_close_samples
Declared parameters for planner KPIECE1:
bad_score_factor = 0.45
border_fraction = 0.8
goal_bias = 0.05
good_score_factor = 0.9
max_close_samples = 30
Start states:
RealVectorState [1 1]
Goal region, threshold = 10, memory address = 0x205bd50
Optimization Objective: Path Length @0x205c1b0
Optimization Threshold: 10000
Average state cost: 0
There are 0 solutions

Properties of benchmarked planners:
Planner RRBT specs:
Multithreaded:                 No
Reports approximate solutions: Yes
Can optimize solutions:        Yes
Aware of the following parameters: delay_collision_checking focus_search goal_bias informed_sampling new_state_rejection number_sampling_attempts ordered_sampling ordering_batch_size prune_threshold pruned_measure range rewire_factor sample_rejection tree_pruning use_admissible_heuristic use_k_nearest
|>>>
<<<|
Architecture:                       x86_64
CPU op-mode(s):                     32-bit, 64-bit
Byte Order:                         Little Endian
Address sizes:                      39 bits physical, 48 bits virtual
CPU(s):                             16
On-line CPU(s) list:                0-15
Thread(s) per core:                 2
Core(s) per socket:                 8
Socket(s):                          1
NUMA node(s):                       1
Vendor ID:                          GenuineIntel
CPU family:                         6
Model:                              167
Model name:                         11th Gen Intel(R) Core(TM) i7-11700K @ 3.60GHz
Stepping:                           1
CPU MHz:                            3600.000
CPU max MHz:                        5000.0000
CPU min MHz:                        800.0000
BogoMIPS:                           7200.00
Virtualization:                     VT-x
L1d cache:                          384 KiB
L1i cache:                          256 KiB
L2 cache:                           4 MiB
L3 cache:                           16 MiB
NUMA node0 CPU(s):                  0-15
Vulnerability Gather data sampling: Mitigation; Microcode
Vulnerability Itlb multihit:        Not affected
Vulnerability L1tf:                 Not affected
Vulnerability Mds:                  Not affected
Vulnerability Meltdown:             Not affected
Vulnerability Mmio stale data:      Mitigation; Clear CPU buffers; SMT vulnerable
Vulnerability Retbleed:             Mitigation; Enhanced IBRS
Vulnerability Spec rstack overflow: Not affected
Vulnerability Spec store bypass:    Mitigation; Speculative Store Bypass disabled via prctl and seccomp
Vulnerability Spectre v1:           Mitigation; usercopy/swapgs barriers and __user pointer sanitization
Vulnerability Spectre v2:           Mitigation; Enhanced IBRS, IBPB conditional, RSB filling, PBRSB-eIBRS SW sequence
Vulnerability Srbds:                Not affected
Vulnerability Tsx async abort:      Not affected
Flags:                              fpu vme de pse tsc msr pae mce cx8 apic sep mtrr pge mca cmov pat pse36 clflush dts acpi mmx fxsr sse sse2 ss ht tm pbe syscall nx pdpe1gb rdtscp lm constant_tsc art arch_perfmon pebs bts rep_good nopl xtopology nonstop_tsc cpuid aperfmperf tsc_known_freq pni pclmulqdq dtes64 monitor ds_cpl vmx smx est tm2 ssse3 sdbg fma cx16 xtpr pdcm pcid sse4_1 sse4_2 x2apic movbe popcnt tsc_deadline_timer aes xsave avx f16c rdrand lahf_lm abm 3dnowprefetch cpuid_fault epb invpcid_single ssbd ibrs ibpb stibp ibrs_enhanced tpr_shadow vnmi flexpriority ept vpid ept_ad fsgsbase tsc_adjust bmi1 avx2 smep bmi2 erms invpcid mpx avx512f avx512dq rdseed adx smap avx512ifma clflushopt intel_pt avx512cd sha_ni avx512bw avx512vl xsaveopt xsavec xgetbv1 xsaves dtherm ida arat pln pts hwp hwp_notify hwp_act_window hwp_epp hwp_pkg_req avx512vbmi umip pku ospke avx512_vbmi2 gfni vaes vpclmulqdq avx512_vnni avx512_bitalg avx512_vpopcntdq rdpid fsrm md_clear flush_l1d arch_capabilities
|>>>
10935310756215444 is the random seed
60 seconds per run
10000 MB per run
100 runs per planner
96.2579 seconds spent to collect the data
1 enum type
status|Unknown status|Invalid start|Invalid goal|Unrecognized goal type|Timeout|Approximate solution|Exact solution|Crash|Unknown status
1 planners
control_RRBT
24 common properties
delay_collision_checking = 1
focus_search = 0
goal_bias = 0.05
informed_sampling = 0
longest_valid_segment_fraction = 0.01
max_control_duration = 20
min_control_duration = 1
new_state_rejection = 0
number_sampling_attempts = 100
ordered_sampling = 0
ordering_batch_size = 1
projection.cellsize.0 = 5
projection.cellsize.1 = 5
projection.cellsize_factor = 0
propagation_step_size = 0.1
prune_threshold = 0.05
pruned_measure = 0
range = 30
rewire_factor = 1.1
sample_rejection = 0
tree_pruning = 0
use_admissible_heuristic = 1
use_k_nearest = 1
valid_segment_count_factor = 1
11 properties for each run
approximate solution BOOLEAN
best cost REAL
graph motions INTEGER
graph states INTEGER
iterations INTEGER
memory REAL
solution length REAL
solved BOOLEAN
status ENUM
time REAL
valid segment fraction REAL
100 runs
0; 302.374494; 286; 287; 366; 18.4102; 212.559; 1; 6; 1.77355; 0; 
0; 301.114639; 167; 168; 239; 28.0156; 212.768; 1; 6; 0.870503; 0; 
0; 292.477255; 236; 237; 422; 32.6562; 204.188; 1; 6; 0.923968; 0; 
0; 295.857451; 137; 138; 179; 44.2578; 207.097; 1; 6; 0.777223; 0; 
0; 301.888079; 117; 118; 150; 57.1523; 211.35; 1; 6; 0.735932; 0; 
0; 299.863625; 219; 220; 300; 67.4648; 208.651; 1; 6; 1.30783; 0; 
0; 299.827872; 452; 453; 596; 74.6875; 209.818; 1; 6; 2.40378; 0; 
0; 307.053493; 237; 238; 330; 83.9688; 217.084; 1; 6; 1.51916; 0; 
0; 298.818085; 57; 58; 92; 87.8359; 211.068; 1; 6; 0.149294; 0; 
0; 302.105535; 67; 68; 101; 96.3438; 211.592; 1; 6; 0.238804; 0; 
0; 302.080087; 39; 40; 63; 100.469; 213.547; 1; 6; 0.0690368; 0; 
0; 297.995210; 275; 276; 365; 107.945; 211.722; 1; 6; 1.60951; 0; 
0; 315.510421; 54; 55; 78; 114.648; 220.858; 1; 6; 0.144177; 0; 
0; 291.120287; 300; 301; 432; 121.613; 202.644; 1; 6; 1.7586; 0; 
0; 301.719558; 223; 224; 329; 127.285; 210.334; 1; 6; 1.06159; 0; 
0; 318.704685; 49; 50; 56; 131.152; 228.967; 1; 6; 0.131558; 0; 
0; 290.403594; 267; 268; 372; 142.238; 205.584; 1; 6; 1.65318; 0; 
0; 294.199521; 311; 312; 410; 150.746; 204.961; 1; 6; 1.66181; 0; 
0; 319.188654; 126; 127; 189; 157.707; 227.318; 1; 6; 0.558477; 0; 
0; 305.128028; 131; 132; 177; 167.246; 211.627; 1; 6; 0.798003; 0; 
0; 309.418861; 119; 120; 160; 173.59; 214.379; 1; 6; 0.474957; 0; 
0; 295.102656; 122; 123; 166; 182.871; 208.138; 1; 6; 0.637559; 0; 
0; 306.063630; 177; 178; 250; 189.832; 215.479; 1; 6; 0.89045; 0; 
0; 303.871357; 77; 78; 104; 199.629; 214.224; 1; 6; 0.342237; 0; 
0; 295.793631; 253; 254; 345; 206.848; 207.043; 1; 6; 1.33782; 0; 
0; 306.282532; 101; 102; 137; 213.293; 213.56; 1; 6; 0.424363; 0; 
0; 312.606947; 204; 205; 258; 221.285; 216.537; 1; 6; 0.968681; 0; 
0; 294.561580; 166; 167; 255; 228.246; 208.961; 1; 6; 0.767314; 0; 
0; 298.855713; 239; 240; 308; 237.785; 209.414; 1; 6; 1.70189; 0; 
0; 323.920255; 54; 55; 80; 243.715; 226.324; 1; 6; 0.18276; 0; 
0; 324.803271; 50; 51; 74; 246.809; 228.137; 1; 6; 0.107647; 0; 
0; 298.419601; 255; 256; 364; 255.316; 210.668; 1; 6; 1.32466; 0; 
0; 302.326111; 131; 132; 208; 261.246; 215.82; 1; 6; 0.697121; 0; 
0; 295.485033; 178; 179; 269; 267.434; 208.462; 1; 6; 0.891105; 0; 
0; 296.993042; 241; 242; 321; 277.488; 208.624; 1; 6; 1.44115; 0; 
0; 329.024974; 50; 51; 61; 282.129; 231.263; 1; 6; 0.0871113; 0; 
0; 295.504558; 401; 402; 503; 290.125; 208.339; 1; 6; 2.55501; 0; 
0; 299.948917; 186; 187; 277; 296.57; 213.092; 1; 6; 1.04422; 0; 
0; 301.158913; 188; 189; 222; 304.82; 216.405; 1; 6; 0.872888; 0; 
0; 297.793179; 79; 80; 115; 313.844; 207.892; 1; 6; 0.356386; 0; 
0; 298.799271; 544; 545; 716; 323.641; 212.626; 1; 6; 2.8404; 0; 
0; 305.422529; 82; 83; 136; 327.516; 218.74; 1; 6; 0.340286; 0; 
0; 307.007415; 69; 70; 90; 334.992; 216.755; 1; 6; 0.291179; 0; 
0; 296.828756; 130; 131; 189; 343.758; 209.463; 1; 6; 0.696083; 0; 
0; 299.610293; 221; 222; 275; 351.23; 211.517; 1; 6; 1.0185; 0; 
0; 290.046263; 522; 523; 696; 358.457; 202.374; 1; 6; 2.2068; 0; 
0; 303.205570; 86; 87; 124; 363.23; 215.222; 1; 6; 0.314643; 0; 
0; 306.293955; 267; 268; 371; 370.191; 215.629; 1; 6; 1.4513; 0; 
0; 301.698055; 185; 186; 249; 382.309; 210.312; 1; 6; 1.47752; 0; 
0; 300.960410; 159; 160; 278; 388.238; 215.677; 1; 6; 0.707994; 0; 
0; 302.535119; 170; 171; 252; 396.746; 215.701; 1; 6; 0.812342; 0; 
0; 305.400940; 138; 139; 189; 402.418; 214.546; 1; 6; 0.65374; 0; 
0; 301.608913; 203; 204; 275; 411.699; 212.954; 1; 6; 1.21723; 0; 
0; 296.980998; 134; 135; 184; 420.207; 212.319; 1; 6; 0.728214; 0; 
0; 319.446244; 134; 135; 210; 425.105; 224.259; 1; 6; 0.609803; 0; 
0; 302.505536; 454; 455; 581; 433.348; 212.174; 1; 6; 2.32053; 0; 
0; 309.585955; 98; 99; 149; 441.34; 219.431; 1; 6; 0.415397; 0; 
0; 295.739707; 449; 450; 620; 450.102; 211.346; 1; 6; 2.51195; 0; 
0; 306.557407; 196; 197; 292; 455; 213.036; 1; 6; 0.987676; 0; 
0; 289.936810; 375; 376; 525; 463.508; 200.862; 1; 6; 2.39808; 0; 
0; 301.841885; 157; 158; 245; 469.953; 212.854; 1; 6; 0.764805; 0; 
0; 298.276803; 145; 146; 209; 478.719; 212.69; 1; 6; 0.699176; 0; 
0; 296.850234; 434; 435; 574; 487.914; 206.586; 1; 6; 2.37301; 0; 
0; 310.043068; 56; 57; 71; 494.613; 218.937; 1; 6; 0.163927; 0; 
0; 312.025100; 79; 80; 124; 500.543; 220.954; 1; 6; 0.290523; 0; 
0; 307.201132; 103; 104; 139; 507.504; 215.357; 1; 6; 0.420795; 0; 
0; 325.004710; 152; 153; 226; 513.176; 225.721; 1; 6; 0.700518; 0; 
0; 295.939604; 136; 137; 191; 521.168; 205.449; 1; 6; 0.694386; 0; 
0; 293.046495; 410; 411; 510; 529.676; 205.388; 1; 6; 2.24636; 0; 
0; 319.606027; 98; 99; 153; 533.801; 223.727; 1; 6; 0.418864; 0; 
0; 301.760437; 490; 491; 655; 541.02; 213.587; 1; 6; 2.46212; 0; 
0; 306.934932; 133; 134; 259; 543.074; 214.595; 1; 6; 0.508687; 0; 
0; 297.595874; 156; 157; 226; 548.23; 211.126; 1; 6; 0.652833; 0; 
0; 305.908595; 71; 72; 98; 557.254; 216.841; 1; 6; 0.334966; 0; 
0; 294.486548; 234; 235; 303; 567.051; 205.298; 1; 6; 1.22201; 0; 
0; 302.664358; 61; 62; 94; 570.66; 211.243; 1; 6; 0.2595; 0; 
0; 303.800649; 115; 116; 158; 577.621; 214.601; 1; 6; 0.594444; 0; 
0; 306.045932; 57; 58; 82; 582.52; 217.377; 1; 6; 0.155525; 0; 
0; 305.699242; 43; 44; 68; 586.645; 214.755; 1; 6; 0.11408; 0; 
0; 311.222669; 67; 68; 95; 592.832; 214.922; 1; 6; 0.249733; 0; 
0; 298.866779; 213; 214; 284; 600.82; 207.452; 1; 6; 1.22911; 0; 
0; 302.622045; 218; 219; 317; 608.297; 213.417; 1; 6; 1.04985; 0; 
0; 332.745773; 54; 55; 86; 612.68; 235.092; 1; 6; 0.136216; 0; 
0; 305.017909; 394; 395; 519; 624.027; 213.058; 1; 6; 2.51134; 0; 
0; 295.580780; 186; 187; 252; 632.02; 209.105; 1; 6; 1.03936; 0; 
0; 304.618759; 43; 44; 71; 636.402; 213.07; 1; 6; 0.085193; 0; 
0; 292.935670; 114; 115; 165; 643.621; 205.01; 1; 6; 0.498788; 0; 
0; 298.397749; 322; 323; 422; 650.324; 208.772; 1; 6; 1.63975; 0; 
0; 306.234957; 65; 66; 100; 654.191; 221.539; 1; 6; 0.266533; 0; 
0; 304.255087; 146; 147; 224; 659.348; 215.158; 1; 6; 0.622037; 0; 
0; 292.849618; 405; 406; 522; 668.629; 206.974; 1; 6; 2.3309; 0; 
0; 312.975988; 61; 62; 96; 672.496; 222.814; 1; 6; 0.223456; 0; 
0; 312.754747; 75; 76; 99; 684.871; 218.519; 1; 6; 0.4478; 0; 
0; 299.226377; 727; 728; 905; 695.195; 210.122; 1; 6; 3.6632; 0; 
0; 330.044394; 63; 64; 94; 698.547; 231.116; 1; 6; 0.223212; 0; 
0; 296.520819; 179; 180; 265; 705.508; 209.703; 1; 6; 1.24496; 0; 
0; 305.716300; 61; 62; 94; 709.633; 213.333; 1; 6; 0.287639; 0; 
0; 302.677568; 103; 104; 180; 717.625; 210.794; 1; 6; 0.604393; 0; 
0; 300.784773; 170; 171; 231; 727.938; 211.766; 1; 6; 1.13034; 0; 
0; 311.371147; 108; 109; 178; 733.094; 218.624; 1; 6; 0.413103; 0; 
3 progress properties for each run
best cost REAL
iterations INTEGER
time REAL
100 runs
inf,53,0.0500695,;inf,68,0.10018,;inf,83,0.150281,;inf,94,0.200373,;inf,106,0.250453,;inf,115,0.300566,;inf,123,0.350687,;inf,133,0.400774,;inf,142,0.450855,;inf,148,0.500928,;inf,154,0.551007,;inf,159,0.60108,;inf,166,0.651189,;inf,172,0.701263,;inf,177,0.751376,;inf,187,0.801487,;inf,193,0.851572,;inf,207,0.901673,;inf,217,0.951731,;inf,230,1.00181,;inf,237,1.05193,;inf,240,1.10207,;inf,253,1.15216,;inf,258,1.20226,;inf,274,1.25237,;inf,282,1.30249,;inf,296,1.35257,;inf,304,1.40269,;inf,311,1.45277,;inf,320,1.50287,;inf,326,1.55296,;inf,334,1.60305,;inf,341,1.65315,;inf,354,1.70324,;inf,363,1.75331,;
inf,63,0.0500567,;inf,80,0.100131,;inf,93,0.150235,;inf,106,0.200331,;inf,118,0.250429,;inf,124,0.300505,;inf,134,0.350591,;inf,144,0.400678,;inf,153,0.450877,;inf,162,0.500959,;inf,169,0.551038,;inf,179,0.601117,;inf,187,0.651203,;inf,199,0.701291,;inf,209,0.751377,;inf,220,0.801451,;inf,235,0.851525,;
inf,66,0.0500701,;inf,84,0.100174,;inf,111,0.150267,;inf,132,0.200357,;inf,144,0.250451,;inf,170,0.300545,;inf,190,0.350644,;inf,214,0.400732,;inf,243,0.450828,;inf,273,0.500918,;inf,289,0.551051,;inf,310,0.601139,;inf,332,0.651224,;inf,349,0.701307,;inf,365,0.751398,;inf,382,0.801478,;inf,401,0.851568,;inf,417,0.901665,;
inf,58,0.0500664,;inf,71,0.100147,;inf,79,0.150224,;inf,90,0.20037,;inf,100,0.250443,;inf,108,0.300534,;inf,118,0.350642,;inf,128,0.400751,;inf,135,0.450824,;inf,142,0.500897,;inf,149,0.550943,;inf,157,0.601018,;inf,162,0.651092,;inf,169,0.701182,;inf,178,0.751268,;
inf,48,0.0500984,;inf,61,0.100179,;inf,72,0.150274,;inf,80,0.2004,;inf,87,0.250493,;inf,92,0.300591,;inf,100,0.35067,;inf,110,0.40077,;inf,117,0.450882,;inf,122,0.50096,;inf,128,0.551047,;inf,135,0.601153,;inf,142,0.651255,;inf,146,0.701337,;
inf,53,0.0500572,;inf,68,0.100131,;inf,78,0.150205,;inf,91,0.200279,;inf,102,0.250355,;inf,113,0.300479,;inf,121,0.350568,;inf,132,0.400667,;inf,144,0.450801,;inf,155,0.500915,;inf,171,0.550992,;inf,183,0.601067,;inf,193,0.651156,;inf,199,0.701272,;inf,205,0.75136,;inf,214,0.801472,;inf,222,0.851574,;inf,235,0.901666,;inf,245,0.951761,;inf,256,1.00186,;inf,267,1.05195,;inf,274,1.10203,;inf,280,1.15212,;inf,288,1.20221,;inf,296,1.2523,;inf,300,1.30238,;
inf,65,0.0500621,;inf,80,0.100143,;inf,93,0.150232,;inf,104,0.200323,;inf,118,0.250416,;inf,128,0.300493,;inf,143,0.350574,;inf,155,0.400687,;inf,166,0.450771,;inf,174,0.50085,;inf,188,0.550924,;inf,197,0.600993,;inf,204,0.65108,;inf,212,0.701166,;inf,220,0.75127,;inf,229,0.801366,;inf,240,0.851468,;inf,247,0.901561,;inf,259,0.951658,;inf,267,1.00175,;inf,282,1.05188,;inf,292,1.10196,;inf,301,1.1521,;inf,310,1.20218,;inf,320,1.25225,;inf,331,1.30234,;inf,339,1.35242,;inf,358,1.40254,;inf,369,1.45264,;inf,378,1.50273,;inf,389,1.55286,;inf,401,1.60295,;inf,413,1.65304,;inf,427,1.70312,;inf,437,1.75321,;inf,450,1.8033,;inf,459,1.85338,;inf,466,1.90347,;inf,482,1.95356,;inf,494,2.00365,;inf,503,2.05374,;inf,514,2.10384,;inf,526,2.15392,;inf,541,2.20401,;inf,557,2.2541,;inf,568,2.30419,;inf,583,2.35428,;
inf,42,0.0500651,;inf,56,0.100156,;inf,67,0.150244,;inf,78,0.200332,;inf,95,0.250421,;inf,103,0.30055,;inf,116,0.350638,;inf,125,0.400729,;inf,134,0.450817,;inf,147,0.500903,;inf,154,0.551002,;inf,164,0.601099,;inf,174,0.651195,;inf,184,0.701282,;inf,192,0.751374,;inf,200,0.801459,;inf,207,0.851553,;inf,214,0.901639,;inf,222,0.951719,;inf,231,1.00182,;inf,239,1.0519,;inf,249,1.102,;inf,263,1.15208,;inf,273,1.20217,;inf,282,1.25226,;inf,292,1.30235,;inf,299,1.35244,;inf,311,1.40252,;inf,319,1.4526,;inf,329,1.50272,;
inf,58,0.0500613,;inf,75,0.100153,;
inf,60,0.050092,;inf,75,0.100166,;inf,87,0.150251,;inf,95,0.200341,;
inf,56,0.0500583,;
inf,60,0.0500617,;inf,82,0.100153,;inf,93,0.150244,;inf,102,0.200332,;inf,114,0.250415,;inf,125,0.300506,;inf,138,0.350594,;inf,148,0.400682,;inf,158,0.450771,;inf,167,0.500862,;inf,178,0.550952,;inf,188,0.601253,;inf,197,0.651337,;inf,204,0.701418,;inf,213,0.751503,;inf,220,0.801595,;inf,229,0.851685,;inf,237,0.901781,;inf,246,0.951871,;inf,254,1.00195,;inf,262,1.05203,;inf,270,1.10212,;inf,278,1.15221,;inf,287,1.2023,;inf,294,1.2524,;inf,303,1.3025,;inf,317,1.35259,;inf,326,1.40268,;inf,333,1.45277,;inf,342,1.50287,;inf,355,1.55296,;inf,365,1.60305,;
inf,55,0.0500689,;inf,69,0.100166,;
inf,72,0.050059,;inf,84,0.100144,;inf,97,0.15023,;inf,110,0.20031,;inf,123,0.250399,;inf,134,0.300483,;inf,143,0.350568,;inf,152,0.400655,;inf,164,0.450739,;inf,174,0.500845,;inf,183,0.550933,;inf,192,0.601027,;inf,199,0.651141,;inf,210,0.701232,;inf,221,0.751321,;inf,232,0.801422,;inf,243,0.851511,;inf,251,0.901633,;inf,262,0.951713,;inf,273,1.0018,;inf,282,1.0519,;inf,290,1.102,;inf,298,1.15209,;inf,304,1.20217,;inf,317,1.25225,;inf,325,1.30232,;inf,333,1.35241,;inf,343,1.4025,;inf,355,1.45259,;inf,365,1.50268,;inf,379,1.55277,;inf,399,1.60286,;inf,412,1.65294,;inf,422,1.70304,;inf,432,1.75311,;
inf,65,0.0500595,;inf,88,0.100147,;inf,106,0.150231,;inf,115,0.200333,;inf,129,0.250412,;inf,142,0.300542,;inf,155,0.350636,;inf,169,0.400718,;inf,181,0.450793,;inf,193,0.500868,;inf,203,0.550941,;inf,216,0.601017,;inf,225,0.651117,;inf,236,0.701198,;inf,247,0.751289,;inf,261,0.801384,;inf,276,0.851484,;inf,288,0.901566,;inf,304,0.951656,;inf,316,1.00176,;inf,328,1.05185,;
inf,40,0.0500574,;inf,50,0.100139,;
inf,64,0.05007,;inf,85,0.100165,;inf,97,0.15026,;inf,105,0.20036,;inf,115,0.250465,;inf,124,0.300555,;inf,132,0.350673,;inf,143,0.400762,;inf,152,0.450864,;inf,160,0.500963,;inf,169,0.551063,;inf,180,0.601149,;inf,185,0.651243,;inf,192,0.701341,;inf,197,0.751437,;inf,203,0.801528,;inf,211,0.851622,;inf,218,0.901713,;inf,226,0.951805,;inf,236,1.00189,;inf,246,1.05199,;inf,253,1.10208,;inf,263,1.15217,;inf,274,1.20226,;inf,284,1.25235,;inf,296,1.30242,;inf,310,1.35248,;inf,320,1.40257,;inf,327,1.45266,;inf,338,1.50275,;inf,347,1.5529,;inf,360,1.60299,;290.403594,372,1.65309,;
inf,54,0.0500731,;inf,70,0.10016,;inf,80,0.150255,;inf,91,0.200343,;inf,101,0.250437,;inf,114,0.300537,;inf,125,0.350634,;inf,135,0.400719,;inf,145,0.450806,;inf,157,0.500901,;inf,163,0.55099,;inf,175,0.601085,;inf,186,0.651194,;inf,195,0.701286,;inf,207,0.751386,;inf,218,0.801468,;inf,224,0.851547,;inf,238,0.901636,;inf,250,0.951738,;inf,264,1.00182,;inf,275,1.05192,;inf,283,1.10201,;inf,295,1.15211,;inf,312,1.20221,;inf,319,1.2523,;inf,332,1.30241,;inf,338,1.35251,;inf,349,1.4026,;inf,357,1.45269,;inf,369,1.5028,;inf,382,1.55288,;inf,396,1.60296,;inf,410,1.65305,;
inf,65,0.0500706,;inf,77,0.100192,;inf,90,0.150267,;inf,102,0.200474,;inf,114,0.250592,;inf,124,0.300666,;inf,137,0.350781,;inf,147,0.400854,;inf,159,0.450985,;inf,176,0.501088,;inf,187,0.551165,;
inf,44,0.0500614,;inf,58,0.100143,;inf,70,0.150221,;inf,78,0.200311,;inf,89,0.250404,;inf,98,0.300481,;inf,107,0.350564,;inf,114,0.400651,;inf,121,0.450727,;inf,128,0.500858,;inf,135,0.550936,;inf,143,0.601013,;inf,152,0.651089,;inf,161,0.701169,;inf,170,0.751258,;
inf,54,0.0500606,;inf,69,0.100167,;inf,81,0.150258,;inf,94,0.200342,;inf,105,0.250425,;inf,116,0.300504,;inf,128,0.350631,;inf,142,0.400712,;inf,156,0.450802,;
inf,55,0.0500668,;inf,69,0.100155,;inf,82,0.150251,;inf,90,0.20034,;inf,98,0.250436,;inf,107,0.300522,;inf,116,0.350636,;inf,125,0.400723,;inf,133,0.450817,;inf,144,0.500907,;inf,154,0.551,;inf,161,0.601099,;
inf,47,0.0500683,;inf,66,0.100163,;inf,76,0.150244,;inf,88,0.200332,;inf,99,0.250411,;inf,110,0.300513,;inf,124,0.350583,;inf,134,0.400673,;inf,146,0.450759,;inf,158,0.500851,;inf,171,0.55094,;inf,183,0.601034,;inf,196,0.651117,;inf,208,0.701206,;inf,220,0.751293,;inf,233,0.801411,;inf,242,0.851502,;
inf,44,0.0500733,;inf,56,0.100165,;inf,65,0.150263,;inf,75,0.200346,;inf,87,0.250433,;inf,97,0.300511,;
inf,51,0.0500578,;inf,70,0.100149,;inf,81,0.15023,;inf,95,0.200315,;inf,106,0.250405,;inf,119,0.30046,;inf,137,0.35055,;inf,152,0.400642,;inf,164,0.450733,;inf,175,0.500817,;inf,188,0.550908,;inf,196,0.601032,;inf,208,0.651149,;inf,217,0.701276,;inf,225,0.751366,;inf,234,0.801425,;inf,245,0.85155,;inf,256,0.90163,;inf,266,0.95172,;inf,273,1.00181,;inf,283,1.0519,;inf,290,1.10199,;inf,299,1.15207,;inf,310,1.20216,;inf,326,1.25225,;inf,338,1.30234,;
inf,40,0.0500761,;inf,57,0.100169,;inf,73,0.150264,;inf,84,0.20038,;inf,96,0.250494,;inf,106,0.300572,;inf,116,0.350662,;inf,132,0.400781,;
inf,51,0.0500665,;inf,65,0.100165,;inf,81,0.150259,;inf,99,0.200359,;inf,111,0.250454,;inf,120,0.300555,;inf,129,0.350648,;inf,139,0.400747,;inf,150,0.450832,;inf,159,0.500928,;inf,168,0.551026,;inf,176,0.601121,;inf,185,0.651213,;inf,196,0.7013,;inf,207,0.751395,;inf,215,0.80147,;inf,229,0.851559,;inf,242,0.901651,;inf,253,0.951738,;
inf,63,0.0500651,;inf,77,0.100147,;inf,92,0.150229,;inf,109,0.200318,;inf,125,0.250407,;inf,138,0.300492,;inf,159,0.350581,;inf,172,0.400665,;inf,187,0.450747,;inf,197,0.500861,;inf,205,0.550957,;inf,221,0.601047,;inf,231,0.651181,;inf,242,0.701264,;inf,253,0.751342,;
inf,48,0.0500571,;inf,63,0.100173,;inf,75,0.150258,;inf,83,0.200346,;inf,93,0.250426,;inf,101,0.300516,;inf,107,0.3506,;inf,115,0.400692,;inf,121,0.450794,;inf,128,0.500878,;inf,134,0.550973,;inf,145,0.601095,;inf,151,0.651174,;inf,159,0.701258,;inf,163,0.751336,;inf,169,0.80142,;inf,174,0.851504,;inf,184,0.90159,;inf,192,0.951677,;inf,201,1.00176,;inf,209,1.05187,;inf,215,1.10196,;inf,220,1.15206,;inf,228,1.20215,;inf,240,1.25223,;inf,249,1.30231,;inf,255,1.3524,;inf,264,1.4025,;inf,272,1.45259,;inf,279,1.50269,;inf,286,1.55279,;inf,293,1.60289,;inf,304,1.653,;
inf,52,0.0500569,;inf,63,0.100137,;inf,74,0.150271,;
inf,58,0.0500554,;inf,73,0.100133,;
inf,63,0.0500754,;inf,75,0.100197,;inf,89,0.150289,;inf,101,0.200372,;inf,116,0.250458,;inf,130,0.300535,;inf,141,0.35062,;inf,153,0.400723,;inf,163,0.450801,;inf,173,0.500902,;inf,184,0.550984,;inf,197,0.601077,;inf,209,0.651211,;inf,221,0.701297,;inf,232,0.751394,;inf,242,0.801495,;inf,254,0.851588,;inf,264,0.901674,;inf,272,0.951771,;inf,285,1.00187,;inf,298,1.05196,;inf,317,1.10205,;inf,330,1.15214,;inf,342,1.20223,;inf,353,1.25233,;inf,362,1.30242,;
inf,64,0.0500617,;inf,79,0.100149,;inf,94,0.150235,;inf,102,0.20031,;inf,111,0.250422,;inf,123,0.300505,;inf,131,0.350618,;inf,139,0.400695,;inf,148,0.450782,;inf,159,0.500872,;inf,170,0.550957,;inf,186,0.601043,;inf,199,0.651124,;
inf,72,0.0500712,;inf,89,0.100175,;inf,107,0.150264,;inf,122,0.200346,;inf,131,0.250439,;inf,141,0.300524,;inf,155,0.350612,;inf,166,0.400695,;inf,176,0.450783,;inf,186,0.500869,;inf,200,0.550953,;inf,212,0.601039,;inf,221,0.651123,;inf,231,0.701212,;inf,239,0.751296,;inf,249,0.80138,;inf,260,0.851463,;
inf,68,0.0500142,;inf,90,0.100106,;inf,103,0.150202,;inf,112,0.200297,;inf,124,0.250409,;inf,133,0.300501,;inf,144,0.350585,;inf,154,0.400675,;inf,164,0.450772,;inf,171,0.500861,;inf,177,0.550949,;inf,186,0.601042,;inf,195,0.651127,;inf,201,0.701215,;inf,208,0.751316,;inf,214,0.801452,;inf,220,0.851538,;inf,228,0.90163,;inf,234,0.951723,;inf,244,1.00181,;inf,254,1.05191,;inf,262,1.10199,;inf,268,1.15208,;inf,275,1.20217,;inf,285,1.25226,;inf,291,1.30235,;inf,304,1.35244,;inf,315,1.40253,;
inf,46,0.0500576,;
inf,46,0.0500763,;inf,64,0.100166,;inf,75,0.150266,;inf,84,0.200354,;inf,96,0.250452,;inf,108,0.300547,;inf,123,0.350655,;inf,137,0.400741,;inf,150,0.450823,;inf,159,0.500903,;inf,172,0.550992,;inf,183,0.601114,;inf,192,0.651205,;inf,199,0.701302,;inf,208,0.751399,;inf,213,0.801485,;inf,223,0.851567,;inf,231,0.901649,;inf,240,0.951737,;inf,246,1.00183,;inf,255,1.05192,;inf,262,1.102,;inf,272,1.1521,;inf,282,1.20222,;inf,288,1.25229,;inf,295,1.30238,;inf,302,1.35248,;inf,312,1.40256,;inf,317,1.45265,;inf,327,1.50274,;inf,334,1.55281,;inf,343,1.60289,;inf,351,1.65297,;inf,358,1.70306,;inf,363,1.75315,;inf,375,1.80324,;inf,380,1.85333,;inf,387,1.90342,;inf,397,1.9535,;inf,404,2.00359,;inf,410,2.05368,;inf,418,2.10377,;inf,428,2.15386,;inf,441,2.20396,;inf,450,2.25406,;inf,455,2.30413,;inf,463,2.35422,;inf,478,2.4043,;inf,485,2.45439,;inf,494,2.50448,;295.504558,503,2.55457,;
inf,51,0.0500569,;inf,68,0.100132,;inf,86,0.150209,;inf,102,0.200286,;inf,119,0.25036,;inf,133,0.300442,;inf,143,0.350519,;inf,156,0.400595,;inf,169,0.450683,;inf,183,0.500766,;inf,193,0.550847,;inf,202,0.600933,;inf,212,0.651029,;inf,221,0.70112,;inf,229,0.751203,;inf,238,0.80133,;inf,245,0.851404,;inf,251,0.901478,;inf,259,0.95156,;inf,269,1.00165,;
inf,44,0.0500567,;inf,57,0.10013,;inf,69,0.150239,;inf,78,0.20035,;inf,86,0.250427,;inf,97,0.300587,;inf,107,0.350666,;inf,116,0.400755,;inf,125,0.45083,;inf,135,0.500955,;inf,146,0.551029,;inf,158,0.60112,;inf,169,0.651206,;inf,184,0.701298,;inf,195,0.751383,;inf,208,0.801478,;inf,219,0.85158,;
inf,57,0.0500664,;inf,72,0.100198,;inf,82,0.150289,;inf,92,0.200384,;inf,100,0.25047,;inf,109,0.300561,;inf,115,0.350664,;
inf,62,0.0500755,;inf,78,0.10017,;inf,90,0.150262,;inf,101,0.200363,;inf,110,0.250444,;inf,122,0.300536,;inf,135,0.350624,;inf,144,0.400724,;inf,150,0.450822,;inf,157,0.500908,;inf,164,0.550997,;inf,169,0.601095,;inf,175,0.651184,;inf,182,0.701293,;inf,193,0.751385,;inf,201,0.80148,;inf,208,0.851555,;inf,216,0.901638,;inf,222,0.951719,;inf,231,1.0018,;inf,241,1.05188,;inf,248,1.10197,;inf,258,1.15205,;inf,269,1.20213,;inf,280,1.25222,;inf,291,1.30231,;inf,302,1.35239,;inf,313,1.40248,;inf,325,1.45258,;inf,336,1.50269,;inf,345,1.55275,;inf,358,1.60284,;inf,368,1.65293,;inf,383,1.70302,;inf,394,1.75311,;inf,407,1.8032,;inf,420,1.85328,;inf,431,1.90336,;inf,444,1.95346,;inf,454,2.00353,;inf,466,2.05363,;inf,478,2.10372,;inf,492,2.15382,;inf,505,2.20391,;inf,521,2.254,;inf,534,2.30408,;inf,554,2.35416,;inf,571,2.40425,;inf,584,2.45434,;inf,601,2.50443,;inf,616,2.55452,;inf,630,2.60462,;inf,646,2.6547,;inf,665,2.70477,;inf,683,2.75485,;inf,704,2.80494,;
inf,54,0.0500607,;inf,74,0.100149,;inf,90,0.150233,;inf,101,0.200319,;inf,113,0.250405,;inf,126,0.300496,;
inf,45,0.0500571,;inf,58,0.100134,;inf,70,0.150222,;inf,77,0.200312,;inf,84,0.250402,;
inf,51,0.0500962,;inf,69,0.100182,;inf,80,0.150309,;inf,91,0.200384,;inf,100,0.25047,;inf,112,0.300559,;inf,123,0.350661,;inf,131,0.400745,;inf,138,0.450861,;inf,150,0.500936,;inf,163,0.551029,;inf,171,0.601145,;inf,179,0.651233,;
inf,50,0.0500608,;inf,67,0.100141,;inf,85,0.150221,;inf,99,0.200312,;inf,114,0.250408,;inf,128,0.300499,;inf,141,0.350601,;inf,151,0.400696,;inf,160,0.450785,;inf,171,0.500871,;inf,179,0.550957,;inf,186,0.601053,;inf,195,0.651153,;inf,205,0.701248,;inf,216,0.75135,;inf,228,0.801445,;inf,239,0.851526,;inf,250,0.901613,;inf,262,0.951702,;inf,272,1.0018,;
inf,52,0.0500571,;inf,70,0.100142,;inf,87,0.150237,;inf,101,0.200366,;inf,114,0.250447,;inf,122,0.300527,;inf,136,0.350643,;inf,144,0.400705,;inf,154,0.450794,;inf,164,0.50088,;inf,177,0.550967,;inf,188,0.601066,;inf,202,0.651183,;inf,215,0.701274,;inf,228,0.7514,;inf,238,0.801474,;inf,253,0.851588,;inf,270,0.901672,;inf,286,0.951762,;inf,298,1.00187,;inf,308,1.05199,;inf,321,1.10207,;inf,337,1.15218,;inf,352,1.20225,;inf,367,1.25234,;inf,386,1.30252,;inf,400,1.35262,;inf,417,1.40269,;inf,431,1.45275,;inf,449,1.50284,;inf,466,1.55292,;inf,479,1.60301,;inf,501,1.65309,;inf,514,1.70318,;inf,529,1.75326,;inf,553,1.80335,;inf,568,1.85344,;inf,584,1.90355,;inf,598,1.95363,;inf,618,2.00372,;inf,639,2.05381,;inf,652,2.1039,;inf,676,2.15399,;inf,696,2.2041,;
inf,55,0.0500649,;inf,68,0.100149,;inf,83,0.150246,;inf,99,0.200334,;inf,114,0.250422,;inf,123,0.300511,;
inf,49,0.0500713,;inf,76,0.100208,;inf,85,0.150292,;inf,95,0.200378,;inf,109,0.250459,;inf,121,0.300545,;inf,138,0.350634,;inf,148,0.40076,;inf,159,0.450864,;inf,167,0.500952,;inf,179,0.551035,;inf,192,0.601117,;inf,205,0.651206,;inf,218,0.701295,;inf,230,0.751406,;inf,240,0.801495,;inf,251,0.851583,;inf,260,0.901669,;inf,274,0.951793,;inf,288,1.00189,;inf,294,1.05198,;inf,305,1.10207,;inf,317,1.1522,;inf,329,1.2023,;inf,334,1.2524,;inf,344,1.30249,;inf,352,1.35258,;inf,360,1.40267,;
inf,56,0.0500579,;inf,67,0.100158,;inf,73,0.15026,;inf,83,0.200344,;inf,89,0.250495,;inf,98,0.300587,;inf,107,0.350673,;inf,118,0.40077,;inf,126,0.450867,;inf,138,0.500959,;inf,146,0.551064,;inf,154,0.60115,;inf,162,0.651239,;inf,167,0.701324,;inf,174,0.75141,;inf,180,0.801494,;inf,185,0.851586,;inf,190,0.901665,;inf,195,0.951755,;inf,204,1.00185,;inf,207,1.05193,;inf,210,1.10201,;inf,215,1.1521,;inf,219,1.20219,;inf,222,1.25228,;inf,229,1.30238,;inf,233,1.35248,;inf,239,1.40257,;inf,247,1.45267,;
inf,60,0.0500578,;inf,84,0.100146,;inf,103,0.150254,;inf,121,0.200297,;inf,141,0.250381,;inf,155,0.300473,;inf,174,0.350555,;inf,188,0.400632,;inf,204,0.450708,;inf,219,0.500768,;inf,234,0.550806,;inf,250,0.600886,;inf,264,0.650959,;inf,278,0.70103,;
inf,66,0.0500576,;inf,80,0.100146,;inf,93,0.15024,;inf,104,0.200331,;inf,114,0.250431,;inf,126,0.300513,;inf,142,0.3506,;inf,153,0.400688,;inf,162,0.450808,;inf,177,0.500911,;inf,190,0.550995,;inf,204,0.601077,;inf,218,0.651218,;inf,228,0.701296,;inf,241,0.751378,;inf,251,0.80146,;
inf,50,0.0500624,;inf,64,0.100148,;inf,73,0.150235,;inf,84,0.200325,;inf,94,0.250426,;inf,107,0.300525,;inf,120,0.350618,;inf,129,0.400714,;inf,140,0.450803,;inf,152,0.500899,;inf,161,0.55099,;inf,177,0.60107,;inf,189,0.651158,;
inf,57,0.0500587,;inf,74,0.100141,;inf,87,0.150229,;inf,95,0.200326,;inf,103,0.250413,;inf,116,0.300504,;inf,125,0.350594,;inf,134,0.400678,;inf,141,0.450761,;inf,148,0.500851,;inf,156,0.550941,;inf,162,0.601032,;inf,173,0.651115,;inf,179,0.701204,;inf,186,0.751291,;inf,193,0.80137,;inf,204,0.85146,;inf,216,0.901552,;inf,223,0.951649,;inf,230,1.00174,;inf,238,1.05182,;inf,253,1.10191,;inf,263,1.15199,;inf,273,1.20207,;
inf,58,0.0500751,;inf,68,0.10018,;inf,79,0.150271,;inf,88,0.200348,;inf,96,0.250429,;inf,106,0.300522,;inf,117,0.350604,;inf,128,0.400703,;inf,140,0.450787,;inf,148,0.500866,;inf,159,0.55096,;inf,166,0.601055,;inf,174,0.651145,;inf,182,0.701224,;
inf,46,0.0500656,;inf,62,0.100161,;inf,72,0.150254,;inf,84,0.200345,;inf,101,0.250437,;inf,113,0.300529,;inf,131,0.350617,;inf,149,0.400703,;inf,166,0.450822,;inf,178,0.500907,;inf,198,0.550997,;inf,209,0.601088,;
inf,50,0.0500702,;inf,70,0.10017,;inf,82,0.150263,;inf,97,0.200348,;inf,109,0.250443,;inf,123,0.300529,;inf,133,0.35061,;inf,145,0.400692,;inf,154,0.450786,;inf,164,0.500872,;inf,177,0.550953,;inf,190,0.601046,;inf,202,0.651157,;inf,208,0.701284,;inf,217,0.751383,;inf,225,0.801462,;inf,235,0.85154,;inf,249,0.901642,;inf,259,0.951769,;inf,269,1.00185,;inf,280,1.05194,;inf,288,1.10204,;inf,296,1.15213,;inf,306,1.20222,;inf,313,1.25231,;inf,321,1.3024,;inf,333,1.35252,;inf,343,1.40261,;inf,352,1.45269,;inf,366,1.50278,;inf,376,1.55287,;inf,387,1.60297,;inf,399,1.65306,;inf,411,1.70316,;inf,424,1.75328,;inf,438,1.80338,;inf,447,1.85347,;inf,459,1.90356,;inf,473,1.95365,;inf,485,2.00374,;inf,499,2.05383,;inf,512,2.10392,;inf,527,2.15401,;inf,541,2.20409,;inf,557,2.25417,;inf,578,2.30425,;
inf,61,0.0500699,;inf,76,0.100161,;inf,89,0.15025,;inf,106,0.200334,;inf,116,0.250431,;inf,125,0.300517,;inf,136,0.350604,;inf,147,0.400686,;
inf,68,0.0500591,;inf,85,0.100179,;inf,102,0.15026,;inf,116,0.20035,;inf,129,0.250439,;inf,141,0.300544,;inf,158,0.350619,;inf,170,0.400724,;inf,179,0.450798,;inf,187,0.500873,;inf,198,0.55096,;inf,205,0.601039,;inf,214,0.651113,;inf,224,0.701187,;inf,233,0.751264,;inf,243,0.801347,;inf,250,0.851428,;inf,258,0.901513,;inf,268,0.951614,;inf,276,1.0017,;inf,284,1.05178,;inf,293,1.10186,;inf,302,1.15194,;inf,313,1.20203,;inf,321,1.25212,;inf,330,1.3022,;inf,342,1.35228,;inf,352,1.40236,;inf,365,1.45244,;inf,376,1.50253,;inf,388,1.55261,;inf,400,1.6027,;inf,416,1.65278,;inf,431,1.70286,;inf,442,1.75293,;inf,455,1.80302,;inf,466,1.8531,;inf,482,1.90322,;inf,496,1.95331,;inf,510,2.0034,;inf,528,2.05347,;inf,543,2.10355,;inf,557,2.15365,;inf,569,2.20373,;inf,580,2.25382,;inf,595,2.30392,;inf,601,2.35401,;inf,609,2.40409,;inf,611,2.45417,;inf,620,2.50426,;
inf,71,0.0500589,;inf,88,0.100143,;inf,110,0.150262,;inf,122,0.200382,;inf,134,0.250478,;inf,148,0.300563,;inf,162,0.350646,;inf,178,0.40073,;inf,190,0.450812,;inf,200,0.500909,;inf,211,0.551001,;inf,222,0.6011,;inf,235,0.651232,;inf,247,0.701316,;inf,257,0.751411,;inf,264,0.801511,;inf,272,0.851607,;inf,278,0.901693,;inf,288,0.951772,;
inf,62,0.0500582,;inf,92,0.100146,;inf,102,0.150242,;inf,112,0.200323,;inf,123,0.250395,;inf,135,0.30048,;inf,147,0.350554,;inf,157,0.400631,;inf,167,0.450708,;inf,177,0.500781,;inf,187,0.550892,;inf,199,0.600966,;inf,212,0.651046,;inf,223,0.70113,;inf,232,0.751207,;inf,241,0.801286,;inf,248,0.851368,;inf,258,0.901451,;inf,265,0.951535,;inf,273,1.00162,;inf,285,1.05171,;inf,297,1.1018,;inf,308,1.15188,;inf,316,1.20196,;inf,323,1.25205,;inf,331,1.30215,;inf,337,1.35224,;inf,346,1.40232,;inf,356,1.45241,;inf,362,1.50251,;inf,370,1.55259,;inf,377,1.60266,;inf,383,1.65274,;inf,386,1.70282,;inf,393,1.7529,;inf,402,1.80296,;inf,407,1.85304,;inf,422,1.90312,;inf,429,1.95321,;inf,438,2.00329,;inf,450,2.05337,;inf,459,2.10346,;inf,469,2.15354,;inf,482,2.20363,;inf,487,2.2537,;inf,501,2.30378,;inf,518,2.35387,;
inf,44,0.0500611,;inf,63,0.100187,;inf,79,0.150279,;inf,96,0.20039,;inf,113,0.250509,;inf,133,0.30063,;inf,147,0.350702,;inf,159,0.400786,;inf,168,0.450883,;inf,180,0.500958,;inf,190,0.551049,;inf,201,0.601159,;inf,217,0.651266,;inf,227,0.701378,;inf,243,0.751477,;
inf,64,0.0500585,;inf,76,0.100144,;inf,89,0.150228,;inf,98,0.200327,;inf,111,0.250425,;inf,123,0.300521,;inf,132,0.350617,;inf,146,0.400698,;inf,156,0.450802,;inf,168,0.500886,;inf,176,0.55098,;inf,188,0.601065,;inf,197,0.65115,;
inf,51,0.0500828,;inf,69,0.100167,;inf,80,0.150264,;inf,97,0.200362,;inf,108,0.250457,;inf,117,0.30058,;inf,129,0.350671,;inf,141,0.400795,;inf,150,0.450886,;inf,159,0.500973,;inf,166,0.551056,;inf,176,0.601153,;inf,184,0.651236,;inf,195,0.701319,;inf,205,0.751414,;inf,216,0.801506,;inf,224,0.851582,;inf,235,0.901645,;inf,243,0.95177,;inf,254,1.00186,;inf,266,1.05195,;inf,279,1.10203,;inf,296,1.15212,;inf,304,1.20221,;inf,317,1.25231,;inf,326,1.30239,;inf,337,1.35249,;inf,343,1.40258,;inf,353,1.45267,;inf,365,1.50276,;inf,374,1.55286,;inf,383,1.60294,;inf,393,1.65304,;inf,403,1.70312,;inf,410,1.75321,;inf,423,1.8033,;inf,435,1.85338,;inf,452,1.90349,;inf,463,1.95357,;inf,476,2.00372,;inf,493,2.05381,;inf,510,2.1039,;inf,526,2.15399,;inf,537,2.20408,;inf,549,2.25415,;inf,560,2.30423,;inf,569,2.35432,;
inf,40,0.0500796,;inf,55,0.100168,;inf,67,0.150267,;
inf,55,0.0500702,;inf,71,0.100166,;inf,84,0.150263,;inf,97,0.200357,;inf,115,0.250471,;
inf,59,0.0500657,;inf,72,0.100161,;inf,85,0.150289,;inf,94,0.200372,;inf,104,0.250465,;inf,114,0.300561,;inf,127,0.350659,;inf,136,0.400761,;
inf,54,0.0500578,;inf,71,0.100134,;inf,83,0.150209,;inf,102,0.20032,;inf,114,0.250403,;inf,126,0.300486,;inf,138,0.350575,;inf,149,0.400659,;inf,164,0.450745,;inf,175,0.500839,;inf,189,0.550931,;inf,204,0.601006,;inf,218,0.651089,;
inf,54,0.050061,;inf,74,0.10015,;inf,85,0.150239,;inf,98,0.200317,;inf,108,0.250403,;inf,116,0.300492,;inf,124,0.350585,;inf,137,0.400676,;inf,146,0.450769,;inf,156,0.500893,;inf,163,0.551042,;inf,173,0.601129,;inf,183,0.651204,;
inf,55,0.0500675,;inf,70,0.100118,;inf,84,0.150211,;inf,96,0.200295,;inf,107,0.250388,;inf,117,0.300473,;inf,129,0.350573,;inf,141,0.400657,;inf,156,0.450753,;inf,171,0.500848,;inf,183,0.550947,;inf,191,0.601045,;inf,199,0.651142,;inf,211,0.701231,;inf,218,0.751314,;inf,228,0.801406,;inf,239,0.851492,;inf,247,0.901582,;inf,255,0.951676,;inf,262,1.00176,;inf,270,1.05186,;inf,277,1.10199,;inf,287,1.15211,;inf,297,1.20223,;inf,307,1.25231,;inf,319,1.30243,;inf,327,1.35255,;inf,333,1.40264,;inf,338,1.45273,;inf,346,1.50285,;inf,355,1.55295,;inf,368,1.60307,;inf,378,1.65316,;inf,390,1.70326,;inf,397,1.75334,;inf,412,1.80346,;inf,426,1.85356,;inf,435,1.90365,;inf,441,1.95377,;inf,459,2.00386,;inf,472,2.05396,;inf,482,2.10405,;inf,493,2.15416,;inf,502,2.20425,;
inf,57,0.0500702,;inf,78,0.100179,;inf,91,0.150265,;inf,106,0.200362,;inf,121,0.250456,;inf,132,0.300545,;inf,140,0.35063,;inf,151,0.400714,;
inf,55,0.0500649,;inf,81,0.100169,;inf,95,0.150269,;inf,108,0.200357,;inf,125,0.25044,;inf,136,0.300542,;inf,149,0.350628,;inf,164,0.400718,;inf,177,0.450815,;inf,189,0.500899,;inf,198,0.550987,;inf,210,0.601086,;inf,220,0.651188,;inf,231,0.701271,;inf,240,0.751363,;inf,251,0.801466,;inf,260,0.851556,;inf,272,0.901652,;inf,282,0.951736,;inf,296,1.00183,;inf,311,1.05193,;inf,322,1.10205,;inf,333,1.15217,;inf,347,1.20226,;inf,360,1.25235,;inf,371,1.30245,;inf,383,1.35256,;inf,396,1.40264,;inf,403,1.45273,;inf,414,1.50282,;inf,430,1.55291,;inf,446,1.603,;inf,457,1.65308,;inf,469,1.70317,;inf,478,1.75324,;inf,487,1.80333,;inf,499,1.85343,;inf,515,1.90353,;inf,525,1.95363,;inf,533,2.00373,;inf,546,2.05381,;inf,557,2.10391,;inf,571,2.15399,;inf,585,2.20409,;inf,600,2.25418,;inf,615,2.30424,;inf,627,2.35435,;inf,638,2.40445,;inf,650,2.45453,;
inf,61,0.0500589,;inf,84,0.100192,;inf,117,0.150274,;inf,144,0.200354,;inf,164,0.250437,;inf,180,0.300527,;inf,209,0.350622,;inf,225,0.40071,;inf,244,0.450795,;inf,258,0.50089,;
inf,43,0.0501658,;inf,60,0.100269,;inf,73,0.150357,;inf,90,0.200446,;inf,103,0.250545,;inf,121,0.300638,;inf,135,0.350746,;inf,148,0.400839,;inf,169,0.450921,;inf,184,0.501014,;inf,200,0.551098,;inf,214,0.601219,;inf,226,0.651307,;
inf,49,0.0500588,;inf,56,0.100184,;inf,67,0.150278,;inf,75,0.200363,;inf,84,0.250457,;inf,93,0.300568,;
inf,51,0.0500614,;inf,70,0.100158,;inf,86,0.150281,;inf,97,0.200362,;inf,104,0.25046,;inf,114,0.300542,;inf,123,0.350626,;inf,133,0.400721,;inf,145,0.45082,;inf,154,0.50092,;inf,161,0.551014,;inf,169,0.601117,;inf,178,0.651201,;inf,192,0.70129,;inf,201,0.751395,;inf,211,0.801484,;inf,223,0.851579,;inf,232,0.901666,;inf,242,0.951755,;inf,251,1.00186,;inf,263,1.05194,;inf,276,1.10203,;inf,287,1.15212,;inf,298,1.2022,;
inf,43,0.0500577,;inf,59,0.10011,;inf,69,0.1502,;inf,82,0.200281,;inf,91,0.250362,;
inf,38,0.0500581,;inf,55,0.100144,;inf,71,0.15024,;inf,81,0.200322,;inf,90,0.250409,;inf,98,0.300505,;inf,107,0.35058,;inf,121,0.400657,;inf,131,0.450767,;inf,140,0.50085,;inf,151,0.55097,;
inf,50,0.0500573,;inf,66,0.100151,;inf,82,0.150226,;
inf,49,0.0500734,;inf,62,0.100161,;
inf,50,0.0500589,;inf,64,0.100136,;inf,77,0.15022,;inf,85,0.200316,;
inf,49,0.0500578,;inf,60,0.10015,;inf,71,0.150227,;inf,82,0.200314,;inf,97,0.250393,;inf,107,0.300476,;inf,116,0.350572,;inf,129,0.400649,;inf,137,0.450742,;inf,145,0.500858,;inf,154,0.550952,;inf,164,0.601063,;inf,173,0.651137,;inf,181,0.701219,;inf,191,0.751322,;inf,203,0.801412,;inf,213,0.851495,;inf,222,0.901604,;inf,230,0.951682,;inf,237,1.00179,;inf,247,1.0519,;inf,260,1.102,;inf,268,1.15208,;inf,280,1.20216,;
inf,60,0.0500666,;inf,81,0.100161,;inf,92,0.150255,;inf,116,0.20034,;inf,131,0.250425,;inf,147,0.300509,;inf,161,0.35059,;inf,173,0.400669,;inf,184,0.450766,;inf,193,0.500851,;inf,203,0.550943,;inf,213,0.601014,;inf,224,0.651112,;inf,234,0.701206,;inf,250,0.751291,;inf,258,0.80137,;inf,272,0.851451,;inf,284,0.901535,;inf,294,0.951635,;inf,307,1.00173,;
inf,61,0.0500665,;inf,77,0.100168,;
inf,54,0.0500582,;inf,66,0.100142,;inf,78,0.15022,;inf,85,0.200318,;inf,93,0.250415,;inf,101,0.300515,;inf,109,0.350611,;inf,118,0.400699,;inf,128,0.45079,;inf,139,0.500886,;inf,150,0.550985,;inf,158,0.601105,;inf,164,0.651183,;inf,178,0.701268,;inf,186,0.75139,;inf,194,0.801474,;inf,200,0.851569,;inf,208,0.901653,;inf,217,0.951736,;inf,230,1.00182,;inf,244,1.0519,;inf,250,1.10199,;inf,257,1.15208,;inf,266,1.20216,;inf,272,1.25225,;inf,285,1.30235,;inf,291,1.35245,;inf,305,1.40254,;inf,309,1.45263,;inf,317,1.50274,;inf,324,1.55283,;inf,337,1.60292,;inf,345,1.65304,;inf,353,1.70314,;inf,360,1.75322,;inf,372,1.80331,;inf,379,1.8534,;inf,387,1.90348,;inf,398,1.95361,;inf,405,2.00369,;inf,413,2.05378,;inf,426,2.10387,;inf,436,2.15396,;inf,450,2.20406,;inf,464,2.25414,;inf,476,2.30422,;inf,490,2.35432,;inf,498,2.40444,;inf,507,2.45453,;inf,519,2.50466,;
inf,48,0.0500568,;inf,68,0.100169,;inf,82,0.150274,;inf,94,0.200346,;inf,103,0.250428,;inf,114,0.300544,;inf,122,0.350628,;inf,129,0.400778,;inf,139,0.45085,;inf,148,0.500931,;inf,155,0.551009,;inf,166,0.60109,;inf,177,0.651175,;inf,186,0.701255,;inf,195,0.751333,;inf,205,0.801427,;inf,218,0.851513,;inf,224,0.901592,;inf,236,0.951691,;inf,248,1.00181,;
inf,60,0.0500561,;
inf,56,0.050075,;inf,73,0.100183,;inf,86,0.150275,;inf,101,0.200431,;inf,114,0.250505,;inf,127,0.300624,;inf,137,0.350716,;inf,147,0.400828,;inf,157,0.450943,;
inf,55,0.0501037,;inf,73,0.100218,;inf,89,0.150293,;inf,100,0.200404,;inf,109,0.250495,;inf,121,0.300611,;inf,135,0.350703,;inf,149,0.400788,;inf,159,0.450874,;inf,168,0.501038,;inf,179,0.551153,;inf,189,0.601236,;inf,200,0.651349,;inf,210,0.701456,;inf,217,0.751547,;inf,226,0.801624,;inf,234,0.851696,;inf,247,0.901817,;inf,260,0.951949,;inf,270,1.00206,;inf,280,1.05217,;inf,293,1.10225,;inf,306,1.15233,;inf,322,1.20244,;inf,336,1.25255,;inf,347,1.30264,;inf,359,1.35275,;inf,368,1.40284,;inf,379,1.45293,;inf,387,1.50302,;inf,398,1.55328,;inf,414,1.60336,;
inf,42,0.0500572,;inf,56,0.100148,;inf,74,0.150236,;inf,84,0.20033,;inf,98,0.250426,;
inf,59,0.0500947,;inf,81,0.100183,;inf,95,0.150306,;inf,111,0.200397,;inf,131,0.250494,;inf,142,0.300584,;inf,157,0.350681,;inf,172,0.40077,;inf,183,0.450855,;inf,195,0.500949,;inf,208,0.551015,;inf,220,0.601113,;
inf,52,0.050059,;inf,66,0.100135,;inf,74,0.150217,;inf,82,0.200295,;inf,91,0.2504,;inf,101,0.300548,;inf,110,0.350624,;inf,118,0.400697,;inf,124,0.450773,;inf,131,0.500855,;inf,138,0.550931,;inf,146,0.601005,;inf,157,0.651087,;inf,166,0.701175,;inf,178,0.751263,;inf,188,0.801357,;inf,197,0.851452,;inf,205,0.901538,;inf,211,0.951612,;inf,219,1.0017,;inf,225,1.0518,;inf,236,1.10189,;inf,241,1.15199,;inf,252,1.20208,;inf,262,1.25217,;inf,270,1.3023,;inf,278,1.35239,;inf,291,1.4025,;inf,300,1.45261,;inf,313,1.50272,;inf,320,1.55284,;inf,331,1.60295,;inf,342,1.65303,;inf,353,1.7031,;inf,364,1.75318,;inf,378,1.8033,;inf,390,1.85339,;inf,403,1.90347,;inf,414,1.95355,;inf,425,2.00363,;inf,438,2.05371,;inf,451,2.1038,;inf,463,2.1539,;inf,486,2.20402,;inf,499,2.2541,;inf,514,2.30417,;
inf,56,0.0500756,;inf,66,0.100164,;inf,77,0.150263,;inf,89,0.200385,;
inf,43,0.0500593,;inf,57,0.10015,;inf,69,0.150234,;inf,76,0.200316,;inf,79,0.250404,;inf,87,0.300491,;inf,92,0.350584,;inf,95,0.400675,;
inf,39,0.0500685,;inf,50,0.100161,;inf,60,0.150253,;inf,69,0.200333,;inf,79,0.250422,;inf,89,0.300512,;inf,99,0.3506,;inf,109,0.400716,;inf,117,0.450801,;inf,129,0.500879,;inf,139,0.550956,;inf,148,0.601102,;inf,160,0.651175,;inf,167,0.70126,;inf,178,0.751352,;inf,187,0.801428,;inf,195,0.851526,;inf,207,0.901616,;inf,223,0.951697,;inf,235,1.00174,;inf,246,1.05183,;inf,258,1.10191,;inf,270,1.15199,;inf,281,1.20209,;inf,293,1.25218,;inf,303,1.30228,;inf,317,1.35235,;inf,324,1.40242,;inf,334,1.45253,;inf,346,1.50262,;inf,358,1.55271,;inf,367,1.60281,;inf,377,1.6529,;inf,386,1.70299,;inf,397,1.7531,;inf,409,1.80318,;inf,422,1.85326,;inf,438,1.90335,;inf,451,1.95344,;inf,464,2.00352,;inf,479,2.0536,;inf,491,2.10368,;inf,507,2.15379,;inf,517,2.2039,;inf,530,2.25399,;inf,549,2.30408,;inf,558,2.35417,;inf,569,2.40425,;inf,580,2.45434,;inf,592,2.50442,;inf,608,2.5545,;inf,617,2.60458,;inf,626,2.65466,;inf,640,2.70477,;inf,653,2.75486,;inf,666,2.80494,;inf,680,2.85502,;inf,688,2.90511,;inf,701,2.9552,;inf,714,3.00529,;inf,732,3.05539,;inf,750,3.10548,;inf,763,3.15557,;inf,776,3.20566,;inf,787,3.25574,;inf,801,3.30584,;inf,820,3.35591,;inf,837,3.40599,;inf,852,3.45607,;inf,863,3.50616,;inf,873,3.55624,;inf,891,3.60632,;inf,905,3.65641,;
inf,43,0.0500598,;inf,64,0.100155,;inf,78,0.15024,;inf,87,0.200326,;
inf,59,0.050059,;inf,77,0.100161,;inf,85,0.150254,;inf,97,0.200335,;inf,107,0.250414,;inf,122,0.3005,;inf,131,0.350584,;inf,142,0.400667,;inf,149,0.450751,;inf,160,0.50084,;inf,171,0.550919,;inf,183,0.601004,;inf,189,0.651104,;inf,197,0.701197,;inf,205,0.751303,;inf,211,0.801399,;inf,219,0.851481,;inf,223,0.901576,;inf,230,0.951665,;inf,236,1.00176,;inf,246,1.05186,;inf,256,1.10195,;inf,261,1.15205,;inf,264,1.20215,;
inf,46,0.0500601,;inf,65,0.100148,;inf,73,0.150241,;inf,82,0.200327,;inf,89,0.25042,;
inf,78,0.050047,;inf,91,0.100143,;inf,105,0.150237,;inf,116,0.200324,;inf,126,0.250409,;inf,135,0.300491,;inf,141,0.350572,;inf,150,0.400654,;inf,155,0.450732,;inf,161,0.500815,;inf,172,0.550903,;inf,180,0.600989,;
inf,52,0.0500939,;inf,69,0.100185,;inf,79,0.150281,;inf,90,0.200387,;inf,101,0.250474,;inf,109,0.300569,;inf,118,0.350657,;inf,127,0.400754,;inf,136,0.450875,;inf,146,0.500967,;inf,153,0.551058,;inf,161,0.601152,;inf,166,0.651239,;inf,175,0.701332,;inf,183,0.751407,;inf,189,0.801488,;inf,197,0.851575,;inf,204,0.90166,;inf,209,0.951761,;inf,214,1.00187,;inf,221,1.05193,;inf,229,1.10202,;
inf,57,0.0500609,;inf,82,0.100146,;inf,100,0.150231,;inf,117,0.200313,;inf,133,0.250414,;inf,147,0.300502,;inf,162,0.350592,;inf,174,0.400677,;
.
