OMPL version 
Experiment rrbt
4 experiment properties
Q_value double = 0.200000
R double = 0.100000
R_bad_value double = 5.000000
first_solution bool = 1
Running on Vivaldi
Starting at 2024-03-13 03:14:12
<<<|
Properties of the state space 'RealVectorSpace0'
  - signature: 2 1 2 
  - dimension: 2
  - extent: 141.421
  - sanity checks for state space passed
  - probability of valid states: 0.837
  - average length of a valid motion: 34.3085
  - average number of samples drawn per second: sampleUniform()=1.53782e+07 sampleUniformNear()=1.58441e+07 sampleGaussian()=8.1722e+06
Settings for the state space 'RealVectorSpace0'
  - state validity check resolution: 1%
  - valid segment count factor: 1
  - state space:
Real vector state space 'RealVectorSpace0' of dimension 2 with bounds: 
  - min: 0 0 
  - max: 100 100 

Declared parameters:
longest_valid_segment_fraction = 0.01
max_control_duration = 20
min_control_duration = 1
projection.cellsize.0 = 5
projection.cellsize.1 = 5
projection.cellsize_factor = 0
propagation_step_size = 0.1
valid_segment_count_factor = 1
Valid state sampler named uniform with parameters:
nr_attempts = 100
  - control space:
Real vector control space 'RealVectorControl[RealVectorSpace0]' with bounds: 
  - min: -20 -20 
  - max: 20 20 
  - can propagate backward: no
  - propagation step size: 0.1
  - propagation duration: [1, 20]
Planner KPIECE1 specs:
Multithreaded:                 No
Reports approximate solutions: Yes
Can optimize solutions:        No
Aware of the following parameters: bad_score_factor border_fraction goal_bias good_score_factor max_close_samples
Declared parameters for planner KPIECE1:
bad_score_factor = 0.45
border_fraction = 0.8
goal_bias = 0.05
good_score_factor = 0.9
max_close_samples = 30
Start states:
RealVectorState [1 1]
Goal region, threshold = 10, memory address = 0x7c1c40
Optimization Objective: Path Length @0x7c20a0
Optimization Threshold: 10000
Average state cost: 0
There are 0 solutions

Properties of benchmarked planners:
Planner RRBT specs:
Multithreaded:                 No
Reports approximate solutions: Yes
Can optimize solutions:        Yes
Aware of the following parameters: delay_collision_checking focus_search goal_bias informed_sampling new_state_rejection number_sampling_attempts ordered_sampling ordering_batch_size prune_threshold pruned_measure range rewire_factor sample_rejection tree_pruning use_admissible_heuristic use_k_nearest
|>>>
<<<|
Architecture:                       x86_64
CPU op-mode(s):                     32-bit, 64-bit
Byte Order:                         Little Endian
Address sizes:                      39 bits physical, 48 bits virtual
CPU(s):                             16
On-line CPU(s) list:                0-15
Thread(s) per core:                 2
Core(s) per socket:                 8
Socket(s):                          1
NUMA node(s):                       1
Vendor ID:                          GenuineIntel
CPU family:                         6
Model:                              167
Model name:                         11th Gen Intel(R) Core(TM) i7-11700K @ 3.60GHz
Stepping:                           1
CPU MHz:                            3026.757
CPU max MHz:                        5000.0000
CPU min MHz:                        800.0000
BogoMIPS:                           7200.00
Virtualization:                     VT-x
L1d cache:                          384 KiB
L1i cache:                          256 KiB
L2 cache:                           4 MiB
L3 cache:                           16 MiB
NUMA node0 CPU(s):                  0-15
Vulnerability Gather data sampling: Mitigation; Microcode
Vulnerability Itlb multihit:        Not affected
Vulnerability L1tf:                 Not affected
Vulnerability Mds:                  Not affected
Vulnerability Meltdown:             Not affected
Vulnerability Mmio stale data:      Mitigation; Clear CPU buffers; SMT vulnerable
Vulnerability Retbleed:             Mitigation; Enhanced IBRS
Vulnerability Spec rstack overflow: Not affected
Vulnerability Spec store bypass:    Mitigation; Speculative Store Bypass disabled via prctl and seccomp
Vulnerability Spectre v1:           Mitigation; usercopy/swapgs barriers and __user pointer sanitization
Vulnerability Spectre v2:           Mitigation; Enhanced IBRS, IBPB conditional, RSB filling, PBRSB-eIBRS SW sequence
Vulnerability Srbds:                Not affected
Vulnerability Tsx async abort:      Not affected
Flags:                              fpu vme de pse tsc msr pae mce cx8 apic sep mtrr pge mca cmov pat pse36 clflush dts acpi mmx fxsr sse sse2 ss ht tm pbe syscall nx pdpe1gb rdtscp lm constant_tsc art arch_perfmon pebs bts rep_good nopl xtopology nonstop_tsc cpuid aperfmperf tsc_known_freq pni pclmulqdq dtes64 monitor ds_cpl vmx smx est tm2 ssse3 sdbg fma cx16 xtpr pdcm pcid sse4_1 sse4_2 x2apic movbe popcnt tsc_deadline_timer aes xsave avx f16c rdrand lahf_lm abm 3dnowprefetch cpuid_fault epb invpcid_single ssbd ibrs ibpb stibp ibrs_enhanced tpr_shadow vnmi flexpriority ept vpid ept_ad fsgsbase tsc_adjust bmi1 avx2 smep bmi2 erms invpcid mpx avx512f avx512dq rdseed adx smap avx512ifma clflushopt intel_pt avx512cd sha_ni avx512bw avx512vl xsaveopt xsavec xgetbv1 xsaves dtherm ida arat pln pts hwp hwp_notify hwp_act_window hwp_epp hwp_pkg_req avx512vbmi umip pku ospke avx512_vbmi2 gfni vaes vpclmulqdq avx512_vnni avx512_bitalg avx512_vpopcntdq rdpid fsrm md_clear flush_l1d arch_capabilities
|>>>
10933693289111427 is the random seed
60 seconds per run
10000 MB per run
100 runs per planner
185.536 seconds spent to collect the data
1 enum type
status|Unknown status|Invalid start|Invalid goal|Unrecognized goal type|Timeout|Approximate solution|Exact solution|Crash|Unknown status
1 planners
control_RRBT
24 common properties
delay_collision_checking = 1
focus_search = 0
goal_bias = 0.05
informed_sampling = 0
longest_valid_segment_fraction = 0.01
max_control_duration = 20
min_control_duration = 1
new_state_rejection = 0
number_sampling_attempts = 100
ordered_sampling = 0
ordering_batch_size = 1
projection.cellsize.0 = 5
projection.cellsize.1 = 5
projection.cellsize_factor = 0
propagation_step_size = 0.1
prune_threshold = 0.05
pruned_measure = 0
range = 30
rewire_factor = 1.1
sample_rejection = 0
tree_pruning = 0
use_admissible_heuristic = 1
use_k_nearest = 1
valid_segment_count_factor = 1
11 properties for each run
approximate solution BOOLEAN
best cost REAL
graph motions INTEGER
graph states INTEGER
iterations INTEGER
memory REAL
solution length REAL
solved BOOLEAN
status ENUM
time REAL
valid segment fraction REAL
100 runs
0; 292.546210; 417; 418; 554; 19.5625; 206.481; 1; 6; 5.51519; 0; 
0; 310.038540; 100; 101; 121; 27.3555; 219.02; 1; 6; 0.439559; 0; 
0; 311.415491; 102; 103; 155; 33.0312; 220.977; 1; 6; 0.493225; 0; 
0; 332.412872; 47; 48; 71; 39.7344; 239.887; 1; 6; 0.238724; 0; 
0; 297.314839; 162; 163; 204; 50.3047; 209.398; 1; 6; 2.00557; 0; 
0; 312.728363; 70; 71; 108; 60.1016; 218.945; 1; 6; 0.519788; 0; 
0; 296.555730; 707; 708; 928; 67.3398; 208.158; 1; 6; 6.59347; 0; 
0; 304.919522; 259; 260; 391; 71.9883; 212.985; 1; 6; 2.26683; 0; 
0; 296.267769; 296; 297; 444; 78.4336; 206.05; 1; 6; 3.27845; 0; 
0; 299.902367; 113; 114; 171; 84.3633; 211.003; 1; 6; 0.983591; 0; 
0; 323.196901; 43; 44; 67; 87.7148; 225.794; 1; 6; 0.244739; 0; 
0; 293.970831; 531; 532; 685; 95.4805; 206.415; 1; 6; 6.22224; 0; 
0; 299.210150; 76; 77; 112; 100.637; 210.056; 1; 6; 0.65622; 0; 
0; 287.798836; 274; 275; 368; 109.145; 202.052; 1; 6; 3.41922; 0; 
0; 298.487509; 198; 199; 305; 115.074; 212.473; 1; 6; 1.94358; 0; 
0; 294.410046; 163; 164; 210; 125.645; 204.494; 1; 6; 1.94752; 0; 
0; 293.435364; 413; 414; 541; 136.215; 205.295; 1; 6; 5.35824; 0; 
0; 300.187193; 373; 374; 492; 143.176; 213.394; 1; 6; 3.20505; 0; 
0; 302.124170; 151; 152; 201; 149.879; 211.266; 1; 6; 1.33032; 0; 
0; 299.435563; 339; 340; 443; 157.871; 212.683; 1; 6; 3.90567; 0; 
0; 309.362299; 117; 118; 210; 162.254; 218.567; 1; 6; 0.991293; 0; 
0; 301.172940; 334; 335; 456; 169.066; 210.403; 1; 6; 3.32271; 0; 
0; 299.775045; 201; 202; 276; 175.512; 208.719; 1; 6; 1.71015; 0; 
0; 299.401981; 157; 158; 213; 182.473; 212.004; 1; 6; 1.42331; 0; 
0; 320.816455; 38; 39; 69; 185.824; 226.277; 1; 6; 0.109394; 0; 
0; 294.740097; 331; 332; 433; 193.559; 208.175; 1; 6; 3.45897; 0; 
0; 292.016182; 118; 119; 158; 202.066; 204.207; 1; 6; 1.24702; 0; 
0; 307.428080; 72; 73; 99; 209.285; 215.434; 1; 6; 0.522338; 0; 
0; 308.390749; 105; 106; 171; 213.926; 216.974; 1; 6; 0.811175; 0; 
0; 300.246862; 548; 549; 709; 225.27; 208.891; 1; 6; 5.46145; 0; 
0; 292.920945; 278; 279; 370; 233.777; 205.481; 1; 6; 1.69092; 0; 
0; 295.654148; 568; 569; 764; 241.254; 206.569; 1; 6; 5.13791; 0; 
0; 310.022058; 51; 52; 76; 245.121; 221.289; 1; 6; 0.296588; 0; 
0; 299.560748; 316; 317; 445; 252.855; 212.001; 1; 6; 3.29702; 0; 
0; 298.018259; 352; 353; 526; 259.816; 209.829; 1; 6; 3.65986; 0; 
0; 299.774403; 155; 156; 203; 268.582; 212.905; 1; 6; 1.55674; 0; 
0; 330.462005; 61; 62; 119; 271.934; 233.24; 1; 6; 0.410451; 0; 
0; 300.327267; 360; 361; 477; 278.379; 209.632; 1; 6; 2.97773; 0; 
0; 304.892853; 129; 130; 183; 286.629; 213.818; 1; 6; 1.30192; 0; 
0; 313.816261; 25; 26; 47; 288.434; 219.825; 1; 6; 0.0571729; 0; 
0; 304.347996; 62; 63; 97; 291.785; 216.497; 1; 6; 0.366941; 0; 
0; 301.328031; 541; 542; 710; 297.199; 210.54; 1; 6; 4.23348; 0; 
0; 298.410139; 39; 40; 56; 301.066; 210.565; 1; 6; 0.141674; 0; 
0; 291.052365; 291; 292; 389; 314.988; 204.886; 1; 6; 3.53188; 0; 
0; 304.334830; 97; 98; 134; 322.465; 214.994; 1; 6; 0.690922; 0; 
0; 296.086519; 580; 581; 748; 333.035; 211.045; 1; 6; 6.30757; 0; 
0; 303.242825; 154; 155; 282; 337.418; 219.15; 1; 6; 1.4024; 0; 
0; 297.309325; 257; 258; 336; 346.441; 209.237; 1; 6; 3.00844; 0; 
0; 299.093570; 180; 181; 249; 352.113; 209.531; 1; 6; 1.69731; 0; 
0; 308.770046; 100; 101; 151; 359.074; 217.024; 1; 6; 0.879922; 0; 
0; 309.910070; 75; 76; 111; 365.004; 217.12; 1; 6; 0.92118; 0; 
0; 301.526748; 132; 133; 186; 370.16; 214.235; 1; 6; 1.07711; 0; 
0; 294.872789; 342; 343; 430; 378.152; 205.777; 1; 6; 3.39953; 0; 
0; 299.629122; 261; 262; 341; 388.98; 208.645; 1; 6; 3.28723; 0; 
0; 300.374549; 191; 192; 254; 396.457; 209.137; 1; 6; 2.54; 0; 
0; 309.076751; 69; 70; 118; 402.645; 223.402; 1; 6; 0.59102; 0; 
0; 298.742263; 567; 568; 751; 410.328; 208.528; 1; 6; 3.02061; 0; 
0; 308.869675; 82; 83; 128; 414.195; 215.669; 1; 6; 0.253581; 0; 
0; 330.684710; 61; 62; 99; 417.805; 232.477; 1; 6; 0.229607; 0; 
0; 290.852146; 863; 864; 1108; 427.344; 202.981; 1; 6; 3.60728; 0; 
0; 306.914649; 110; 111; 159; 435.594; 215.178; 1; 6; 0.494105; 0; 
0; 307.127332; 103; 104; 137; 441.266; 213.392; 1; 6; 0.36294; 0; 
0; 306.351688; 112; 113; 166; 448.484; 217.603; 1; 6; 0.450774; 0; 
0; 301.136240; 164; 165; 224; 456.992; 212.128; 1; 6; 0.947288; 0; 
0; 296.818442; 547; 548; 715; 468.078; 208.103; 1; 6; 3.8573; 0; 
0; 299.945418; 369; 370; 543; 474.523; 210.982; 1; 6; 1.48928; 0; 
0; 298.243685; 207; 208; 300; 481.742; 212.164; 1; 6; 1.08548; 0; 
0; 290.114557; 290; 291; 388; 489.477; 204.685; 1; 6; 1.66651; 0; 
0; 308.776022; 85; 86; 134; 494.633; 215.441; 1; 6; 0.313952; 0; 
0; 296.159494; 349; 350; 475; 500.047; 209.8; 1; 6; 1.90336; 0; 
0; 303.652961; 239; 240; 321; 508.555; 210.732; 1; 6; 1.35063; 0; 
0; 303.609179; 52; 53; 91; 514.484; 213.767; 1; 6; 0.169952; 0; 
0; 325.014736; 31; 32; 40; 517.578; 226.594; 1; 6; 0.0392736; 0; 
0; 299.444697; 173; 174; 214; 527.633; 210.297; 1; 6; 0.879845; 0; 
0; 306.965306; 58; 59; 92; 532.789; 218.581; 1; 6; 0.242649; 0; 
0; 301.184298; 132; 133; 200; 538.203; 210.218; 1; 6; 0.527077; 0; 
0; 305.904972; 108; 109; 161; 543.102; 220.988; 1; 6; 0.426425; 0; 
0; 292.227313; 674; 675; 872; 554.453; 202.822; 1; 6; 7.04552; 0; 
0; 299.836511; 386; 387; 488; 563.734; 210.677; 1; 6; 4.23975; 0; 
0; 303.481395; 121; 122; 161; 570.438; 212.013; 1; 6; 0.609754; 0; 
0; 299.516055; 190; 191; 277; 578.43; 212.282; 1; 6; 0.988219; 0; 
0; 299.651676; 626; 627; 843; 584.617; 211.681; 1; 6; 3.10137; 0; 
0; 314.858438; 182; 183; 225; 592.352; 221.285; 1; 6; 0.930888; 0; 
0; 298.128518; 306; 307; 429; 598.797; 209.78; 1; 6; 1.52101; 0; 
0; 290.169564; 378; 379; 520; 604.469; 203.363; 1; 6; 1.93828; 0; 
0; 312.333688; 106; 107; 188; 609.109; 220.155; 1; 6; 0.432734; 0; 
0; 294.620180; 55; 56; 75; 615.297; 207.37; 1; 6; 0.161645; 0; 
0; 297.607262; 315; 316; 409; 622; 207.868; 1; 6; 1.5891; 0; 
0; 308.527789; 236; 237; 347; 627.672; 217.024; 1; 6; 0.942464; 0; 
0; 290.242411; 582; 583; 790; 633.344; 203.444; 1; 6; 2.31229; 0; 
0; 303.320961; 415; 416; 584; 640.305; 213.156; 1; 6; 1.84449; 0; 
0; 297.306748; 397; 398; 515; 649.586; 207.114; 1; 6; 2.24147; 0; 
0; 308.362951; 49; 50; 91; 652.68; 220.857; 1; 6; 0.337622; 0; 
0; 298.736510; 269; 270; 368; 657.836; 208.962; 1; 6; 2.43619; 0; 
0; 299.062697; 214; 215; 321; 663.766; 209.767; 1; 6; 2.01055; 0; 
0; 302.682429; 128; 129; 186; 669.953; 214.092; 1; 6; 0.509012; 0; 
0; 349.900233; 44; 45; 59; 674.336; 245.384; 1; 6; 0.115878; 0; 
0; 304.060591; 88; 89; 110; 684.133; 214.336; 1; 6; 0.869204; 0; 
0; 324.316948; 86; 87; 137; 689.547; 227.439; 1; 6; 0.727825; 0; 
0; 301.724540; 102; 103; 153; 698.828; 211.434; 1; 6; 1.17322; 0; 
3 progress properties for each run
best cost REAL
iterations INTEGER
time REAL
100 runs
inf,40,0.0500604,;inf,53,0.100164,;inf,58,0.150234,;inf,62,0.200317,;inf,70,0.250399,;inf,77,0.30048,;inf,85,0.350569,;inf,89,0.400669,;inf,94,0.452662,;inf,97,0.502753,;inf,102,0.552848,;inf,108,0.607175,;inf,110,0.657257,;inf,114,0.707374,;inf,117,0.757888,;inf,122,0.807985,;inf,126,0.858035,;inf,129,0.908121,;inf,135,0.958214,;inf,139,1.00829,;inf,143,1.05837,;inf,147,1.10845,;inf,150,1.15853,;inf,154,1.20861,;inf,158,1.25869,;inf,163,1.30877,;inf,169,1.35884,;inf,172,1.40888,;inf,179,1.45896,;inf,181,1.50904,;inf,184,1.55912,;inf,187,1.60919,;inf,190,1.65927,;inf,197,1.70935,;inf,199,1.75943,;inf,204,1.80951,;inf,208,1.8596,;inf,213,1.90968,;inf,217,1.95977,;inf,219,2.00986,;inf,223,2.05995,;inf,226,2.11003,;inf,231,2.1601,;inf,236,2.21018,;inf,239,2.26027,;inf,242,2.31035,;inf,247,2.36045,;inf,249,2.41069,;inf,253,2.46077,;inf,257,2.51086,;inf,259,2.56094,;inf,264,2.61099,;inf,270,2.66109,;inf,273,2.71266,;inf,275,2.76274,;inf,279,2.81282,;inf,283,2.8629,;inf,289,2.91299,;inf,294,2.96308,;inf,297,3.01317,;inf,300,3.06326,;inf,302,3.11336,;inf,307,3.16344,;inf,314,3.21353,;inf,318,3.26361,;inf,325,3.3137,;inf,331,3.36378,;inf,332,3.41384,;inf,339,3.46393,;inf,345,3.51401,;inf,350,3.5641,;inf,355,3.6142,;inf,360,3.66428,;inf,365,3.71436,;inf,372,3.76445,;inf,380,3.81454,;inf,385,3.86463,;inf,389,3.91474,;inf,395,3.96482,;inf,400,4.01491,;inf,405,4.06502,;inf,409,4.1151,;inf,413,4.16518,;inf,419,4.21525,;inf,422,4.26533,;inf,425,4.31541,;inf,429,4.36549,;inf,434,4.41557,;inf,442,4.46565,;inf,451,4.51573,;inf,456,4.5658,;inf,464,4.61588,;inf,473,4.66596,;inf,476,4.71604,;inf,483,4.76611,;inf,487,4.81619,;inf,494,4.86624,;inf,500,4.91631,;inf,507,4.96639,;inf,515,5.01645,;inf,519,5.06653,;inf,519,5.1166,;inf,522,5.16667,;inf,525,5.21675,;inf,529,5.26683,;inf,532,5.31688,;inf,537,5.36696,;inf,540,5.41704,;inf,545,5.46711,;
inf,46,0.0500581,;inf,62,0.100136,;inf,74,0.150216,;inf,83,0.200296,;inf,93,0.250651,;inf,102,0.300728,;inf,109,0.350802,;inf,115,0.400876,;
inf,63,0.0500525,;inf,77,0.100112,;inf,90,0.150194,;inf,100,0.200345,;inf,112,0.250427,;inf,124,0.300505,;inf,134,0.350591,;inf,144,0.400669,;inf,152,0.450728,;
inf,39,0.0500613,;inf,46,0.100142,;inf,55,0.150223,;inf,64,0.200308,;
inf,38,0.0500605,;inf,49,0.100173,;inf,56,0.150248,;inf,62,0.200324,;inf,68,0.250404,;inf,73,0.300481,;inf,77,0.350562,;inf,81,0.400663,;inf,84,0.450777,;inf,87,0.500856,;inf,91,0.55094,;inf,95,0.601027,;inf,100,0.651465,;inf,102,0.704708,;inf,107,0.754799,;inf,111,0.804883,;inf,114,0.854998,;inf,118,0.90508,;inf,122,0.955165,;inf,124,1.00525,;inf,127,1.05532,;inf,130,1.10542,;inf,133,1.1555,;inf,135,1.20558,;inf,138,1.25567,;inf,143,1.30577,;inf,146,1.3568,;inf,150,1.40689,;inf,155,1.45698,;inf,156,1.50708,;inf,159,1.55717,;inf,165,1.60725,;inf,170,1.65733,;inf,175,1.70741,;inf,179,1.75749,;inf,183,1.80758,;inf,185,1.85766,;inf,189,1.90774,;inf,194,1.95783,;
inf,48,0.0500582,;inf,61,0.100278,;inf,68,0.150367,;inf,77,0.200434,;inf,83,0.25374,;inf,91,0.30383,;inf,94,0.353909,;inf,98,0.404,;inf,104,0.45408,;inf,107,0.504114,;
inf,46,0.0500603,;inf,55,0.100139,;inf,69,0.150218,;inf,77,0.200295,;inf,91,0.252922,;inf,104,0.303001,;inf,118,0.353083,;inf,124,0.403164,;inf,137,0.453248,;inf,146,0.503328,;inf,152,0.553408,;inf,157,0.603498,;inf,164,0.653697,;inf,169,0.703798,;inf,175,0.753884,;inf,180,0.803978,;inf,185,0.854068,;inf,188,0.904153,;inf,192,0.954242,;inf,196,1.00434,;inf,205,1.05442,;inf,219,1.1045,;inf,227,1.15458,;inf,237,1.20466,;inf,246,1.25474,;inf,254,1.30482,;inf,261,1.35491,;inf,276,1.405,;inf,287,1.45507,;inf,295,1.50517,;inf,306,1.55525,;inf,314,1.60533,;inf,317,1.65541,;inf,320,1.7055,;inf,328,1.76167,;inf,335,1.81176,;inf,345,1.86184,;inf,355,1.91191,;inf,364,1.96199,;inf,369,2.01204,;inf,374,2.06571,;inf,378,2.11581,;inf,381,2.16589,;inf,384,2.21598,;inf,389,2.26608,;inf,394,2.31617,;inf,401,2.38588,;inf,407,2.43594,;inf,412,2.48602,;inf,420,2.53612,;inf,423,2.58625,;inf,432,2.63632,;inf,439,2.68642,;inf,443,2.7365,;inf,454,2.78659,;inf,457,2.83668,;inf,464,2.88677,;inf,468,2.93687,;inf,473,2.98696,;inf,481,3.03704,;inf,488,3.08713,;inf,494,3.13722,;inf,498,3.18731,;inf,505,3.23741,;inf,509,3.28749,;inf,515,3.33758,;inf,519,3.38767,;inf,522,3.43775,;inf,528,3.48796,;inf,535,3.54567,;inf,540,3.59768,;inf,549,3.64776,;inf,558,3.69784,;inf,563,3.74793,;inf,569,3.79801,;inf,579,3.84809,;inf,582,3.89818,;inf,586,3.95367,;inf,593,4.00376,;inf,597,4.05384,;inf,604,4.10392,;inf,611,4.15401,;inf,623,4.20409,;inf,628,4.25417,;inf,633,4.31367,;inf,637,4.36376,;inf,640,4.41383,;inf,643,4.46391,;inf,649,4.51399,;inf,655,4.56408,;inf,665,4.61417,;inf,673,4.66425,;inf,680,4.71434,;inf,685,4.76518,;inf,692,4.81527,;inf,697,4.86535,;inf,706,4.91543,;inf,713,4.96552,;inf,720,5.01563,;inf,727,5.06568,;inf,737,5.11576,;inf,745,5.16585,;inf,753,5.21594,;inf,757,5.26602,;inf,757,5.3161,;inf,760,5.36619,;inf,766,5.41628,;inf,773,5.46637,;inf,778,5.51646,;inf,788,5.56654,;inf,796,5.61663,;inf,801,5.66673,;inf,810,5.71682,;inf,820,5.76692,;inf,825,5.81701,;inf,832,5.8671,;inf,837,5.91719,;inf,840,5.96729,;inf,848,6.01738,;inf,858,6.06748,;inf,863,6.11757,;inf,866,6.16765,;inf,875,6.21774,;inf,881,6.26782,;inf,890,6.3179,;inf,897,6.36799,;inf,904,6.41807,;inf,911,6.46816,;inf,918,6.51825,;inf,928,6.56834,;
inf,45,0.0500628,;inf,61,0.100156,;inf,70,0.150246,;inf,78,0.200332,;inf,92,0.250418,;inf,99,0.300513,;inf,111,0.350603,;inf,124,0.400693,;inf,138,0.450882,;inf,150,0.500972,;inf,156,0.55108,;inf,166,0.60117,;inf,175,0.651254,;inf,184,0.701344,;inf,193,0.751429,;inf,198,0.801517,;inf,204,0.851611,;inf,214,0.901715,;inf,222,0.951793,;inf,229,1.00187,;inf,239,1.05194,;inf,247,1.10277,;inf,253,1.15285,;inf,259,1.20294,;inf,265,1.25303,;inf,272,1.30313,;inf,279,1.35322,;inf,289,1.4033,;inf,294,1.45337,;inf,301,1.50345,;inf,306,1.55352,;inf,311,1.6036,;inf,317,1.65368,;inf,322,1.70376,;inf,330,1.75384,;inf,335,1.80392,;inf,341,1.854,;inf,346,1.90408,;inf,353,1.95417,;inf,360,2.00425,;inf,364,2.05434,;inf,374,2.10442,;inf,378,2.15451,;inf,384,2.20459,;inf,391,2.25468,;
inf,42,0.050062,;inf,57,0.100146,;inf,74,0.150237,;inf,91,0.20032,;inf,102,0.250406,;inf,106,0.300497,;inf,111,0.350584,;inf,118,0.400633,;inf,124,0.450705,;inf,131,0.500788,;inf,140,0.550877,;inf,154,0.600963,;inf,162,0.651049,;inf,168,0.70113,;inf,173,0.751217,;inf,178,0.801301,;inf,184,0.851402,;inf,189,0.901493,;inf,195,0.951582,;inf,206,1.00164,;inf,212,1.05173,;inf,217,1.10181,;inf,224,1.1519,;inf,234,1.20199,;inf,239,1.25207,;inf,244,1.30213,;inf,248,1.35222,;inf,254,1.40231,;inf,259,1.45239,;inf,266,1.50248,;inf,275,1.55257,;inf,280,1.60266,;inf,290,1.65274,;inf,294,1.70283,;inf,302,1.75292,;inf,306,1.803,;inf,309,1.85309,;inf,313,1.90318,;inf,317,1.95327,;inf,323,2.00336,;inf,327,2.05346,;inf,330,2.10355,;inf,334,2.15364,;inf,336,2.20376,;inf,339,2.25384,;inf,344,2.30393,;inf,350,2.35402,;inf,356,2.4041,;inf,360,2.45418,;inf,367,2.50427,;inf,374,2.55436,;inf,377,2.60445,;inf,383,2.65453,;inf,386,2.70462,;inf,392,2.7547,;inf,396,2.80479,;inf,399,2.8549,;inf,404,2.90499,;inf,412,2.95507,;inf,418,3.00515,;inf,424,3.05523,;inf,432,3.10531,;inf,436,3.15539,;inf,441,3.20546,;inf,444,3.25554,;
inf,49,0.0500587,;inf,63,0.100146,;inf,70,0.150231,;inf,80,0.200302,;inf,89,0.250384,;inf,94,0.300467,;inf,100,0.350549,;inf,105,0.40064,;inf,109,0.450729,;inf,116,0.500819,;inf,121,0.550904,;inf,128,0.60099,;inf,134,0.651075,;inf,139,0.701163,;inf,146,0.751247,;inf,151,0.801329,;inf,156,0.851396,;inf,161,0.901478,;inf,168,0.951559,;
inf,36,0.0500608,;inf,44,0.100142,;inf,55,0.150226,;inf,62,0.200313,;
inf,47,0.050062,;inf,58,0.100146,;inf,64,0.150242,;inf,68,0.200329,;inf,72,0.250415,;inf,77,0.300504,;inf,86,0.350592,;inf,89,0.400679,;inf,92,0.450764,;inf,96,0.500848,;inf,100,0.550939,;inf,104,0.601027,;inf,108,0.651109,;inf,113,0.701167,;inf,119,0.751259,;inf,123,0.801342,;inf,126,0.851431,;inf,129,0.901521,;inf,134,0.951609,;inf,138,1.00169,;inf,141,1.05178,;inf,148,1.10186,;inf,151,1.15194,;inf,155,1.20202,;inf,161,1.25211,;inf,164,1.30219,;inf,167,1.35227,;inf,171,1.40236,;inf,174,1.45244,;inf,179,1.50252,;inf,182,1.55261,;inf,185,1.6027,;inf,190,1.65278,;inf,193,1.70287,;inf,195,1.75295,;inf,199,1.80304,;inf,202,1.85308,;inf,208,1.90316,;inf,210,1.95325,;inf,213,2.00333,;inf,217,2.05342,;inf,220,2.10349,;inf,224,2.15357,;inf,227,2.20366,;inf,231,2.25375,;inf,236,2.30384,;inf,240,2.35393,;inf,243,2.40402,;inf,249,2.45411,;inf,254,2.5042,;inf,258,2.55429,;inf,262,2.60437,;inf,266,2.65446,;inf,270,2.70455,;inf,279,2.75464,;inf,282,2.80472,;inf,286,2.85481,;inf,289,2.9049,;inf,294,2.95499,;inf,299,3.00507,;inf,304,3.05515,;inf,310,3.10523,;inf,316,3.15531,;inf,319,3.2054,;inf,325,3.25548,;inf,330,3.30557,;inf,336,3.35565,;inf,342,3.40573,;inf,347,3.45581,;inf,352,3.50588,;inf,356,3.55596,;inf,363,3.60604,;inf,371,3.65612,;inf,378,3.7062,;inf,382,3.75627,;inf,387,3.80635,;inf,392,3.85643,;inf,397,3.9065,;inf,403,3.95659,;inf,408,4.00667,;inf,420,4.05675,;inf,428,4.10683,;inf,434,4.15691,;inf,444,4.20699,;inf,451,4.25707,;inf,459,4.30715,;inf,467,4.35719,;inf,474,4.40727,;inf,480,4.45735,;inf,485,4.50743,;inf,491,4.55751,;inf,498,4.60758,;inf,505,4.65766,;inf,512,4.70774,;inf,520,4.75782,;inf,526,4.80789,;inf,532,4.85793,;inf,540,4.90801,;inf,547,4.95809,;inf,554,5.00817,;inf,559,5.05825,;inf,566,5.10833,;inf,571,5.15841,;inf,581,5.20849,;inf,581,5.25857,;inf,582,5.30864,;inf,589,5.35872,;inf,594,5.4088,;inf,598,5.45888,;inf,601,5.50896,;inf,606,5.55904,;inf,613,5.60912,;inf,618,5.65921,;inf,622,5.70929,;inf,627,5.75937,;inf,634,5.80945,;inf,639,5.85953,;inf,646,5.90961,;inf,655,5.95968,;inf,660,6.00976,;inf,665,6.05984,;inf,671,6.1099,;inf,677,6.15998,;inf,685,6.21007,;
inf,38,0.0500598,;inf,49,0.100148,;inf,57,0.150243,;inf,67,0.200325,;inf,72,0.250406,;inf,79,0.300485,;inf,83,0.350571,;inf,87,0.400657,;inf,93,0.450739,;inf,97,0.500824,;inf,102,0.550907,;inf,106,0.600991,;inf,112,0.65107,;
inf,44,0.050026,;inf,52,0.10012,;inf,58,0.150195,;inf,68,0.200286,;inf,73,0.250369,;inf,81,0.300456,;inf,88,0.350545,;inf,94,0.400635,;inf,101,0.450723,;inf,106,0.500814,;inf,110,0.550901,;inf,115,0.600988,;inf,121,0.651074,;inf,126,0.701165,;inf,132,0.75125,;inf,136,0.801326,;inf,141,0.851416,;inf,147,0.901496,;inf,154,0.951618,;inf,159,1.00171,;inf,165,1.05179,;inf,169,1.10189,;inf,175,1.15198,;inf,178,1.20207,;inf,185,1.25216,;inf,189,1.30225,;inf,194,1.35233,;inf,200,1.40242,;inf,207,1.45258,;inf,212,1.50267,;inf,216,1.55275,;inf,222,1.60284,;inf,226,1.65293,;inf,233,1.70301,;inf,236,1.7531,;inf,243,1.80319,;inf,252,1.85327,;inf,255,1.90336,;inf,257,1.95344,;inf,258,2.00348,;inf,261,2.05356,;inf,263,2.10406,;inf,271,2.15415,;inf,273,2.20423,;inf,277,2.25431,;inf,278,2.3044,;inf,281,2.35448,;inf,283,2.40456,;inf,287,2.45464,;inf,292,2.50472,;inf,297,2.55481,;inf,304,2.60498,;inf,309,2.65506,;inf,320,2.70514,;inf,326,2.75522,;inf,327,2.8053,;inf,332,2.85538,;inf,333,2.90547,;inf,334,2.95556,;inf,337,3.00565,;inf,340,3.05571,;inf,341,3.10579,;inf,349,3.15587,;inf,356,3.20596,;inf,359,3.25605,;inf,361,3.30614,;inf,364,3.35623,;inf,368,3.40628,;
inf,39,0.0500272,;inf,52,0.100121,;inf,60,0.150218,;inf,67,0.20031,;inf,71,0.250399,;inf,87,0.300487,;inf,92,0.350576,;inf,98,0.400664,;inf,104,0.450759,;inf,115,0.50085,;inf,124,0.550944,;inf,131,0.601029,;inf,139,0.651121,;inf,145,0.701211,;inf,150,0.75131,;inf,158,0.801393,;inf,163,0.851483,;inf,173,0.901564,;inf,182,0.951657,;inf,189,1.00174,;inf,194,1.05183,;inf,202,1.10192,;inf,209,1.15201,;inf,218,1.2021,;inf,226,1.25219,;inf,234,1.30228,;inf,238,1.35237,;inf,244,1.40246,;inf,250,1.45255,;inf,255,1.50264,;inf,263,1.55274,;inf,270,1.60283,;inf,275,1.65294,;inf,282,1.70303,;inf,286,1.75312,;inf,292,1.80318,;inf,298,1.85326,;inf,302,1.90335,;
inf,37,0.0500596,;inf,46,0.100154,;inf,52,0.150245,;inf,62,0.20033,;inf,72,0.250411,;inf,80,0.300456,;inf,89,0.350547,;inf,94,0.400634,;inf,98,0.450721,;inf,103,0.500812,;inf,106,0.5509,;inf,111,0.600989,;inf,118,0.651071,;inf,121,0.701157,;inf,131,0.751246,;inf,133,0.80133,;inf,138,0.851413,;inf,143,0.901504,;inf,148,0.951585,;inf,152,1.00168,;inf,156,1.05178,;inf,159,1.10187,;inf,164,1.15195,;inf,166,1.20204,;inf,168,1.25213,;inf,172,1.30221,;inf,174,1.3523,;inf,177,1.40239,;inf,179,1.45248,;inf,183,1.50258,;inf,186,1.55267,;inf,189,1.60275,;inf,192,1.65283,;inf,195,1.70291,;inf,198,1.753,;inf,202,1.80305,;inf,206,1.85314,;inf,209,1.90323,;
inf,40,0.0500679,;inf,49,0.100164,;inf,60,0.150255,;inf,67,0.200325,;inf,71,0.250414,;inf,75,0.300496,;inf,79,0.350577,;inf,83,0.400612,;inf,86,0.450696,;inf,90,0.50078,;inf,94,0.550865,;inf,99,0.60095,;inf,104,0.651031,;inf,108,0.70111,;inf,112,0.751188,;inf,115,0.801263,;inf,118,0.851339,;inf,125,0.901399,;inf,128,0.951474,;inf,129,1.00155,;inf,136,1.05163,;inf,137,1.10171,;inf,139,1.15178,;inf,143,1.20186,;inf,145,1.25194,;inf,150,1.30201,;inf,153,1.35209,;inf,156,1.40217,;inf,159,1.45226,;inf,163,1.50234,;inf,166,1.55242,;inf,173,1.6025,;inf,176,1.65258,;inf,180,1.70266,;inf,183,1.7527,;inf,188,1.80279,;inf,194,1.85287,;inf,198,1.90295,;inf,204,1.95304,;inf,208,2.00312,;inf,216,2.05321,;inf,223,2.1033,;inf,225,2.15338,;inf,233,2.20346,;inf,235,2.25355,;inf,242,2.30364,;inf,247,2.35372,;inf,257,2.40381,;inf,260,2.4539,;inf,268,2.50399,;inf,275,2.55408,;inf,279,2.60417,;inf,284,2.65425,;inf,291,2.70433,;inf,301,2.75442,;inf,305,2.8045,;inf,311,2.85459,;inf,318,2.90467,;inf,324,2.95475,;inf,327,3.00484,;inf,333,3.05493,;inf,338,3.10501,;inf,341,3.1551,;inf,348,3.20519,;inf,352,3.25524,;inf,355,3.30533,;inf,363,3.35542,;inf,365,3.40552,;inf,366,3.45562,;inf,371,3.50571,;inf,379,3.55579,;inf,384,3.60587,;inf,390,3.65595,;inf,393,3.70603,;inf,399,3.75614,;inf,405,3.80621,;inf,410,3.85627,;inf,413,3.90636,;inf,414,3.95641,;inf,419,4.00649,;inf,424,4.05658,;inf,429,4.10662,;inf,433,4.1567,;inf,438,4.20679,;inf,441,4.25688,;inf,448,4.30696,;inf,452,4.35705,;inf,457,4.40714,;inf,459,4.45722,;inf,463,4.50731,;inf,475,4.55739,;inf,479,4.60747,;inf,481,4.65756,;inf,482,4.70765,;inf,485,4.75773,;inf,490,4.80781,;inf,493,4.8579,;inf,498,4.90798,;inf,502,4.95807,;inf,509,5.00816,;inf,514,5.05824,;inf,523,5.10833,;inf,526,5.15841,;inf,528,5.20845,;inf,536,5.25854,;inf,538,5.30863,;
inf,44,0.05006,;inf,56,0.100141,;inf,64,0.150231,;inf,75,0.20032,;inf,80,0.250406,;inf,85,0.300493,;inf,92,0.350577,;inf,97,0.400666,;inf,101,0.450756,;inf,106,0.500847,;inf,110,0.550938,;inf,113,0.601027,;inf,120,0.651113,;inf,125,0.701199,;inf,131,0.751285,;inf,136,0.801374,;inf,142,0.851462,;inf,147,0.901549,;inf,153,0.951607,;inf,157,1.0017,;inf,163,1.05179,;inf,171,1.10188,;inf,176,1.15197,;inf,181,1.20206,;inf,188,1.25215,;inf,192,1.30224,;inf,196,1.35233,;inf,200,1.40242,;inf,205,1.45251,;inf,210,1.50259,;inf,216,1.55268,;inf,227,1.60276,;inf,231,1.65285,;inf,233,1.70294,;inf,238,1.75303,;inf,242,1.80312,;inf,244,1.85321,;inf,249,1.9033,;inf,254,1.95339,;inf,258,2.00348,;inf,263,2.05358,;inf,268,2.10367,;inf,273,2.15376,;inf,280,2.20385,;inf,286,2.25394,;inf,293,2.30403,;inf,297,2.35411,;inf,304,2.4042,;inf,310,2.45429,;inf,315,2.50437,;inf,321,2.55446,;inf,326,2.60454,;inf,333,2.65464,;inf,342,2.70472,;inf,358,2.75481,;inf,373,2.8049,;inf,389,2.85498,;inf,401,2.90507,;inf,419,2.95515,;inf,433,3.00523,;inf,445,3.05528,;inf,460,3.10536,;inf,474,3.15545,;
inf,45,0.0500643,;inf,56,0.100156,;inf,63,0.150209,;inf,70,0.2003,;inf,81,0.25039,;inf,87,0.300482,;inf,93,0.350573,;inf,99,0.400662,;inf,105,0.450755,;inf,111,0.500841,;inf,115,0.55093,;inf,121,0.600991,;inf,126,0.651078,;inf,131,0.701168,;inf,138,0.751254,;inf,144,0.801347,;inf,149,0.851434,;inf,156,0.901533,;inf,160,0.951625,;inf,167,1.00172,;inf,173,1.0518,;inf,179,1.10189,;inf,185,1.15199,;inf,189,1.20209,;inf,195,1.25218,;inf,199,1.30228,;
inf,43,0.0500635,;inf,51,0.100158,;inf,58,0.150255,;inf,64,0.200353,;inf,71,0.250446,;inf,78,0.300532,;inf,85,0.350619,;inf,89,0.400662,;inf,98,0.450754,;inf,102,0.50085,;inf,108,0.550947,;inf,114,0.601036,;inf,119,0.651132,;inf,123,0.701225,;inf,132,0.751322,;inf,136,0.801414,;inf,143,0.851512,;inf,149,0.901602,;inf,153,0.951696,;inf,157,1.00187,;inf,162,1.05195,;inf,166,1.10204,;inf,170,1.15213,;inf,174,1.20221,;inf,178,1.2523,;inf,189,1.30239,;inf,198,1.35248,;inf,203,1.40257,;inf,207,1.45266,;inf,214,1.50275,;inf,218,1.55283,;inf,222,1.60288,;inf,231,1.65297,;inf,235,1.70306,;inf,241,1.75314,;inf,248,1.80324,;inf,253,1.85333,;inf,260,1.90342,;inf,264,1.9535,;inf,267,2.00359,;inf,273,2.05367,;inf,277,2.10376,;inf,278,2.15385,;inf,284,2.20394,;inf,288,2.25403,;inf,289,2.30412,;inf,291,2.35421,;inf,297,2.40426,;inf,299,2.45435,;inf,304,2.5044,;inf,310,2.55449,;inf,314,2.60458,;inf,317,2.65467,;inf,320,2.70477,;inf,325,2.75485,;inf,330,2.80494,;inf,337,2.85502,;inf,341,2.90511,;inf,344,2.95517,;inf,349,3.00525,;inf,353,3.05534,;inf,356,3.10542,;inf,361,3.15548,;inf,368,3.20553,;inf,373,3.25562,;inf,376,3.30571,;inf,384,3.3558,;inf,387,3.40589,;inf,393,3.45597,;inf,397,3.50606,;inf,406,3.55615,;inf,411,3.60623,;inf,415,3.65631,;inf,421,3.70639,;inf,428,3.75647,;inf,435,3.80655,;inf,442,3.85663,;
inf,56,0.0500586,;inf,73,0.100142,;inf,89,0.150226,;inf,96,0.200298,;inf,106,0.250374,;inf,110,0.300449,;inf,120,0.350525,;inf,127,0.400598,;inf,136,0.450675,;inf,141,0.500751,;inf,149,0.550827,;inf,155,0.600906,;inf,160,0.650984,;inf,171,0.701059,;inf,178,0.751139,;inf,184,0.801217,;inf,193,0.851297,;inf,198,0.901382,;inf,204,0.951468,;
inf,39,0.0500624,;inf,54,0.100151,;inf,62,0.150237,;inf,68,0.200329,;inf,75,0.250413,;inf,82,0.300467,;inf,89,0.350572,;inf,96,0.400649,;inf,100,0.450731,;inf,106,0.500811,;inf,112,0.550888,;inf,117,0.600965,;inf,124,0.651043,;inf,130,0.701124,;inf,136,0.751201,;inf,144,0.801274,;inf,150,0.851348,;inf,156,0.901424,;inf,163,0.951501,;inf,168,1.00157,;inf,173,1.05164,;inf,178,1.1017,;inf,186,1.15178,;inf,195,1.20185,;inf,202,1.25192,;inf,211,1.30198,;inf,216,1.35206,;inf,221,1.40214,;inf,226,1.45221,;inf,235,1.50228,;inf,241,1.55236,;inf,245,1.60241,;inf,251,1.65249,;inf,256,1.70258,;inf,264,1.75265,;inf,271,1.80273,;inf,279,1.8528,;inf,287,1.90288,;inf,295,1.95295,;inf,300,2.00302,;inf,305,2.05309,;inf,312,2.10316,;inf,318,2.15323,;inf,324,2.20331,;inf,333,2.25339,;inf,338,2.30347,;inf,344,2.35351,;inf,348,2.40358,;inf,354,2.45366,;inf,359,2.50369,;inf,365,2.55377,;inf,371,2.60385,;inf,377,2.65392,;inf,383,2.70399,;inf,390,2.75406,;inf,396,2.80413,;inf,401,2.85417,;inf,409,2.90422,;inf,415,2.95429,;inf,416,3.00436,;inf,422,3.05443,;inf,425,3.10451,;inf,432,3.15458,;inf,441,3.20465,;inf,448,3.25472,;inf,455,3.3048,;
inf,39,0.0500602,;inf,61,0.10015,;inf,71,0.150234,;inf,84,0.200318,;inf,95,0.250405,;inf,99,0.30049,;inf,106,0.350575,;inf,113,0.400651,;inf,118,0.450728,;inf,124,0.500761,;inf,132,0.550843,;inf,140,0.60092,;inf,146,0.651006,;inf,152,0.701083,;inf,158,0.751161,;inf,170,0.801244,;inf,178,0.85132,;inf,185,0.901405,;inf,193,0.951482,;inf,200,1.00156,;inf,205,1.05164,;inf,211,1.10172,;inf,218,1.1518,;inf,224,1.20188,;inf,228,1.25195,;inf,233,1.30203,;inf,238,1.35211,;inf,244,1.40219,;inf,251,1.45227,;inf,255,1.50235,;inf,260,1.55243,;inf,264,1.60252,;inf,271,1.6526,;inf,276,1.70268,;
inf,47,0.050059,;inf,60,0.100113,;inf,67,0.150196,;inf,73,0.200284,;inf,78,0.250369,;inf,86,0.30045,;inf,93,0.350528,;inf,98,0.400609,;inf,104,0.450701,;inf,108,0.500787,;inf,112,0.550864,;inf,117,0.600951,;inf,122,0.651041,;inf,128,0.701129,;inf,135,0.751215,;inf,140,0.801292,;inf,146,0.851374,;inf,155,0.901456,;inf,161,0.951533,;inf,169,1.00161,;inf,173,1.05169,;inf,178,1.10177,;inf,182,1.15186,;inf,187,1.20194,;inf,191,1.25202,;inf,198,1.30205,;inf,203,1.35216,;inf,212,1.40224,;
inf,55,0.0500592,;inf,68,0.100146,;
inf,46,0.0500592,;inf,55,0.100145,;inf,62,0.150231,;inf,69,0.200315,;inf,75,0.250397,;inf,81,0.300479,;inf,87,0.35056,;inf,91,0.400624,;inf,97,0.450711,;inf,102,0.500796,;inf,107,0.550887,;inf,113,0.600975,;inf,117,0.65107,;inf,122,0.701159,;inf,129,0.751248,;inf,135,0.801335,;inf,142,0.851417,;inf,146,0.901498,;inf,151,0.951578,;inf,159,1.00166,;inf,165,1.05174,;inf,169,1.10182,;inf,174,1.15191,;inf,179,1.202,;inf,184,1.25208,;inf,191,1.30217,;inf,196,1.35226,;inf,202,1.40235,;inf,208,1.45244,;inf,214,1.50253,;inf,220,1.55263,;inf,223,1.60272,;inf,227,1.65282,;inf,234,1.70291,;inf,237,1.753,;inf,241,1.80309,;inf,246,1.85318,;inf,250,1.90327,;inf,253,1.95336,;inf,259,2.00344,;inf,263,2.05354,;inf,267,2.10363,;inf,270,2.15372,;inf,273,2.20381,;inf,276,2.2539,;inf,282,2.304,;inf,289,2.35409,;inf,294,2.40417,;inf,302,2.45426,;inf,308,2.50434,;inf,311,2.55444,;inf,317,2.60452,;inf,322,2.65461,;inf,329,2.7047,;inf,334,2.75479,;inf,340,2.80488,;inf,349,2.85496,;inf,356,2.90506,;inf,363,2.95514,;inf,369,3.00523,;inf,378,3.05532,;inf,384,3.10541,;inf,391,3.1555,;inf,396,3.20559,;inf,405,3.25568,;inf,409,3.30577,;inf,416,3.35586,;inf,424,3.40595,;inf,433,3.45604,;
inf,33,0.0500603,;inf,40,0.100153,;inf,50,0.150235,;inf,56,0.200319,;inf,63,0.250398,;inf,68,0.300477,;inf,74,0.350562,;inf,79,0.400639,;inf,85,0.45072,;inf,89,0.500799,;inf,93,0.550881,;inf,98,0.600962,;inf,101,0.651046,;inf,106,0.701125,;inf,111,0.751208,;inf,114,0.801287,;inf,118,0.851373,;inf,125,0.901461,;inf,130,0.951543,;inf,134,1.00164,;inf,139,1.05172,;inf,145,1.10181,;inf,150,1.15189,;inf,156,1.20198,;
inf,42,0.0500649,;inf,52,0.100156,;inf,65,0.150246,;inf,75,0.200332,;inf,80,0.25042,;inf,83,0.300507,;inf,87,0.350597,;inf,89,0.400685,;inf,92,0.450774,;inf,99,0.500861,;
inf,41,0.0500605,;inf,51,0.100154,;inf,64,0.150242,;inf,73,0.200332,;inf,78,0.250421,;inf,92,0.300507,;inf,101,0.350592,;inf,108,0.400673,;inf,120,0.450754,;inf,128,0.500846,;inf,136,0.550939,;inf,142,0.60103,;inf,148,0.651114,;inf,156,0.701155,;inf,162,0.7512,;inf,171,0.801286,;
inf,45,0.0500592,;inf,52,0.10014,;inf,59,0.150229,;inf,65,0.200311,;inf,74,0.250402,;inf,81,0.300492,;inf,86,0.350576,;inf,95,0.400655,;inf,101,0.450746,;inf,104,0.500836,;inf,111,0.55093,;inf,114,0.601014,;inf,118,0.651093,;inf,122,0.701178,;inf,129,0.751267,;inf,134,0.801319,;inf,139,0.851407,;inf,143,0.901495,;inf,150,0.951582,;inf,155,1.00167,;inf,161,1.05177,;inf,164,1.10186,;inf,170,1.15194,;inf,177,1.20202,;inf,181,1.2521,;inf,186,1.3022,;inf,190,1.35229,;inf,196,1.40238,;inf,201,1.45246,;inf,207,1.50255,;inf,209,1.55263,;inf,212,1.60272,;inf,216,1.6528,;inf,219,1.7029,;inf,224,1.75299,;inf,226,1.80309,;inf,229,1.85317,;inf,233,1.90325,;inf,237,1.95333,;inf,242,2.00342,;inf,249,2.05351,;inf,253,2.1036,;inf,256,2.1537,;inf,264,2.20379,;inf,269,2.25388,;inf,274,2.30398,;inf,280,2.35407,;inf,290,2.40416,;inf,294,2.45425,;inf,302,2.50434,;inf,307,2.55444,;inf,314,2.60453,;inf,319,2.65462,;inf,327,2.70471,;inf,331,2.7548,;inf,337,2.80488,;inf,340,2.85496,;inf,345,2.90505,;inf,355,2.95514,;inf,362,3.00523,;inf,368,3.05532,;inf,374,3.10541,;inf,381,3.1555,;inf,387,3.20559,;inf,393,3.25568,;inf,399,3.30578,;inf,408,3.35587,;inf,415,3.40597,;inf,423,3.45606,;inf,430,3.50616,;inf,435,3.55625,;inf,438,3.60634,;inf,441,3.65642,;inf,450,3.70651,;inf,456,3.7566,;inf,464,3.80669,;inf,475,3.85677,;inf,482,3.90685,;inf,494,3.95693,;inf,498,4.00702,;inf,504,4.0571,;inf,513,4.10719,;inf,521,4.15729,;inf,527,4.20738,;inf,533,4.25748,;inf,540,4.30758,;inf,547,4.35767,;inf,553,4.40777,;inf,559,4.45786,;inf,567,4.50795,;inf,574,4.55801,;inf,581,4.6081,;inf,588,4.65818,;inf,598,4.70828,;inf,602,4.75834,;inf,608,4.80843,;inf,617,4.85852,;inf,627,4.90861,;inf,635,4.95869,;inf,642,5.00878,;inf,648,5.05887,;inf,653,5.10897,;inf,664,5.15907,;inf,669,5.20916,;inf,676,5.25925,;inf,686,5.30935,;inf,695,5.35944,;inf,702,5.40953,;inf,709,5.45963,;
inf,43,0.0500605,;inf,68,0.100151,;inf,79,0.150245,;inf,87,0.200341,;inf,91,0.25043,;inf,97,0.300518,;inf,105,0.350609,;inf,115,0.400705,;inf,118,0.450807,;inf,124,0.500898,;inf,132,0.550989,;inf,141,0.601077,;inf,154,0.651161,;inf,161,0.701258,;inf,168,0.751345,;inf,182,0.801453,;inf,189,0.851552,;inf,201,0.901845,;inf,213,0.951929,;inf,222,1.00202,;inf,230,1.0521,;inf,242,1.10219,;inf,250,1.15228,;inf,262,1.20237,;inf,275,1.25245,;inf,284,1.30254,;inf,294,1.35265,;inf,304,1.40274,;inf,319,1.45282,;inf,329,1.50288,;inf,339,1.55297,;inf,351,1.60306,;inf,362,1.65315,;
inf,48,0.0500584,;inf,66,0.100138,;inf,79,0.150212,;inf,85,0.200286,;inf,91,0.250362,;inf,96,0.300442,;inf,100,0.350521,;inf,107,0.400595,;inf,114,0.450668,;inf,122,0.500747,;inf,127,0.550827,;inf,131,0.600906,;inf,140,0.650985,;inf,145,0.701062,;inf,149,0.751142,;inf,152,0.801222,;inf,156,0.851303,;inf,160,0.901383,;inf,165,0.951462,;inf,169,1.00154,;inf,177,1.05162,;inf,183,1.1017,;inf,186,1.15177,;inf,192,1.20187,;inf,196,1.25195,;inf,202,1.30214,;inf,207,1.35222,;inf,216,1.4023,;inf,220,1.45238,;inf,227,1.50246,;inf,230,1.55255,;inf,235,1.60261,;inf,239,1.65269,;inf,249,1.70277,;inf,254,1.75285,;inf,258,1.80294,;inf,260,1.85302,;inf,268,1.90306,;inf,274,1.95314,;inf,279,2.00322,;inf,286,2.05329,;inf,291,2.10337,;inf,299,2.15345,;inf,303,2.20353,;inf,311,2.25361,;inf,319,2.30397,;inf,324,2.35405,;inf,329,2.40413,;inf,333,2.4542,;inf,338,2.50428,;inf,345,2.55435,;inf,352,2.60442,;inf,358,2.6545,;inf,364,2.70458,;inf,369,2.75465,;inf,377,2.80472,;inf,382,2.8548,;inf,390,2.90489,;inf,396,2.95502,;inf,402,3.00508,;inf,408,3.05521,;inf,417,3.10526,;inf,424,3.15535,;inf,436,3.20545,;inf,444,3.25554,;inf,449,3.30563,;inf,454,3.35568,;inf,463,3.40577,;inf,470,3.45591,;inf,480,3.50601,;inf,490,3.55606,;inf,497,3.60619,;inf,504,3.65624,;inf,509,3.70634,;inf,517,3.75647,;inf,524,3.80652,;inf,531,3.85665,;inf,537,3.90671,;inf,544,3.95684,;inf,551,4.0069,;inf,559,4.05704,;inf,568,4.10709,;inf,574,4.15719,;inf,586,4.20732,;inf,595,4.25737,;inf,603,4.30746,;inf,612,4.3576,;inf,624,4.40765,;inf,634,4.45779,;inf,646,4.50786,;inf,654,4.55796,;inf,662,4.60803,;inf,673,4.65807,;inf,681,4.70817,;inf,696,4.75826,;inf,705,4.80835,;inf,714,4.85845,;inf,722,4.90858,;inf,731,4.95863,;inf,739,5.00876,;inf,747,5.05882,;inf,761,5.10891,;
inf,43,0.0500627,;inf,53,0.100146,;inf,58,0.150221,;inf,65,0.200296,;inf,70,0.25037,;
inf,38,0.0500596,;inf,51,0.100148,;inf,62,0.150241,;inf,68,0.200291,;inf,76,0.250392,;inf,83,0.300491,;inf,88,0.350578,;inf,93,0.400662,;inf,98,0.450745,;inf,103,0.500832,;inf,109,0.550914,;inf,117,0.601012,;inf,123,0.6511,;inf,130,0.701193,;inf,135,0.751275,;inf,140,0.80136,;inf,150,0.851448,;inf,158,0.901533,;inf,163,0.951617,;inf,169,1.00169,;inf,176,1.05177,;inf,183,1.10187,;inf,189,1.15195,;inf,196,1.20204,;inf,201,1.25213,;inf,206,1.30222,;inf,212,1.35231,;inf,218,1.40241,;inf,223,1.45251,;inf,228,1.50259,;inf,235,1.55267,;inf,240,1.60275,;inf,245,1.65283,;inf,250,1.70291,;inf,254,1.753,;inf,262,1.80309,;inf,267,1.85317,;inf,272,1.90324,;inf,276,1.95333,;inf,286,2.00342,;inf,291,2.05352,;inf,296,2.10361,;inf,300,2.1537,;inf,307,2.20379,;inf,313,2.25388,;inf,317,2.30397,;inf,322,2.35406,;inf,326,2.40416,;inf,330,2.45424,;inf,336,2.50433,;inf,342,2.55439,;inf,348,2.60448,;inf,353,2.65457,;inf,359,2.70466,;inf,364,2.75474,;inf,371,2.80481,;inf,379,2.85489,;inf,383,2.90497,;inf,388,2.95507,;inf,394,3.00516,;inf,404,3.05525,;inf,412,3.10534,;inf,419,3.15543,;inf,429,3.20552,;inf,438,3.25561,;
inf,52,0.0500575,;inf,73,0.100153,;inf,88,0.150217,;inf,98,0.200322,;inf,108,0.250414,;inf,127,0.300501,;inf,136,0.350592,;inf,143,0.401896,;inf,154,0.451992,;inf,168,0.502079,;inf,177,0.552174,;inf,187,0.602262,;inf,195,0.652356,;inf,201,0.702447,;inf,223,0.752534,;inf,237,0.802626,;inf,244,0.852715,;inf,254,0.902809,;inf,264,0.952897,;inf,271,1.00299,;inf,278,1.05309,;inf,286,1.10317,;inf,293,1.15326,;inf,299,1.20335,;inf,305,1.25344,;inf,312,1.30353,;inf,319,1.35362,;inf,327,1.40371,;inf,336,1.4538,;inf,342,1.50388,;inf,345,1.55392,;inf,349,1.60401,;inf,354,1.6541,;inf,358,1.70419,;inf,363,1.75429,;inf,368,1.80438,;inf,373,1.85447,;inf,375,1.90456,;inf,382,1.95461,;inf,386,2.00469,;inf,390,2.05479,;inf,394,2.10488,;inf,401,2.15496,;inf,403,2.20505,;inf,413,2.25514,;inf,415,2.30523,;inf,418,2.35532,;inf,422,2.40541,;inf,429,2.45551,;inf,437,2.5056,;inf,442,2.55569,;inf,446,2.60578,;inf,446,2.65586,;inf,448,2.70595,;inf,449,2.75602,;inf,453,2.80611,;inf,455,2.85619,;inf,458,2.90628,;inf,460,2.95637,;inf,467,3.00646,;inf,472,3.05655,;inf,474,3.10664,;inf,476,3.15673,;inf,487,3.20682,;inf,498,3.25691,;inf,501,3.307,;inf,503,3.35709,;inf,509,3.40718,;inf,509,3.45728,;inf,516,3.50737,;inf,520,3.55746,;inf,526,3.60755,;inf,526,3.65761,;
inf,39,0.0500607,;inf,50,0.100156,;inf,57,0.150245,;inf,64,0.200332,;inf,71,0.250423,;inf,76,0.300512,;inf,80,0.350605,;inf,89,0.400695,;inf,94,0.450786,;inf,98,0.500843,;inf,103,0.550937,;inf,108,0.601025,;inf,113,0.651115,;inf,118,0.701206,;inf,123,0.751296,;inf,127,0.801387,;inf,132,0.851479,;inf,136,0.901543,;inf,143,0.951638,;inf,149,1.00173,;inf,153,1.05183,;inf,157,1.10192,;inf,162,1.15201,;inf,168,1.2021,;inf,172,1.25219,;inf,176,1.30228,;inf,181,1.35237,;inf,185,1.40246,;inf,194,1.45256,;inf,199,1.50266,;inf,203,1.55274,;
inf,35,0.0500642,;inf,47,0.100156,;inf,57,0.150244,;inf,77,0.200334,;inf,87,0.250421,;inf,95,0.300513,;inf,106,0.3506,;inf,117,0.400693,;
inf,35,0.0500605,;inf,47,0.100121,;inf,57,0.150213,;inf,65,0.200304,;inf,71,0.25039,;inf,80,0.300478,;inf,85,0.350564,;inf,95,0.400651,;inf,101,0.450738,;inf,109,0.500828,;inf,117,0.550919,;inf,122,0.601008,;inf,128,0.651091,;inf,135,0.701174,;inf,140,0.751258,;inf,145,0.801345,;inf,152,0.851435,;inf,161,0.901524,;inf,169,0.951613,;inf,177,1.00171,;inf,187,1.0518,;inf,192,1.10189,;inf,198,1.15199,;inf,203,1.20207,;inf,212,1.25216,;inf,219,1.30225,;inf,229,1.35234,;inf,236,1.40243,;inf,242,1.45252,;inf,248,1.50261,;inf,255,1.5527,;inf,261,1.60279,;inf,266,1.65288,;inf,270,1.70297,;inf,278,1.75306,;inf,285,1.80315,;inf,294,1.85323,;inf,303,1.90332,;inf,311,1.9534,;inf,317,2.00349,;inf,326,2.05358,;inf,336,2.10367,;inf,342,2.15373,;inf,350,2.20382,;inf,356,2.25391,;inf,365,2.30399,;inf,373,2.35408,;inf,380,2.40416,;inf,389,2.45424,;inf,397,2.50432,;inf,402,2.55441,;inf,409,2.60449,;inf,417,2.65458,;inf,426,2.70466,;inf,437,2.75475,;inf,444,2.80483,;inf,454,2.8549,;inf,464,2.90498,;inf,474,2.95506,;
inf,42,0.0500649,;inf,54,0.100162,;inf,60,0.150255,;inf,65,0.200345,;inf,72,0.250434,;inf,76,0.300521,;inf,83,0.350615,;inf,87,0.400703,;inf,92,0.450796,;inf,98,0.50089,;inf,104,0.55098,;inf,107,0.601069,;inf,113,0.651157,;inf,118,0.701244,;inf,122,0.751331,;inf,128,0.801415,;inf,134,0.851499,;inf,140,0.901591,;inf,144,0.951678,;inf,151,1.00177,;inf,157,1.05186,;inf,163,1.10195,;inf,170,1.15204,;inf,175,1.20213,;inf,179,1.25222,;
inf,46,0.0500611,;
inf,44,0.0500613,;inf,52,0.100112,;inf,62,0.150202,;inf,70,0.200306,;inf,78,0.250411,;inf,88,0.300505,;inf,95,0.350593,;
inf,36,0.0500627,;inf,44,0.100151,;inf,53,0.150236,;inf,63,0.200324,;inf,75,0.250405,;inf,80,0.300493,;inf,90,0.350572,;inf,95,0.400656,;inf,107,0.45071,;inf,114,0.500792,;inf,122,0.550873,;inf,130,0.600956,;inf,137,0.65104,;inf,147,0.701124,;inf,152,0.751212,;inf,161,0.801297,;inf,170,0.851377,;inf,179,0.901514,;inf,186,0.951597,;inf,194,1.00168,;inf,202,1.05176,;inf,210,1.10184,;inf,216,1.15192,;inf,222,1.202,;inf,230,1.25208,;inf,235,1.30217,;inf,240,1.35225,;inf,248,1.40233,;inf,253,1.45241,;inf,261,1.50249,;inf,265,1.55277,;inf,272,1.60285,;inf,280,1.65293,;inf,286,1.70301,;inf,292,1.75309,;inf,299,1.80318,;inf,306,1.85326,;inf,315,1.90334,;inf,323,1.95342,;inf,331,2.0035,;inf,336,2.05359,;inf,342,2.10363,;inf,352,2.15371,;inf,358,2.20379,;inf,368,2.25387,;inf,375,2.30396,;inf,381,2.35404,;inf,388,2.40412,;inf,395,2.4542,;inf,401,2.5043,;inf,410,2.55438,;inf,418,2.60446,;inf,428,2.65454,;inf,434,2.70475,;inf,440,2.75483,;inf,447,2.80491,;inf,456,2.85499,;inf,464,2.90507,;inf,470,2.95512,;inf,482,3.0052,;inf,495,3.05528,;inf,505,3.10537,;inf,516,3.15545,;inf,524,3.20553,;inf,531,3.25561,;inf,542,3.3057,;inf,554,3.35578,;inf,561,3.40586,;inf,570,3.45596,;inf,579,3.50605,;inf,590,3.55615,;inf,600,3.60624,;inf,609,3.65633,;inf,618,3.70642,;inf,630,3.75651,;inf,640,3.80657,;inf,652,3.85667,;inf,660,3.90754,;inf,669,3.95763,;inf,676,4.00771,;inf,683,4.05781,;inf,691,4.10788,;inf,700,4.15797,;inf,707,4.20806,;
inf,43,0.0500593,;inf,52,0.100153,;
inf,42,0.0500594,;inf,54,0.1001,;inf,60,0.150178,;inf,70,0.200258,;inf,75,0.250341,;inf,81,0.30042,;inf,87,0.3505,;inf,92,0.400579,;inf,98,0.45066,;inf,103,0.500741,;inf,109,0.55082,;inf,113,0.600901,;inf,120,0.65098,;inf,124,0.701056,;inf,126,0.751136,;inf,130,0.801234,;inf,134,0.851328,;inf,140,0.901421,;inf,144,0.951513,;inf,147,1.00162,;inf,148,1.05173,;inf,154,1.10184,;inf,157,1.15193,;inf,160,1.20202,;inf,163,1.2521,;inf,166,1.30219,;inf,170,1.35228,;inf,174,1.40237,;inf,177,1.45245,;inf,180,1.50254,;inf,183,1.55263,;inf,185,1.60271,;inf,190,1.65281,;inf,201,1.7029,;inf,204,1.75299,;inf,207,1.80308,;inf,212,1.85318,;inf,216,1.90327,;inf,221,1.95335,;inf,224,2.00344,;inf,228,2.05353,;inf,232,2.10362,;inf,243,2.15371,;inf,247,2.2038,;inf,251,2.25389,;inf,254,2.30398,;inf,256,2.35407,;inf,263,2.40416,;inf,266,2.45425,;inf,269,2.50435,;inf,279,2.55444,;inf,284,2.60453,;inf,288,2.65462,;inf,290,2.70471,;inf,293,2.7548,;inf,299,2.80487,;inf,304,2.85497,;inf,307,2.90505,;inf,312,2.95528,;inf,318,3.00537,;inf,321,3.05546,;inf,328,3.10554,;inf,332,3.15563,;inf,339,3.20568,;inf,345,3.25578,;inf,353,3.30587,;inf,362,3.35596,;inf,372,3.40605,;inf,379,3.4561,;inf,389,3.50619,;
inf,41,0.0500646,;inf,54,0.10016,;inf,62,0.150253,;inf,68,0.200345,;inf,77,0.250434,;inf,88,0.300528,;inf,97,0.350623,;inf,103,0.400718,;inf,109,0.450812,;inf,113,0.500905,;inf,119,0.550993,;inf,124,0.601079,;inf,130,0.651167,;
inf,49,0.0500639,;inf,59,0.100154,;inf,65,0.150244,;inf,72,0.200337,;inf,80,0.250432,;inf,85,0.300523,;inf,92,0.35061,;inf,96,0.400701,;inf,103,0.45079,;inf,106,0.500879,;inf,110,0.55097,;inf,116,0.601054,;inf,120,0.65114,;inf,124,0.701227,;inf,127,0.751312,;inf,130,0.801394,;inf,135,0.851478,;inf,139,0.901565,;inf,146,0.95165,;inf,151,1.00173,;inf,154,1.05182,;inf,160,1.10191,;inf,163,1.152,;inf,171,1.20209,;inf,177,1.25219,;inf,179,1.30228,;inf,182,1.35237,;inf,186,1.40245,;inf,192,1.45254,;inf,197,1.50264,;inf,199,1.55272,;inf,202,1.60282,;inf,204,1.65291,;inf,206,1.70436,;inf,210,1.75445,;inf,213,1.80454,;inf,217,1.85464,;inf,219,1.90474,;inf,221,1.95483,;inf,226,2.00492,;inf,229,2.05501,;inf,239,2.1051,;inf,242,2.15519,;inf,244,2.20527,;inf,251,2.25537,;inf,253,2.30546,;inf,259,2.35554,;inf,262,2.40563,;inf,265,2.45573,;inf,270,2.50582,;inf,272,2.55591,;inf,277,2.60601,;inf,280,2.6561,;inf,282,2.70619,;inf,287,2.75629,;inf,292,2.80637,;inf,295,2.85646,;inf,300,2.90655,;inf,302,2.95663,;inf,306,3.00672,;inf,309,3.0568,;inf,313,3.1069,;inf,318,3.15699,;inf,322,3.20709,;inf,327,3.25718,;inf,332,3.30727,;inf,336,3.35736,;inf,341,3.40746,;inf,347,3.45755,;inf,353,3.50764,;inf,357,3.55773,;inf,364,3.60783,;inf,370,3.65792,;inf,377,3.70801,;inf,382,3.75805,;inf,389,3.80814,;inf,395,3.85823,;inf,400,3.90833,;inf,404,3.95842,;inf,413,4.00851,;inf,418,4.05861,;inf,425,4.1087,;inf,431,4.15879,;inf,439,4.20888,;inf,443,4.25897,;inf,450,4.30907,;inf,454,4.35916,;inf,460,4.40925,;inf,469,4.45933,;inf,475,4.50942,;inf,480,4.55951,;inf,486,4.60961,;inf,490,4.6597,;inf,496,4.70979,;inf,504,4.75988,;inf,509,4.80997,;inf,518,4.86006,;inf,523,4.91016,;inf,526,4.96024,;inf,532,5.01033,;inf,540,5.06042,;inf,550,5.11046,;inf,560,5.16056,;inf,566,5.21064,;inf,572,5.26071,;inf,579,5.31081,;inf,589,5.3609,;inf,594,5.41099,;inf,605,5.46108,;inf,612,5.51117,;inf,622,5.56126,;inf,632,5.61135,;inf,641,5.66144,;inf,650,5.71153,;inf,663,5.76161,;inf,671,5.81171,;inf,680,5.8618,;inf,686,5.9119,;inf,695,5.96198,;inf,700,6.01208,;inf,708,6.06217,;inf,717,6.11227,;inf,724,6.16236,;inf,734,6.21244,;inf,742,6.26253,;
inf,34,0.0500609,;inf,46,0.100152,;inf,58,0.150237,;inf,67,0.200321,;inf,73,0.250403,;inf,77,0.300486,;inf,85,0.350569,;inf,93,0.400654,;inf,103,0.450742,;inf,120,0.500822,;inf,132,0.550903,;inf,142,0.600983,;inf,152,0.651064,;inf,159,0.701152,;inf,170,0.751234,;inf,177,0.801322,;inf,181,0.851412,;inf,192,0.901505,;inf,202,0.951604,;inf,213,1.00169,;inf,221,1.05178,;inf,231,1.10187,;inf,241,1.15191,;inf,250,1.202,;inf,259,1.25208,;inf,267,1.30217,;inf,275,1.35225,;303.242825,282,1.40231,;
inf,50,0.0500615,;inf,61,0.100147,;inf,66,0.150229,;inf,74,0.200312,;inf,80,0.25039,;inf,85,0.300472,;inf,91,0.350553,;inf,96,0.400637,;inf,104,0.450711,;inf,108,0.500789,;inf,116,0.55087,;inf,120,0.600947,;inf,124,0.651027,;inf,128,0.701112,;inf,134,0.751193,;inf,139,0.80127,;inf,144,0.851349,;inf,147,0.90143,;inf,152,0.951509,;inf,155,1.00159,;inf,160,1.05167,;inf,167,1.10176,;inf,172,1.15184,;inf,174,1.20193,;inf,178,1.25202,;inf,181,1.3021,;inf,185,1.35219,;inf,189,1.40227,;inf,191,1.45236,;inf,196,1.50244,;inf,199,1.55253,;inf,202,1.60261,;inf,206,1.6527,;inf,208,1.70279,;inf,213,1.75287,;inf,216,1.80295,;inf,221,1.85303,;inf,228,1.90312,;inf,230,1.9532,;inf,234,2.00328,;inf,239,2.05336,;inf,243,2.10344,;inf,249,2.15352,;inf,252,2.2036,;inf,255,2.25368,;inf,265,2.30376,;inf,268,2.35384,;inf,273,2.40388,;inf,277,2.45396,;inf,281,2.50404,;inf,287,2.55412,;inf,296,2.60417,;inf,303,2.65425,;inf,306,2.70433,;inf,309,2.75441,;inf,313,2.8045,;inf,316,2.85458,;inf,324,2.90467,;inf,329,2.95475,;inf,336,3.00481,;
inf,38,0.0500615,;inf,48,0.100147,;inf,55,0.150231,;inf,63,0.200319,;inf,73,0.250397,;inf,78,0.300474,;inf,88,0.35055,;inf,92,0.400629,;inf,101,0.450704,;inf,107,0.500785,;inf,112,0.55086,;inf,122,0.600937,;inf,127,0.651022,;inf,135,0.701105,;inf,141,0.751187,;inf,148,0.801272,;inf,153,0.851364,;inf,159,0.901446,;inf,167,0.951525,;inf,173,1.0016,;inf,177,1.05168,;inf,182,1.10176,;inf,186,1.1518,;inf,193,1.20189,;inf,197,1.25196,;inf,207,1.30204,;inf,212,1.35212,;inf,218,1.40219,;inf,222,1.45228,;inf,227,1.50236,;inf,230,1.55244,;inf,236,1.60253,;inf,243,1.65262,;
inf,50,0.0500522,;inf,65,0.100147,;inf,77,0.150242,;inf,84,0.20034,;inf,88,0.250429,;inf,93,0.300526,;inf,98,0.35062,;inf,102,0.400714,;inf,106,0.45081,;inf,110,0.500906,;inf,114,0.550999,;inf,119,0.601092,;inf,125,0.651184,;inf,134,0.701275,;inf,138,0.751369,;inf,143,0.801465,;inf,148,0.851562,;
inf,34,0.0500613,;inf,40,0.100156,;inf,49,0.150246,;inf,52,0.200328,;inf,54,0.250412,;inf,60,0.300494,;inf,62,0.350578,;inf,66,0.400658,;inf,71,0.450738,;inf,73,0.50082,;inf,80,0.5509,;inf,83,0.60097,;inf,86,0.651066,;inf,90,0.701163,;inf,95,0.751257,;inf,98,0.801347,;inf,104,0.851436,;inf,110,0.901527,;
inf,42,0.0500615,;inf,54,0.100159,;inf,66,0.15025,;inf,75,0.200335,;inf,81,0.250418,;inf,91,0.3005,;inf,98,0.350587,;inf,104,0.40068,;inf,108,0.45076,;inf,114,0.500847,;inf,120,0.550933,;inf,128,0.601025,;inf,135,0.651109,;inf,141,0.701197,;inf,146,0.751291,;inf,153,0.801383,;inf,161,0.851469,;inf,166,0.901553,;inf,173,0.951643,;inf,178,1.00173,;inf,184,1.05181,;
inf,34,0.0500605,;inf,47,0.112696,;inf,56,0.16279,;inf,63,0.212885,;inf,70,0.262948,;inf,76,0.313039,;inf,80,0.363127,;inf,88,0.413224,;inf,96,0.463316,;inf,100,0.513417,;inf,105,0.563508,;inf,110,0.613598,;inf,115,0.663659,;inf,119,0.71375,;inf,123,0.763837,;inf,128,0.813925,;inf,135,0.864016,;inf,138,0.91411,;inf,146,0.964201,;inf,154,1.0143,;inf,158,1.06439,;inf,162,1.1145,;inf,168,1.16459,;inf,174,1.21467,;inf,178,1.26477,;inf,184,1.31486,;inf,188,1.36495,;inf,193,1.41505,;inf,197,1.46514,;inf,203,1.51522,;inf,208,1.56531,;inf,212,1.6154,;inf,216,1.6655,;inf,224,1.71559,;inf,228,1.76568,;inf,233,1.81578,;inf,237,1.86586,;inf,241,1.91595,;inf,246,1.96604,;inf,254,2.01612,;inf,258,2.0662,;inf,266,2.11629,;inf,271,2.16638,;inf,278,2.21647,;inf,284,2.26655,;inf,289,2.31664,;inf,296,2.36672,;inf,301,2.41681,;inf,310,2.46691,;inf,317,2.51699,;inf,325,2.56708,;inf,332,2.61717,;inf,341,2.66726,;inf,351,2.71738,;inf,360,2.76746,;inf,368,2.81755,;inf,375,2.86759,;inf,380,2.91768,;inf,386,2.96777,;inf,393,3.01786,;inf,400,3.06795,;inf,406,3.11804,;inf,408,3.16814,;inf,409,3.21897,;inf,414,3.26905,;inf,420,3.31911,;inf,428,3.36919,;
inf,38,0.0500603,;inf,45,0.100151,;inf,56,0.150244,;inf,63,0.20034,;inf,67,0.250436,;inf,71,0.300529,;inf,75,0.350624,;inf,80,0.400723,;inf,88,0.450813,;inf,93,0.500902,;inf,97,0.550993,;inf,100,0.601084,;inf,104,0.651176,;inf,110,0.701263,;inf,116,0.751308,;inf,121,0.801394,;inf,124,0.851485,;inf,128,0.901575,;inf,131,0.951661,;inf,137,1.00171,;inf,143,1.05179,;inf,147,1.10188,;inf,150,1.15197,;inf,154,1.20205,;inf,158,1.25214,;inf,163,1.30223,;inf,169,1.35232,;inf,173,1.40241,;inf,178,1.4525,;inf,183,1.50259,;inf,186,1.55268,;inf,190,1.60276,;inf,194,1.65285,;inf,197,1.70294,;inf,200,1.75303,;inf,208,1.80311,;inf,213,1.85322,;inf,216,1.90332,;inf,220,1.95341,;inf,224,2.0035,;inf,229,2.05359,;inf,233,2.10368,;inf,238,2.15377,;inf,242,2.20386,;inf,246,2.25392,;inf,249,2.30401,;inf,252,2.35409,;inf,255,2.40418,;inf,263,2.45428,;inf,267,2.50437,;inf,272,2.55446,;inf,276,2.60455,;inf,279,2.65465,;inf,285,2.70474,;inf,292,2.75483,;inf,302,2.80492,;inf,308,2.85516,;inf,313,2.90525,;inf,318,2.95534,;inf,326,3.00543,;inf,326,3.05552,;inf,331,3.10561,;inf,334,3.1557,;inf,338,3.20579,;inf,341,3.25587,;
inf,42,0.0500603,;inf,54,0.100156,;inf,64,0.150249,;inf,70,0.200341,;inf,72,0.250429,;inf,75,0.300523,;inf,79,0.350615,;inf,82,0.400707,;inf,85,0.450792,;inf,88,0.500883,;inf,90,0.550973,;inf,95,0.601062,;inf,98,0.651149,;inf,101,0.701239,;inf,106,0.751331,;inf,110,0.801423,;inf,113,0.85147,;inf,117,0.901558,;inf,125,0.951647,;inf,128,1.00173,;inf,131,1.05182,;inf,134,1.10191,;inf,139,1.152,;inf,144,1.20209,;inf,148,1.25218,;inf,151,1.30227,;inf,154,1.35236,;inf,157,1.40245,;inf,160,1.45254,;inf,164,1.50264,;inf,167,1.55274,;inf,173,1.6028,;inf,177,1.65289,;inf,181,1.70298,;inf,185,1.75308,;inf,191,1.80317,;inf,197,1.85326,;inf,201,1.90335,;inf,205,1.95345,;inf,209,2.00354,;inf,212,2.05368,;inf,217,2.10377,;inf,220,2.15386,;inf,225,2.20396,;inf,232,2.25405,;inf,236,2.30414,;inf,240,2.35424,;inf,243,2.40433,;inf,246,2.45442,;inf,250,2.50451,;
inf,49,0.0500634,;inf,59,0.100153,;inf,63,0.150239,;inf,69,0.200324,;inf,78,0.250405,;inf,85,0.300484,;inf,92,0.350567,;inf,97,0.40065,;inf,104,0.450727,;inf,109,0.500806,;inf,114,0.550887,;
inf,42,0.0500638,;inf,56,0.100158,;inf,68,0.150244,;inf,76,0.200327,;inf,88,0.250415,;inf,104,0.300502,;inf,119,0.350589,;inf,131,0.40067,;inf,150,0.450753,;inf,164,0.500836,;inf,171,0.550926,;inf,180,0.60101,;inf,192,0.651096,;inf,202,0.701189,;inf,211,0.751281,;inf,221,0.801374,;inf,228,0.851463,;inf,236,0.901546,;inf,248,0.951624,;inf,258,1.0017,;inf,273,1.05178,;inf,276,1.10186,;inf,286,1.15194,;inf,290,1.20202,;inf,294,1.25209,;inf,301,1.30217,;inf,309,1.35225,;inf,319,1.40233,;inf,325,1.45241,;inf,334,1.50249,;inf,340,1.55256,;inf,347,1.60264,;inf,359,1.65272,;inf,368,1.7028,;inf,378,1.75288,;inf,387,1.80296,;inf,399,1.85304,;inf,413,1.90312,;inf,431,1.95319,;inf,451,2.00327,;inf,468,2.05335,;inf,479,2.10342,;inf,497,2.1535,;inf,510,2.20358,;inf,522,2.25366,;inf,538,2.30373,;inf,554,2.35381,;inf,567,2.40389,;inf,583,2.45397,;inf,598,2.50406,;inf,611,2.55413,;inf,618,2.60423,;inf,629,2.65431,;inf,649,2.7044,;inf,666,2.75449,;inf,682,2.80453,;inf,699,2.85462,;inf,719,2.9047,;inf,735,2.95479,;inf,748,3.00487,;
inf,61,0.0500583,;inf,77,0.100135,;inf,92,0.150205,;inf,110,0.200276,;inf,128,0.250328,;
inf,56,0.0500591,;inf,73,0.100138,;inf,84,0.150216,;inf,95,0.200298,;
inf,42,0.0500599,;inf,56,0.100146,;inf,71,0.150225,;inf,82,0.200314,;inf,92,0.250394,;inf,103,0.300473,;inf,116,0.350564,;inf,128,0.400643,;inf,143,0.45073,;inf,154,0.500817,;inf,167,0.550905,;inf,175,0.600995,;inf,185,0.651078,;inf,199,0.701167,;inf,211,0.751248,;inf,217,0.801322,;inf,231,0.851398,;inf,241,0.901442,;inf,254,0.951501,;inf,267,1.00158,;inf,278,1.05166,;inf,292,1.10174,;inf,305,1.15183,;inf,315,1.20192,;inf,329,1.25201,;inf,343,1.3021,;inf,354,1.35218,;inf,370,1.40227,;inf,389,1.45236,;inf,406,1.50244,;inf,419,1.55252,;inf,438,1.60261,;inf,453,1.65269,;inf,466,1.70278,;inf,481,1.75284,;inf,490,1.80292,;inf,501,1.853,;inf,516,1.90307,;inf,531,1.95315,;inf,547,2.00323,;inf,560,2.05332,;inf,578,2.1034,;inf,592,2.15348,;inf,612,2.20357,;inf,630,2.25365,;inf,644,2.30372,;inf,660,2.3538,;inf,684,2.40388,;inf,698,2.45395,;inf,716,2.50403,;inf,731,2.55411,;inf,745,2.60419,;inf,762,2.65427,;inf,779,2.70435,;inf,803,2.75443,;inf,828,2.80451,;inf,844,2.85459,;inf,867,2.90468,;inf,884,2.95476,;inf,901,3.00482,;inf,913,3.05491,;inf,928,3.10499,;inf,942,3.15507,;inf,959,3.20515,;inf,975,3.25523,;inf,992,3.30532,;inf,1011,3.3554,;inf,1030,3.40549,;inf,1046,3.45557,;inf,1064,3.50565,;inf,1088,3.55574,;inf,1108,3.60582,;
inf,53,0.0500588,;inf,67,0.100138,;inf,81,0.150213,;inf,89,0.200288,;inf,100,0.250359,;inf,113,0.300432,;inf,126,0.350468,;inf,139,0.400554,;inf,150,0.450641,;
inf,50,0.0500594,;inf,65,0.100134,;inf,81,0.150205,;inf,94,0.200273,;inf,104,0.250343,;inf,118,0.300402,;inf,135,0.350479,;
inf,58,0.0500584,;inf,77,0.100138,;inf,91,0.150224,;inf,105,0.200308,;inf,115,0.250394,;inf,127,0.300475,;inf,137,0.35056,;inf,154,0.400646,;306.351688,166,0.450709,;
inf,46,0.0500594,;inf,58,0.100137,;inf,68,0.150231,;inf,77,0.200326,;inf,89,0.250428,;inf,95,0.300519,;inf,105,0.350603,;inf,114,0.400687,;inf,125,0.450771,;inf,134,0.500859,;inf,145,0.550947,;inf,154,0.601035,;inf,164,0.651125,;inf,173,0.701211,;inf,185,0.751297,;inf,194,0.801382,;inf,204,0.851467,;inf,215,0.901556,;
inf,44,0.0500585,;inf,56,0.100143,;inf,72,0.150218,;inf,84,0.200296,;inf,96,0.250372,;inf,105,0.300448,;inf,119,0.350522,;inf,127,0.400596,;inf,135,0.45067,;inf,142,0.500747,;inf,149,0.550823,;inf,160,0.600898,;inf,167,0.650977,;inf,178,0.701065,;inf,185,0.751153,;inf,196,0.801245,;inf,214,0.851334,;inf,226,0.901425,;inf,240,0.951513,;inf,249,1.0016,;inf,260,1.05168,;inf,273,1.10175,;inf,290,1.15182,;inf,301,1.20187,;inf,318,1.25194,;inf,329,1.30201,;inf,339,1.35209,;inf,350,1.40219,;inf,361,1.45228,;inf,374,1.50236,;inf,379,1.55244,;inf,385,1.60253,;inf,392,1.65262,;inf,404,1.70271,;inf,415,1.7528,;inf,427,1.80289,;inf,434,1.85298,;inf,434,1.90308,;inf,439,1.95317,;inf,445,2.00327,;inf,462,2.05335,;inf,465,2.10345,;inf,476,2.15354,;inf,484,2.20362,;inf,488,2.25371,;inf,493,2.3038,;inf,502,2.35387,;inf,506,2.40396,;inf,518,2.45405,;inf,528,2.50414,;inf,532,2.55423,;inf,541,2.60432,;inf,541,2.65441,;inf,545,2.7045,;inf,556,2.75459,;inf,559,2.80469,;inf,567,2.85478,;inf,578,2.90487,;inf,582,2.95496,;inf,585,3.00505,;inf,597,3.05515,;inf,605,3.10524,;inf,610,3.15533,;inf,616,3.20542,;inf,630,3.25551,;inf,633,3.3056,;inf,648,3.35569,;inf,662,3.40578,;inf,668,3.45587,;inf,671,3.50597,;inf,678,3.55607,;inf,690,3.60616,;inf,691,3.65625,;inf,698,3.70634,;inf,703,3.75643,;inf,710,3.80652,;inf,715,3.85661,;
inf,64,0.050058,;inf,100,0.100142,;inf,118,0.15022,;inf,141,0.200296,;inf,163,0.250385,;inf,173,0.300476,;inf,188,0.350569,;inf,204,0.400649,;inf,219,0.450738,;inf,233,0.500816,;inf,247,0.550895,;inf,261,0.600971,;inf,273,0.651048,;inf,291,0.701124,;inf,303,0.751207,;inf,320,0.801299,;inf,331,0.851385,;inf,348,0.90147,;inf,364,0.951559,;inf,379,1.00164,;inf,395,1.05173,;inf,409,1.10183,;inf,430,1.15192,;inf,443,1.20201,;inf,464,1.2521,;inf,485,1.30219,;inf,502,1.35227,;inf,519,1.40236,;inf,534,1.45243,;
inf,72,0.050057,;inf,94,0.100139,;inf,106,0.15021,;inf,116,0.200281,;inf,130,0.250352,;inf,138,0.300421,;inf,148,0.350473,;inf,159,0.400558,;inf,165,0.450635,;inf,176,0.500715,;inf,190,0.550793,;inf,197,0.600872,;inf,207,0.650948,;inf,216,0.701026,;inf,227,0.751102,;inf,239,0.801182,;inf,254,0.851262,;inf,266,0.901343,;inf,277,0.951421,;inf,284,1.0015,;inf,295,1.05158,;
inf,54,0.0500205,;inf,66,0.100108,;inf,80,0.150195,;inf,91,0.20028,;inf,107,0.250368,;inf,119,0.300451,;inf,129,0.350537,;inf,142,0.400622,;inf,151,0.45071,;inf,163,0.500793,;inf,177,0.550882,;inf,187,0.600968,;inf,200,0.651052,;inf,211,0.701135,;inf,217,0.751219,;inf,226,0.801308,;inf,235,0.851392,;inf,244,0.901472,;inf,250,0.951556,;inf,258,1.00163,;inf,267,1.05169,;inf,276,1.10178,;inf,286,1.15187,;inf,296,1.20195,;inf,309,1.25204,;inf,317,1.30213,;inf,323,1.35221,;inf,339,1.4023,;inf,351,1.45239,;inf,361,1.50247,;inf,372,1.55256,;inf,380,1.60265,;inf,387,1.65274,;
inf,53,0.0500614,;inf,73,0.10016,;inf,90,0.15025,;inf,105,0.200342,;inf,118,0.250452,;inf,130,0.300548,;
inf,46,0.0500621,;inf,74,0.100154,;inf,92,0.150202,;inf,110,0.200281,;inf,125,0.25036,;inf,143,0.300435,;inf,157,0.350509,;inf,174,0.400582,;inf,186,0.450653,;inf,200,0.500726,;inf,211,0.5508,;inf,221,0.60087,;inf,230,0.650941,;inf,242,0.701013,;inf,249,0.751084,;inf,260,0.801159,;inf,267,0.851237,;inf,275,0.901328,;inf,280,0.951416,;inf,292,1.0015,;inf,302,1.05159,;inf,310,1.10168,;inf,317,1.15177,;inf,321,1.20186,;inf,330,1.25195,;inf,335,1.30204,;inf,350,1.35213,;inf,360,1.40222,;inf,369,1.4523,;inf,379,1.50239,;inf,386,1.55249,;inf,398,1.60257,;inf,407,1.65266,;inf,427,1.70275,;inf,443,1.75284,;inf,455,1.80293,;inf,466,1.85301,;296.159494,475,1.90306,;
inf,57,0.050058,;inf,76,0.100106,;inf,88,0.150196,;inf,100,0.20029,;inf,113,0.250379,;inf,127,0.30047,;inf,137,0.350556,;inf,146,0.400643,;inf,153,0.450735,;inf,160,0.500828,;inf,170,0.550915,;inf,178,0.600998,;inf,186,0.651083,;inf,192,0.701172,;inf,203,0.751216,;inf,212,0.8013,;inf,222,0.851371,;inf,234,0.901447,;inf,243,0.951527,;inf,255,1.00161,;inf,266,1.05169,;inf,278,1.10177,;inf,289,1.15185,;inf,302,1.20192,;inf,306,1.252,;inf,315,1.3021,;
inf,62,0.0500576,;inf,74,0.100146,;inf,86,0.150235,;

inf,39,0.050058,;inf,53,0.100144,;inf,64,0.150222,;inf,77,0.200303,;inf,86,0.250381,;inf,95,0.300462,;inf,108,0.350528,;inf,116,0.40062,;inf,122,0.450705,;inf,129,0.5008,;inf,138,0.550894,;inf,146,0.600988,;inf,161,0.651081,;inf,170,0.701177,;inf,183,0.751272,;inf,195,0.801366,;inf,208,0.851458,;
inf,49,0.0500588,;inf,65,0.100135,;inf,75,0.150217,;inf,83,0.200304,;
inf,60,0.0500575,;inf,77,0.10014,;inf,95,0.15022,;inf,112,0.200301,;inf,126,0.250379,;inf,140,0.300462,;inf,152,0.350548,;inf,168,0.400641,;inf,185,0.450727,;inf,195,0.500807,;
inf,55,0.0500573,;inf,68,0.100147,;inf,87,0.150237,;inf,102,0.200327,;inf,112,0.250413,;inf,125,0.300494,;inf,138,0.350576,;inf,157,0.400661,;
inf,66,0.0500587,;inf,78,0.10014,;inf,90,0.150196,;inf,99,0.200286,;inf,105,0.25038,;inf,114,0.300466,;inf,120,0.350555,;inf,127,0.400635,;inf,134,0.45071,;inf,137,0.500786,;inf,142,0.550865,;inf,147,0.600946,;inf,152,0.651028,;inf,158,0.701117,;inf,163,0.7512,;inf,167,0.801286,;inf,173,0.85137,;inf,180,0.901457,;inf,188,0.951544,;inf,195,1.00163,;inf,203,1.05171,;inf,211,1.10176,;inf,216,1.15184,;inf,226,1.20193,;inf,233,1.25202,;inf,239,1.30208,;inf,244,1.35216,;inf,255,1.40224,;inf,263,1.45231,;inf,273,1.50236,;inf,278,1.55243,;inf,285,1.60251,;inf,288,1.6526,;inf,292,1.70269,;inf,297,1.75278,;inf,301,1.80286,;inf,303,1.85295,;inf,307,1.90304,;inf,309,1.95313,;inf,313,2.00321,;inf,322,2.0533,;inf,325,2.10339,;inf,330,2.15347,;inf,336,2.20356,;inf,341,2.25365,;inf,344,2.30373,;inf,347,2.35382,;inf,349,2.40391,;inf,353,2.45399,;inf,359,2.50408,;inf,364,2.55417,;inf,367,2.60426,;inf,369,2.65435,;inf,373,2.70444,;inf,376,2.75453,;inf,380,2.80462,;inf,385,2.85474,;inf,392,2.90483,;inf,394,2.95492,;inf,403,3.00501,;inf,408,3.05509,;inf,411,3.10518,;inf,413,3.15527,;inf,415,3.20536,;inf,416,3.25545,;inf,418,3.30554,;inf,419,3.35563,;inf,424,3.40572,;inf,428,3.45582,;inf,434,3.50591,;inf,443,3.55601,;inf,445,3.6061,;inf,450,3.65619,;inf,453,3.70629,;inf,460,3.75637,;inf,463,3.80647,;inf,469,3.85656,;inf,475,3.90665,;inf,479,3.95673,;inf,487,4.00682,;inf,493,4.05691,;inf,496,4.10699,;inf,501,4.15709,;inf,506,4.20717,;inf,510,4.25726,;inf,515,4.30735,;inf,520,4.35744,;inf,523,4.40753,;inf,532,4.45763,;inf,537,4.50771,;inf,547,4.55776,;inf,554,4.60785,;inf,561,4.65794,;inf,567,4.70802,;inf,571,4.75812,;inf,580,4.80821,;inf,583,4.8583,;inf,590,4.90839,;inf,594,4.95847,;inf,602,5.00856,;inf,610,5.05865,;inf,615,5.10874,;inf,622,5.15883,;inf,627,5.20892,;inf,632,5.25901,;inf,641,5.30909,;inf,649,5.35918,;inf,654,5.40927,;inf,662,5.45932,;inf,669,5.5094,;inf,675,5.55949,;inf,681,5.60958,;inf,688,5.65967,;inf,699,5.70976,;inf,703,5.75985,;inf,710,5.80994,;inf,715,5.86003,;inf,720,5.91011,;inf,723,5.9602,;inf,731,6.01029,;inf,739,6.06037,;inf,745,6.11046,;inf,750,6.16054,;inf,757,6.21063,;inf,763,6.26072,;inf,773,6.31081,;inf,778,6.3609,;inf,787,6.411,;inf,796,6.46108,;inf,802,6.51119,;inf,810,6.56127,;inf,819,6.61136,;inf,826,6.66145,;inf,831,6.71154,;inf,836,6.76163,;inf,843,6.81172,;inf,849,6.86181,;inf,853,6.91191,;inf,862,6.96198,;inf,870,7.01206,;
inf,40,0.0500591,;inf,53,0.100153,;inf,62,0.150248,;inf,70,0.200342,;inf,78,0.250431,;inf,84,0.30048,;inf,94,0.350581,;inf,99,0.400672,;inf,102,0.450763,;inf,106,0.500853,;inf,109,0.550944,;inf,113,0.601008,;inf,119,0.651096,;inf,123,0.701189,;inf,127,0.751258,;inf,130,0.801349,;inf,133,0.851447,;inf,137,0.901548,;inf,146,0.951648,;inf,150,1.00174,;inf,155,1.05184,;inf,160,1.10194,;inf,165,1.15204,;inf,170,1.20213,;inf,173,1.25222,;inf,177,1.30232,;inf,181,1.35241,;inf,186,1.40251,;inf,190,1.4526,;inf,195,1.50269,;inf,201,1.55278,;inf,204,1.60284,;inf,207,1.65293,;inf,212,1.70302,;inf,216,1.75311,;inf,220,1.8032,;inf,228,1.85329,;inf,232,1.90338,;inf,238,1.95348,;inf,242,2.00357,;inf,247,2.05366,;inf,251,2.10375,;inf,258,2.15384,;inf,263,2.20394,;inf,270,2.25403,;inf,274,2.30412,;inf,279,2.35422,;inf,283,2.40431,;inf,291,2.4544,;inf,297,2.50449,;inf,300,2.55457,;inf,308,2.60466,;inf,314,2.65476,;inf,319,2.70485,;inf,325,2.75494,;inf,330,2.80503,;inf,336,2.85513,;inf,343,2.90522,;inf,350,2.95531,;inf,355,3.0054,;inf,362,3.0555,;inf,368,3.10559,;inf,372,3.15568,;inf,379,3.20577,;inf,383,3.25586,;inf,389,3.30596,;inf,394,3.35605,;inf,399,3.40615,;inf,404,3.45623,;inf,408,3.50633,;inf,415,3.55642,;inf,420,3.60651,;inf,426,3.6566,;inf,432,3.70669,;inf,440,3.75679,;inf,445,3.80688,;inf,447,3.85698,;inf,452,3.90707,;inf,457,3.95715,;inf,464,4.00725,;inf,471,4.05733,;inf,475,4.10743,;inf,482,4.15752,;inf,487,4.20762,;
inf,32,0.050064,;inf,42,0.100153,;inf,55,0.150234,;inf,65,0.200325,;inf,77,0.250406,;inf,89,0.300488,;inf,98,0.350569,;inf,108,0.40065,;inf,119,0.450736,;inf,137,0.500818,;inf,150,0.550901,;inf,160,0.600988,;
inf,52,0.0500591,;inf,83,0.100136,;inf,98,0.150224,;inf,108,0.200312,;inf,119,0.250403,;inf,130,0.300499,;inf,141,0.350589,;inf,154,0.400677,;inf,166,0.450766,;inf,184,0.500857,;inf,197,0.550946,;inf,209,0.601006,;inf,222,0.651093,;inf,232,0.701183,;inf,245,0.751276,;inf,257,0.801379,;inf,266,0.851469,;inf,270,0.901557,;inf,274,0.951649,;
inf,46,0.0500656,;inf,61,0.100149,;inf,70,0.150231,;inf,82,0.200313,;inf,89,0.250388,;inf,94,0.300475,;inf,109,0.350554,;inf,115,0.40063,;inf,140,0.450711,;inf,153,0.500792,;inf,169,0.55087,;inf,184,0.600903,;inf,196,0.650984,;inf,212,0.701073,;inf,221,0.751153,;inf,231,0.80123,;inf,241,0.851309,;inf,253,0.901381,;inf,261,0.951459,;inf,268,1.00154,;inf,280,1.05162,;inf,291,1.1017,;inf,301,1.15178,;inf,313,1.20186,;inf,329,1.25194,;inf,339,1.30202,;inf,351,1.3521,;inf,368,1.40218,;inf,378,1.45226,;inf,390,1.50234,;inf,405,1.55242,;inf,411,1.6025,;inf,430,1.65257,;inf,440,1.70265,;inf,452,1.75272,;inf,465,1.8028,;inf,472,1.85287,;inf,489,1.90295,;inf,500,1.95302,;inf,511,2.0031,;inf,523,2.05317,;inf,538,2.10325,;inf,547,2.15332,;inf,563,2.20339,;inf,575,2.25347,;inf,592,2.3035,;inf,606,2.35358,;inf,624,2.40366,;inf,641,2.45374,;inf,656,2.50382,;inf,665,2.55389,;inf,683,2.60397,;inf,699,2.65405,;inf,714,2.70414,;inf,732,2.75421,;inf,747,2.80429,;inf,760,2.85437,;inf,775,2.90445,;inf,793,2.95454,;inf,814,3.00461,;inf,831,3.05469,;
inf,54,0.050058,;inf,70,0.100136,;inf,86,0.150211,;inf,99,0.200286,;inf,113,0.250362,;inf,123,0.300437,;inf,133,0.350513,;inf,142,0.400587,;inf,153,0.450659,;inf,163,0.500722,;inf,169,0.550802,;inf,178,0.600879,;inf,186,0.650958,;inf,192,0.701036,;inf,201,0.751115,;inf,207,0.801196,;inf,214,0.851276,;inf,222,0.901327,;
inf,51,0.0500597,;inf,73,0.100155,;inf,82,0.150243,;inf,101,0.200332,;inf,117,0.250417,;inf,126,0.300504,;inf,138,0.350556,;inf,152,0.400644,;inf,163,0.450742,;inf,174,0.500835,;inf,186,0.550925,;inf,197,0.601015,;inf,205,0.651105,;inf,217,0.70119,;inf,228,0.751274,;inf,238,0.801363,;inf,249,0.851445,;inf,261,0.901532,;inf,275,0.951614,;inf,286,1.0017,;inf,302,1.05178,;inf,314,1.10187,;inf,327,1.15195,;inf,341,1.20204,;inf,352,1.25212,;inf,365,1.30221,;inf,382,1.3523,;inf,392,1.40239,;inf,405,1.45247,;inf,425,1.50256,;
inf,73,0.0500628,;inf,93,0.100152,;inf,103,0.150241,;inf,117,0.200326,;inf,128,0.250412,;inf,142,0.300501,;inf,156,0.350585,;inf,167,0.400633,;inf,182,0.450714,;inf,194,0.500798,;inf,207,0.550886,;inf,216,0.600976,;inf,233,0.651062,;inf,243,0.701154,;inf,256,0.751244,;inf,267,0.801331,;inf,280,0.851417,;inf,292,0.901503,;inf,307,0.951592,;inf,313,1.00169,;inf,322,1.05178,;inf,330,1.10187,;inf,342,1.15195,;inf,354,1.20204,;inf,368,1.25213,;inf,378,1.30223,;inf,383,1.35232,;inf,395,1.40241,;inf,408,1.4525,;inf,417,1.5026,;inf,429,1.55268,;inf,436,1.60278,;inf,451,1.65286,;inf,461,1.70296,;inf,472,1.75305,;inf,489,1.80314,;inf,502,1.85323,;inf,510,1.90328,;
inf,84,0.0500576,;inf,99,0.100146,;inf,115,0.150231,;inf,126,0.20032,;inf,141,0.250408,;inf,158,0.300502,;inf,167,0.35059,;inf,181,0.400683,;
inf,45,0.0500583,;inf,59,0.100138,;inf,73,0.150213,;
inf,43,0.0500631,;inf,59,0.100151,;inf,67,0.150241,;inf,77,0.200329,;inf,93,0.2504,;inf,109,0.300487,;inf,124,0.350573,;inf,136,0.400658,;inf,149,0.450744,;inf,161,0.500828,;inf,176,0.550914,;inf,188,0.600998,;inf,202,0.651086,;inf,212,0.701168,;inf,225,0.751255,;inf,234,0.801342,;inf,244,0.851427,;inf,254,0.901511,;inf,263,0.951596,;inf,273,1.00168,;inf,285,1.05176,;inf,299,1.10185,;inf,314,1.15193,;inf,324,1.20202,;inf,336,1.25211,;inf,343,1.3022,;inf,354,1.35229,;inf,367,1.40238,;inf,380,1.45247,;inf,391,1.50255,;inf,403,1.55264,;
inf,67,0.0500509,;inf,92,0.100136,;inf,104,0.150194,;inf,118,0.200276,;inf,134,0.250358,;inf,155,0.300435,;inf,173,0.350508,;inf,188,0.400582,;inf,205,0.450655,;inf,220,0.500731,;inf,237,0.550803,;inf,253,0.600882,;inf,270,0.650969,;inf,284,0.701047,;inf,296,0.751126,;inf,311,0.801203,;inf,326,0.851285,;inf,338,0.901359,;
inf,49,0.0500606,;inf,76,0.100144,;inf,91,0.150227,;inf,105,0.200314,;inf,128,0.250397,;inf,139,0.300482,;inf,157,0.350568,;inf,174,0.400653,;inf,185,0.450715,;inf,197,0.500795,;inf,210,0.550879,;inf,224,0.600916,;inf,239,0.650982,;inf,252,0.70107,;inf,267,0.751172,;inf,280,0.801256,;inf,296,0.851339,;inf,311,0.901425,;inf,330,0.951515,;inf,348,1.00159,;inf,363,1.05167,;inf,378,1.10176,;inf,394,1.15185,;inf,408,1.20194,;inf,421,1.25201,;inf,441,1.3021,;inf,460,1.35218,;inf,479,1.40226,;inf,496,1.45234,;inf,511,1.50242,;inf,530,1.55251,;inf,551,1.60259,;inf,566,1.65267,;inf,582,1.70272,;inf,600,1.7528,;inf,621,1.80288,;inf,641,1.85296,;inf,653,1.90304,;inf,669,1.95312,;inf,688,2.0032,;inf,704,2.05328,;inf,722,2.10336,;inf,738,2.15345,;inf,757,2.20354,;inf,774,2.25362,;inf,789,2.3037,;
inf,66,0.0500617,;inf,83,0.100145,;inf,103,0.150227,;inf,115,0.200313,;inf,131,0.250391,;inf,148,0.300483,;inf,168,0.350545,;inf,186,0.400627,;inf,200,0.450707,;inf,216,0.500788,;inf,233,0.550866,;inf,248,0.600945,;inf,263,0.651023,;inf,277,0.70108,;inf,291,0.751169,;inf,304,0.801248,;inf,316,0.851327,;inf,330,0.901407,;inf,342,0.951485,;inf,353,1.00156,;inf,366,1.05164,;inf,379,1.10172,;inf,391,1.15179,;inf,403,1.20186,;inf,414,1.25194,;inf,425,1.30199,;inf,440,1.35205,;inf,453,1.40213,;inf,465,1.45221,;inf,481,1.50229,;inf,496,1.55237,;inf,512,1.6024,;inf,529,1.65248,;inf,542,1.70256,;inf,559,1.75264,;inf,576,1.80272,;
inf,59,0.0500582,;inf,79,0.100148,;inf,92,0.150241,;inf,102,0.200324,;inf,115,0.250376,;inf,122,0.300468,;inf,133,0.350561,;inf,142,0.400641,;inf,150,0.450728,;inf,160,0.500809,;inf,173,0.550893,;inf,182,0.600985,;inf,195,0.651073,;inf,207,0.701161,;inf,217,0.751253,;inf,232,0.801341,;inf,240,0.851426,;inf,250,0.901513,;inf,261,0.951601,;inf,270,1.00169,;inf,287,1.05178,;inf,301,1.10187,;inf,315,1.15196,;inf,332,1.20205,;inf,346,1.25214,;inf,360,1.30223,;inf,375,1.35233,;inf,396,1.40242,;inf,411,1.45251,;inf,428,1.50465,;inf,436,1.55474,;inf,443,1.60484,;inf,449,1.65489,;inf,457,1.70499,;inf,465,1.75508,;inf,471,1.80518,;inf,476,1.85525,;inf,483,1.90534,;inf,486,1.95547,;inf,488,2.00552,;inf,493,2.05562,;inf,498,2.10571,;inf,507,2.15579,;inf,513,2.20588,;
inf,51,0.0500614,;inf,62,0.100156,;inf,67,0.150232,;inf,74,0.200327,;inf,78,0.250422,;inf,85,0.300512,;
inf,33,0.050059,;inf,47,0.100149,;inf,53,0.150242,;inf,64,0.200338,;inf,72,0.250433,;inf,82,0.300531,;inf,92,0.350628,;inf,101,0.400726,;inf,111,0.450826,;inf,118,0.500923,;inf,125,0.551019,;inf,130,0.601113,;inf,136,0.651208,;inf,144,0.701314,;inf,152,0.751411,;inf,158,0.801507,;inf,165,0.851601,;inf,170,0.901695,;inf,174,0.951787,;inf,179,1.00189,;inf,185,1.05198,;inf,192,1.10207,;inf,199,1.15216,;inf,206,1.20225,;inf,211,1.25234,;inf,217,1.30244,;inf,221,1.35252,;inf,228,1.40259,;inf,234,1.45268,;inf,243,1.50277,;inf,251,1.55282,;inf,259,1.60291,;inf,266,1.653,;inf,271,1.70309,;inf,277,1.75318,;inf,283,1.80327,;inf,291,1.85336,;inf,300,1.9135,;inf,309,1.96358,;inf,316,2.01367,;inf,322,2.06377,;inf,329,2.11385,;inf,336,2.16391,;inf,343,2.214,;inf,348,2.26409,;inf,354,2.31418,;inf,360,2.36427,;inf,366,2.41435,;
inf,36,0.0500592,;inf,47,0.100142,;inf,66,0.150222,;inf,71,0.200302,;inf,81,0.25038,;inf,92,0.300461,;inf,99,0.350541,;inf,109,0.400621,;inf,118,0.450703,;inf,131,0.500783,;inf,136,0.55086,;inf,149,0.600941,;inf,158,0.651019,;inf,164,0.701054,;inf,172,0.751134,;inf,178,0.801213,;inf,184,0.851292,;inf,190,0.901378,;inf,196,0.951461,;inf,203,1.00154,;inf,208,1.05164,;inf,214,1.10172,;inf,221,1.1518,;inf,227,1.20188,;inf,233,1.25196,;inf,239,1.30203,;inf,242,1.35212,;inf,247,1.4022,;inf,254,1.45229,;inf,261,1.50237,;inf,269,1.55245,;inf,277,1.60253,;inf,281,1.65261,;inf,286,1.70269,;inf,291,1.75277,;inf,295,1.80291,;inf,301,1.85298,;inf,307,1.90306,;inf,315,1.95314,;inf,321,2.00322,;
inf,57,0.0500602,;inf,80,0.100143,;inf,94,0.150228,;inf,104,0.200319,;inf,118,0.250399,;inf,130,0.300488,;inf,144,0.350578,;inf,159,0.40066,;inf,172,0.450742,;inf,185,0.500823,;
inf,40,0.0500598,;inf,58,0.100148,;
inf,36,0.0500607,;inf,43,0.100155,;inf,48,0.150245,;inf,53,0.200333,;inf,58,0.250377,;inf,62,0.300468,;inf,65,0.350555,;inf,73,0.400644,;inf,78,0.450733,;inf,84,0.500825,;inf,88,0.550899,;inf,92,0.600991,;inf,95,0.651082,;inf,98,0.701169,;inf,102,0.751257,;inf,106,0.801345,;inf,109,0.851438,;
inf,39,0.0500615,;inf,50,0.100142,;inf,64,0.150223,;inf,73,0.200306,;inf,79,0.250365,;inf,84,0.300452,;inf,93,0.350532,;inf,99,0.400614,;inf,105,0.450697,;inf,111,0.50078,;inf,117,0.550862,;inf,122,0.600944,;inf,126,0.651025,;inf,134,0.701107,;
inf,30,0.0500628,;inf,40,0.10016,;inf,50,0.150248,;inf,56,0.200338,;inf,61,0.25043,;inf,68,0.300523,;inf,72,0.350615,;inf,76,0.400709,;inf,81,0.450809,;inf,85,0.500901,;inf,88,0.550998,;inf,93,0.601088,;inf,96,0.651177,;inf,100,0.701264,;inf,103,0.751355,;inf,108,0.801449,;inf,115,0.851543,;inf,122,0.901636,;inf,129,0.951728,;inf,133,1.00181,;inf,140,1.0519,;inf,145,1.10199,;inf,152,1.15209,;
.
