OMPL version 
Experiment 4 wasserstein
2 experiment properties
bias_value double = 0.200000
first_solution bool = 0
Running on Vivaldi
Starting at 2024-03-10 16:35:27
<<<|
Properties of the state space 'R2_BELIEFRealVectorSpace0'
  - signature: 2 1 2 
  - dimension: 2
  - extent: 141.421
  - sanity checks for state space passed
  - probability of valid states: 1
  - average length of a valid motion: 49.3036
  - average number of samples drawn per second: sampleUniform()=7.72618e+06 sampleUniformNear()=8.06543e+06 sampleGaussian()=3.81647e+06
Settings for the state space 'R2_BELIEFRealVectorSpace0'
  - state validity check resolution: 1%
  - valid segment count factor: 1
  - state space:
Real vector state space 'R2_BELIEFRealVectorSpace0' of dimension 2 with bounds: 
  - min: 0 0 
  - max: 100 100 

Declared parameters:
longest_valid_segment_fraction = 0.01
max_control_duration = 20
min_control_duration = 1
projection.cellsize.0 = 5
projection.cellsize.1 = 5
projection.cellsize_factor = 0
propagation_step_size = 0.1
valid_segment_count_factor = 1
Valid state sampler named uniform with parameters:
nr_attempts = 100
  - control space:
Real vector control space 'RealVectorControl[R2_BELIEFRealVectorSpace0]' with bounds: 
  - min: -20 -20 0 
  - max: 20 20 1 
  - can propagate backward: no
  - propagation step size: 0.1
  - propagation duration: [1, 20]
Planner KPIECE1 specs:
Multithreaded:                 No
Reports approximate solutions: Yes
Can optimize solutions:        No
Aware of the following parameters: bad_score_factor border_fraction goal_bias good_score_factor max_close_samples
Declared parameters for planner KPIECE1:
bad_score_factor = 0.45
border_fraction = 0.8
goal_bias = 0.05
good_score_factor = 0.9
max_close_samples = 30
Start states:
RealVectorState [1 1]
Goal region, threshold = 10, memory address = 0xd9e540
Optimization Objective: Path Length @0xd9e880
Optimization Threshold: 0
Average state cost: 0
There are 0 solutions

Properties of benchmarked planners:
Planner SSBT specs:
Multithreaded:                 No
Reports approximate solutions: Yes
Can optimize solutions:        No
Aware of the following parameters: goal_bias pruning_radius selection_radius
Planner mod_RRT specs:
Multithreaded:                 No
Reports approximate solutions: Yes
Can optimize solutions:        No
Aware of the following parameters: goal_bias intermediate_states
|>>>
<<<|
Architecture:                       x86_64
CPU op-mode(s):                     32-bit, 64-bit
Byte Order:                         Little Endian
Address sizes:                      39 bits physical, 48 bits virtual
CPU(s):                             16
On-line CPU(s) list:                0-15
Thread(s) per core:                 2
Core(s) per socket:                 8
Socket(s):                          1
NUMA node(s):                       1
Vendor ID:                          GenuineIntel
CPU family:                         6
Model:                              167
Model name:                         11th Gen Intel(R) Core(TM) i7-11700K @ 3.60GHz
Stepping:                           1
CPU MHz:                            3600.000
CPU max MHz:                        5000.0000
CPU min MHz:                        800.0000
BogoMIPS:                           7200.00
Virtualization:                     VT-x
L1d cache:                          384 KiB
L1i cache:                          256 KiB
L2 cache:                           4 MiB
L3 cache:                           16 MiB
NUMA node0 CPU(s):                  0-15
Vulnerability Gather data sampling: Mitigation; Microcode
Vulnerability Itlb multihit:        Not affected
Vulnerability L1tf:                 Not affected
Vulnerability Mds:                  Not affected
Vulnerability Meltdown:             Not affected
Vulnerability Mmio stale data:      Mitigation; Clear CPU buffers; SMT vulnerable
Vulnerability Retbleed:             Mitigation; Enhanced IBRS
Vulnerability Spec rstack overflow: Not affected
Vulnerability Spec store bypass:    Mitigation; Speculative Store Bypass disabled via prctl and seccomp
Vulnerability Spectre v1:           Mitigation; usercopy/swapgs barriers and __user pointer sanitization
Vulnerability Spectre v2:           Mitigation; Enhanced IBRS, IBPB conditional, RSB filling, PBRSB-eIBRS SW sequence
Vulnerability Srbds:                Not affected
Vulnerability Tsx async abort:      Not affected
Flags:                              fpu vme de pse tsc msr pae mce cx8 apic sep mtrr pge mca cmov pat pse36 clflush dts acpi mmx fxsr sse sse2 ss ht tm pbe syscall nx pdpe1gb rdtscp lm constant_tsc art arch_perfmon pebs bts rep_good nopl xtopology nonstop_tsc cpuid aperfmperf tsc_known_freq pni pclmulqdq dtes64 monitor ds_cpl vmx smx est tm2 ssse3 sdbg fma cx16 xtpr pdcm pcid sse4_1 sse4_2 x2apic movbe popcnt tsc_deadline_timer aes xsave avx f16c rdrand lahf_lm abm 3dnowprefetch cpuid_fault epb invpcid_single ssbd ibrs ibpb stibp ibrs_enhanced tpr_shadow vnmi flexpriority ept vpid ept_ad fsgsbase tsc_adjust bmi1 avx2 smep bmi2 erms invpcid mpx avx512f avx512dq rdseed adx smap avx512ifma clflushopt intel_pt avx512cd sha_ni avx512bw avx512vl xsaveopt xsavec xgetbv1 xsaves dtherm ida arat pln pts hwp hwp_notify hwp_act_window hwp_epp hwp_pkg_req avx512vbmi umip pku ospke avx512_vbmi2 gfni vaes vpclmulqdq avx512_vnni avx512_bitalg avx512_vpopcntdq rdpid fsrm md_clear flush_l1d arch_capabilities
|>>>
10933482164471374 is the random seed
60 seconds per run
1000 MB per run
50 runs per planner
1446.47 seconds spent to collect the data
1 enum type
status|Unknown status|Invalid start|Invalid goal|Unrecognized goal type|Timeout|Approximate solution|Exact solution|Crash|Unknown status
2 planners
control_SSBT
11 common properties
goal_bias = 0.05
longest_valid_segment_fraction = 0.01
max_control_duration = 20
min_control_duration = 1
projection.cellsize.0 = 5
projection.cellsize.1 = 5
projection.cellsize_factor = 0
propagation_step_size = 0.1
pruning_radius = 0.7
selection_radius = 4.4721
valid_segment_count_factor = 1
16 properties for each run
approximate solution BOOLEAN
correct solution BOOLEAN
graph motions INTEGER
graph states INTEGER
memory REAL
solution clearance REAL
solution difference REAL
solution length REAL
solution path length REAL
solution segments INTEGER
solved BOOLEAN
status ENUM
time REAL
valid segment fraction REAL
xsolution
ysolution
50 runs
0; 1; 55316; 55318; 69.9688; 0; 0; 5.2; 117.805; 7; 1; 6; 60.1042; 0; 1,2.70021,4.40042,6.10063,7.80084,9.50105,11.4956,13.4901,15.4846,17.4792,19.4737,21.4682,23.4627,25.4573,27.4518,29.4463,31.4409,33.4354,35.4299,37.4244,39.419,41.4135,43.408,45.4026,47.3971,49.3439,51.2907,53.2375,55.1844,57.0129,58.8415,60.1699,61.4983,62.8267,64.1551,65.4835,66.8118,68.1402,69.4686,70.797,72.1254,73.4538,74.7822,76.1106,77.0829,78.0553,79.0277,80,80.9724,81.9447,82.9171,83.3289,83.7407,; 1,2.97019,4.94037,6.91056,8.88075,10.8509,12.772,14.693,16.6141,18.5351,20.4562,22.3772,24.2983,26.2193,28.1404,30.0615,31.9825,33.9036,35.8246,37.7457,39.6667,41.5878,43.5088,45.4299,47.3509,49.3385,51.3262,53.3138,55.3014,56.9783,58.6552,59.8229,60.9907,62.1584,63.3262,64.4939,65.6617,66.8294,67.9972,69.1649,70.3327,71.5004,72.6682,73.8359,74.9672,76.0985,77.2299,78.3612,79.4925,80.6238,81.7551,82.6639,83.5726,; 
0; 1; 54510; 54512; 111.918; 0; 0; 5.5; 117.691; 4; 1; 6; 60.0788; 0; 1,2.49924,3.99848,5.49772,6.99695,8.49619,9.99543,11.4947,12.9939,14.4931,15.9924,17.4916,18.3092,19.1268,19.9445,20.7621,21.5797,22.3973,23.2149,24.0325,24.8501,25.6677,26.4853,27.303,28.1206,28.9382,29.7558,30.5734,32.5377,34.502,36.4662,38.4305,40.3948,42.3591,44.3234,46.2876,48.2519,50.2162,52.1805,54.1448,56.109,58.0733,60.0376,62.0019,63.9662,65.782,67.5979,69.4138,71.2297,73.0455,74.8614,76.6773,78.4932,80.309,82.1249,83.9408,; 1,2.17111,3.34222,4.51334,5.68445,6.85556,8.02667,9.19779,10.3689,11.54,12.7111,13.8822,14.892,15.9018,16.9116,17.9213,18.9311,19.9409,20.9507,21.9605,22.9702,23.98,24.9898,25.9996,27.0093,28.0191,29.0289,30.0387,32.0216,34.0045,35.9875,37.9704,39.9534,41.9363,43.9192,45.9022,47.8851,49.868,51.851,53.8339,55.8168,57.7998,59.7827,61.7657,63.7486,65.5215,67.2944,69.0673,70.8402,72.6131,74.386,76.1589,77.9318,79.7047,81.4776,83.2505,; 
0; 1; 53445; 53447; 152.91; 0; 0; 5.8; 118.619; 5; 1; 6; 60.0828; 0; 1,2.03383,3.06767,4.1015,5.13534,6.16917,7.20301,8.23684,9.27068,10.3045,11.3383,12.3722,13.406,14.4399,15.4737,16.6125,17.7514,18.8902,20.6545,22.4189,24.1832,25.9476,27.712,29.4763,31.2407,33.005,34.7694,36.5337,38.1975,39.8614,41.5252,43.189,44.8528,46.5166,48.1804,49.8443,51.5081,53.1719,54.8357,56.1836,57.5315,58.8793,60.2272,61.5751,62.923,64.2709,65.6188,66.9666,68.3145,69.6624,71.0103,72.3582,73.706,75.0539,76.4018,77.7497,79.0976,80.4454,81.7933,; 1,2.35114,3.70227,5.05341,6.40455,7.75568,9.10682,10.458,11.8091,13.1602,14.5114,15.8625,17.2136,18.5648,19.9159,21.1254,22.335,23.5445,24.8633,26.1821,27.5009,28.8197,30.1385,31.4573,32.7761,34.0949,35.4137,36.7325,38.1702,39.6079,41.0457,42.4834,43.9212,45.3589,46.7966,48.2344,49.6721,51.1099,52.5476,54.2346,55.9216,57.6086,59.2956,60.9826,62.6696,64.3566,66.0436,67.7306,69.4176,71.1046,72.7916,74.4786,76.1657,77.8527,79.5397,81.2267,82.9137,84.6007,86.2877,; 
0; 1; 53157; 53159; 194.41; 0; 0; 5.5; 117.976; 6; 1; 6; 60.0012; 0; 1,2.39927,3.79854,5.19781,6.59708,7.99635,9.39562,10.7949,12.5663,14.3378,16.1092,17.8807,19.6521,21.1324,22.6127,24.0929,25.5732,27.0535,28.5338,30.014,31.4943,32.9746,34.4548,35.9351,37.4154,38.8957,40.3759,41.8562,43.3365,44.8168,46.297,48.0316,49.7661,51.5007,53.2352,54.9697,56.7043,58.4388,60.1734,61.9079,63.6425,65.377,67.1116,68.4764,69.8412,71.206,72.5708,73.9356,75.3004,76.6652,78.03,79.2835,80.5369,81.7904,83.0438,84.2972,; 1,2.90483,4.80966,6.71449,8.61932,10.5242,12.429,14.3338,16.2837,18.2335,20.1834,22.1333,24.0831,25.4047,26.7264,28.048,29.3696,30.6912,32.0129,33.3345,34.6561,35.9778,37.2994,38.621,39.9426,41.2643,42.5859,43.9075,45.2291,46.5508,47.8724,49.4726,51.0728,52.6729,54.2731,55.8733,57.4735,59.0737,60.6739,62.2741,63.8742,65.4744,67.0746,68.2351,69.3956,70.5562,71.7167,72.8772,74.0377,75.1982,76.3588,77.8233,79.2879,80.7525,82.217,83.6816,; 
0; 1; 53744; 53746; 235.66; 0; 0; 5.9; 117.603; 8; 1; 6; 60.0998; 0; 1,2.41338,3.82676,5.24013,6.22529,7.21044,8.19559,9.84188,11.4882,13.1345,14.7808,16.4271,18.0734,19.7197,21.366,23.0126,24.6592,26.3059,27.9525,29.5992,31.2458,32.8924,34.5391,36.1857,37.8324,39.479,41.1256,42.6805,44.1245,45.5685,47.0125,48.4565,49.9005,51.3444,52.7884,54.2324,55.6764,57.1204,58.5644,60.0084,61.4524,62.8964,63.9774,65.0583,66.1393,67.2203,68.3012,69.3822,70.4632,71.5441,72.6251,73.706,74.787,75.868,76.9489,78.0299,79.461,80.8921,82.3233,83.7544,; 1,2.18896,3.37792,4.56688,5.87201,7.17713,8.48225,9.87658,11.2709,12.6652,14.0596,15.4539,16.8482,18.2426,19.6369,21.2102,22.7836,24.3569,25.9302,27.5036,29.0769,30.6503,32.2236,33.7969,35.3703,36.9436,38.517,40.0481,41.4585,42.869,44.2794,45.6899,47.1003,48.5108,49.9212,51.3317,52.7422,54.1526,55.5631,56.9735,58.384,59.7944,61.2316,62.6687,64.1058,65.5429,66.98,68.4172,69.8543,71.2914,72.7285,74.1657,75.6028,77.0399,78.477,79.9141,80.789,81.6638,82.5387,83.4135,; 
0; 1; 53916; 53918; 275.621; 0; 0; 5.6; 117.64; 7; 1; 6; 60.0152; 0; 1,2.66368,4.32737,5.96765,7.60794,9.24823,10.8885,12.5288,14.1691,15.8094,17.4497,19.0899,20.7302,22.3705,24.0108,25.6511,27.2914,28.9317,30.5719,32.2122,34.1502,36.0882,38.0261,39.9641,41.9021,43.84,45.778,47.716,49.6539,51.5919,52.6103,53.6287,54.6471,55.6655,56.6839,57.7023,59.0688,60.4353,61.8018,63.1683,64.5348,65.9013,67.2679,68.6344,70.0009,71.1344,72.2678,73.4013,74.5347,75.8443,77.1538,78.4633,79.7728,81.0824,82.3919,83.7014,85.0109,; 1,2.22124,3.44248,5.04305,6.64362,8.24419,9.84476,11.4453,13.0459,14.6465,16.247,17.8476,19.4482,21.0487,22.6493,24.2499,25.8504,27.451,29.0516,30.6521,32.1819,33.7117,35.2414,36.7712,38.301,39.8307,41.3605,42.8902,44.42,45.9498,47.2779,48.606,49.9341,51.2622,52.5903,53.9184,54.9671,56.0158,57.0645,58.1133,59.162,60.2107,61.2594,62.3081,63.3569,64.7437,66.1306,67.5175,68.9043,70.5722,72.24,73.9078,75.5756,77.2435,78.9113,80.5791,82.2469,; 
0; 1; 54541; 54543; 315.84; 0; 0; 6.8; 118.867; 7; 1; 6; 60.037; 0; 1,1.96874,2.93748,4.05399,5.1705,6.28701,7.40351,8.52002,9.63653,10.753,11.8695,12.9861,14.1026,15.2191,16.3356,17.4521,19.05,20.6479,22.2459,23.8438,25.4417,27.0396,28.6375,30.2355,31.8334,33.4313,35.0292,36.6272,38.2251,39.823,41.4209,43.0189,44.6168,45.6897,46.7626,47.8355,48.9084,50.0928,51.2772,52.4616,53.646,54.8304,56.0148,57.1992,58.3836,59.568,60.7524,61.9368,63.1212,64.3056,65.49,66.6744,67.8588,69.0432,70.0556,71.0679,72.0803,73.0927,74.1051,75.1175,76.1299,77.1422,78.1546,79.167,80.1794,81.1918,82.2042,83.2166,83.8104,; 1,2.98991,4.97982,5.82035,6.66088,7.50142,8.34195,9.18248,10.023,10.8635,11.7041,12.5446,13.3851,14.2257,15.0662,15.9067,17.6137,19.3207,21.0276,22.7346,24.4416,26.1485,27.8555,29.5625,31.2694,32.9764,34.6834,36.3903,38.0973,39.8043,41.5112,43.2182,44.9252,45.9692,47.0133,48.0574,49.1015,50.4979,51.8944,53.2909,54.6874,56.0839,57.4804,58.8769,60.2734,61.6699,63.0664,64.4629,65.8593,67.2558,68.6523,70.0488,71.4453,72.8418,73.5078,74.1738,74.8399,75.5059,76.1719,76.8379,77.5039,78.1699,78.836,79.502,80.168,80.834,81.5,82.1661,83.8399,; 
0; 1; 53391; 53393; 355.801; 0; 0; 5.1; 117.899; 7; 1; 6; 60.003; 0; 1,2.21063,3.42125,4.63188,5.8425,7.05313,8.26375,9.98612,11.7085,13.4308,15.1532,16.8756,18.5979,20.3203,22.0427,23.765,25.4874,27.2098,28.9321,30.6545,32.3769,34.0992,35.8216,37.544,39.2663,41.0808,42.8953,44.7098,46.5243,48.3388,50.1533,51.9678,53.7475,55.5272,57.3069,59.0866,60.8663,62.646,64.4257,66.2055,67.9852,69.7649,70.8187,71.8725,72.9264,74.2242,75.522,76.8199,78.5051,80.1904,81.8756,83.5608,; 1,2.52893,4.05786,5.58679,7.11572,8.64465,10.1736,11.9379,13.7023,15.4666,17.231,18.9953,20.7597,22.524,24.2884,26.0527,27.817,29.5814,31.3457,33.1101,34.8744,36.6388,38.4031,40.1675,41.9318,43.7212,45.5106,47.3,49.0894,50.8787,52.6681,54.4575,56.0575,57.6574,59.2574,60.8574,62.4573,64.0573,65.6573,67.2573,68.8572,70.4572,71.2631,72.0691,72.8751,74.0515,75.228,76.4045,78.3253,80.2461,82.1669,84.0877,; 
0; 1; 52383; 52385; 395.504; 0; 0; 5.6; 118.176; 5; 1; 6; 60.074; 0; 1,2.90902,4.81803,6.72705,8.63607,10.5451,12.4541,14.3631,16.2721,18.1812,20.0902,21.9992,23.9082,25.8172,27.196,28.5747,29.9535,31.3322,32.711,34.0897,35.4685,36.8472,38.226,39.9963,41.7667,43.5371,45.3074,47.0778,47.8711,48.6645,49.4578,50.2512,51.0445,51.8379,52.6312,53.4246,54.2179,55.0113,55.8046,56.598,58.3361,60.0743,61.8125,63.5506,65.2888,67.027,68.7651,70.5033,72.2414,73.9796,75.7178,77.4559,79.1941,80.9323,82.6704,84.4086,86.1467,; 1,2.58649,4.17298,5.75947,7.34596,8.93245,10.5189,12.1054,13.6919,15.2784,16.8649,18.4514,20.0379,21.6244,23.1618,24.6993,26.2368,27.7742,29.3117,30.8492,32.3866,33.9241,35.4616,36.9909,38.5203,40.0496,41.5789,43.1083,43.9338,44.7594,45.585,46.4105,47.2361,48.0617,48.8872,49.7128,50.5383,51.3639,52.1895,53.015,54.7353,56.4556,58.1759,59.8962,61.6165,63.3368,65.0571,66.7774,68.4976,70.2179,71.9382,73.6585,75.3788,77.0991,78.8194,80.5397,82.26,; 
0; 1; 53687; 53689; 435.723; 0; 0; 5.2; 118.784; 4; 1; 6; 60.0446; 0; 1,2.37817,3.75635,5.13452,6.5127,7.89087,9.26905,10.6472,12.0254,13.4036,14.7817,16.1599,17.5381,18.9163,20.2944,21.6726,23.0508,24.429,25.8071,27.5369,29.2668,30.9966,32.7264,34.4562,36.186,37.9158,39.6456,41.3754,43.1052,44.835,46.5648,48.2946,50.0244,51.7542,53.484,55.2138,56.9436,58.6734,60.4032,61.962,63.5208,65.0795,66.6383,68.1971,69.7559,71.3147,72.8735,74.4322,75.991,77.5498,79.1086,80.878,82.6473,; 1,2.48258,3.96516,5.44773,6.93031,8.41289,9.89547,11.378,12.8606,14.3432,15.8258,17.3084,18.7909,20.2735,21.7561,23.2387,24.7212,26.2038,27.6864,29.4362,31.186,32.9358,34.6856,36.4354,38.1852,39.935,41.6848,43.4345,45.1843,46.9341,48.6839,50.4337,52.1835,53.9333,55.6831,57.4329,59.1827,60.9325,62.6823,64.3759,66.0696,67.7632,69.4569,71.1505,72.8442,74.5378,76.2315,77.9251,79.6188,81.3124,83.0061,84.74,86.474,; 
0; 1; 53020; 53022; 475.941; 0; 0; 5.2; 118.093; 7; 1; 6; 60.0604; 0; 1,2.52735,4.05469,5.58204,7.10939,8.63674,10.1641,11.6914,13.2188,14.7461,16.7142,18.6823,20.6503,22.6184,24.5865,26.5546,28.5226,30.4907,32.4588,34.4269,36.3949,38.363,40.3311,42.2991,44.2672,46.2353,48.2034,50.1714,52.1395,54.1076,55.4024,56.6972,57.992,59.2868,60.5816,61.8764,63.1712,64.466,65.7608,66.614,67.169,67.724,69.2477,70.7713,72.295,73.8411,75.3872,76.9333,78.4794,80.0254,81.5715,83.1176,84.6637,; 1,2.85892,4.71785,6.57677,8.43569,10.2946,12.1535,14.0125,15.8714,17.7303,19.5952,21.4602,23.3251,25.19,27.055,28.9199,30.7848,32.6498,34.5147,36.3796,38.2445,40.1095,41.9744,43.8393,45.7043,47.5692,49.4341,51.2991,53.164,55.0289,56.231,57.433,58.635,59.8371,61.0391,62.2411,63.4432,64.6452,65.8472,66.8787,68.0225,69.1662,70.536,71.9058,73.2756,74.5171,75.7587,77.0002,78.2418,79.4833,80.7249,81.9664,83.208,; 
0; 1; 53565; 53567; 515.645; 0; 0; 6.4; 118.965; 5; 1; 6; 60.0542; 0; 1,2.22585,3.45169,4.67754,5.90339,7.12924,8.35508,9.58093,10.8068,12.0326,13.2585,14.4843,15.7102,17.3028,18.8955,20.4882,22.0809,23.6736,25.2663,26.8589,28.4516,30.0443,31.637,33.2297,34.8223,36.415,38.0077,39.6004,41.1931,42.7858,44.3784,45.9711,47.5638,48.9114,50.259,51.6066,52.9542,54.3018,55.6494,56.997,58.3446,59.6922,61.0398,62.3874,63.5072,64.6269,65.7467,66.8665,67.9862,69.106,70.2257,71.3455,72.4653,73.585,74.7048,75.8246,76.9443,78.0641,79.1838,80.3036,81.4234,81.722,82.0206,82.3192,82.6178,; 1,2.14829,3.29658,4.44486,5.59315,6.74144,7.88973,9.03802,10.1863,11.3346,12.4829,13.6312,14.7795,16.7116,18.6437,20.5758,22.5079,24.44,26.3721,28.3043,30.2364,32.1685,34.1006,36.0327,37.9648,39.8969,41.829,43.7612,45.6933,47.6254,49.5575,51.4896,53.4217,54.5415,55.6613,56.7811,57.901,59.0208,60.1406,61.2604,62.3802,63.5,64.6198,65.7396,66.6691,67.5986,68.5281,69.4576,70.3871,71.3166,72.2461,73.1757,74.1052,75.0347,75.9642,76.8937,77.8232,78.7527,79.6822,80.6117,81.5412,82.5566,83.572,84.5874,85.6028,; 
0; 1; 52846; 52848; 555.855; 0; 0; 5.6; 118.326; 5; 1; 6; 60.0462; 0; 1,2.97866,4.95731,6.93597,8.91463,10.8933,12.8719,14.8506,16.8293,18.8079,20.7866,22.7652,24.7439,26.7225,27.3778,28.033,28.6882,29.3435,29.9987,31.5167,33.0347,34.5527,36.0708,37.5888,39.1068,40.6248,42.1428,43.6609,45.1789,46.6969,48.2149,49.7329,51.251,52.769,54.259,55.7489,57.2389,58.4899,59.741,60.992,62.243,63.494,64.7451,65.9961,67.2471,68.4982,69.7492,71.0002,72.2512,73.5023,74.7533,76.0043,77.2554,78.5064,79.7574,81.0084,82.2595,; 1,2.78179,4.56358,6.34537,8.12716,9.90896,11.6907,13.4725,15.2543,17.0361,18.8179,20.5997,22.3815,24.1633,25.5259,26.8884,28.251,29.6136,30.9762,32.8783,34.7803,36.6824,38.5845,40.4866,42.3887,44.2907,46.1928,48.0949,49.997,51.8991,53.8011,55.7032,57.6053,59.5074,61.1198,62.7322,64.3446,65.3967,66.4488,67.5008,68.5529,69.6049,70.657,71.709,72.7611,73.8132,74.8652,75.9173,76.9693,78.0214,79.0735,80.1255,81.1776,82.2296,83.2817,84.3337,85.3858,; 
0; 1; 51597; 51599; 596.074; 0; 0; 5.1; 118.206; 6; 1; 6; 60.0722; 0; 1,2.99808,4.99616,6.99424,8.99232,10.9904,12.9885,14.9866,16.9846,18.9827,20.9336,22.8846,24.8355,26.7864,28.7373,30.6882,32.6391,34.5901,36.541,38.4919,40.4428,42.3937,44.3447,46.2956,48.2465,49.6054,50.9644,52.3233,53.6822,55.0412,56.4001,57.7591,59.118,60.4769,61.8359,63.1948,64.5538,65.9127,67.2716,68.4891,69.7066,70.9241,72.1416,73.3591,74.7518,76.1444,77.537,78.9297,80.3223,81.715,83.1076,83.7577,; 1,2.93122,4.86244,6.79366,8.72488,10.6561,12.5873,14.5185,16.4498,18.381,20.1551,21.9292,23.7034,25.4775,27.2516,29.0257,30.7999,32.574,34.3481,36.1222,37.8964,39.6705,41.4446,43.2188,44.9929,46.4808,47.9688,49.4567,50.9446,52.4326,53.9205,55.4085,56.8964,58.3844,59.8723,61.3602,62.8482,64.3361,65.8241,67.2808,68.7376,70.1943,71.6511,73.1078,74.6593,76.2107,77.7622,79.3136,80.8651,82.4166,83.968,84.6596,; 
0; 1; 53222; 53224; 636.809; 0; 0; 6.3; 118.309; 7; 1; 6; 60.0458; 0; 1,1.54048,2.08096,2.62144,3.16192,4.17844,5.19497,6.21149,7.22801,8.24454,9.26106,9.56838,9.87569,10.183,11.9942,13.8055,15.6167,17.4279,19.2392,21.0504,22.8616,24.6729,26.4841,28.2953,30.1066,31.9178,33.7291,35.5403,37.3515,39.1628,40.974,42.5259,44.0778,45.6298,47.1817,48.7336,50.2856,51.8375,52.5803,53.323,54.0658,54.8085,55.5513,56.2941,57.0368,57.7796,58.5224,59.2651,60.0079,60.7506,61.4934,62.2362,62.9789,64.8474,66.7158,68.5843,70.4527,72.3211,74.1896,76.058,77.9265,79.7949,81.6634,83.5318,; 1,2.4518,3.9036,5.35541,6.80721,7.81233,8.81744,9.82256,10.8277,11.8328,12.8379,13.4612,14.0845,14.7078,16.1728,17.6379,19.103,20.5681,22.0331,23.4982,24.9633,26.4284,27.8934,29.3585,30.8236,32.2886,33.7537,35.2188,36.6839,38.1489,39.614,40.8464,42.0787,43.311,44.5434,45.7757,47.0081,48.2404,49.1711,50.1018,51.0324,51.9631,52.8937,53.8244,54.7551,55.6857,56.6164,57.547,58.4777,59.4084,60.339,61.2697,62.2004,64.1579,66.1155,68.0731,70.0307,71.9883,73.9458,75.9034,77.861,79.8186,81.7762,83.7337,; 
0; 1; 52651; 52653; 675.738; 0; 0; 5.1; 119.063; 4; 1; 6; 60.0794; 0; 1,2.09854,3.19709,4.29563,5.39418,6.49272,7.59127,8.68981,9.78836,10.8869,11.9854,13.084,14.9357,16.7875,18.6392,20.491,22.3427,24.1945,26.0462,27.898,29.7497,31.6014,33.4532,35.3049,37.1567,39.0084,40.8602,42.7119,44.5637,46.4154,48.2672,50.1189,51.6343,53.1497,54.665,56.1804,57.6958,59.2112,60.7265,62.2419,63.7573,65.2727,66.7881,68.3034,70.2794,72.2553,74.2313,76.2072,78.1831,80.1591,82.135,84.111,; 1,2.4782,3.95639,5.43459,6.91279,8.39098,9.86918,11.3474,12.8256,14.3038,15.782,17.2602,19.1352,21.0101,22.8851,24.7601,26.6351,28.5101,30.3851,32.2601,34.135,36.01,37.885,39.76,41.635,43.51,45.385,47.26,49.1349,51.0099,52.8849,54.7599,56.0384,57.3168,58.5953,59.8738,61.1522,62.4307,63.7092,64.9877,66.2661,67.5446,68.8231,70.1015,71.9755,73.8495,75.7235,77.5975,79.4715,81.3454,83.2194,85.0934,; 
0; 1; 51906; 51908; 716.215; 0; 0; 7.3; 117.917; 5; 1; 6; 60.0269; 0; 1,2.58852,4.17705,5.76557,7.3541,8.94262,10.5311,12.1197,13.7082,15.2967,16.8852,18.4738,20.0623,21.6508,23.2393,24.8279,26.4164,28.0049,29.5934,31.182,32.3011,33.4202,34.5393,35.6584,36.7776,37.8967,39.0158,40.1349,41.254,42.3732,43.4923,44.6114,45.7305,46.8496,47.9687,48.9734,49.978,50.9826,51.9873,52.9919,53.9965,55.0012,56.0058,57.0104,58.015,59.0197,60.0243,61.0289,62.0336,63.0382,64.0428,65.0474,66.6471,68.2467,69.8463,71.446,73.0456,73.6722,74.2988,74.9254,75.552,76.1785,76.8051,77.4317,78.0583,78.6849,79.3115,79.938,80.5646,81.1912,81.8178,82.4444,83.071,83.6975,; 1,2.87724,4.75448,6.63171,8.50895,10.3862,12.2634,14.1407,16.0179,17.8951,19.7724,21.6496,23.5269,25.4041,27.2813,29.1586,31.0358,32.913,34.7903,36.6675,37.4735,38.2795,39.0854,39.8914,40.6974,41.5034,42.3093,43.1153,43.9213,44.7273,45.5332,46.3392,47.1452,47.9512,48.7571,49.6732,50.5892,51.5052,52.4213,53.3373,54.2533,55.1694,56.0854,57.0014,57.9175,58.8335,59.7495,60.6656,61.5816,62.4976,63.4137,64.3297,65.9189,67.508,69.0972,70.6863,72.2755,72.9348,73.5942,74.2535,74.9129,75.5723,76.2316,76.891,77.5503,78.2097,78.8691,79.5284,80.1878,80.8471,81.5065,82.1658,82.8252,83.4846,; 
0; 1; 52731; 52733; 756.168; 0; 0; 5.5; 117.563; 6; 1; 6; 60.0074; 0; 1,1.94748,2.89496,3.84245,5.66288,7.48332,9.30376,11.1242,12.9446,14.7651,16.5855,18.4059,20.2264,22.0468,23.8673,25.6877,27.5081,29.3286,31.149,32.4533,33.7576,35.0618,36.3661,37.6704,38.9747,40.279,41.5832,43.3046,45.0259,46.7472,48.4685,50.1898,51.9111,53.6324,55.3537,57.0751,58.7964,60.5177,62.239,63.9603,65.6816,67.4029,69.1243,70.8456,72.5669,73.6186,74.6703,75.7221,76.7738,77.8255,78.8773,79.929,80.9807,81.6244,82.268,82.9116,; 1,2.46954,3.93909,5.40863,7.2449,9.08118,10.9174,12.7537,14.59,16.4263,18.2625,20.0988,21.9351,23.7713,25.6076,27.4439,29.2801,31.1164,32.9527,34.4017,35.8507,37.2996,38.7486,40.1976,41.6466,43.0956,44.5446,46.3775,48.2105,50.0435,51.8765,53.7095,55.5425,57.3754,59.2084,61.0414,62.8744,64.7074,66.5403,68.3733,70.2063,72.0393,73.8723,75.7052,77.5382,78.2454,78.9525,79.6597,80.3669,81.074,81.7812,82.4883,83.1955,83.5432,83.8909,84.2385,; 
0; 1; 51981; 51983; 795.098; 0; 0; 6.6; 117.694; 8; 1; 6; 60.0398; 0; 1,1.88844,2.57871,3.26899,3.95926,4.64954,5.33982,6.03009,6.72037,7.41064,8.10092,8.7912,9.48147,10.2966,11.1118,11.927,12.7422,13.5573,14.3725,15.1877,16.0028,16.818,17.6332,18.4483,19.2635,21.1718,23.0802,24.9885,26.5269,28.0652,29.6036,31.142,32.6804,34.2188,35.7572,37.2955,38.8339,40.3723,42.2938,44.2152,46.1367,48.0581,49.9796,51.901,53.8225,55.1355,56.4485,57.7615,59.0746,60.3876,61.7006,63.0136,64.3266,65.6396,66.9526,68.2657,69.5787,70.8917,72.2047,73.5177,74.8307,76.1438,77.4568,79.3187,81.1807,83.0426,84.9046,; 1,1.35227,2.08686,2.82145,3.55604,4.29064,5.02523,5.75982,6.49441,7.22901,7.9636,8.69819,9.43278,10.1862,10.9397,11.6932,12.4466,13.2001,13.9536,14.707,15.4605,16.214,16.9674,17.7209,18.4744,19.9403,21.4062,22.8721,24.3288,25.7856,27.2424,28.6991,30.1559,31.6126,33.0694,34.5262,35.9829,37.4397,39.1565,40.8734,42.5902,44.307,46.0238,47.7407,49.4575,50.8931,52.3286,53.7642,55.1997,56.6353,58.0708,59.5064,60.9419,62.3775,63.813,65.2486,66.6841,68.1197,69.5552,70.9907,72.4263,73.8618,75.2974,77.0868,78.8763,80.6657,82.4552,; 
0; 1; 53222; 53224; 834.539; 0; 0; 5; 118.017; 6; 1; 6; 60.0808; 0; 1,2.64278,4.28556,5.92835,7.57113,9.21391,10.8567,12.4995,14.1423,15.785,17.4278,19.0706,20.7134,22.3562,23.9989,25.6417,27.2845,28.9273,30.5701,32.2129,33.7723,35.3317,36.8911,38.4152,39.9392,41.4633,42.9873,44.5113,46.0354,47.5594,49.0834,50.6075,52.1315,53.6555,55.1796,57.1566,59.1336,61.1106,63.0876,65.0647,67.0417,69.0187,70.9957,72.9727,74.9497,76.9416,78.9335,80.9254,81.8757,82.8261,83.7765,; 1,2.38299,3.76599,5.14898,6.53198,7.91497,9.29796,10.681,12.064,13.4469,14.8299,16.2129,17.5959,18.9789,20.3619,21.7449,23.1279,24.5109,25.8939,27.2769,28.9566,30.6362,32.3159,34.2842,36.2525,38.2208,40.1891,42.1574,44.1257,46.0939,48.0622,50.0305,51.9988,53.9671,55.9354,57.8484,59.7614,61.6743,63.5873,65.5003,67.4133,69.3262,71.2392,73.1522,75.0652,76.2776,77.49,78.7024,80.2078,81.7133,83.2187,; 
0; 1; 53697; 53699; 873.211; 0; 0; 6.7; 118.413; 4; 1; 6; 60.0169; 0; 1,2.53773,4.07545,5.61318,7.1509,8.68863,10.2264,11.7641,13.3018,14.8395,16.3773,17.915,19.4527,20.9904,21.7458,22.5011,23.2564,24.0117,24.7671,25.5224,26.2777,27.033,27.7884,28.5437,29.299,30.0543,30.8096,31.565,32.3203,33.0756,33.8309,35.5879,37.3448,39.1017,40.8586,42.6155,44.3724,46.1293,47.8862,49.6431,51.4,53.1569,54.9138,56.6707,58.4276,60.1845,61.9414,63.6983,65.4552,67.2121,68.969,69.8723,70.7755,71.6787,72.582,73.4852,74.3884,75.2917,76.1949,77.0981,78.0013,78.9046,79.8078,80.711,81.6143,82.5175,83.4207,84.324,; 1,2.35523,3.71045,5.06568,6.4209,7.77613,9.13136,10.4866,11.8418,13.197,14.5523,15.9075,17.2627,18.6179,19.3412,20.0645,20.7877,21.511,22.2343,22.9576,23.6808,24.4041,25.1274,25.8506,26.5739,27.2972,28.0205,28.7437,29.467,30.1903,30.9135,32.6249,34.3362,36.0475,37.7589,39.4702,41.1815,42.8929,44.6042,46.3155,48.0269,49.7382,51.4495,53.1609,54.8722,56.5835,58.2949,60.0062,61.7175,63.4289,65.1402,66.2573,67.3744,68.4915,69.6086,70.7257,71.8428,72.9598,74.0769,75.194,76.3111,77.4282,78.5453,79.6624,80.7795,81.8966,83.0137,84.1308,; 
0; 1; 54135; 54137; 912.914; 0; 0; 6; 118.978; 5; 1; 6; 60.0267; 0; 1,2.62281,4.24561,5.86842,7.49123,9.16337,10.8355,12.5076,14.1798,15.8519,17.5241,19.1962,20.8683,22.5405,24.2126,25.8847,27.5569,29.229,30.9012,32.5733,34.2454,35.9176,37.1345,38.3514,39.5684,40.7853,42.0022,43.2192,44.4361,45.653,46.87,48.0869,49.3038,50.5208,51.7377,52.9546,54.1716,55.3885,56.6054,57.1247,57.6439,58.1632,59.638,61.1129,62.5877,64.0625,65.5374,67.0122,68.4871,69.9619,71.4368,72.9116,74.3865,75.8613,77.3361,78.811,80.2858,81.7607,83.2355,84.7104,86.1852,; 1,2.92926,4.85852,6.78778,8.71704,10.4369,12.1567,13.8765,15.5964,17.3162,19.036,20.7559,22.4757,24.1955,25.9154,27.6352,29.355,31.0749,32.7947,34.5145,36.2344,37.9542,38.982,40.0098,41.0375,42.0653,43.0931,44.1209,45.1486,46.1764,47.2042,48.232,49.2597,50.2875,51.3153,52.3431,53.3709,54.3986,55.4264,56.8308,58.2352,59.6395,60.822,62.0045,63.1869,64.3694,65.5519,66.7343,67.9168,69.0993,70.2818,71.4642,72.6467,73.8292,75.0116,76.1941,77.3766,78.559,79.7415,80.924,82.1064,; 
0; 1; 53389; 53391; 952.617; 0; 0; 6.3; 118.308; 7; 1; 6; 60.0369; 0; 1,2.80267,4.60534,6.408,8.21067,10.0133,11.816,13.6187,15.4213,17.224,19.0267,20.8294,22.632,24.4347,26.2374,28.04,29.3537,30.388,31.4224,32.4567,33.4911,34.5254,35.5597,36.5941,37.6284,38.6628,39.6971,40.7315,41.7658,42.3136,42.8614,43.4092,43.957,45.6158,47.2747,48.9336,50.5924,52.2513,53.9101,55.569,57.2279,58.8867,60.5456,62.2045,63.8633,65.5222,67.0863,68.6504,70.2144,71.7785,73.3426,74.9066,76.4707,78.0348,79.5989,81.1629,82.727,84.2911,84.4019,84.5127,84.6235,84.7343,84.8451,84.9559,; 1,2.80466,4.60932,6.41398,8.21864,10.0233,11.828,13.6326,15.4373,17.2419,19.0466,20.8513,22.6559,24.4606,26.2652,28.0699,28.9103,30.0373,31.1644,32.2915,33.4185,34.5456,35.6727,36.7998,37.9268,39.0539,40.181,41.308,42.4351,42.8525,43.27,43.6874,44.1048,45.7364,47.368,48.9997,50.6313,52.2629,53.8945,55.5261,57.1578,58.7894,60.421,62.0526,63.6842,65.3158,66.527,67.7382,68.9493,70.1605,71.3716,72.5828,73.794,75.0051,76.2163,77.4275,78.6386,79.8498,80.2923,80.7349,81.1775,81.62,82.0626,82.5051,; 
0; 1; 53070; 53072; 991.805; 0; 0; 6.4; 117.733; 7; 1; 6; 60.0039; 0; 1,2.51589,4.03178,5.54766,7.06355,8.57944,10.0953,11.6112,13.1271,14.643,16.1589,17.6748,19.1907,20.7065,21.9228,23.1391,24.3554,25.5717,26.788,28.0043,29.2206,30.4369,31.6532,32.8695,34.0858,35.3021,36.5184,37.7346,38.9509,40.1672,41.3835,42.8909,44.3983,45.9057,47.413,48.9204,50.4278,51.9351,53.4425,54.9499,56.4573,57.9646,59.472,60.9794,62.4868,63.9941,65.5827,67.1712,68.7598,70.3483,70.7967,71.2451,71.6935,72.1418,72.5902,73.0386,73.487,73.9353,75.1596,76.3838,77.608,78.8323,80.0565,81.2808,83.0937,; 1,2.52979,4.05958,5.58937,7.11916,8.64895,10.1787,11.7085,13.2383,14.7681,16.2979,17.8277,19.3575,20.8873,22.1228,23.3584,24.5939,25.8294,27.065,28.3005,29.5361,30.7716,32.0072,33.2427,34.4783,35.7138,36.9494,38.1849,39.4205,40.656,41.8916,43.439,44.9865,46.5339,48.0813,49.6288,51.1762,52.7237,54.2711,55.8185,57.366,58.9134,60.4609,62.0083,63.5558,65.1032,66.6451,68.1869,69.7288,71.2706,71.5453,71.82,72.0948,72.3695,72.6442,72.9189,73.1936,73.4683,75.1189,76.7696,78.4202,80.0708,81.7214,83.372,84.3767,; 
; ; 0; 1; 1010.37; ; ; ; ; ; 0; 4; 0.00455525; 0; ; ; 
; ; 0; 1; 1010.37; ; ; ; ; ; 0; 4; 0.00335606; 0; ; ; 
; ; 0; 1; 1010.37; ; ; ; ; ; 0; 4; 0.00344201; 0; ; ; 
; ; 0; 1; 1010.37; ; ; ; ; ; 0; 4; 0.00444458; 0; ; ; 
1; 1; 3; 5; 1010.37; 0; 114.351; 1; 14.361; 2; 0; 5; 0.00127541; 0; 1,2.81722,4.63444,5.13069,5.62695,6.1232,6.61945,7.11571,7.61196,8.10821,8.60447,; 1,2.42142,3.84284,4.88811,5.93337,6.97864,8.0239,9.06916,10.1144,11.1597,12.205,; 
1; 1; 4; 6; 1010.37; 0; 70.0673; 3.6; 61.4833; 3; 0; 5; 0.00123915; 0; 1,2.8526,4.7052,6.5578,8.4104,10.263,12.1156,13.9682,15.8208,17.6734,19.526,21.3786,23.2312,25.0838,26.9364,28.789,28.7663,28.7436,28.721,28.6983,28.6756,28.6529,28.6302,28.6075,28.5849,28.5622,28.5395,28.5168,28.4941,28.4714,30.0758,31.6801,33.2844,34.8887,36.493,38.0973,39.7017,; 1,2.56993,4.13987,5.7098,7.27974,8.84967,10.4196,11.9895,13.5595,15.1294,16.6993,18.2693,19.8392,21.4091,22.9791,24.549,25.4126,26.2762,27.1398,28.0034,28.867,29.7306,30.5942,31.4578,32.3214,33.185,34.0485,34.9121,35.7757,36.6393,37.4647,38.2901,39.1154,39.9408,40.7661,41.5915,42.4169,; 
1; 1; 4; 6; 1010.37; 0; 84.8791; 2.4; 52.4703; 3; 0; 5; 0.00120746; 0; 1,2.5374,4.0748,5.6122,7.14959,8.68699,10.2244,11.7618,13.2992,14.8366,16.374,17.9114,19.4488,20.9862,22.5236,24.061,25.5984,24.6611,23.7239,22.7867,21.8495,20.9122,20.5989,20.2855,19.9721,; 1,2.90955,4.81909,6.72864,8.63818,10.5477,12.4573,14.3668,16.2764,18.1859,20.0955,22.005,23.9145,25.8241,27.7336,29.6432,31.5527,33.5354,35.518,37.5007,39.4833,41.466,42.1184,42.7708,43.4232,; 
1; 1; 4; 6; 1010.37; 0; 94.5631; 1.9; 34.2364; 2; 0; 5; 0.00123371; 0; 1,2.6793,4.35859,6.03789,7.71718,9.39648,11.0758,12.7551,14.4344,14.9138,15.3932,15.8726,16.352,16.8314,17.3108,17.7902,18.2696,18.749,19.2284,19.7078,; 1,2.9132,4.8264,6.7396,8.65279,10.566,12.4792,14.3924,16.3056,17.4072,18.5088,19.6104,20.712,21.8136,22.9152,24.0168,25.1184,26.22,27.3216,28.4232,; 
1; 1; 4; 6; 1010.37; 0; 105.346; 2.3; 31.7119; 4; 0; 5; 0.00125051; 0; 1,0.468019,2.06828,3.66854,5.26881,6.77643,8.28406,9.79168,11.2993,12.8069,14.3146,15.8222,17.3298,18.8374,20.3451,21.8527,23.3603,24.8679,25.6457,26.4235,27.2013,27.9791,28.7569,29.5347,; 1,2.35031,2.34119,2.33206,2.32294,2.67165,3.02037,3.36908,3.7178,4.06651,4.41523,4.76394,5.11266,5.46137,5.81009,6.1588,6.50752,6.85623,6.50741,6.1586,5.80978,5.46096,5.11215,4.76333,; 
1; 1; 4; 6; 1010.37; 0; 76.9713; 3.6; 57.2087; 3; 0; 5; 0.00119944; 0; 1,2.67548,4.35097,6.02645,7.70193,9.37742,11.0529,12.7284,14.4039,16.0793,17.7548,19.4303,21.1058,22.7813,24.4568,26.0741,27.6913,29.3086,30.9259,32.5432,32.8169,33.0905,33.3641,33.6377,33.9114,34.185,34.4586,34.7323,35.0059,35.2795,35.5532,35.8268,36.1004,36.3741,36.6477,36.9213,37.195,; 1,2.68293,4.36585,6.04878,7.73171,9.41463,11.0976,12.7805,14.4634,16.1463,17.8293,19.5122,21.1951,22.8781,24.561,23.9161,23.2713,22.6264,21.9815,21.3367,22.1676,22.9985,23.8295,24.6604,25.4913,26.3223,27.1532,27.9841,28.815,29.646,30.4769,31.3078,32.1388,32.9697,33.8006,34.6316,35.4625,; 
; ; 0; 1; 1010.37; ; ; ; ; ; 0; 4; 0.00114013; 0; ; ; 
1; 1; 4; 6; 1010.37; 0; 89.9334; 3.4; 46.3513; 3; 0; 5; 0.00124794; 0; 1,1.55473,2.10947,2.6642,3.21894,3.77367,4.32841,4.88314,5.43788,5.99261,6.54735,7.10208,7.65682,8.21155,8.76629,9.32102,9.87576,10.4305,10.7919,11.1533,11.5148,11.8762,12.2376,12.5991,12.9605,12.9823,13.004,13.0258,13.0476,13.0693,13.0911,13.1129,13.1346,13.1564,13.1782,; 1,2.97661,4.95323,6.92984,8.90645,10.8831,12.8597,14.8363,16.8129,18.7895,20.7661,22.7427,24.7194,26.696,28.6726,30.6492,32.6258,34.6024,35.9836,37.3648,38.746,40.1272,41.5084,42.8896,44.2708,44.3647,44.4585,44.5523,44.6461,44.7399,44.8338,44.9276,45.0214,45.1152,45.209,; 
1; 1; 1; 3; 1010.37; 0; 125.626; 0.2; 2.1716; 1; 0; 5; 0.00115264; 0; 1,1.69624,2.39249,; 1,1.51665,2.03331,; 
1; 1; 5; 7; 1010.37; 0; 111.111; 2.6; 46.7893; 2; 0; 5; 0.00119139; 0; 1,1.0315,1.063,1.09451,1.12601,1.15751,1.18901,1.22052,1.25202,1.28352,1.31502,1.34652,1.37803,1.40953,2.89544,4.38134,5.86725,7.35316,8.83907,10.325,11.8109,13.2968,14.7827,16.2686,17.7545,19.2404,20.7263,; 1,2.62478,4.24957,5.87435,7.49914,9.12392,10.7487,12.3735,13.9983,15.6231,17.2478,18.8726,20.4974,22.1222,20.8246,19.5271,18.2296,16.932,15.6345,14.3369,13.0394,11.7419,10.4443,9.14678,7.84924,6.5517,5.25416,; 
1; 1; 3; 5; 1010.37; 0; 86.4016; 3.3; 56.2756; 3; 0; 5; 0.00122192; 0; 1,1.18325,1.36651,1.54976,1.73301,1.91626,2.09952,2.28277,2.46602,2.64927,2.83253,3.01578,3.19903,3.38229,3.56554,3.74879,3.93204,4.1153,4.29855,4.4818,4.66505,5.07224,5.47942,5.88661,6.29379,8.05794,9.82209,11.5862,13.3504,15.1145,16.8787,18.6428,20.407,22.1711,; 1,2.89263,4.78527,6.6779,8.57053,10.4632,12.3558,14.2484,16.1411,18.0337,19.9263,21.819,23.7116,25.6042,27.4969,29.3895,31.2821,33.1748,35.0674,36.96,38.8527,38.7328,38.6129,38.493,38.3731,38.3004,38.2277,38.155,38.0823,38.0096,37.9369,37.8643,37.7916,37.7189,; 
1; 1; 3; 5; 1010.37; 0; 87.9118; 2.5; 41.167; 2; 0; 5; 0.00119339; 0; 1,2.45559,3.91118,5.36677,6.82236,8.27795,9.73354,11.1891,12.6447,14.1003,15.5559,17.0115,18.4671,19.9227,20.4595,20.9962,21.533,22.0698,22.6066,23.1434,23.6802,24.217,24.7538,25.2906,25.8274,26.3642,; 1,2.007,3.014,4.021,5.028,6.035,7.042,8.04901,9.05601,10.063,11.07,12.077,13.084,14.091,15.4678,16.8446,18.2214,19.5982,20.975,22.3517,23.7285,25.1053,26.4821,27.8589,29.2357,30.6125,; 
1; 1; 5; 7; 1010.37; 0; 74.098; 3; 55.2534; 3; 0; 5; 0.00124725; 0; 1,2.00994,3.01988,4.02982,5.03976,6.0497,7.05964,8.06958,9.07952,10.0895,11.0994,12.1093,13.1193,14.1292,15.1392,16.1491,17.2155,18.2819,19.3483,20.4147,21.4811,22.5475,23.6139,24.6803,26.0099,27.3394,28.669,29.9985,31.3281,32.6576,33.9871,; 1,2.97097,4.94194,6.91291,8.88388,10.8549,12.8258,14.7968,16.7678,18.7387,20.7097,22.6807,24.6517,26.6226,28.5936,30.5646,31.4256,32.2866,33.1476,34.0086,34.8696,35.7306,36.5916,37.4527,38.1972,38.9416,39.6861,40.4306,41.1751,41.9196,42.6641,; 
1; 1; 4; 6; 1010.37; 0; 101.792; 1.4; 26.1229; 1; 0; 5; 0.00119846; 0; 1,1.99303,2.98605,3.97908,4.97211,5.96514,6.95816,7.95119,8.94422,9.93725,10.9303,11.9233,12.9163,13.9094,14.9024,; 1,2.57317,4.14634,5.71951,7.29268,8.86585,10.439,12.0122,13.5854,15.1585,16.7317,18.3049,19.878,21.4512,23.0244,; 
1; 1; 4; 6; 1010.37; 0; 70.9601; 5.3; 71.9801; 3; 0; 5; 0.00123717; 0; 1,2.1484,3.2968,4.44521,5.59361,6.74201,7.89041,9.03882,10.1872,11.3356,12.484,13.6324,14.7808,15.9292,17.0776,18.226,19.3744,20.5228,21.6712,22.8196,22.5302,22.2407,21.9513,21.6618,21.3724,21.0829,20.7935,20.504,20.2146,19.9251,19.6357,19.3462,19.0568,18.7673,18.4778,18.1884,17.8989,17.6095,17.32,17.0306,17.672,18.3135,18.955,19.5964,20.2379,20.8793,21.5208,22.1623,22.8037,23.4452,24.0866,24.7281,25.3696,26.011,; 1,2.36044,3.72088,5.08132,6.44176,7.8022,9.16264,10.5231,11.8835,13.244,14.6044,15.9648,17.3253,18.6857,20.0462,21.4066,22.767,24.1275,25.4879,26.8484,27.7689,28.6895,29.61,30.5306,31.4511,32.3717,33.2922,34.2128,35.1333,36.0539,36.9745,37.895,38.8156,39.7361,40.6567,41.5772,42.4978,43.4183,44.3389,45.2594,46.394,47.5286,48.6632,49.7978,50.9324,52.067,53.2016,54.3362,55.4708,56.6054,57.74,58.8746,60.0092,61.1438,; 
1; 1; 1; 3; 1010.37; 0; 102.588; 1.1; 24.6779; 1; 0; 5; 0.00117766; 0; 1,2.44002,3.88005,5.32007,6.7601,8.20012,9.64015,11.0802,12.5202,13.9602,15.4002,16.8403,; 1,2.65325,4.3065,5.95975,7.613,9.26625,10.9195,12.5727,14.226,15.8792,17.5325,19.1857,; 
1; 1; 3; 5; 1010.37; 0; 119.907; 0.7; 11.1843; 2; 0; 5; 0.00121419; 0; 1,0.974619,0.949238,0.923856,0.898475,0.873094,2.16056,3.44802,; 1,2.58166,4.16331,5.74497,7.32663,8.90829,8.52546,8.14262,; 
1; 1; 4; 6; 1010.37; 0; 76.0371; 2.9; 53.311; 2; 0; 5; 0.0012803; 0; 1,2.14407,3.28814,4.43221,5.57628,6.72035,7.86442,9.00849,10.1526,11.2966,12.4407,13.5848,14.7288,15.8729,17.017,18.1611,19.3051,20.6997,22.0942,23.4888,24.8833,26.2779,27.6724,29.067,30.4615,31.8561,33.2506,34.6452,36.0397,37.4343,; 1,2.75287,4.50574,6.2586,8.01147,9.76434,11.5172,13.2701,15.0229,16.7758,18.5287,20.2816,22.0344,23.7873,25.5402,27.293,29.0459,29.604,30.1621,30.7203,31.2784,31.8365,32.3947,32.9528,33.5109,34.069,34.6272,35.1853,35.7434,36.3015,; 
1; 1; 4; 6; 1010.37; 0; 60.7957; 5; 69.9109; 3; 0; 5; 0.00124093; 0; 1,0.986604,0.973208,0.959811,0.946415,0.933019,0.919623,0.906227,0.892831,0.879434,0.866038,0.852642,0.839246,0.82585,0.812453,0.799057,0.785661,0.772265,0.758869,0.745472,0.732076,1.67456,2.61703,3.55951,4.50199,5.44447,6.38695,7.32943,8.27191,9.21439,10.1569,12.1023,14.0477,15.9931,17.9385,19.8839,21.8294,23.7748,25.7202,27.6656,29.611,31.5564,33.5019,35.4473,37.3927,39.3381,41.2835,43.2289,45.1743,47.1198,49.0652,; 1,1.40333,1.80666,2.20999,2.61332,3.01665,3.41998,3.82331,4.22664,4.62997,5.03331,5.43664,5.83997,6.2433,6.64663,7.04996,7.45329,7.85662,8.25995,8.66328,9.06661,9.91036,10.7541,11.5979,12.4416,13.2854,14.1291,14.9729,15.8166,16.6604,17.5041,18.9729,20.4417,21.9105,23.3793,24.8481,26.3169,27.7856,29.2544,30.7232,32.192,33.6608,35.1296,36.5984,38.0672,39.536,41.0048,42.4736,43.9423,45.4111,46.8799,; 
; ; 0; 1; 1010.37; ; ; ; ; ; 0; 4; 0.0011405; 0; ; ; 
1; 1; 1; 3; 1010.37; 0; 122.979; 0.5; 6.52938; 1; 0; 5; 0.00121045; 0; 1,0.87358,0.747159,0.620739,0.494319,0.367898,; 1,2.18506,3.37012,4.55518,5.74024,6.92529,; 
1; 1; 1; 3; 1010.37; 0; 99.6385; 1.1; 27.5528; 1; 0; 5; 0.00116333; 0; 1,2.57882,4.15764,5.73646,7.31528,8.89409,10.4729,12.0517,13.6306,15.2094,16.7882,18.367,; 1,2.93089,4.86178,6.79268,8.72357,10.6545,12.5854,14.5162,16.4471,18.378,20.3089,22.2398,; 
.
control_mod_RRT
10 common properties
goal_bias = 0.05
intermediate_states = 0
longest_valid_segment_fraction = 0.01
max_control_duration = 20
min_control_duration = 1
projection.cellsize.0 = 5
projection.cellsize.1 = 5
projection.cellsize_factor = 0
propagation_step_size = 0.1
valid_segment_count_factor = 1
16 properties for each run
approximate solution BOOLEAN
correct solution BOOLEAN
graph motions INTEGER
graph states INTEGER
memory REAL
solution clearance REAL
solution difference REAL
solution length REAL
solution path length REAL
solution segments INTEGER
solved BOOLEAN
status ENUM
time REAL
valid segment fraction REAL
xsolution
ysolution
50 runs
1; 1; 10; 11; 1010.37; 0; 113.034; 0.9; 14.9463; 9; 0; 5; 0.00117432; 0; 1,2.48278,3.96557,5.44835,6.93113,8.41391,9.8967,11.3795,12.8623,14.345,; 1,1.71755,2.4351,3.15265,3.8702,4.58775,5.30529,6.02284,6.74039,7.45794,; 
1; 1; 29; 30; 1010.37; 0; 113.31; 2; 21.0055; 20; 0; 5; 0.00127692; 0; 1,2.11048,3.5821,5.05372,6.52534,7.99696,9.46858,10.9402,12.4118,13.8834,15.3551,16.8267,18.2983,18.0686,17.839,17.6093,17.3796,17.15,16.9203,16.6906,16.461,; 1,0.748681,0.934324,1.11997,1.30561,1.49125,1.67689,1.86254,2.04818,2.23382,2.41946,2.60511,2.79075,3.09028,3.38982,3.68936,3.98889,4.28843,4.58796,4.8875,5.18704,; 
1; 1; 32; 33; 1010.37; 0; 104.749; 2.2; 31.4515; 22; 0; 5; 0.00121597; 0; 1,2.42403,3.84806,5.27209,6.69612,8.12015,9.54418,10.9682,12.3922,13.8163,15.2403,16.6643,18.0884,19.5124,20.9364,22.3604,23.7845,25.2085,26.6325,26.51,26.3876,26.2651,26.1426,; 1,1.10045,1.2009,1.30135,1.4018,1.50225,1.6027,1.70316,1.80361,1.90406,2.00451,2.10496,2.20541,2.30586,2.40631,2.50676,2.60721,2.70766,2.80811,4.08848,5.36884,6.64921,7.92957,; 
1; 1; 37; 38; 1010.37; 0; 102.001; 1.9; 32.022; 19; 0; 5; 0.00118063; 0; 1,2.64342,4.28684,5.93026,7.57368,9.2171,10.8605,12.5039,14.1474,15.7908,17.4342,19.0776,20.721,22.3645,24.0079,25.6513,27.2947,28.9382,30.5816,32.225,; 1,1.36639,1.73278,2.09917,2.46556,2.83195,3.19834,3.56473,3.93112,4.29751,4.6639,5.03029,5.39668,5.76307,6.12945,6.49584,6.86223,7.22862,7.59501,7.9614,; 
; ; 0; 1; 1010.37; ; ; ; ; ; 0; 4; 0.00122397; 0; ; ; 
1; 1; 32; 33; 1010.37; 0; 67.5624; 3; 62.3843; 30; 0; 5; 0.0012128; 0; 1,1.19184,1.38368,1.57553,1.76737,1.95921,2.15105,2.34289,2.53473,2.72658,2.91842,3.11026,5.03761,6.96496,8.8923,10.8197,12.747,14.6743,16.6017,18.529,20.4564,22.3837,24.3111,26.2384,28.1658,30.0931,32.0205,33.9478,35.8752,37.8025,39.7299,; 1,2.29874,3.59748,4.89622,6.19496,7.4937,8.79244,10.0912,11.3899,12.6887,13.9874,15.2861,16.9035,18.5208,20.1382,21.7555,23.3729,24.9902,26.6075,28.2249,29.8422,31.4596,33.0769,34.6942,36.3116,37.9289,39.5463,41.1636,42.7809,44.3983,46.0156,; 
1; 1; 18; 19; 1010.37; 0; 113.844; 1.3; 18.3714; 13; 0; 5; 0.0013069; 0; 1,2.39769,3.79538,5.19308,6.59077,7.98846,9.38615,10.7838,12.1815,13.5792,14.9769,16.3746,17.7723,19.17,; 1,1.08113,1.16226,1.24339,1.32452,1.40565,1.48678,1.56791,1.64904,1.73017,1.8113,1.89243,1.97357,2.0547,; 
1; 1; 6; 7; 1010.37; 0; 126.68; 0.5; 2.1791; 5; 0; 5; 0.00124467; 0; 1,0.80832,0.61664,0.42496,0.23328,0.0416005,; 1,1.36025,1.72051,2.08076,2.44101,2.80127,; 
1; 1; 8; 9; 1010.37; 0; 128.305; 0.3; 2.0732; 3; 0; 5; 0.00123261; 0; 1,0.701976,0.403951,0.105927,; 1,1.60861,2.21723,2.82584,; 
1; 1; 13; 14; 1010.37; 0; 123.557; 0.8; 6.35206; 8; 0; 5; 0.0013048; 0; 1,1.48507,1.7441,2.00313,2.26216,2.52119,2.78022,3.03925,1.56208,; 1,0.821493,1.4473,2.07312,2.69893,3.32474,3.95055,4.57636,4.80992,; 
1; 1; 23; 24; 1010.37; 0; 105.143; 1.3; 28.5079; 13; 0; 5; 0.00129714; 0; 1,2.91861,4.83722,6.75583,8.67444,10.593,12.5117,14.4303,16.3489,15.643,14.9371,14.2312,13.5253,12.8194,; 1,2.17161,3.34322,4.51483,5.68644,6.85805,8.02966,9.20127,10.3729,12.2458,14.1186,15.9915,17.8644,19.7373,; 
1; 1; 18; 19; 1010.37; 0; 116.548; 1.7; 13.4564; 17; 0; 5; 0.00130273; 0; 1,1.17333,1.34666,1.51999,1.69332,1.86666,2.03999,2.21332,2.38665,2.55998,2.73331,2.90664,3.07997,3.2533,3.42663,3.59997,3.7733,3.94663,; 1,1.77067,2.54135,3.31202,4.08269,4.85337,5.62404,6.39472,7.16539,7.93606,8.70674,9.47741,10.2481,11.0188,11.7894,12.5601,13.3308,14.1015,; 
1; 1; 20; 21; 1010.37; 0; 116.249; 1.5; 17.2447; 15; 0; 5; 0.00130837; 0; 1,2.10415,3.2083,4.31245,5.4166,6.52074,7.62489,8.72904,9.83319,10.9373,12.0415,13.1456,14.2498,15.3539,16.4581,17.5622,; 1,0.937026,0.874052,0.811079,0.748105,0.685131,0.622157,0.559184,0.49621,0.433236,0.370262,0.307288,0.244315,0.181341,0.118367,0.0553933,; 
1; 1; 29; 30; 1010.37; 0; 104.878; 1.3; 26.0757; 13; 0; 5; 0.00135228; 0; 1,2.64241,4.28483,5.92724,7.56966,9.21207,10.8545,12.4969,14.1393,15.7817,17.3177,18.8537,20.3896,21.9256,; 1,2.33346,3.66691,5.00037,6.33383,7.66729,9.00074,10.3342,11.6677,13.0011,12.5625,12.1238,11.6851,11.2465,; 
1; 1; 16; 17; 1010.37; 0; 121.992; 1.1; 12.9487; 11; 0; 5; 0.00130918; 0; 1,2.1191,3.23821,4.35731,5.47641,6.59551,7.71462,8.83372,9.95282,10.8911,11.8293,12.7675,; 1,1.20864,1.41729,1.62593,1.83458,2.04322,2.25187,2.46051,2.66916,1.806,0.942832,0.0796687,; 
1; 1; 10; 11; 1010.37; 0; 124.522; 0.3; 3.75732; 3; 0; 5; 0.00137373; 0; 1,1.34491,1.78833,2.23176,; 1,0.419473,1.64482,2.87017,; 
1; 1; 36; 37; 1010.37; 0; 113.079; 1.6; 20.9524; 16; 0; 5; 0.00131715; 0; 1,2.29794,3.59588,4.89382,6.19176,7.4897,8.78764,10.0856,11.3835,12.6815,13.9794,15.2773,16.5753,17.8732,19.1711,20.4691,21.767,; 1,0.997793,0.995587,0.99338,0.991174,0.988967,0.986761,0.984554,0.982347,0.980141,0.977934,0.975728,0.973521,0.971314,0.969108,0.966901,0.964695,; 
1; 1; 6; 7; 1010.37; 0; 115.41; 0.5; 11.8697; 5; 0; 5; 0.00127293; 0; 1,2.87534,4.75069,6.62603,8.50137,10.3767,; 1,2.39088,3.78176,5.17264,6.56352,7.95441,; 
1; 1; 38; 39; 1010.37; 0; 104.043; 2.4; 39.5325; 24; 0; 5; 0.00133578; 0; 1,2.65334,4.30668,5.96001,7.61335,9.26669,10.92,12.5734,14.2267,15.88,17.5334,19.1867,20.8401,22.4934,24.1467,25.8001,27.4534,26.4215,25.3895,24.3576,23.3256,22.2937,21.2617,20.2298,19.1979,; 1,1.40459,1.80918,2.21377,2.61836,3.02295,3.42754,3.83213,4.23672,4.64131,5.0459,5.45049,5.85508,6.25967,6.66426,7.06885,7.47344,8.53274,9.59205,10.6514,11.7107,12.77,13.8293,14.8886,15.9479,; 
1; 1; 2; 3; 1010.37; 0; 130.371; 0.1; 0.857053; 1; 0; 5; 0.0013122; 0; 1,0.256543,; 1,1.4262,; 
1; 1; 16; 17; 1010.37; 0; 92.389; 1.5; 36.074; 15; 0; 5; 0.00129454; 0; 1,2.26367,3.52734,4.79102,6.05469,7.31836,8.58203,9.8457,11.1094,12.373,13.6367,14.9004,16.1641,17.4277,18.6914,19.9551,; 1,2.99546,4.99092,6.98638,8.98184,10.9773,12.9728,14.9682,16.9637,18.9591,20.9546,22.9501,24.9455,26.941,28.9364,30.9319,; 
1; 1; 4; 5; 1010.37; 0; 125.456; 0.2; 4.26937; 2; 0; 5; 0.00127512; 0; 1,2.60512,4.47479,; 1,1.59112,0.482251,; 
1; 1; 33; 34; 1010.37; 0; 94.58; 1.5; 32.7394; 15; 0; 5; 0.00132019; 0; 1,2.64499,4.28997,5.93496,7.57994,9.22493,10.8699,12.5149,14.1599,15.8049,17.4499,19.0948,20.7398,22.3848,24.0298,25.6748,; 1,2.38153,3.76306,5.14459,6.52612,7.90764,9.28917,10.6707,12.0522,13.4338,14.8153,16.1968,17.5783,18.9599,20.3414,21.7229,; 
1; 1; 32; 33; 1010.37; 0; 106.77; 3; 24.0861; 30; 0; 5; 0.00131678; 0; 1,1.04778,1.09557,1.14335,1.19114,1.23892,1.28671,1.33449,1.38228,1.43006,1.47784,1.52563,1.57341,1.91517,2.25693,2.59869,2.94045,3.28221,3.62397,3.96572,4.30748,4.64924,4.991,5.33276,5.67452,6.01628,6.35803,6.69979,7.04155,7.38331,7.72507,; 1,1.90847,2.81694,3.7254,4.63387,5.54234,6.45081,7.35927,8.26774,9.17621,10.0847,10.9931,11.9016,12.5289,13.1561,13.7834,14.4106,15.0379,15.6652,16.2924,16.9197,17.5469,18.1742,18.8015,19.4287,20.056,20.6832,21.3105,21.9378,22.565,23.1923,; 
1; 1; 6; 7; 1010.37; 0; 126.786; 0.3; 3.85892; 3; 0; 5; 0.00127127; 0; 1,1.48337,0.77041,0.0574501,; 1,1.25806,2.62524,3.99243,; 
1; 1; 27; 28; 1010.37; 0; 113.899; 1.3; 13.7787; 13; 0; 5; 0.0012869; 0; 1,1.486,1.972,2.458,2.94401,3.43001,3.91601,4.40201,4.88801,5.37401,5.86001,6.34601,6.83202,7.31802,; 1,1.93028,2.86057,3.79085,4.72113,5.65142,6.5817,7.51198,8.44227,9.37255,10.3028,11.2331,12.1634,13.0937,; 
1; 1; 14; 15; 1010.37; 0; 116.879; 1.1; 15.6163; 11; 0; 5; 0.00126561; 0; 1,2.37662,3.75324,5.12987,6.50649,7.88311,9.25973,10.6364,12.013,13.3896,14.7662,16.1428,; 1,0.947741,0.895483,0.843224,0.790966,0.738707,0.686449,0.63419,0.581932,0.529673,0.477415,0.425156,; 
1; 1; 12; 13; 1010.37; 0; 121.918; 0.4; 5.35944; 4; 0; 5; 0.00125352; 0; 1,1.60422,2.20843,2.81265,3.41686,; 1,2.08953,3.17906,4.26858,5.35811,; 
1; 1; 2; 3; 1010.37; 0; 129.703; 0.1; 1.57388; 1; 0; 5; 0.00123558; 0; 1,0.251769,; 1,2.38453,; 
1; 1; 23; 24; 1010.37; 0; 93.0262; 2; 35.3648; 20; 0; 5; 0.00126178; 0; 1,1.92186,2.84371,3.76557,4.68742,5.60928,6.53113,7.45299,8.37484,9.2967,10.2186,11.1404,12.0623,12.9841,13.906,14.8278,15.7497,16.6715,17.5934,18.5152,19.4371,; 1,2.47881,3.95762,5.43644,6.91525,8.39406,9.87287,11.3517,12.8305,14.3093,15.7881,17.2669,18.7457,20.2246,21.7034,23.1822,24.661,26.1398,27.6186,29.0974,30.5762,; 
1; 1; 5; 6; 1010.37; 0; 126.935; 0.4; 1.57567; 4; 0; 5; 0.0013008; 0; 1,0.763461,0.526921,0.290382,0.0538421,; 1,1.22817,1.45635,1.68452,1.9127,; 
1; 1; 21; 22; 1010.37; 0; 119.633; 1.2; 9.54045; 12; 0; 5; 0.00130077; 0; 1,1.83105,2.6621,3.49315,3.70703,3.92091,4.1348,4.34868,4.56256,4.77645,4.99033,5.20421,5.4181,; 1,0.711801,0.423602,0.135404,0.844058,1.55271,2.26137,2.97002,3.67868,4.38733,5.09598,5.80464,6.51329,; 
1; 1; 4; 5; 1010.37; 0; 126.044; 0.3; 2.00797; 3; 0; 5; 0.00127535; 0; 1,1.11913,1.23826,1.35739,; 1,1.58939,2.17877,2.76816,; 
1; 1; 23; 24; 1010.37; 0; 110.559; 0.7; 16.4708; 7; 0; 5; 0.00132281; 0; 1,2.5315,4.063,5.5945,7.12601,8.65751,10.189,11.7205,; 1,2.72866,4.45731,6.18597,7.91462,9.64328,11.3719,13.1006,; 
1; 1; 10; 11; 1010.37; 0; 114.821; 0.9; 12.4488; 9; 0; 5; 0.00128806; 0; 1,2.04547,3.09094,4.13641,5.18188,6.22735,7.27282,8.31829,9.36376,10.4092,; 1,1.81281,2.62561,3.43842,4.25123,5.06403,5.87684,6.68964,7.50245,8.31526,; 
1; 1; 40; 41; 1010.37; 0; 97.0159; 3.8; 37.2774; 38; 0; 5; 0.00130392; 0; 1,2.35338,3.70675,5.06013,6.41351,7.76689,9.12026,10.4736,11.827,13.1804,14.5338,15.8871,17.2405,18.5939,19.9473,21.3007,22.654,24.0074,25.3608,26.7142,26.8308,26.9475,27.0642,27.1808,27.2975,27.4142,27.5308,27.6475,27.7642,27.8808,27.9975,28.1142,28.2308,28.3475,28.4642,28.5808,28.6975,28.8142,28.9308,; 1,1.21609,1.43217,1.64826,1.86434,2.08043,2.29652,2.5126,2.72869,2.94477,3.16086,3.37694,3.59303,3.80912,4.0252,4.24129,4.45737,4.67346,4.88955,5.10563,5.67939,6.25315,6.82691,7.40067,7.97443,8.54819,9.12195,9.69571,10.2695,10.8432,11.417,11.9907,12.5645,13.1383,13.712,14.2858,14.8595,15.4333,16.0071,; 
1; 1; 22; 23; 1010.37; 0; 116.724; 1.3; 10.6991; 13; 0; 5; 0.0013178; 0; 1,1.02477,1.49046,1.95615,2.42184,2.88753,3.35322,3.81891,4.2846,4.75029,5.21598,5.68167,6.14735,6.61304,; 1,1.96191,2.58768,3.21345,3.83922,4.46499,5.09076,5.71653,6.34229,6.96806,7.59383,8.2196,8.84537,9.47114,; 
1; 1; 5; 6; 1010.37; 0; 129.535; 0.2; 1.16012; 2; 0; 5; 0.00139278; 0; 1,1.46664,1.93328,; 1,0.664219,0.328439,; 
1; 1; 27; 28; 1010.37; 0; 112.42; 1.8; 15.7276; 18; 0; 5; 0.00139061; 0; 1,0.927997,1.61967,2.31134,3.00302,3.69469,4.38636,5.07804,5.76971,6.46139,7.15306,7.84473,8.53641,9.22808,9.91975,10.6114,11.3031,11.9948,12.6864,; 1,2.69717,3.09543,3.4937,3.89196,4.29022,4.68848,5.08675,5.48501,5.88327,6.28153,6.67979,7.07806,7.47632,7.87458,8.27284,8.67111,9.06937,9.46763,; 
1; 1; 16; 17; 1010.37; 0; 95.1837; 1.5; 31.9648; 15; 0; 5; 0.00152552; 0; 1,2.54592,4.09185,5.63777,7.1837,8.72962,10.2755,11.8215,13.3674,14.9133,16.4592,18.0052,19.5511,21.097,22.6429,24.1889,; 1,2.45978,3.91956,5.37934,6.83913,8.29891,9.75869,11.2185,12.6783,14.138,15.5978,17.0576,18.5174,19.9772,21.4369,22.8967,; 
1; 1; 51; 52; 1010.37; 0; 94.7392; 3.3; 54.5502; 33; 0; 5; 0.0136212; 0; 1,0.553368,2.48082,4.40827,6.33573,8.26318,10.1906,12.1181,14.0455,15.973,17.5134,19.0539,20.5943,22.1348,23.6752,25.2157,26.7561,28.2966,29.837,31.3775,32.9179,32.6215,32.3251,32.0286,31.7322,31.4358,31.1393,30.8429,30.5465,30.25,29.9536,29.6572,29.3607,29.0643,; 1,1.76622,2.42571,3.08519,3.74468,4.40416,5.06364,5.72313,6.38261,7.04209,6.41114,5.78019,5.14924,4.51829,3.88734,3.25639,2.62543,1.99448,1.36353,0.732579,0.101627,1.52397,2.9463,4.36864,5.79098,7.21332,8.63565,10.058,11.4803,12.9027,14.325,15.7473,17.1697,18.592,; 
1; 1; 8; 9; 1010.37; 0; 122.044; 0.6; 7.94987; 6; 0; 5; 0.00132088; 0; 1,1.06446,1.12892,1.19337,1.25783,0.771071,0.28431,; 1,1.9406,2.88121,3.82181,4.76242,6.60401,8.44561,; 
1; 1; 349; 350; 1010.37; 0; 30.0696; 6.1; 114.259; 61; 0; 5; 0.0185466; 0; 1,2.25799,3.51597,4.77396,6.03194,7.28993,8.54791,9.8059,11.0639,12.3219,13.5799,14.8378,16.0958,17.3538,18.6118,19.8698,21.1278,22.3858,23.6437,25.1481,26.6524,28.1567,29.6611,31.0746,32.4881,33.9016,35.315,36.7285,38.142,39.5555,40.969,42.3825,43.796,45.7474,47.6989,49.6503,51.6018,53.5532,55.5047,57.4561,59.4076,61.359,63.3105,65.2619,66.6403,68.0186,69.397,70.7754,72.1537,73.5321,74.9104,76.2888,77.6672,79.0455,80.4239,81.8022,83.1806,84.559,85.9373,87.3157,88.6941,90.0724,; 1,2.95866,4.91732,6.87598,8.83464,10.7933,12.752,14.7106,16.6693,18.6279,20.5866,22.5453,24.5039,26.4626,28.4212,30.3799,32.3386,34.2972,36.2559,37.406,38.5561,39.7063,40.8564,41.676,42.4956,43.3151,44.1347,44.9543,45.7739,46.5934,47.413,48.2326,49.0522,49.4043,49.7564,50.1086,50.4607,50.8129,51.165,51.5172,51.8693,52.2215,52.5736,52.9258,53.3609,53.796,54.2311,54.6663,55.1014,55.5365,55.9717,56.4068,56.8419,57.2771,57.7122,58.1473,58.5824,59.0176,59.4527,59.8878,60.323,60.7581,; 
; ; 0; 1; 1010.37; ; ; ; ; ; 0; 4; 0.00858037; 0; ; ; 
1; 1; 193; 194; 1010.37; 0; 42.9788; 7; 93.4533; 70; 0; 5; 0.00582436; 0; 1,1.51202,2.02403,2.53605,3.04806,3.56008,4.07209,4.58411,5.09612,5.60814,6.12015,7.18476,8.24936,9.31396,10.3786,11.4432,12.5078,13.5724,14.637,15.7016,16.7662,17.8308,18.8954,19.96,21.0246,22.0892,23.1538,24.2184,25.283,26.3476,27.4122,27.941,28.4698,28.9986,29.5273,30.0561,30.5849,31.1137,31.6425,32.1712,32.7,33.2288,33.7576,34.2863,34.3187,34.3511,34.3835,34.4159,34.4483,34.4807,34.5131,34.5455,35.5238,36.5021,37.4803,38.4586,39.4369,40.4152,41.3935,42.3717,43.35,44.3283,45.3066,46.2849,47.2632,48.2414,49.2197,50.198,51.1763,52.1546,53.1328,; 1,1.9204,2.8408,3.76121,4.68161,5.60201,6.52241,7.44282,8.36322,9.28362,10.204,10.5864,10.9687,11.3511,11.7334,12.1158,12.4982,12.8805,13.2629,13.6452,14.0276,14.4099,14.7923,15.1747,15.557,15.9394,16.3217,16.7041,17.0864,17.4688,17.8512,18.9088,19.9665,21.0242,22.0819,23.1396,24.1973,25.255,26.3127,27.3704,28.4281,29.4858,30.5435,31.6012,32.5971,33.5931,34.589,35.5849,36.5808,37.5767,38.5726,39.5686,41.2105,42.8525,44.4945,46.1365,47.7785,49.4205,51.0624,52.7044,54.3464,55.9884,57.6304,59.2724,60.9144,62.5563,64.1983,65.8403,67.4823,69.1243,70.7663,; 
; ; 0; 1; 1010.37; ; ; ; ; ; 0; 4; 0.00120422; 0; ; ; 
1; 1; 7; 8; 1010.37; 0; 124.482; 0.2; 4.60801; 2; 0; 5; 0.00120392; 0; 1,2.94544,4.89088,; 1,0.658543,0.317086,; 
; ; 0; 1; 1010.37; ; ; ; ; ; 0; 4; 0.0011752; 0; ; ; 
1; 1; 330; 331; 1010.37; 0; 82.9204; 7.4; 128.627; 74; 0; 5; 0.0107508; 0; 1,1.69478,2.72817,3.76156,4.79495,5.82833,6.86172,7.89511,8.9285,9.96189,10.9953,12.0287,10.6399,9.25121,7.86249,6.47377,5.08504,3.69632,2.3076,0.918873,1.623,2.32712,3.03124,3.73536,4.43949,5.14361,5.84773,6.55186,6.03871,5.52557,5.01242,4.49928,3.98614,3.47299,2.95985,4.23508,5.5103,6.78553,8.06076,9.33599,10.6112,11.8864,13.1617,14.4369,15.7121,16.9873,18.2626,19.5378,20.813,22.0883,23.3635,24.6387,24.6758,24.7129,24.75,24.7871,24.8242,24.8613,24.8984,24.9355,24.9726,25.0097,25.0468,25.0839,25.121,25.1581,25.1952,25.2323,25.0732,24.1601,23.247,22.3339,21.4208,20.5078,19.5947,; 1,1.459,3.19444,4.92987,6.6653,8.40074,10.1362,11.8716,13.607,15.3425,17.0779,18.8133,19.8941,20.9749,22.0557,23.1365,24.2172,25.298,26.3788,27.4596,29.1624,30.8652,32.568,34.2708,35.9736,37.6764,39.3792,41.082,42.4623,43.8425,45.2228,46.603,47.9833,49.3635,50.7438,48.8887,47.0335,45.1784,43.3233,41.4682,39.613,37.7579,35.9028,34.0477,32.1925,30.3374,28.4823,26.6271,24.772,22.9169,21.0618,19.2066,20.4136,21.6206,22.8276,24.0346,25.2416,26.4486,27.6556,28.8626,30.0696,31.2766,32.4836,33.6906,34.8976,36.1046,37.3116,38.5186,38.6231,40.1288,41.6345,43.1402,44.6459,46.1516,47.6573,; 
; ; 0; 1; 1010.37; ; ; ; ; ; 0; 4; 0.00124435; 0; ; ; 
.
