-- The C compiler identification is GNU 9.4.0
-- The CXX compiler identification is GNU 9.4.0
-- Detecting C compiler ABI info
-- Detecting C compiler ABI info - done
-- Check for working C compiler: /usr/bin/cc - skipped
-- Detecting C compile features
-- Detecting C compile features - done
-- Detecting CXX compiler ABI info
-- Detecting CXX compiler ABI info - done
-- Check for working CXX compiler: /usr/bin/c++ - skipped
-- Detecting CXX compile features
-- Detecting CXX compile features - done
-- Found Boost: /usr/lib/x86_64-linux-gnu/cmake/Boost-1.71.0/BoostConfig.cmake (found version "1.71.0")  
-- Found ompl: /opt/ros/foxy/include/ompl-1.5;/usr/include/eigen3  
-- Performing Test CMAKE_HAVE_LIBC_PTHREAD
-- Performing Test CMAKE_HAVE_LIBC_PTHREAD - Failed
-- Looking for pthread_create in pthreads
-- Looking for pthread_create in pthreads - not found
-- Looking for pthread_create in pthread
-- Looking for pthread_create in pthread - found
-- Found Threads: TRUE  
-- Configuring done (1.3s)
-- Generating done (0.0s)
-- Build files have been written to: /home/nic/dev/research/GaussianBeliefTrees/build/gbt
[  7%] [32mBuilding CXX object CMakeFiles/gbt_lib.dir/src/Spaces/RealVectorBeliefSpace.cpp.o[0m
[ 15%] [32mBuilding CXX object CMakeFiles/gbt_lib.dir/src/Spaces/R2BeliefSpace.cpp.o[0m
[ 23%] [32mBuilding CXX object CMakeFiles/gbt_lib.dir/src/StatePropagators/SimpleStatePropagator.cpp.o[0m
[ 30%] [32mBuilding CXX object CMakeFiles/gbt_lib.dir/src/OptimizationObjectives/state_cost_objective.cpp.o[0m
[ 38%] [32mBuilding CXX object CMakeFiles/gbt_lib.dir/src/Benchmarking/MyBenchmark.cpp.o[0m
[ 46%] [32mBuilding CXX object CMakeFiles/gbt_lib.dir/src/Planners/SSBT.cpp.o[0m
[ 53%] [32mBuilding CXX object CMakeFiles/gbt_lib.dir/src/Planners/mod_rrt.cpp.o[0m
[ 61%] [32mBuilding CXX object CMakeFiles/gbt_lib.dir/src/System/System.cpp.o[0m
[ 69%] [32mBuilding CXX object CMakeFiles/gbt_lib.dir/src/Scene/Scene.cpp.o[0m
[ 76%] [32mBuilding CXX object CMakeFiles/gbt_lib.dir/src/ValidityCheckers/StateValidityCheckerBlackmore.cpp.o[0m
[ 84%] [32m[1mLinking CXX static library libgbt_lib.a[0m
[ 84%] Built target gbt_lib
[ 92%] [32mBuilding CXX object CMakeFiles/main.dir/demos/gbt.cpp.o[0m
[100%] [32m[1mLinking CXX executable main[0m
[100%] Built target main
