[0.165s] Invoking command in '/home/nic/dev/research/GaussianBeliefTrees/build/gbt': /usr/local/bin/cmake /home/nic/dev/research/GaussianBeliefTrees -DCMAKE_INSTALL_PREFIX=/home/nic/dev/research/GaussianBeliefTrees/install/gbt
[0.322s] -- The C compiler identification is GNU 9.4.0
[0.628s] -- The CXX compiler identification is GNU 9.4.0
[0.896s] -- Detecting C compiler ABI info
[1.102s] -- Detecting C compiler ABI info - done
[1.109s] -- Check for working C compiler: /usr/bin/cc - skipped
[1.110s] -- Detecting C compile features
[1.111s] -- Detecting C compile features - done
[1.142s] -- Detecting CXX compiler ABI info
[1.228s] -- Detecting CXX compiler ABI info - done
[1.234s] -- Check for working CXX compiler: /usr/bin/c++ - skipped
[1.234s] -- Detecting CXX compile features
[1.235s] -- Detecting CXX compile features - done
[1.249s] -- Found Boost: /usr/lib/x86_64-linux-gnu/cmake/Boost-1.71.0/BoostConfig.cmake (found version "1.71.0")  
[1.251s] -- Found ompl: /opt/ros/foxy/include/ompl-1.5;/usr/include/eigen3  
[1.253s] -- Performing Test CMAKE_HAVE_LIBC_PTHREAD
[1.318s] -- Performing Test CMAKE_HAVE_LIBC_PTHREAD - Failed
[1.318s] -- Looking for pthread_create in pthreads
[1.370s] -- Looking for pthread_create in pthreads - not found
[1.370s] -- Looking for pthread_create in pthread
[1.425s] -- Looking for pthread_create in pthread - found
[1.426s] -- Found Threads: TRUE  
[1.428s] -- Configuring done (1.3s)
[1.433s] -- Generating done (0.0s)
[1.434s] -- Build files have been written to: /home/nic/dev/research/GaussianBeliefTrees/build/gbt
[1.436s] Invoked command in '/home/nic/dev/research/GaussianBeliefTrees/build/gbt' returned '0': /usr/local/bin/cmake /home/nic/dev/research/GaussianBeliefTrees -DCMAKE_INSTALL_PREFIX=/home/nic/dev/research/GaussianBeliefTrees/install/gbt
[1.438s] Invoking command in '/home/nic/dev/research/GaussianBeliefTrees/build/gbt': /usr/local/bin/cmake --build /home/nic/dev/research/GaussianBeliefTrees/build/gbt -- -j32 -l32
[1.450s] [  7%] [32mBuilding CXX object CMakeFiles/gbt_lib.dir/src/Spaces/RealVectorBeliefSpace.cpp.o[0m
[1.451s] [ 15%] [32mBuilding CXX object CMakeFiles/gbt_lib.dir/src/Spaces/R2BeliefSpace.cpp.o[0m
[1.451s] [ 23%] [32mBuilding CXX object CMakeFiles/gbt_lib.dir/src/StatePropagators/SimpleStatePropagator.cpp.o[0m
[1.452s] [ 30%] [32mBuilding CXX object CMakeFiles/gbt_lib.dir/src/OptimizationObjectives/state_cost_objective.cpp.o[0m
[1.453s] [ 38%] [32mBuilding CXX object CMakeFiles/gbt_lib.dir/src/Benchmarking/MyBenchmark.cpp.o[0m
[1.455s] [ 46%] [32mBuilding CXX object CMakeFiles/gbt_lib.dir/src/Planners/SSBT.cpp.o[0m
[1.455s] [ 53%] [32mBuilding CXX object CMakeFiles/gbt_lib.dir/src/Planners/mod_rrt.cpp.o[0m
[1.457s] [ 61%] [32mBuilding CXX object CMakeFiles/gbt_lib.dir/src/System/System.cpp.o[0m
[1.461s] [ 69%] [32mBuilding CXX object CMakeFiles/gbt_lib.dir/src/Scene/Scene.cpp.o[0m
[1.461s] [ 76%] [32mBuilding CXX object CMakeFiles/gbt_lib.dir/src/ValidityCheckers/StateValidityCheckerBlackmore.cpp.o[0m
[10.305s] [ 84%] [32m[1mLinking CXX static library libgbt_lib.a[0m
[10.323s] [ 84%] Built target gbt_lib
[10.332s] [ 92%] [32mBuilding CXX object CMakeFiles/main.dir/demos/gbt.cpp.o[0m
[13.151s] [100%] [32m[1mLinking CXX executable main[0m
[13.268s] [100%] Built target main
[13.272s] Invoked command in '/home/nic/dev/research/GaussianBeliefTrees/build/gbt' returned '0': /usr/local/bin/cmake --build /home/nic/dev/research/GaussianBeliefTrees/build/gbt -- -j32 -l32
