[2.624s] DEBUG:colcon:Command line arguments: ['/usr/bin/colcon', 'build']
[2.624s] DEBUG:colcon:Parsed command line arguments: Namespace(allow_overriding=[], ament_cmake_args=None, base_paths=['.'], build_base='build', catkin_cmake_args=None, catkin_skip_building_tests=False, cmake_args=None, cmake_clean_cache=False, cmake_clean_first=False, cmake_force_configure=False, cmake_target=None, cmake_target_skip_unavailable=False, continue_on_error=False, event_handlers=None, executor='parallel', ignore_user_meta=False, install_base='install', log_base=None, log_level=None, main=<bound method BuildVerb.main of <colcon_core.verb.build.BuildVerb object at 0x7fa8fb7bde20>>, merge_install=False, metas=['./colcon.meta'], packages_above=None, packages_above_and_dependencies=None, packages_above_depth=None, packages_end=None, packages_ignore=None, packages_ignore_regex=None, packages_select=None, packages_select_build_failed=False, packages_select_by_dep=None, packages_select_regex=None, packages_select_test_failures=False, packages_skip=None, packages_skip_build_finished=False, packages_skip_by_dep=None, packages_skip_regex=None, packages_skip_test_passed=False, packages_skip_up_to=None, packages_start=None, packages_up_to=None, packages_up_to_regex=None, parallel_workers=32, paths=None, symlink_install=False, test_result_base=None, verb_extension=<colcon_core.verb.build.BuildVerb object at 0x7fa8fb7bde20>, verb_name='build', verb_parser=<colcon_defaults.argument_parser.defaults.DefaultArgumentsDecorator object at 0x7fa8fb3d4700>)
[2.740s] Level 1:colcon.colcon_core.package_discovery:discover_packages(colcon_meta) check parameters
[2.740s] Level 1:colcon.colcon_core.package_discovery:discover_packages(recursive) check parameters
[2.740s] Level 1:colcon.colcon_core.package_discovery:discover_packages(ignore) check parameters
[2.740s] Level 1:colcon.colcon_core.package_discovery:discover_packages(path) check parameters
[2.740s] Level 1:colcon.colcon_core.package_discovery:discover_packages(colcon_meta) discover
[2.740s] Level 1:colcon.colcon_core.package_discovery:discover_packages(recursive) discover
[2.740s] INFO:colcon.colcon_core.package_discovery:Crawling recursively for packages in '/home/nic/dev/research/GaussianBeliefTrees'
[2.740s] Level 1:colcon.colcon_core.package_identification:_identify(.) by extensions ['ignore', 'ignore_ament_install']
[2.740s] Level 1:colcon.colcon_core.package_identification:_identify(.) by extension 'ignore'
[2.740s] Level 1:colcon.colcon_core.package_identification:_identify(.) by extension 'ignore_ament_install'
[2.741s] Level 1:colcon.colcon_core.package_identification:_identify(.) by extensions ['colcon_pkg']
[2.741s] Level 1:colcon.colcon_core.package_identification:_identify(.) by extension 'colcon_pkg'
[2.741s] Level 1:colcon.colcon_core.package_identification:_identify(.) by extensions ['colcon_meta']
[2.741s] Level 1:colcon.colcon_core.package_identification:_identify(.) by extension 'colcon_meta'
[2.741s] Level 1:colcon.colcon_core.package_identification:_identify(.) by extensions ['ros']
[2.741s] Level 1:colcon.colcon_core.package_identification:_identify(.) by extension 'ros'
[2.747s] Level 1:colcon.colcon_core.package_identification:_identify(.) by extensions ['cmake', 'python']
[2.747s] Level 1:colcon.colcon_core.package_identification:_identify(.) by extension 'cmake'
[2.761s] Level 1:colcon.colcon_core.package_identification:_identify(.) by extension 'python'
[2.761s] DEBUG:colcon.colcon_core.package_identification:Package '.' with type 'cmake' and name 'gbt'
[2.761s] Level 1:colcon.colcon_core.package_discovery:discover_packages(recursive) using defaults
[2.761s] Level 1:colcon.colcon_core.package_discovery:discover_packages(ignore) discover
[2.761s] Level 1:colcon.colcon_core.package_discovery:discover_packages(ignore) using defaults
[2.761s] Level 1:colcon.colcon_core.package_discovery:discover_packages(path) discover
[2.761s] Level 1:colcon.colcon_core.package_discovery:discover_packages(path) using defaults
[3.067s] Level 1:colcon.colcon_core.package_discovery:discover_packages(prefix_path) check parameters
[3.067s] Level 1:colcon.colcon_core.package_discovery:discover_packages(prefix_path) discover
[3.175s] DEBUG:colcon.colcon_installed_package_information.package_discovery:Found 2 installed packages in /home/nic/dev/research/GaussianBeliefTrees/ros_ws/install
[3.235s] DEBUG:colcon.colcon_installed_package_information.package_discovery:Found 303 installed packages in /opt/ros/foxy
[3.236s] Level 1:colcon.colcon_core.package_discovery:discover_packages(prefix_path) using defaults
[3.418s] Level 5:colcon.colcon_core.verb:set package 'gbt' build argument 'cmake_args' from command line to 'None'
[3.418s] Level 5:colcon.colcon_core.verb:set package 'gbt' build argument 'cmake_target' from command line to 'None'
[3.418s] Level 5:colcon.colcon_core.verb:set package 'gbt' build argument 'cmake_target_skip_unavailable' from command line to 'False'
[3.418s] Level 5:colcon.colcon_core.verb:set package 'gbt' build argument 'cmake_clean_cache' from command line to 'False'
[3.418s] Level 5:colcon.colcon_core.verb:set package 'gbt' build argument 'cmake_clean_first' from command line to 'False'
[3.418s] Level 5:colcon.colcon_core.verb:set package 'gbt' build argument 'cmake_force_configure' from command line to 'False'
[3.418s] Level 5:colcon.colcon_core.verb:set package 'gbt' build argument 'ament_cmake_args' from command line to 'None'
[3.418s] Level 5:colcon.colcon_core.verb:set package 'gbt' build argument 'catkin_cmake_args' from command line to 'None'
[3.418s] Level 5:colcon.colcon_core.verb:set package 'gbt' build argument 'catkin_skip_building_tests' from command line to 'False'
[3.418s] DEBUG:colcon.colcon_core.verb:Building package 'gbt' with the following arguments: {'ament_cmake_args': None, 'build_base': '/home/nic/dev/research/GaussianBeliefTrees/build/gbt', 'catkin_cmake_args': None, 'catkin_skip_building_tests': False, 'cmake_args': None, 'cmake_clean_cache': False, 'cmake_clean_first': False, 'cmake_force_configure': False, 'cmake_target': None, 'cmake_target_skip_unavailable': False, 'install_base': '/home/nic/dev/research/GaussianBeliefTrees/install/gbt', 'merge_install': False, 'path': '/home/nic/dev/research/GaussianBeliefTrees', 'symlink_install': False, 'test_result_base': None}
[3.471s] INFO:colcon.colcon_core.executor:Executing jobs using 'parallel' executor
[3.530s] DEBUG:colcon.colcon_parallel_executor.executor.parallel:run_until_complete
[3.530s] INFO:colcon.colcon_cmake.task.cmake.build:Building CMake package in '/home/nic/dev/research/GaussianBeliefTrees'
[3.592s] INFO:colcon.colcon_core.plugin_system:Skipping extension 'colcon_core.shell.bat': Not used on non-Windows systems
[3.592s] INFO:colcon.colcon_core.shell:Skip shell extension 'powershell' for command environment: Not usable outside of PowerShell
[3.592s] DEBUG:colcon.colcon_core.shell:Skip shell extension 'dsv' for command environment
[3.796s] DEBUG:colcon.colcon_core.event_handler.log_command:Invoking command in '/home/nic/dev/research/GaussianBeliefTrees/build/gbt': /usr/local/bin/cmake --build /home/nic/dev/research/GaussianBeliefTrees/build/gbt -- -j32 -l32
[3.836s] DEBUG:colcon.colcon_core.event_handler.log_command:Invoked command in '/home/nic/dev/research/GaussianBeliefTrees/build/gbt' returned '0': /usr/local/bin/cmake --build /home/nic/dev/research/GaussianBeliefTrees/build/gbt -- -j32 -l32
[3.864s] WARNING:colcon.colcon_cmake.task.cmake.build:Could not run installation step for package 'gbt' because it has no 'install' target
[3.864s] Level 1:colcon.colcon_core.environment:create_environment_scripts_only(gbt)
[3.947s] Level 1:colcon.colcon_core.environment:checking '/home/nic/dev/research/GaussianBeliefTrees/install/gbt' for CMake module files
[3.948s] Level 1:colcon.colcon_core.environment:checking '/home/nic/dev/research/GaussianBeliefTrees/install/gbt' for CMake config files
[3.948s] Level 1:colcon.colcon_core.environment:checking '/home/nic/dev/research/GaussianBeliefTrees/install/gbt/bin'
[3.948s] Level 1:colcon.colcon_core.environment:checking '/home/nic/dev/research/GaussianBeliefTrees/install/gbt/lib/pkgconfig/gbt.pc'
[3.948s] Level 1:colcon.colcon_core.environment:checking '/home/nic/dev/research/GaussianBeliefTrees/install/gbt/lib/python3.8/site-packages'
[3.948s] Level 1:colcon.colcon_core.environment:checking '/home/nic/dev/research/GaussianBeliefTrees/install/gbt/bin'
[4.006s] INFO:colcon.colcon_core.shell:Creating package script '/home/nic/dev/research/GaussianBeliefTrees/install/gbt/share/gbt/package.ps1'
[4.007s] INFO:colcon.colcon_core.shell:Creating package descriptor '/home/nic/dev/research/GaussianBeliefTrees/install/gbt/share/gbt/package.dsv'
[4.007s] INFO:colcon.colcon_core.shell:Creating package script '/home/nic/dev/research/GaussianBeliefTrees/install/gbt/share/gbt/package.sh'
[4.008s] INFO:colcon.colcon_core.shell:Creating package script '/home/nic/dev/research/GaussianBeliefTrees/install/gbt/share/gbt/package.bash'
[4.008s] INFO:colcon.colcon_core.shell:Creating package script '/home/nic/dev/research/GaussianBeliefTrees/install/gbt/share/gbt/package.zsh'
[4.008s] Level 1:colcon.colcon_core.environment:create_file_with_runtime_dependencies(/home/nic/dev/research/GaussianBeliefTrees/install/gbt/share/colcon-core/packages/gbt)
[4.009s] DEBUG:colcon.colcon_parallel_executor.executor.parallel:closing loop
[4.009s] DEBUG:colcon.colcon_parallel_executor.executor.parallel:loop closed
[4.009s] DEBUG:colcon.colcon_parallel_executor.executor.parallel:run_until_complete finished with '0'
[4.009s] DEBUG:colcon.colcon_core.event_reactor:joining thread
[4.108s] INFO:colcon.colcon_core.plugin_system:Skipping extension 'colcon_notification.desktop_notification.notify_send': Could not find 'notify-send'
[4.109s] INFO:colcon.colcon_core.plugin_system:Skipping extension 'colcon_notification.desktop_notification.terminal_notifier': Not used on non-Darwin systems
[4.109s] INFO:colcon.colcon_core.plugin_system:Skipping extension 'colcon_notification.desktop_notification.win32': Not used on non-Windows systems
[4.109s] INFO:colcon.colcon_notification.desktop_notification:Sending desktop notification using 'notify2'
[4.109s] DEBUG:colcon.colcon_notification.desktop_notification.notify2:Failed to initialize notify2: org.freedesktop.DBus.Error.ServiceUnknown: The name org.freedesktop.Notifications was not provided by any .service files
[4.110s] DEBUG:colcon.colcon_core.event_reactor:joined thread
[4.167s] INFO:colcon.colcon_core.shell:Creating prefix script '/home/nic/dev/research/GaussianBeliefTrees/install/local_setup.ps1'
[4.167s] INFO:colcon.colcon_core.shell:Creating prefix util module '/home/nic/dev/research/GaussianBeliefTrees/install/_local_setup_util_ps1.py'
[4.168s] INFO:colcon.colcon_core.shell:Creating prefix chain script '/home/nic/dev/research/GaussianBeliefTrees/install/setup.ps1'
[4.242s] INFO:colcon.colcon_core.shell:Creating prefix script '/home/nic/dev/research/GaussianBeliefTrees/install/local_setup.sh'
[4.243s] INFO:colcon.colcon_core.shell:Creating prefix util module '/home/nic/dev/research/GaussianBeliefTrees/install/_local_setup_util_sh.py'
[4.244s] INFO:colcon.colcon_core.shell:Creating prefix chain script '/home/nic/dev/research/GaussianBeliefTrees/install/setup.sh'
[4.311s] INFO:colcon.colcon_core.shell:Creating prefix script '/home/nic/dev/research/GaussianBeliefTrees/install/local_setup.bash'
[4.311s] INFO:colcon.colcon_core.shell:Creating prefix chain script '/home/nic/dev/research/GaussianBeliefTrees/install/setup.bash'
[4.365s] INFO:colcon.colcon_core.shell:Creating prefix script '/home/nic/dev/research/GaussianBeliefTrees/install/local_setup.zsh'
[4.365s] INFO:colcon.colcon_core.shell:Creating prefix chain script '/home/nic/dev/research/GaussianBeliefTrees/install/setup.zsh'
